

================================================================
== Synthesis Summary Report of 'HLS_accel_v2'
================================================================
+ General Information: 
    * Date:           Fri May 13 20:22:30 2022
    * Version:        2020.2 (Build 3064766 on Wed Nov 18 09:12:47 MST 2020)
    * Project:        HLS_CISR_Runtime_accel_v2
    * Solution:       solution2 (Vivado IP Flow Target)
    * Product family: zynq
    * Target device:  xc7z020-clg400-1
    

+ Performance & Resource Estimates: 
    
    PS: '+' for module; 'o' for loop; '*' for dataflow
    +--------------------------------------------------+------+-------+---------+---------+----------+---------+------+----------+------+--------+-----------+-----------+-----+
    |                      Modules                     | Issue|       | Latency | Latency | Iteration|         | Trip |          |      |        |           |           |     |
    |                      & Loops                     | Type | Slack | (cycles)|   (ns)  |  Latency | Interval| Count| Pipelined| BRAM |   DSP  |     FF    |    LUT    | URAM|
    +--------------------------------------------------+------+-------+---------+---------+----------+---------+------+----------+------+--------+-----------+-----------+-----+
    |+ HLS_accel_v2                                    |     -|  -0.04|       79|  790.000|         -|       80|     -|        no|     -|  5 (2%)|  2010 (1%)|  3929 (7%)|    -|
    | + grp_dataflow_in_loop_VITIS_LOOP_417_1_fu_161*  |     -|  -0.04|       14|  140.000|         -|        9|     -|  dataflow|     -|  5 (2%)|  1932 (1%)|  3886 (7%)|    -|
    |  + grp_fifo_push_2_fu_168                        |    II|  -1.19|        1|   10.000|         -|        1|     -|       yes|     -|       -|  262 (~0%)|  2235 (4%)|    -|
    |  + grp_full_compute_fu_262                       |     -|  -0.04|       12|  120.000|         -|        9|     -|       yes|     -|  5 (2%)|  1074 (1%)|  1213 (2%)|    -|
    | o VITIS_LOOP_417_1                               |     -|  -7.30|       78|  780.000|        16|        -|     8|        no|     -|       -|          -|          -|    -|
    +--------------------------------------------------+------+-------+---------+---------+----------+---------+------+----------+------+--------+-----------+-----------+-----+

