

================================================================
== Vitis HLS Report for 'full_compute'
================================================================
* Date:           Fri May 13 20:22:29 2022

* Version:        2020.2 (Build 3064766 on Wed Nov 18 09:12:47 MST 2020)
* Project:        HLS_CISR_Runtime_accel_v2
* Solution:       solution2 (Vivado IP Flow Target)
* Product family: zynq
* Target device:  xc7z020-clg400-1


================================================================
== Performance Estimates
================================================================
+ Timing: 
    * Summary: 
    +--------+----------+----------+------------+
    |  Clock |  Target  | Estimated| Uncertainty|
    +--------+----------+----------+------------+
    |ap_clk  |  10.00 ns|  7.256 ns|     2.70 ns|
    +--------+----------+----------+------------+

+ Latency: 
    * Summary: 
    +---------+---------+----------+----------+-----+-----+---------+
    |  Latency (cycles) |  Latency (absolute) |  Interval | Pipeline|
    |   min   |   max   |    min   |    max   | min | max |   Type  |
    +---------+---------+----------+----------+-----+-----+---------+
    |       12|       12|  0.120 us|  0.120 us|    9|    9|      yes|
    +---------+---------+----------+----------+-----+-----+---------+

    + Detail: 
        * Instance: 
        N/A

        * Loop: 
        N/A



================================================================
== Utilization Estimates
================================================================
* Summary: 
+-----------------+---------+-----+--------+-------+-----+
|       Name      | BRAM_18K| DSP |   FF   |  LUT  | URAM|
+-----------------+---------+-----+--------+-------+-----+
|DSP              |        -|    -|       -|      -|    -|
|Expression       |        -|    -|       0|    210|    -|
|FIFO             |        -|    -|       -|      -|    -|
|Instance         |        -|    5|     348|    711|    -|
|Memory           |        0|    -|      64|      1|    -|
|Multiplexer      |        -|    -|       -|    291|    -|
|Register         |        -|    -|     662|      -|    -|
+-----------------+---------+-----+--------+-------+-----+
|Total            |        0|    5|    1074|   1213|    0|
+-----------------+---------+-----+--------+-------+-----+
|Available        |      280|  220|  106400|  53200|    0|
+-----------------+---------+-----+--------+-------+-----+
|Utilization (%)  |        0|    2|       1|      2|    0|
+-----------------+---------+-----+--------+-------+-----+

+ Detail: 
    * Instance: 
    +------------------------------------+--------------------------------+---------+----+-----+-----+-----+
    |              Instance              |             Module             | BRAM_18K| DSP|  FF | LUT | URAM|
    +------------------------------------+--------------------------------+---------+----+-----+-----+-----+
    |fadd_32ns_32ns_32_5_full_dsp_1_U47  |fadd_32ns_32ns_32_5_full_dsp_1  |        0|   2|  205|  390|    0|
    |fmul_32ns_32ns_32_4_max_dsp_1_U48   |fmul_32ns_32ns_32_4_max_dsp_1   |        0|   3|  143|  321|    0|
    +------------------------------------+--------------------------------+---------+----+-----+-----+-----+
    |Total                               |                                |        0|   5|  348|  711|    0|
    +------------------------------------+--------------------------------+---------+----+-----+-----+-----+

    * DSP: 
    N/A

    * Memory: 
    +----------------+---------------------------+---------+----+----+-----+------+-----+------+-------------+
    |     Memory     |           Module          | BRAM_18K| FF | LUT| URAM| Words| Bits| Banks| W*Bits*Banks|
    +----------------+---------------------------+---------+----+----+-----+------+-----+------+-------------+
    |slot_res_arr_U  |full_compute_slot_res_arr  |        0|  64|   1|    0|     2|   32|     1|           64|
    +----------------+---------------------------+---------+----+----+-----+------+-----+------+-------------+
    |Total           |                           |        0|  64|   1|    0|     2|   32|     1|           64|
    +----------------+---------------------------+---------+----+----+-----+------+-----+------+-------------+

    * FIFO: 
    N/A

    * Expression: 
    +----------------------------------+----------+----+---+----+------------+------------+
    |           Variable Name          | Operation| DSP| FF| LUT| Bitwidth P0| Bitwidth P1|
    +----------------------------------+----------+----+---+----+------------+------------+
    |add_ln104_1_fu_355_p2             |         +|   0|  0|  39|          32|           2|
    |add_ln104_fu_339_p2               |         +|   0|  0|  39|          32|           2|
    |add_ln76_1_fu_333_p2              |         +|   0|  0|  39|          32|           1|
    |add_ln76_fu_313_p2                |         +|   0|  0|  39|          32|           1|
    |ap_block_pp0_stage0_11001         |       and|   0|  0|   2|           1|           1|
    |ap_block_pp0_stage1_11001         |       and|   0|  0|   2|           1|           1|
    |ap_block_pp0_stage2_11001         |       and|   0|  0|   2|           1|           1|
    |ap_block_state2_pp0_stage1_iter0  |       and|   0|  0|   2|           1|           1|
    |ap_block_state3_pp0_stage2_iter0  |       and|   0|  0|   2|           1|           1|
    |ap_condition_297                  |       and|   0|  0|   2|           1|           1|
    |ap_condition_302                  |       and|   0|  0|   2|           1|           1|
    |icmp_ln39_1_fu_293_p2             |      icmp|   0|  0|  18|          32|           1|
    |icmp_ln39_fu_273_p2               |      icmp|   0|  0|  18|          32|           1|
    |ap_block_state1_pp0_stage0_iter0  |        or|   0|  0|   2|           1|           1|
    |ap_enable_pp0                     |       xor|   0|  0|   2|           1|           2|
    +----------------------------------+----------+----+---+----+------------+------------+
    |Total                             |          |   0|  0| 210|         201|          18|
    +----------------------------------+----------+----+---+----+------------+------------+

    * Multiplexer: 
    +-------------------------------------------------------+----+-----------+-----+-----------+
    |                          Name                         | LUT| Input Size| Bits| Total Bits|
    +-------------------------------------------------------+----+-----------+-----+-----------+
    |ap_NS_fsm                                              |  53|         10|    1|         10|
    |ap_done                                                |   9|          2|    1|          2|
    |ap_enable_reg_pp0_iter0                                |   9|          2|    1|          2|
    |ap_enable_reg_pp0_iter1                                |   9|          2|    1|          2|
    |ap_phi_reg_pp0_iter0_max_row_id_flag_1_reg_234         |   9|          2|    1|          2|
    |ap_phi_reg_pp0_iter0_max_row_id_loc_0_reg_214          |   9|          2|   32|         64|
    |ap_phi_reg_pp0_iter0_max_row_id_new_1_reg_246          |   9|          2|   32|         64|
    |ap_phi_reg_pp0_iter0_slot_row_counter_0_loc_0_reg_190  |   9|          2|   32|         64|
    |ap_phi_reg_pp0_iter0_slot_row_counter_1_loc_0_reg_224  |   9|          2|   32|         64|
    |grp_fu_256_p0                                          |  14|          3|   32|         96|
    |grp_fu_256_p1                                          |  14|          3|   32|         96|
    |grp_fu_260_p0                                          |  14|          3|   32|         96|
    |grp_fu_260_p1                                          |  14|          3|   32|         96|
    |output_vec_address0                                    |  14|          3|    3|          9|
    |output_vec_d0                                          |  14|          3|   32|         96|
    |row_len_slot_arr1_blk_n                                |   9|          2|    1|          2|
    |row_len_slot_arr_blk_n                                 |   9|          2|    1|          2|
    |slot_data_arr_col_index3_blk_n                         |   9|          2|    1|          2|
    |slot_data_arr_col_index_blk_n                          |   9|          2|    1|          2|
    |slot_data_arr_value2_blk_n                             |   9|          2|    1|          2|
    |slot_data_arr_value_blk_n                              |   9|          2|    1|          2|
    |slot_res_arr_address0                                  |  14|          3|    1|          3|
    |slot_res_arr_address1                                  |  14|          3|    1|          3|
    +-------------------------------------------------------+----+-----------+-----+-----------+
    |Total                                                  | 291|         62|  304|        781|
    +-------------------------------------------------------+----+-----------+-----+-----------+

    * Register: 
    +--------------------------------------------------------+----+----+-----+-----------+
    |                          Name                          | FF | LUT| Bits| Const Bits|
    +--------------------------------------------------------+----+----+-----+-----------+
    |ap_CS_fsm                                               |   9|   0|    9|          0|
    |ap_done_reg                                             |   1|   0|    1|          0|
    |ap_enable_reg_pp0_iter0_reg                             |   1|   0|    1|          0|
    |ap_enable_reg_pp0_iter1                                 |   1|   0|    1|          0|
    |ap_phi_reg_pp0_iter0_max_row_id_flag_0_reg_200          |   1|   0|    1|          0|
    |ap_phi_reg_pp0_iter0_max_row_id_flag_1_reg_234          |   1|   0|    1|          0|
    |ap_phi_reg_pp0_iter0_max_row_id_loc_0_reg_214           |  32|   0|   32|          0|
    |ap_phi_reg_pp0_iter0_max_row_id_new_1_reg_246           |  32|   0|   32|          0|
    |ap_phi_reg_pp0_iter0_slot_row_counter_0_loc_0_reg_190   |  32|   0|   32|          0|
    |ap_phi_reg_pp0_iter0_slot_row_counter_1_loc_0_reg_224   |  32|   0|   32|          0|
    |ap_phi_reg_pp0_iter0_tmp_slot_row_count_load_0_reg_166  |  32|   0|   32|          0|
    |ap_phi_reg_pp0_iter0_tmp_slot_row_count_load_1_reg_178  |  32|   0|   32|          0|
    |icmp_ln39_1_reg_440                                     |   1|   0|    1|          0|
    |icmp_ln39_reg_406                                       |   1|   0|    1|          0|
    |inp_vec_load_1_reg_449                                  |  32|   0|   32|          0|
    |inp_vec_load_reg_444                                    |  32|   0|   32|          0|
    |matrix_val_1_reg_420                                    |  32|   0|   32|          0|
    |matrix_val_reg_410                                      |  32|   0|   32|          0|
    |max_row_id                                              |  32|   0|   32|          0|
    |mul_1_i_reg_494                                         |  32|   0|   32|          0|
    |mul_i_reg_484                                           |  32|   0|   32|          0|
    |reg_264                                                 |  32|   0|   32|          0|
    |slot_res_arr_load_1_reg_499                             |  32|   0|   32|          0|
    |slot_res_arr_load_reg_489                               |  32|   0|   32|          0|
    |slot_row_counter_0                                      |  32|   0|   32|          0|
    |slot_row_counter_0_load_reg_401                         |  32|   0|   32|          0|
    |slot_row_counter_1                                      |  32|   0|   32|          0|
    |slot_row_counter_1_load_reg_435                         |  32|   0|   32|          0|
    |slot_row_id_0                                           |   3|   0|    3|          0|
    |slot_row_id_1                                           |   3|   0|    3|          0|
    +--------------------------------------------------------+----+----+-----+-----------+
    |Total                                                   | 662|   0|  662|          0|
    +--------------------------------------------------------+----+----+-----+-----------+



================================================================
== Interface
================================================================
* Summary: 
+----------------------------------+-----+-----+------------+--------------------------+--------------+
|             RTL Ports            | Dir | Bits|  Protocol  |       Source Object      |    C Type    |
+----------------------------------+-----+-----+------------+--------------------------+--------------+
|ap_clk                            |   in|    1|  ap_ctrl_hs|              full_compute|  return value|
|ap_rst                            |   in|    1|  ap_ctrl_hs|              full_compute|  return value|
|ap_start                          |   in|    1|  ap_ctrl_hs|              full_compute|  return value|
|ap_done                           |  out|    1|  ap_ctrl_hs|              full_compute|  return value|
|ap_continue                       |   in|    1|  ap_ctrl_hs|              full_compute|  return value|
|ap_idle                           |  out|    1|  ap_ctrl_hs|              full_compute|  return value|
|ap_ready                          |  out|    1|  ap_ctrl_hs|              full_compute|  return value|
|inp_vec_address0                  |  out|    3|   ap_memory|                   inp_vec|         array|
|inp_vec_ce0                       |  out|    1|   ap_memory|                   inp_vec|         array|
|inp_vec_q0                        |   in|   32|   ap_memory|                   inp_vec|         array|
|inp_vec_address1                  |  out|    3|   ap_memory|                   inp_vec|         array|
|inp_vec_ce1                       |  out|    1|   ap_memory|                   inp_vec|         array|
|inp_vec_q1                        |   in|   32|   ap_memory|                   inp_vec|         array|
|output_vec_address0               |  out|    3|   ap_memory|                output_vec|         array|
|output_vec_ce0                    |  out|    1|   ap_memory|                output_vec|         array|
|output_vec_we0                    |  out|    1|   ap_memory|                output_vec|         array|
|output_vec_d0                     |  out|   32|   ap_memory|                output_vec|         array|
|row_len_slot_arr_dout             |   in|   32|     ap_fifo|          row_len_slot_arr|       pointer|
|row_len_slot_arr_empty_n          |   in|    1|     ap_fifo|          row_len_slot_arr|       pointer|
|row_len_slot_arr_read             |  out|    1|     ap_fifo|          row_len_slot_arr|       pointer|
|row_len_slot_arr1_dout            |   in|   32|     ap_fifo|         row_len_slot_arr1|       pointer|
|row_len_slot_arr1_empty_n         |   in|    1|     ap_fifo|         row_len_slot_arr1|       pointer|
|row_len_slot_arr1_read            |  out|    1|     ap_fifo|         row_len_slot_arr1|       pointer|
|slot_data_arr_value_dout          |   in|   32|     ap_fifo|       slot_data_arr_value|       pointer|
|slot_data_arr_value_empty_n       |   in|    1|     ap_fifo|       slot_data_arr_value|       pointer|
|slot_data_arr_value_read          |  out|    1|     ap_fifo|       slot_data_arr_value|       pointer|
|slot_data_arr_value2_dout         |   in|   32|     ap_fifo|      slot_data_arr_value2|       pointer|
|slot_data_arr_value2_empty_n      |   in|    1|     ap_fifo|      slot_data_arr_value2|       pointer|
|slot_data_arr_value2_read         |  out|    1|     ap_fifo|      slot_data_arr_value2|       pointer|
|slot_data_arr_col_index_dout      |   in|   32|     ap_fifo|   slot_data_arr_col_index|       pointer|
|slot_data_arr_col_index_empty_n   |   in|    1|     ap_fifo|   slot_data_arr_col_index|       pointer|
|slot_data_arr_col_index_read      |  out|    1|     ap_fifo|   slot_data_arr_col_index|       pointer|
|slot_data_arr_col_index3_dout     |   in|   32|     ap_fifo|  slot_data_arr_col_index3|       pointer|
|slot_data_arr_col_index3_empty_n  |   in|    1|     ap_fifo|  slot_data_arr_col_index3|       pointer|
|slot_data_arr_col_index3_read     |  out|    1|     ap_fifo|  slot_data_arr_col_index3|       pointer|
+----------------------------------+-----+-----+------------+--------------------------+--------------+

