

================================================================
== Synthesis Summary Report of 'HLS_accel_v2'
================================================================
+ General Information: 
    * Date:           Fri May 13 23:08:56 2022
    * Version:        2020.2 (Build 3064766 on Wed Nov 18 09:12:47 MST 2020)
    * Project:        HLS_CISR_Runtime_accel_v2
    * Solution:       solution1 (Vivado IP Flow Target)
    * Product family: zynq
    * Target device:  xc7z020-clg400-1
    

+ Performance & Resource Estimates: 
    
    PS: '+' for module; 'o' for loop; '*' for dataflow
    +--------------------------------------------------+------+-------+---------+---------+----------+---------+------+----------+------+---------+-----------+------------+-----+
    |                      Modules                     | Issue|       | Latency | Latency | Iteration|         | Trip |          |      |         |           |            |     |
    |                      & Loops                     | Type | Slack | (cycles)|   (ns)  |  Latency | Interval| Count| Pipelined| BRAM |   DSP   |     FF    |     LUT    | URAM|
    +--------------------------------------------------+------+-------+---------+---------+----------+---------+------+----------+------+---------+-----------+------------+-----+
    |+ HLS_accel_v2                                    |     -|  -0.04|       50|  500.000|         -|       51|     -|        no|     -|  10 (4%)|  3825 (3%)|  6259 (11%)|    -|
    | + grp_dataflow_in_loop_VITIS_LOOP_417_1_fu_169*  |     -|  -0.04|       18|  180.000|         -|       10|     -|  dataflow|     -|  10 (4%)|  3763 (3%)|  6219 (11%)|    -|
    |  + grp_full_compute_fu_210                       |     -|  -0.04|       16|  160.000|         -|       10|     -|       yes|     -|  10 (4%)|  2117 (1%)|   2400 (4%)|    -|
    |  + grp_fifo_push_2_fu_250                        |    II|  -1.30|        1|   10.000|         -|        1|     -|       yes|     -|        -|  456 (~0%)|   2973 (5%)|    -|
    | o VITIS_LOOP_417_1                               |     -|  -7.30|       49|  490.000|        20|        -|     4|        no|     -|        -|          -|           -|    -|
    +--------------------------------------------------+------+-------+---------+---------+----------+---------+------+----------+------+---------+-----------+------------+-----+

