

================================================================
== Vitis HLS Report for 'fifo_push_2'
================================================================
* Date:           Fri May 13 23:08:54 2022

* Version:        2020.2 (Build 3064766 on Wed Nov 18 09:12:47 MST 2020)
* Project:        HLS_CISR_Runtime_accel_v2
* Solution:       solution1 (Vivado IP Flow Target)
* Product family: zynq
* Target device:  xc7z020-clg400-1


================================================================
== Performance Estimates
================================================================
+ Timing: 
    * Summary: 
    +--------+----------+----------+------------+
    |  Clock |  Target  | Estimated| Uncertainty|
    +--------+----------+----------+------------+
    |ap_clk  |  10.00 ns|  5.997 ns|     2.70 ns|
    +--------+----------+----------+------------+

+ Latency: 
    * Summary: 
    +---------+---------+-----------+-----------+-----+-----+---------+
    |  Latency (cycles) |   Latency (absolute)  |  Interval | Pipeline|
    |   min   |   max   |    min    |    max    | min | max |   Type  |
    +---------+---------+-----------+-----------+-----+-----+---------+
    |        1|        1|  10.000 ns|  10.000 ns|    1|    1|      yes|
    +---------+---------+-----------+-----------+-----+-----+---------+

    + Detail: 
        * Instance: 
        N/A

        * Loop: 
        N/A



================================================================
== Utilization Estimates
================================================================
* Summary: 
+-----------------+---------+-----+--------+-------+-----+
|       Name      | BRAM_18K| DSP |   FF   |  LUT  | URAM|
+-----------------+---------+-----+--------+-------+-----+
|DSP              |        -|    -|       -|      -|    -|
|Expression       |        -|    -|       0|   2856|    -|
|FIFO             |        -|    -|       -|      -|    -|
|Instance         |        -|    -|       -|      -|    -|
|Memory           |        -|    -|       -|      -|    -|
|Multiplexer      |        -|    -|       -|    117|    -|
|Register         |        -|    -|     456|      -|    -|
+-----------------+---------+-----+--------+-------+-----+
|Total            |        0|    0|     456|   2973|    0|
+-----------------+---------+-----+--------+-------+-----+
|Available        |      280|  220|  106400|  53200|    0|
+-----------------+---------+-----+--------+-------+-----+
|Utilization (%)  |        0|    0|      ~0|      5|    0|
+-----------------+---------+-----+--------+-------+-----+

+ Detail: 
    * Instance: 
    N/A

    * DSP: 
    N/A

    * Memory: 
    N/A

    * FIFO: 
    N/A

    * Expression: 
    +----------------------------------+----------+----+---+----+------------+------------+
    |           Variable Name          | Operation| DSP| FF| LUT| Bitwidth P0| Bitwidth P1|
    +----------------------------------+----------+----+---+----+------------+------------+
    |add_ln238_1_fu_1098_p2            |         +|   0|  0|  40|          33|           2|
    |add_ln238_2_fu_1330_p2            |         +|   0|  0|  40|          33|           2|
    |add_ln238_fu_866_p2               |         +|   0|  0|  40|          33|           1|
    |add_ln254_fu_1450_p2              |         +|   0|  0|  39|          32|           3|
    |add_ln257_fu_1462_p2              |         +|   0|  0|  39|          32|           1|
    |ap_predicate_op205_write_state2   |       and|   0|  0|   2|           1|           1|
    |ap_predicate_op210_write_state2   |       and|   0|  0|   2|           1|           1|
    |ap_predicate_op215_write_state2   |       and|   0|  0|   2|           1|           1|
    |ap_predicate_op220_write_state2   |       and|   0|  0|   2|           1|           1|
    |cond_fu_520_p2                    |      icmp|   0|  0|  17|          30|           1|
    |icmp_ln226_10_fu_1236_p2          |      icmp|   0|  0|  18|          32|           4|
    |icmp_ln226_11_fu_1242_p2          |      icmp|   0|  0|  18|          32|           2|
    |icmp_ln226_12_fu_544_p2           |      icmp|   0|  0|  17|          30|           1|
    |icmp_ln226_13_fu_550_p2           |      icmp|   0|  0|  17|          30|           2|
    |icmp_ln226_14_fu_556_p2           |      icmp|   0|  0|  17|          30|           2|
    |icmp_ln226_1_fu_766_p2            |      icmp|   0|  0|  18|          32|           1|
    |icmp_ln226_2_fu_772_p2            |      icmp|   0|  0|  18|          32|           4|
    |icmp_ln226_3_fu_778_p2            |      icmp|   0|  0|  18|          32|           3|
    |icmp_ln226_4_fu_992_p2            |      icmp|   0|  0|  18|          32|           4|
    |icmp_ln226_5_fu_998_p2            |      icmp|   0|  0|  18|          32|           3|
    |icmp_ln226_6_fu_1004_p2           |      icmp|   0|  0|  18|          32|           2|
    |icmp_ln226_7_fu_1010_p2           |      icmp|   0|  0|  18|          32|           4|
    |icmp_ln226_8_fu_1224_p2           |      icmp|   0|  0|  18|          32|           4|
    |icmp_ln226_9_fu_1230_p2           |      icmp|   0|  0|  18|          32|           3|
    |icmp_ln226_fu_760_p2              |      icmp|   0|  0|  18|          32|           4|
    |icmp_ln238_1_fu_882_p2            |      icmp|   0|  0|  17|          30|           1|
    |icmp_ln238_2_fu_1114_p2           |      icmp|   0|  0|  17|          30|           1|
    |icmp_ln238_3_fu_1346_p2           |      icmp|   0|  0|  17|          30|           1|
    |icmp_ln238_fu_626_p2              |      icmp|   0|  0|  17|          29|           1|
    |icmp_ln240_10_fu_1120_p2          |      icmp|   0|  0|  18|          32|           2|
    |icmp_ln240_11_fu_1126_p2          |      icmp|   0|  0|  18|          32|           1|
    |icmp_ln240_12_fu_1132_p2          |      icmp|   0|  0|  18|          32|           3|
    |icmp_ln240_13_fu_1352_p2          |      icmp|   0|  0|  18|          32|           3|
    |icmp_ln240_14_fu_1358_p2          |      icmp|   0|  0|  18|          32|           2|
    |icmp_ln240_15_fu_1364_p2          |      icmp|   0|  0|  18|          32|           1|
    |icmp_ln240_1_fu_638_p2            |      icmp|   0|  0|  18|          32|           2|
    |icmp_ln240_2_fu_644_p2            |      icmp|   0|  0|  18|          32|           2|
    |icmp_ln240_3_fu_650_p2            |      icmp|   0|  0|  18|          32|           3|
    |icmp_ln240_4_fu_656_p2            |      icmp|   0|  0|  18|          32|           3|
    |icmp_ln240_5_fu_662_p2            |      icmp|   0|  0|  18|          32|           3|
    |icmp_ln240_6_fu_668_p2            |      icmp|   0|  0|  18|          32|           3|
    |icmp_ln240_7_fu_888_p2            |      icmp|   0|  0|  18|          32|           1|
    |icmp_ln240_8_fu_894_p2            |      icmp|   0|  0|  18|          32|           3|
    |icmp_ln240_9_fu_900_p2            |      icmp|   0|  0|  18|          32|           3|
    |icmp_ln240_fu_632_p2              |      icmp|   0|  0|  18|          32|           1|
    |ap_block_pp0_stage0_01001         |        or|   0|  0|   2|           1|           1|
    |ap_block_state2_pp0_stage0_iter1  |        or|   0|  0|   2|           1|           1|
    |or_cond100_fu_820_p2              |        or|   0|  0|   2|           1|           1|
    |or_cond126_fu_1024_p2             |        or|   0|  0|   2|           1|           1|
    |or_cond128_fu_1038_p2             |        or|   0|  0|   2|           1|           1|
    |or_cond130_fu_1052_p2             |        or|   0|  0|   2|           1|           1|
    |or_cond156_fu_1256_p2             |        or|   0|  0|   2|           1|           1|
    |or_cond158_fu_1270_p2             |        or|   0|  0|   2|           1|           1|
    |or_cond160_fu_1284_p2             |        or|   0|  0|   2|           1|           1|
    |or_cond96_fu_792_p2               |        or|   0|  0|   2|           1|           1|
    |or_cond98_fu_806_p2               |        or|   0|  0|   2|           1|           1|
    |or_ln226_1_fu_986_p2              |        or|   0|  0|  32|          32|           2|
    |or_ln226_2_fu_1218_p2             |        or|   0|  0|  32|          32|           2|
    |or_ln226_3_fu_570_p2              |        or|   0|  0|   2|           1|           1|
    |or_ln226_fu_754_p2                |        or|   0|  0|  32|          32|           1|
    |or_ln240_10_fu_1174_p2            |        or|   0|  0|   2|           1|           1|
    |or_ln240_11_fu_1196_p2            |        or|   0|  0|   2|           1|           1|
    |or_ln240_12_fu_1378_p2            |        or|   0|  0|   2|           1|           1|
    |or_ln240_13_fu_1392_p2            |        or|   0|  0|   2|           1|           1|
    |or_ln240_14_fu_1406_p2            |        or|   0|  0|   2|           1|           1|
    |or_ln240_15_fu_1428_p2            |        or|   0|  0|   2|           1|           1|
    |or_ln240_1_fu_696_p2              |        or|   0|  0|   2|           1|           1|
    |or_ln240_2_fu_710_p2              |        or|   0|  0|   2|           1|           1|
    |or_ln240_3_fu_732_p2              |        or|   0|  0|   2|           1|           1|
    |or_ln240_4_fu_914_p2              |        or|   0|  0|   2|           1|           1|
    |or_ln240_5_fu_928_p2              |        or|   0|  0|   2|           1|           1|
    |or_ln240_6_fu_942_p2              |        or|   0|  0|   2|           1|           1|
    |or_ln240_7_fu_964_p2              |        or|   0|  0|   2|           1|           1|
    |or_ln240_8_fu_1146_p2             |        or|   0|  0|   2|           1|           1|
    |or_ln240_9_fu_1160_p2             |        or|   0|  0|   2|           1|           1|
    |or_ln240_fu_682_p2                |        or|   0|  0|   2|           1|           1|
    |newSel101_fu_826_p3               |    select|   0|  0|  32|           1|          32|
    |newSel103_fu_834_p3               |    select|   0|  0|  32|           1|          32|
    |newSel105_fu_842_p3               |    select|   0|  0|  32|           1|          32|
    |newSel107_fu_850_p3               |    select|   0|  0|  32|           1|          32|
    |newSel109_fu_858_p3               |    select|   0|  0|  32|           1|          32|
    |newSel125_fu_1016_p3              |    select|   0|  0|  32|           1|          32|
    |newSel127_fu_1030_p3              |    select|   0|  0|  32|           1|          32|
    |newSel129_fu_1044_p3              |    select|   0|  0|  32|           1|          32|
    |newSel131_fu_1058_p3              |    select|   0|  0|  32|           1|          32|
    |newSel133_fu_1066_p3              |    select|   0|  0|  32|           1|          32|
    |newSel135_fu_1074_p3              |    select|   0|  0|  32|           1|          32|
    |newSel137_fu_1082_p3              |    select|   0|  0|  32|           1|          32|
    |newSel139_fu_1090_p3              |    select|   0|  0|  32|           1|          32|
    |newSel155_fu_1248_p3              |    select|   0|  0|  32|           1|          32|
    |newSel157_fu_1262_p3              |    select|   0|  0|  32|           1|          32|
    |newSel159_fu_1276_p3              |    select|   0|  0|  32|           1|          32|
    |newSel161_fu_1290_p3              |    select|   0|  0|  32|           1|          32|
    |newSel163_fu_1298_p3              |    select|   0|  0|  32|           1|          32|
    |newSel165_fu_1306_p3              |    select|   0|  0|  32|           1|          32|
    |newSel167_fu_1314_p3              |    select|   0|  0|  32|           1|          32|
    |newSel169_fu_1322_p3              |    select|   0|  0|  32|           1|          32|
    |newSel95_fu_784_p3                |    select|   0|  0|  32|           1|          32|
    |newSel97_fu_798_p3                |    select|   0|  0|  32|           1|          32|
    |newSel99_fu_812_p3                |    select|   0|  0|  32|           1|          32|
    |select_ln226_1_fu_576_p3          |    select|   0|  0|  32|           1|          32|
    |select_ln226_2_fu_584_p3          |    select|   0|  0|  32|           1|          32|
    |select_ln226_3_fu_592_p3          |    select|   0|  0|  32|           1|          32|
    |select_ln226_4_fu_600_p3          |    select|   0|  0|  32|           1|          32|
    |select_ln226_5_fu_608_p3          |    select|   0|  0|  32|           1|          32|
    |select_ln226_fu_562_p3            |    select|   0|  0|  32|           1|          32|
    |select_ln240_10_fu_948_p3         |    select|   0|  0|  32|           1|          32|
    |select_ln240_11_fu_956_p3         |    select|   0|  0|  32|           1|          32|
    |select_ln240_12_fu_970_p3         |    select|   0|  0|  32|           1|          32|
    |select_ln240_13_fu_978_p3         |    select|   0|  0|  32|           1|          32|
    |select_ln240_14_fu_1138_p3        |    select|   0|  0|  32|           1|          32|
    |select_ln240_15_fu_1152_p3        |    select|   0|  0|  32|           1|          32|
    |select_ln240_16_fu_1166_p3        |    select|   0|  0|  32|           1|          32|
    |select_ln240_17_fu_1180_p3        |    select|   0|  0|  32|           1|          32|
    |select_ln240_18_fu_1188_p3        |    select|   0|  0|  32|           1|          32|
    |select_ln240_19_fu_1202_p3        |    select|   0|  0|  32|           1|          32|
    |select_ln240_1_fu_688_p3          |    select|   0|  0|  32|           1|          32|
    |select_ln240_20_fu_1210_p3        |    select|   0|  0|  32|           1|          32|
    |select_ln240_21_fu_1370_p3        |    select|   0|  0|  32|           1|          32|
    |select_ln240_22_fu_1384_p3        |    select|   0|  0|  32|           1|          32|
    |select_ln240_23_fu_1398_p3        |    select|   0|  0|  32|           1|          32|
    |select_ln240_24_fu_1412_p3        |    select|   0|  0|  32|           1|          32|
    |select_ln240_25_fu_1420_p3        |    select|   0|  0|  32|           1|          32|
    |select_ln240_26_fu_1434_p3        |    select|   0|  0|  32|           1|          32|
    |select_ln240_27_fu_1442_p3        |    select|   0|  0|  32|           1|          32|
    |select_ln240_2_fu_702_p3          |    select|   0|  0|  32|           1|          32|
    |select_ln240_3_fu_716_p3          |    select|   0|  0|  32|           1|          32|
    |select_ln240_4_fu_724_p3          |    select|   0|  0|  32|           1|          32|
    |select_ln240_5_fu_738_p3          |    select|   0|  0|  32|           1|          32|
    |select_ln240_6_fu_746_p3          |    select|   0|  0|  32|           1|          32|
    |select_ln240_7_fu_906_p3          |    select|   0|  0|  32|           1|          32|
    |select_ln240_8_fu_920_p3          |    select|   0|  0|  32|           1|          32|
    |select_ln240_9_fu_934_p3          |    select|   0|  0|  32|           1|          32|
    |select_ln240_fu_674_p3            |    select|   0|  0|  32|           1|          32|
    |ap_enable_pp0                     |       xor|   0|  0|   2|           1|           2|
    +----------------------------------+----------+----+---+----+------------+------------+
    |Total                             |          |   0|  0|2856|        1485|        1988|
    +----------------------------------+----------+----+---+----+------------+------------+

    * Multiplexer: 
    +--------------------------------+----+-----------+-----+-----------+
    |              Name              | LUT| Input Size| Bits| Total Bits|
    +--------------------------------+----+-----------+-----+-----------+
    |ap_done                         |   9|          2|    1|          2|
    |row_len_slot_arr7_blk_n         |   9|          2|    1|          2|
    |row_len_slot_arr8_blk_n         |   9|          2|    1|          2|
    |row_len_slot_arr9_blk_n         |   9|          2|    1|          2|
    |row_len_slot_arr_blk_n          |   9|          2|    1|          2|
    |slot_data_arr_col_index4_blk_n  |   9|          2|    1|          2|
    |slot_data_arr_col_index5_blk_n  |   9|          2|    1|          2|
    |slot_data_arr_col_index6_blk_n  |   9|          2|    1|          2|
    |slot_data_arr_col_index_blk_n   |   9|          2|    1|          2|
    |slot_data_arr_value1_blk_n      |   9|          2|    1|          2|
    |slot_data_arr_value2_blk_n      |   9|          2|    1|          2|
    |slot_data_arr_value3_blk_n      |   9|          2|    1|          2|
    |slot_data_arr_value_blk_n       |   9|          2|    1|          2|
    +--------------------------------+----+-----------+-----+-----------+
    |Total                           | 117|         26|   13|         26|
    +--------------------------------+----+-----------+-----+-----------+

    * Register: 
    +--------------------------+----+----+-----+-----------+
    |           Name           | FF | LUT| Bits| Const Bits|
    +--------------------------+----+----+-----+-----------+
    |ap_CS_fsm                 |   1|   0|    1|          0|
    |ap_done_reg               |   1|   0|    1|          0|
    |ap_enable_reg_pp0_iter1   |   1|   0|    1|          0|
    |cond_reg_1490             |   1|   0|    1|          0|
    |icmp_ln238_1_reg_1523     |   1|   0|    1|          0|
    |icmp_ln238_2_reg_1542     |   1|   0|    1|          0|
    |icmp_ln238_3_reg_1561     |   1|   0|    1|          0|
    |icmp_ln238_reg_1504       |   1|   0|    1|          0|
    |index2                    |  32|   0|   32|          0|
    |newSel101_reg_1513        |  32|   0|   32|          0|
    |newSel109_reg_1518        |  32|   0|   32|          0|
    |newSel131_reg_1532        |  32|   0|   32|          0|
    |newSel139_reg_1537        |  32|   0|   32|          0|
    |newSel161_reg_1551        |  32|   0|   32|          0|
    |newSel169_reg_1556        |  32|   0|   32|          0|
    |row_count                 |  32|   0|   32|          0|
    |select_ln226_2_reg_1494   |  32|   0|   32|          0|
    |select_ln226_5_reg_1499   |  32|   0|   32|          0|
    |select_ln240_13_reg_1527  |  32|   0|   32|          0|
    |select_ln240_20_reg_1546  |  32|   0|   32|          0|
    |select_ln240_27_reg_1565  |  32|   0|   32|          0|
    |select_ln240_6_reg_1508   |  32|   0|   32|          0|
    +--------------------------+----+----+-----+-----------+
    |Total                     | 456|   0|  456|          0|
    +--------------------------+----+----+-----+-----------+



================================================================
== Interface
================================================================
* Summary: 
+---------------------------------+-----+-----+------------+--------------------------+--------------+
|            RTL Ports            | Dir | Bits|  Protocol  |       Source Object      |    C Type    |
+---------------------------------+-----+-----+------------+--------------------------+--------------+
|ap_clk                           |   in|    1|  ap_ctrl_hs|               fifo_push_2|  return value|
|ap_rst                           |   in|    1|  ap_ctrl_hs|               fifo_push_2|  return value|
|ap_start                         |   in|    1|  ap_ctrl_hs|               fifo_push_2|  return value|
|ap_done                          |  out|    1|  ap_ctrl_hs|               fifo_push_2|  return value|
|ap_continue                      |   in|    1|  ap_ctrl_hs|               fifo_push_2|  return value|
|ap_idle                          |  out|    1|  ap_ctrl_hs|               fifo_push_2|  return value|
|ap_ready                         |  out|    1|  ap_ctrl_hs|               fifo_push_2|  return value|
|slot_data_arr_value_din          |  out|   32|     ap_fifo|       slot_data_arr_value|       pointer|
|slot_data_arr_value_full_n       |   in|    1|     ap_fifo|       slot_data_arr_value|       pointer|
|slot_data_arr_value_write        |  out|    1|     ap_fifo|       slot_data_arr_value|       pointer|
|slot_data_arr_col_index_din      |  out|   32|     ap_fifo|   slot_data_arr_col_index|       pointer|
|slot_data_arr_col_index_full_n   |   in|    1|     ap_fifo|   slot_data_arr_col_index|       pointer|
|slot_data_arr_col_index_write    |  out|    1|     ap_fifo|   slot_data_arr_col_index|       pointer|
|row_len_slot_arr_din             |  out|   32|     ap_fifo|          row_len_slot_arr|       pointer|
|row_len_slot_arr_full_n          |   in|    1|     ap_fifo|          row_len_slot_arr|       pointer|
|row_len_slot_arr_write           |  out|    1|     ap_fifo|          row_len_slot_arr|       pointer|
|slot_data_arr_value1_din         |  out|   32|     ap_fifo|      slot_data_arr_value1|       pointer|
|slot_data_arr_value1_full_n      |   in|    1|     ap_fifo|      slot_data_arr_value1|       pointer|
|slot_data_arr_value1_write       |  out|    1|     ap_fifo|      slot_data_arr_value1|       pointer|
|slot_data_arr_col_index4_din     |  out|   32|     ap_fifo|  slot_data_arr_col_index4|       pointer|
|slot_data_arr_col_index4_full_n  |   in|    1|     ap_fifo|  slot_data_arr_col_index4|       pointer|
|slot_data_arr_col_index4_write   |  out|    1|     ap_fifo|  slot_data_arr_col_index4|       pointer|
|row_len_slot_arr7_din            |  out|   32|     ap_fifo|         row_len_slot_arr7|       pointer|
|row_len_slot_arr7_full_n         |   in|    1|     ap_fifo|         row_len_slot_arr7|       pointer|
|row_len_slot_arr7_write          |  out|    1|     ap_fifo|         row_len_slot_arr7|       pointer|
|slot_data_arr_value2_din         |  out|   32|     ap_fifo|      slot_data_arr_value2|       pointer|
|slot_data_arr_value2_full_n      |   in|    1|     ap_fifo|      slot_data_arr_value2|       pointer|
|slot_data_arr_value2_write       |  out|    1|     ap_fifo|      slot_data_arr_value2|       pointer|
|slot_data_arr_col_index5_din     |  out|   32|     ap_fifo|  slot_data_arr_col_index5|       pointer|
|slot_data_arr_col_index5_full_n  |   in|    1|     ap_fifo|  slot_data_arr_col_index5|       pointer|
|slot_data_arr_col_index5_write   |  out|    1|     ap_fifo|  slot_data_arr_col_index5|       pointer|
|row_len_slot_arr8_din            |  out|   32|     ap_fifo|         row_len_slot_arr8|       pointer|
|row_len_slot_arr8_full_n         |   in|    1|     ap_fifo|         row_len_slot_arr8|       pointer|
|row_len_slot_arr8_write          |  out|    1|     ap_fifo|         row_len_slot_arr8|       pointer|
|slot_data_arr_value3_din         |  out|   32|     ap_fifo|      slot_data_arr_value3|       pointer|
|slot_data_arr_value3_full_n      |   in|    1|     ap_fifo|      slot_data_arr_value3|       pointer|
|slot_data_arr_value3_write       |  out|    1|     ap_fifo|      slot_data_arr_value3|       pointer|
|slot_data_arr_col_index6_din     |  out|   32|     ap_fifo|  slot_data_arr_col_index6|       pointer|
|slot_data_arr_col_index6_full_n  |   in|    1|     ap_fifo|  slot_data_arr_col_index6|       pointer|
|slot_data_arr_col_index6_write   |  out|    1|     ap_fifo|  slot_data_arr_col_index6|       pointer|
|row_len_slot_arr9_din            |  out|   32|     ap_fifo|         row_len_slot_arr9|       pointer|
|row_len_slot_arr9_full_n         |   in|    1|     ap_fifo|         row_len_slot_arr9|       pointer|
|row_len_slot_arr9_write          |  out|    1|     ap_fifo|         row_len_slot_arr9|       pointer|
|data_val_arr_0                   |   in|   32|     ap_none|            data_val_arr_0|       pointer|
|data_val_arr_1                   |   in|   32|     ap_none|            data_val_arr_1|       pointer|
|data_val_arr_2                   |   in|   32|     ap_none|            data_val_arr_2|       pointer|
|data_val_arr_3                   |   in|   32|     ap_none|            data_val_arr_3|       pointer|
|data_val_arr_4                   |   in|   32|     ap_none|            data_val_arr_4|       pointer|
|data_val_arr_5                   |   in|   32|     ap_none|            data_val_arr_5|       pointer|
|data_val_arr_6                   |   in|   32|     ap_none|            data_val_arr_6|       pointer|
|data_val_arr_7                   |   in|   32|     ap_none|            data_val_arr_7|       pointer|
|data_val_arr_8                   |   in|   32|     ap_none|            data_val_arr_8|       pointer|
|data_val_arr_9                   |   in|   32|     ap_none|            data_val_arr_9|       pointer|
|data_val_arr_10                  |   in|   32|     ap_none|           data_val_arr_10|       pointer|
|data_val_arr_11                  |   in|   32|     ap_none|           data_val_arr_11|       pointer|
|data_val_arr_12                  |   in|   32|     ap_none|           data_val_arr_12|       pointer|
|data_val_arr_13                  |   in|   32|     ap_none|           data_val_arr_13|       pointer|
|data_val_arr_14                  |   in|   32|     ap_none|           data_val_arr_14|       pointer|
|data_val_arr_15                  |   in|   32|     ap_none|           data_val_arr_15|       pointer|
|col_index_arr_0                  |   in|   32|     ap_none|           col_index_arr_0|       pointer|
|col_index_arr_1                  |   in|   32|     ap_none|           col_index_arr_1|       pointer|
|col_index_arr_2                  |   in|   32|     ap_none|           col_index_arr_2|       pointer|
|col_index_arr_3                  |   in|   32|     ap_none|           col_index_arr_3|       pointer|
|col_index_arr_4                  |   in|   32|     ap_none|           col_index_arr_4|       pointer|
|col_index_arr_5                  |   in|   32|     ap_none|           col_index_arr_5|       pointer|
|col_index_arr_6                  |   in|   32|     ap_none|           col_index_arr_6|       pointer|
|col_index_arr_7                  |   in|   32|     ap_none|           col_index_arr_7|       pointer|
|col_index_arr_8                  |   in|   32|     ap_none|           col_index_arr_8|       pointer|
|col_index_arr_9                  |   in|   32|     ap_none|           col_index_arr_9|       pointer|
|col_index_arr_10                 |   in|   32|     ap_none|          col_index_arr_10|       pointer|
|col_index_arr_11                 |   in|   32|     ap_none|          col_index_arr_11|       pointer|
|col_index_arr_12                 |   in|   32|     ap_none|          col_index_arr_12|       pointer|
|col_index_arr_13                 |   in|   32|     ap_none|          col_index_arr_13|       pointer|
|col_index_arr_14                 |   in|   32|     ap_none|          col_index_arr_14|       pointer|
|col_index_arr_15                 |   in|   32|     ap_none|          col_index_arr_15|       pointer|
|row_len_arr_0                    |   in|   32|     ap_none|             row_len_arr_0|       pointer|
|row_len_arr_1                    |   in|   32|     ap_none|             row_len_arr_1|       pointer|
|row_len_arr_2                    |   in|   32|     ap_none|             row_len_arr_2|       pointer|
|row_len_arr_3                    |   in|   32|     ap_none|             row_len_arr_3|       pointer|
|row_len_arr_4                    |   in|   32|     ap_none|             row_len_arr_4|       pointer|
|row_len_arr_5                    |   in|   32|     ap_none|             row_len_arr_5|       pointer|
|row_len_arr_6                    |   in|   32|     ap_none|             row_len_arr_6|       pointer|
|row_len_arr_7                    |   in|   32|     ap_none|             row_len_arr_7|       pointer|
+---------------------------------+-----+-----+------------+--------------------------+--------------+

