

================================================================
== Vitis HLS Report for 'decodeStage'
================================================================
* Date:           Mon May 16 10:27:22 2022

* Version:        2021.2 (Build 3367213 on Tue Oct 19 02:47:39 MDT 2021)
* Project:        structSparse
* Solution:       solution1 (Vivado IP Flow Target)
* Product family: zynq
* Target device:  xc7z020-clg400-1


================================================================
== Performance Estimates
================================================================
+ Timing: 
    * Summary: 
    +--------+----------+----------+------------+
    |  Clock |  Target  | Estimated| Uncertainty|
    +--------+----------+----------+------------+
    |ap_clk  |  10.00 ns|  4.149 ns|     2.70 ns|
    +--------+----------+----------+------------+

+ Latency: 
    * Summary: 
    +---------+---------+-----------+-----------+-----+-----+---------+
    |  Latency (cycles) |   Latency (absolute)  |  Interval | Pipeline|
    |   min   |   max   |    min    |    max    | min | max |   Type  |
    +---------+---------+-----------+-----------+-----+-----+---------+
    |        2|        2|  20.000 ns|  20.000 ns|    2|    2|       no|
    +---------+---------+-----------+-----------+-----+-----+---------+

    + Detail: 
        * Instance: 
        N/A

        * Loop: 
        N/A



================================================================
== Utilization Estimates
================================================================
* Summary: 
+-----------------+---------+-----+--------+-------+-----+
|       Name      | BRAM_18K| DSP |   FF   |  LUT  | URAM|
+-----------------+---------+-----+--------+-------+-----+
|DSP              |        -|    -|       -|      -|    -|
|Expression       |        -|    -|       -|      -|    -|
|FIFO             |        -|    -|       -|      -|    -|
|Instance         |        -|    -|       0|    640|    -|
|Memory           |        -|    -|       -|      -|    -|
|Multiplexer      |        -|    -|       -|    322|    -|
|Register         |        -|    -|    1059|      -|    -|
+-----------------+---------+-----+--------+-------+-----+
|Total            |        0|    0|    1059|    962|    0|
+-----------------+---------+-----+--------+-------+-----+
|Available        |      280|  220|  106400|  53200|    0|
+-----------------+---------+-----+--------+-------+-----+
|Utilization (%)  |        0|    0|      ~0|      1|    0|
+-----------------+---------+-----+--------+-------+-----+

+ Detail: 
    * Instance: 
    +-------------------+---------------+---------+----+---+----+-----+
    |      Instance     |     Module    | BRAM_18K| DSP| FF| LUT| URAM|
    +-------------------+---------------+---------+----+---+----+-----+
    |mux_42_32_1_1_U1   |mux_42_32_1_1  |        0|   0|  0|  20|    0|
    |mux_42_32_1_1_U2   |mux_42_32_1_1  |        0|   0|  0|  20|    0|
    |mux_42_32_1_1_U3   |mux_42_32_1_1  |        0|   0|  0|  20|    0|
    |mux_42_32_1_1_U4   |mux_42_32_1_1  |        0|   0|  0|  20|    0|
    |mux_42_32_1_1_U5   |mux_42_32_1_1  |        0|   0|  0|  20|    0|
    |mux_42_32_1_1_U6   |mux_42_32_1_1  |        0|   0|  0|  20|    0|
    |mux_42_32_1_1_U7   |mux_42_32_1_1  |        0|   0|  0|  20|    0|
    |mux_42_32_1_1_U8   |mux_42_32_1_1  |        0|   0|  0|  20|    0|
    |mux_42_32_1_1_U9   |mux_42_32_1_1  |        0|   0|  0|  20|    0|
    |mux_42_32_1_1_U10  |mux_42_32_1_1  |        0|   0|  0|  20|    0|
    |mux_42_32_1_1_U11  |mux_42_32_1_1  |        0|   0|  0|  20|    0|
    |mux_42_32_1_1_U12  |mux_42_32_1_1  |        0|   0|  0|  20|    0|
    |mux_42_32_1_1_U13  |mux_42_32_1_1  |        0|   0|  0|  20|    0|
    |mux_42_32_1_1_U14  |mux_42_32_1_1  |        0|   0|  0|  20|    0|
    |mux_42_32_1_1_U15  |mux_42_32_1_1  |        0|   0|  0|  20|    0|
    |mux_42_32_1_1_U16  |mux_42_32_1_1  |        0|   0|  0|  20|    0|
    |mux_42_32_1_1_U17  |mux_42_32_1_1  |        0|   0|  0|  20|    0|
    |mux_42_32_1_1_U18  |mux_42_32_1_1  |        0|   0|  0|  20|    0|
    |mux_42_32_1_1_U19  |mux_42_32_1_1  |        0|   0|  0|  20|    0|
    |mux_42_32_1_1_U20  |mux_42_32_1_1  |        0|   0|  0|  20|    0|
    |mux_42_32_1_1_U21  |mux_42_32_1_1  |        0|   0|  0|  20|    0|
    |mux_42_32_1_1_U22  |mux_42_32_1_1  |        0|   0|  0|  20|    0|
    |mux_42_32_1_1_U23  |mux_42_32_1_1  |        0|   0|  0|  20|    0|
    |mux_42_32_1_1_U24  |mux_42_32_1_1  |        0|   0|  0|  20|    0|
    |mux_42_32_1_1_U25  |mux_42_32_1_1  |        0|   0|  0|  20|    0|
    |mux_42_32_1_1_U26  |mux_42_32_1_1  |        0|   0|  0|  20|    0|
    |mux_42_32_1_1_U27  |mux_42_32_1_1  |        0|   0|  0|  20|    0|
    |mux_42_32_1_1_U28  |mux_42_32_1_1  |        0|   0|  0|  20|    0|
    |mux_42_32_1_1_U29  |mux_42_32_1_1  |        0|   0|  0|  20|    0|
    |mux_42_32_1_1_U30  |mux_42_32_1_1  |        0|   0|  0|  20|    0|
    |mux_42_32_1_1_U31  |mux_42_32_1_1  |        0|   0|  0|  20|    0|
    |mux_42_32_1_1_U32  |mux_42_32_1_1  |        0|   0|  0|  20|    0|
    +-------------------+---------------+---------+----+---+----+-----+
    |Total              |               |        0|   0|  0| 640|    0|
    +-------------------+---------------+---------+----+---+----+-----+

    * DSP: 
    N/A

    * Memory: 
    N/A

    * FIFO: 
    N/A

    * Expression: 
    N/A

    * Multiplexer: 
    +------------------+----+-----------+-----+-----------+
    |       Name       | LUT| Input Size| Bits| Total Bits|
    +------------------+----+-----------+-----+-----------+
    |ap_NS_fsm         |  20|          4|    1|          4|
    |ap_return_0       |   9|          2|   32|         64|
    |ap_return_1       |   9|          2|   32|         64|
    |ap_return_10      |   9|          2|   32|         64|
    |ap_return_11      |   9|          2|   32|         64|
    |ap_return_12      |   9|          2|   32|         64|
    |ap_return_13      |   9|          2|   32|         64|
    |ap_return_14      |   9|          2|   32|         64|
    |ap_return_15      |   9|          2|   32|         64|
    |ap_return_16      |   9|          2|   32|         64|
    |ap_return_17      |   9|          2|   32|         64|
    |ap_return_18      |   9|          2|   32|         64|
    |ap_return_19      |   9|          2|   32|         64|
    |ap_return_2       |   9|          2|   32|         64|
    |ap_return_20      |   9|          2|   32|         64|
    |ap_return_21      |   9|          2|   32|         64|
    |ap_return_22      |   9|          2|   32|         64|
    |ap_return_23      |   9|          2|   32|         64|
    |ap_return_24      |   9|          2|   32|         64|
    |ap_return_25      |   9|          2|   32|         64|
    |ap_return_26      |   9|          2|   32|         64|
    |ap_return_27      |   9|          2|   32|         64|
    |ap_return_28      |   9|          2|   32|         64|
    |ap_return_29      |   9|          2|   32|         64|
    |ap_return_3       |   9|          2|   32|         64|
    |ap_return_30      |   9|          2|   32|         64|
    |ap_return_31      |   9|          2|   32|         64|
    |ap_return_4       |   9|          2|   32|         64|
    |ap_return_5       |   9|          2|   32|         64|
    |ap_return_6       |   9|          2|   32|         64|
    |ap_return_7       |   9|          2|   32|         64|
    |ap_return_8       |   9|          2|   32|         64|
    |ap_return_9       |   9|          2|   32|         64|
    |indices_address0  |  14|          3|    1|          3|
    +------------------+----+-----------+-----+-----------+
    |Total             | 322|         71| 1026|       2055|
    +------------------+----+-----------+-----+-----------+

    * Register: 
    +--------------------+----+----+-----+-----------+
    |        Name        | FF | LUT| Bits| Const Bits|
    +--------------------+----+----+-----+-----------+
    |ap_CS_fsm           |   3|   0|    3|          0|
    |ap_return_0_preg    |  32|   0|   32|          0|
    |ap_return_10_preg   |  32|   0|   32|          0|
    |ap_return_11_preg   |  32|   0|   32|          0|
    |ap_return_12_preg   |  32|   0|   32|          0|
    |ap_return_13_preg   |  32|   0|   32|          0|
    |ap_return_14_preg   |  32|   0|   32|          0|
    |ap_return_15_preg   |  32|   0|   32|          0|
    |ap_return_16_preg   |  32|   0|   32|          0|
    |ap_return_17_preg   |  32|   0|   32|          0|
    |ap_return_18_preg   |  32|   0|   32|          0|
    |ap_return_19_preg   |  32|   0|   32|          0|
    |ap_return_1_preg    |  32|   0|   32|          0|
    |ap_return_20_preg   |  32|   0|   32|          0|
    |ap_return_21_preg   |  32|   0|   32|          0|
    |ap_return_22_preg   |  32|   0|   32|          0|
    |ap_return_23_preg   |  32|   0|   32|          0|
    |ap_return_24_preg   |  32|   0|   32|          0|
    |ap_return_25_preg   |  32|   0|   32|          0|
    |ap_return_26_preg   |  32|   0|   32|          0|
    |ap_return_27_preg   |  32|   0|   32|          0|
    |ap_return_28_preg   |  32|   0|   32|          0|
    |ap_return_29_preg   |  32|   0|   32|          0|
    |ap_return_2_preg    |  32|   0|   32|          0|
    |ap_return_30_preg   |  32|   0|   32|          0|
    |ap_return_31_preg   |  32|   0|   32|          0|
    |ap_return_3_preg    |  32|   0|   32|          0|
    |ap_return_4_preg    |  32|   0|   32|          0|
    |ap_return_5_preg    |  32|   0|   32|          0|
    |ap_return_6_preg    |  32|   0|   32|          0|
    |ap_return_7_preg    |  32|   0|   32|          0|
    |ap_return_8_preg    |  32|   0|   32|          0|
    |ap_return_9_preg    |  32|   0|   32|          0|
    |idxHigh_1_reg_1427  |   2|   0|    2|          0|
    |idxHigh_2_reg_1437  |   2|   0|    2|          0|
    |idxHigh_3_reg_1447  |   2|   0|    2|          0|
    |idxHigh_4_reg_1457  |   2|   0|    2|          0|
    |idxHigh_5_reg_1467  |   2|   0|    2|          0|
    |idxHigh_6_reg_1477  |   2|   0|    2|          0|
    |idxHigh_7_reg_1487  |   2|   0|    2|          0|
    |idxHigh_reg_1417    |   2|   0|    2|          0|
    |idxLow_1_reg_1422   |   2|   0|    2|          0|
    |idxLow_2_reg_1432   |   2|   0|    2|          0|
    |idxLow_3_reg_1442   |   2|   0|    2|          0|
    |idxLow_4_reg_1452   |   2|   0|    2|          0|
    |idxLow_5_reg_1462   |   2|   0|    2|          0|
    |idxLow_6_reg_1472   |   2|   0|    2|          0|
    |idxLow_7_reg_1482   |   2|   0|    2|          0|
    |idxLow_reg_1412     |   2|   0|    2|          0|
    +--------------------+----+----+-----+-----------+
    |Total               |1059|   0| 1059|          0|
    +--------------------+----+----+-----+-----------+



================================================================
== Interface
================================================================
* Summary: 
+------------------+-----+-----+------------+--------------+--------------+
|     RTL Ports    | Dir | Bits|  Protocol  | Source Object|    C Type    |
+------------------+-----+-----+------------+--------------+--------------+
|ap_clk            |   in|    1|  ap_ctrl_hs|   decodeStage|  return value|
|ap_rst            |   in|    1|  ap_ctrl_hs|   decodeStage|  return value|
|ap_start          |   in|    1|  ap_ctrl_hs|   decodeStage|  return value|
|ap_done           |  out|    1|  ap_ctrl_hs|   decodeStage|  return value|
|ap_idle           |  out|    1|  ap_ctrl_hs|   decodeStage|  return value|
|ap_ready          |  out|    1|  ap_ctrl_hs|   decodeStage|  return value|
|ap_return_0       |  out|   32|  ap_ctrl_hs|   decodeStage|  return value|
|ap_return_1       |  out|   32|  ap_ctrl_hs|   decodeStage|  return value|
|ap_return_2       |  out|   32|  ap_ctrl_hs|   decodeStage|  return value|
|ap_return_3       |  out|   32|  ap_ctrl_hs|   decodeStage|  return value|
|ap_return_4       |  out|   32|  ap_ctrl_hs|   decodeStage|  return value|
|ap_return_5       |  out|   32|  ap_ctrl_hs|   decodeStage|  return value|
|ap_return_6       |  out|   32|  ap_ctrl_hs|   decodeStage|  return value|
|ap_return_7       |  out|   32|  ap_ctrl_hs|   decodeStage|  return value|
|ap_return_8       |  out|   32|  ap_ctrl_hs|   decodeStage|  return value|
|ap_return_9       |  out|   32|  ap_ctrl_hs|   decodeStage|  return value|
|ap_return_10      |  out|   32|  ap_ctrl_hs|   decodeStage|  return value|
|ap_return_11      |  out|   32|  ap_ctrl_hs|   decodeStage|  return value|
|ap_return_12      |  out|   32|  ap_ctrl_hs|   decodeStage|  return value|
|ap_return_13      |  out|   32|  ap_ctrl_hs|   decodeStage|  return value|
|ap_return_14      |  out|   32|  ap_ctrl_hs|   decodeStage|  return value|
|ap_return_15      |  out|   32|  ap_ctrl_hs|   decodeStage|  return value|
|ap_return_16      |  out|   32|  ap_ctrl_hs|   decodeStage|  return value|
|ap_return_17      |  out|   32|  ap_ctrl_hs|   decodeStage|  return value|
|ap_return_18      |  out|   32|  ap_ctrl_hs|   decodeStage|  return value|
|ap_return_19      |  out|   32|  ap_ctrl_hs|   decodeStage|  return value|
|ap_return_20      |  out|   32|  ap_ctrl_hs|   decodeStage|  return value|
|ap_return_21      |  out|   32|  ap_ctrl_hs|   decodeStage|  return value|
|ap_return_22      |  out|   32|  ap_ctrl_hs|   decodeStage|  return value|
|ap_return_23      |  out|   32|  ap_ctrl_hs|   decodeStage|  return value|
|ap_return_24      |  out|   32|  ap_ctrl_hs|   decodeStage|  return value|
|ap_return_25      |  out|   32|  ap_ctrl_hs|   decodeStage|  return value|
|ap_return_26      |  out|   32|  ap_ctrl_hs|   decodeStage|  return value|
|ap_return_27      |  out|   32|  ap_ctrl_hs|   decodeStage|  return value|
|ap_return_28      |  out|   32|  ap_ctrl_hs|   decodeStage|  return value|
|ap_return_29      |  out|   32|  ap_ctrl_hs|   decodeStage|  return value|
|ap_return_30      |  out|   32|  ap_ctrl_hs|   decodeStage|  return value|
|ap_return_31      |  out|   32|  ap_ctrl_hs|   decodeStage|  return value|
|indices_address0  |  out|    1|   ap_memory|       indices|         array|
|indices_ce0       |  out|    1|   ap_memory|       indices|         array|
|indices_q0        |   in|   32|   ap_memory|       indices|         array|
|p_read            |   in|   32|     ap_none|        p_read|        scalar|
|p_read1           |   in|   32|     ap_none|       p_read1|        scalar|
|p_read2           |   in|   32|     ap_none|       p_read2|        scalar|
|p_read3           |   in|   32|     ap_none|       p_read3|        scalar|
|p_read4           |   in|   32|     ap_none|       p_read4|        scalar|
|p_read5           |   in|   32|     ap_none|       p_read5|        scalar|
|p_read6           |   in|   32|     ap_none|       p_read6|        scalar|
|p_read7           |   in|   32|     ap_none|       p_read7|        scalar|
|p_read8           |   in|   32|     ap_none|       p_read8|        scalar|
|p_read9           |   in|   32|     ap_none|       p_read9|        scalar|
|p_read10          |   in|   32|     ap_none|      p_read10|        scalar|
|p_read11          |   in|   32|     ap_none|      p_read11|        scalar|
|p_read12          |   in|   32|     ap_none|      p_read12|        scalar|
|p_read13          |   in|   32|     ap_none|      p_read13|        scalar|
|p_read14          |   in|   32|     ap_none|      p_read14|        scalar|
|p_read15          |   in|   32|     ap_none|      p_read15|        scalar|
|p_read16          |   in|   32|     ap_none|      p_read16|        scalar|
|p_read17          |   in|   32|     ap_none|      p_read17|        scalar|
|p_read18          |   in|   32|     ap_none|      p_read18|        scalar|
|p_read19          |   in|   32|     ap_none|      p_read19|        scalar|
|p_read20          |   in|   32|     ap_none|      p_read20|        scalar|
|p_read21          |   in|   32|     ap_none|      p_read21|        scalar|
|p_read22          |   in|   32|     ap_none|      p_read22|        scalar|
|p_read23          |   in|   32|     ap_none|      p_read23|        scalar|
|p_read24          |   in|   32|     ap_none|      p_read24|        scalar|
|p_read25          |   in|   32|     ap_none|      p_read25|        scalar|
|p_read26          |   in|   32|     ap_none|      p_read26|        scalar|
|p_read27          |   in|   32|     ap_none|      p_read27|        scalar|
|p_read28          |   in|   32|     ap_none|      p_read28|        scalar|
|p_read29          |   in|   32|     ap_none|      p_read29|        scalar|
|p_read30          |   in|   32|     ap_none|      p_read30|        scalar|
|p_read31          |   in|   32|     ap_none|      p_read31|        scalar|
|p_read32          |   in|   32|     ap_none|      p_read32|        scalar|
|p_read33          |   in|   32|     ap_none|      p_read33|        scalar|
|p_read34          |   in|   32|     ap_none|      p_read34|        scalar|
|p_read35          |   in|   32|     ap_none|      p_read35|        scalar|
|p_read36          |   in|   32|     ap_none|      p_read36|        scalar|
|p_read37          |   in|   32|     ap_none|      p_read37|        scalar|
|p_read38          |   in|   32|     ap_none|      p_read38|        scalar|
|p_read39          |   in|   32|     ap_none|      p_read39|        scalar|
|p_read40          |   in|   32|     ap_none|      p_read40|        scalar|
|p_read41          |   in|   32|     ap_none|      p_read41|        scalar|
|p_read42          |   in|   32|     ap_none|      p_read42|        scalar|
|p_read43          |   in|   32|     ap_none|      p_read43|        scalar|
|p_read44          |   in|   32|     ap_none|      p_read44|        scalar|
|p_read45          |   in|   32|     ap_none|      p_read45|        scalar|
|p_read46          |   in|   32|     ap_none|      p_read46|        scalar|
|p_read47          |   in|   32|     ap_none|      p_read47|        scalar|
|p_read48          |   in|   32|     ap_none|      p_read48|        scalar|
|p_read49          |   in|   32|     ap_none|      p_read49|        scalar|
|p_read50          |   in|   32|     ap_none|      p_read50|        scalar|
|p_read51          |   in|   32|     ap_none|      p_read51|        scalar|
|p_read52          |   in|   32|     ap_none|      p_read52|        scalar|
|p_read53          |   in|   32|     ap_none|      p_read53|        scalar|
|p_read54          |   in|   32|     ap_none|      p_read54|        scalar|
|p_read55          |   in|   32|     ap_none|      p_read55|        scalar|
|p_read56          |   in|   32|     ap_none|      p_read56|        scalar|
|p_read57          |   in|   32|     ap_none|      p_read57|        scalar|
|p_read58          |   in|   32|     ap_none|      p_read58|        scalar|
|p_read59          |   in|   32|     ap_none|      p_read59|        scalar|
|p_read60          |   in|   32|     ap_none|      p_read60|        scalar|
|p_read61          |   in|   32|     ap_none|      p_read61|        scalar|
|p_read62          |   in|   32|     ap_none|      p_read62|        scalar|
|p_read63          |   in|   32|     ap_none|      p_read63|        scalar|
+------------------+-----+-----+------------+--------------+--------------+

