

================================================================
== Vitis HLS Report for 'macStage'
================================================================
* Date:           Mon May 16 10:27:22 2022

* Version:        2021.2 (Build 3367213 on Tue Oct 19 02:47:39 MDT 2021)
* Project:        structSparse
* Solution:       solution1 (Vivado IP Flow Target)
* Product family: zynq
* Target device:  xc7z020-clg400-1


================================================================
== Performance Estimates
================================================================
+ Timing: 
    * Summary: 
    +--------+----------+----------+------------+
    |  Clock |  Target  | Estimated| Uncertainty|
    +--------+----------+----------+------------+
    |ap_clk  |  10.00 ns|  7.256 ns|     2.70 ns|
    +--------+----------+----------+------------+

+ Latency: 
    * Summary: 
    +---------+---------+----------+----------+-----+-----+---------+
    |  Latency (cycles) |  Latency (absolute) |  Interval | Pipeline|
    |   min   |   max   |    min   |    max   | min | max |   Type  |
    +---------+---------+----------+----------+-----+-----+---------+
    |       29|       29|  0.290 us|  0.290 us|    2|    2|      yes|
    +---------+---------+----------+----------+-----+-----+---------+

    + Detail: 
        * Instance: 
        N/A

        * Loop: 
        N/A



================================================================
== Utilization Estimates
================================================================
* Summary: 
+-----------------+---------+-----+--------+-------+-----+
|       Name      | BRAM_18K| DSP |   FF   |  LUT  | URAM|
+-----------------+---------+-----+--------+-------+-----+
|DSP              |        -|    -|       -|      -|    -|
|Expression       |        -|    -|       0|      2|    -|
|FIFO             |        -|    -|       -|      -|    -|
|Instance         |        -|   80|    5568|  11376|    -|
|Memory           |        -|    -|       -|      -|    -|
|Multiplexer      |        -|    -|       -|    891|    -|
|Register         |        -|    -|    3025|      -|    -|
+-----------------+---------+-----+--------+-------+-----+
|Total            |        0|   80|    8593|  12269|    0|
+-----------------+---------+-----+--------+-------+-----+
|Available        |      280|  220|  106400|  53200|    0|
+-----------------+---------+-----+--------+-------+-----+
|Utilization (%)  |        0|   36|       8|     23|    0|
+-----------------+---------+-----+--------+-------+-----+

+ Detail: 
    * Instance: 
    +-------------------------------------+--------------------------------+---------+----+-----+-----+-----+
    |               Instance              |             Module             | BRAM_18K| DSP|  FF | LUT | URAM|
    +-------------------------------------+--------------------------------+---------+----+-----+-----+-----+
    |fadd_32ns_32ns_32_5_full_dsp_1_U99   |fadd_32ns_32ns_32_5_full_dsp_1  |        0|   2|  205|  390|    0|
    |fadd_32ns_32ns_32_5_full_dsp_1_U100  |fadd_32ns_32ns_32_5_full_dsp_1  |        0|   2|  205|  390|    0|
    |fadd_32ns_32ns_32_5_full_dsp_1_U101  |fadd_32ns_32ns_32_5_full_dsp_1  |        0|   2|  205|  390|    0|
    |fadd_32ns_32ns_32_5_full_dsp_1_U102  |fadd_32ns_32ns_32_5_full_dsp_1  |        0|   2|  205|  390|    0|
    |fadd_32ns_32ns_32_5_full_dsp_1_U103  |fadd_32ns_32ns_32_5_full_dsp_1  |        0|   2|  205|  390|    0|
    |fadd_32ns_32ns_32_5_full_dsp_1_U104  |fadd_32ns_32ns_32_5_full_dsp_1  |        0|   2|  205|  390|    0|
    |fadd_32ns_32ns_32_5_full_dsp_1_U105  |fadd_32ns_32ns_32_5_full_dsp_1  |        0|   2|  205|  390|    0|
    |fadd_32ns_32ns_32_5_full_dsp_1_U106  |fadd_32ns_32ns_32_5_full_dsp_1  |        0|   2|  205|  390|    0|
    |fadd_32ns_32ns_32_5_full_dsp_1_U107  |fadd_32ns_32ns_32_5_full_dsp_1  |        0|   2|  205|  390|    0|
    |fadd_32ns_32ns_32_5_full_dsp_1_U108  |fadd_32ns_32ns_32_5_full_dsp_1  |        0|   2|  205|  390|    0|
    |fadd_32ns_32ns_32_5_full_dsp_1_U109  |fadd_32ns_32ns_32_5_full_dsp_1  |        0|   2|  205|  390|    0|
    |fadd_32ns_32ns_32_5_full_dsp_1_U110  |fadd_32ns_32ns_32_5_full_dsp_1  |        0|   2|  205|  390|    0|
    |fadd_32ns_32ns_32_5_full_dsp_1_U111  |fadd_32ns_32ns_32_5_full_dsp_1  |        0|   2|  205|  390|    0|
    |fadd_32ns_32ns_32_5_full_dsp_1_U112  |fadd_32ns_32ns_32_5_full_dsp_1  |        0|   2|  205|  390|    0|
    |fadd_32ns_32ns_32_5_full_dsp_1_U113  |fadd_32ns_32ns_32_5_full_dsp_1  |        0|   2|  205|  390|    0|
    |fadd_32ns_32ns_32_5_full_dsp_1_U114  |fadd_32ns_32ns_32_5_full_dsp_1  |        0|   2|  205|  390|    0|
    |fmul_32ns_32ns_32_4_max_dsp_1_U115   |fmul_32ns_32ns_32_4_max_dsp_1   |        0|   3|  143|  321|    0|
    |fmul_32ns_32ns_32_4_max_dsp_1_U116   |fmul_32ns_32ns_32_4_max_dsp_1   |        0|   3|  143|  321|    0|
    |fmul_32ns_32ns_32_4_max_dsp_1_U117   |fmul_32ns_32ns_32_4_max_dsp_1   |        0|   3|  143|  321|    0|
    |fmul_32ns_32ns_32_4_max_dsp_1_U118   |fmul_32ns_32ns_32_4_max_dsp_1   |        0|   3|  143|  321|    0|
    |fmul_32ns_32ns_32_4_max_dsp_1_U119   |fmul_32ns_32ns_32_4_max_dsp_1   |        0|   3|  143|  321|    0|
    |fmul_32ns_32ns_32_4_max_dsp_1_U120   |fmul_32ns_32ns_32_4_max_dsp_1   |        0|   3|  143|  321|    0|
    |fmul_32ns_32ns_32_4_max_dsp_1_U121   |fmul_32ns_32ns_32_4_max_dsp_1   |        0|   3|  143|  321|    0|
    |fmul_32ns_32ns_32_4_max_dsp_1_U122   |fmul_32ns_32ns_32_4_max_dsp_1   |        0|   3|  143|  321|    0|
    |fmul_32ns_32ns_32_4_max_dsp_1_U123   |fmul_32ns_32ns_32_4_max_dsp_1   |        0|   3|  143|  321|    0|
    |fmul_32ns_32ns_32_4_max_dsp_1_U124   |fmul_32ns_32ns_32_4_max_dsp_1   |        0|   3|  143|  321|    0|
    |fmul_32ns_32ns_32_4_max_dsp_1_U125   |fmul_32ns_32ns_32_4_max_dsp_1   |        0|   3|  143|  321|    0|
    |fmul_32ns_32ns_32_4_max_dsp_1_U126   |fmul_32ns_32ns_32_4_max_dsp_1   |        0|   3|  143|  321|    0|
    |fmul_32ns_32ns_32_4_max_dsp_1_U127   |fmul_32ns_32ns_32_4_max_dsp_1   |        0|   3|  143|  321|    0|
    |fmul_32ns_32ns_32_4_max_dsp_1_U128   |fmul_32ns_32ns_32_4_max_dsp_1   |        0|   3|  143|  321|    0|
    |fmul_32ns_32ns_32_4_max_dsp_1_U129   |fmul_32ns_32ns_32_4_max_dsp_1   |        0|   3|  143|  321|    0|
    |fmul_32ns_32ns_32_4_max_dsp_1_U130   |fmul_32ns_32ns_32_4_max_dsp_1   |        0|   3|  143|  321|    0|
    +-------------------------------------+--------------------------------+---------+----+-----+-----+-----+
    |Total                                |                                |        0|  80| 5568|11376|    0|
    +-------------------------------------+--------------------------------+---------+----+-----+-----+-----+

    * DSP: 
    N/A

    * Memory: 
    N/A

    * FIFO: 
    N/A

    * Expression: 
    +---------------+----------+----+---+----+------------+------------+
    | Variable Name | Operation| DSP| FF| LUT| Bitwidth P0| Bitwidth P1|
    +---------------+----------+----+---+----+------------+------------+
    |ap_enable_pp0  |       xor|   0|  0|   2|           1|           2|
    +---------------+----------+----+---+----+------------+------------+
    |Total          |          |   0|  0|   2|           1|           2|
    +---------------+----------+----+---+----+------------+------------+

    * Multiplexer: 
    +-------------------------+----+-----------+-----+-----------+
    |           Name          | LUT| Input Size| Bits| Total Bits|
    +-------------------------+----+-----------+-----+-----------+
    |ap_NS_fsm                |  14|          3|    1|          3|
    |ap_enable_reg_pp0_iter0  |   9|          2|    1|          2|
    |grp_fu_522_p0            |  14|          3|   32|         96|
    |grp_fu_522_p1            |  14|          3|   32|         96|
    |grp_fu_526_p0            |  14|          3|   32|         96|
    |grp_fu_526_p1            |  14|          3|   32|         96|
    |grp_fu_530_p0            |  14|          3|   32|         96|
    |grp_fu_530_p1            |  14|          3|   32|         96|
    |grp_fu_534_p0            |  14|          3|   32|         96|
    |grp_fu_534_p1            |  14|          3|   32|         96|
    |grp_fu_538_p0            |  14|          3|   32|         96|
    |grp_fu_538_p1            |  14|          3|   32|         96|
    |grp_fu_542_p0            |  14|          3|   32|         96|
    |grp_fu_542_p1            |  14|          3|   32|         96|
    |grp_fu_546_p0            |  14|          3|   32|         96|
    |grp_fu_546_p1            |  14|          3|   32|         96|
    |grp_fu_550_p0            |  14|          3|   32|         96|
    |grp_fu_550_p1            |  14|          3|   32|         96|
    |grp_fu_554_p0            |  14|          3|   32|         96|
    |grp_fu_554_p1            |  14|          3|   32|         96|
    |grp_fu_558_p0            |  14|          3|   32|         96|
    |grp_fu_558_p1            |  14|          3|   32|         96|
    |grp_fu_562_p0            |  14|          3|   32|         96|
    |grp_fu_562_p1            |  14|          3|   32|         96|
    |grp_fu_566_p0            |  14|          3|   32|         96|
    |grp_fu_566_p1            |  14|          3|   32|         96|
    |grp_fu_570_p0            |  14|          3|   32|         96|
    |grp_fu_570_p1            |  14|          3|   32|         96|
    |grp_fu_574_p0            |  14|          3|   32|         96|
    |grp_fu_574_p1            |  14|          3|   32|         96|
    |grp_fu_578_p0            |  14|          3|   32|         96|
    |grp_fu_578_p1            |  14|          3|   32|         96|
    |grp_fu_586_p0            |  14|          3|   32|         96|
    |grp_fu_586_p1            |  14|          3|   32|         96|
    |grp_fu_592_p0            |  14|          3|   32|         96|
    |grp_fu_592_p1            |  14|          3|   32|         96|
    |grp_fu_598_p0            |  14|          3|   32|         96|
    |grp_fu_598_p1            |  14|          3|   32|         96|
    |grp_fu_604_p0            |  14|          3|   32|         96|
    |grp_fu_604_p1            |  14|          3|   32|         96|
    |grp_fu_610_p0            |  14|          3|   32|         96|
    |grp_fu_610_p1            |  14|          3|   32|         96|
    |grp_fu_616_p0            |  14|          3|   32|         96|
    |grp_fu_616_p1            |  14|          3|   32|         96|
    |grp_fu_622_p0            |  14|          3|   32|         96|
    |grp_fu_622_p1            |  14|          3|   32|         96|
    |grp_fu_628_p0            |  14|          3|   32|         96|
    |grp_fu_628_p1            |  14|          3|   32|         96|
    |grp_fu_634_p0            |  14|          3|   32|         96|
    |grp_fu_634_p1            |  14|          3|   32|         96|
    |grp_fu_640_p0            |  14|          3|   32|         96|
    |grp_fu_640_p1            |  14|          3|   32|         96|
    |grp_fu_646_p0            |  14|          3|   32|         96|
    |grp_fu_646_p1            |  14|          3|   32|         96|
    |grp_fu_652_p0            |  14|          3|   32|         96|
    |grp_fu_652_p1            |  14|          3|   32|         96|
    |grp_fu_658_p0            |  14|          3|   32|         96|
    |grp_fu_658_p1            |  14|          3|   32|         96|
    |grp_fu_664_p0            |  14|          3|   32|         96|
    |grp_fu_664_p1            |  14|          3|   32|         96|
    |grp_fu_670_p0            |  14|          3|   32|         96|
    |grp_fu_670_p1            |  14|          3|   32|         96|
    |grp_fu_676_p0            |  14|          3|   32|         96|
    |grp_fu_676_p1            |  14|          3|   32|         96|
    +-------------------------+----+-----------+-----+-----------+
    |Total                    | 891|        191| 1986|       5957|
    +-------------------------+----+-----------+-----+-----------+

    * Register: 
    +-----------------------------+----+----+-----+-----------+
    |             Name            | FF | LUT| Bits| Const Bits|
    +-----------------------------+----+----+-----+-----------+
    |ap_CS_fsm                    |   2|   0|    2|          0|
    |ap_enable_reg_pp0_iter0_reg  |   1|   0|    1|          0|
    |ap_enable_reg_pp0_iter1      |   1|   0|    1|          0|
    |ap_enable_reg_pp0_iter10     |   1|   0|    1|          0|
    |ap_enable_reg_pp0_iter11     |   1|   0|    1|          0|
    |ap_enable_reg_pp0_iter12     |   1|   0|    1|          0|
    |ap_enable_reg_pp0_iter13     |   1|   0|    1|          0|
    |ap_enable_reg_pp0_iter14     |   1|   0|    1|          0|
    |ap_enable_reg_pp0_iter2      |   1|   0|    1|          0|
    |ap_enable_reg_pp0_iter3      |   1|   0|    1|          0|
    |ap_enable_reg_pp0_iter4      |   1|   0|    1|          0|
    |ap_enable_reg_pp0_iter5      |   1|   0|    1|          0|
    |ap_enable_reg_pp0_iter6      |   1|   0|    1|          0|
    |ap_enable_reg_pp0_iter7      |   1|   0|    1|          0|
    |ap_enable_reg_pp0_iter8      |   1|   0|    1|          0|
    |ap_enable_reg_pp0_iter9      |   1|   0|    1|          0|
    |ap_port_reg_p_read16         |  32|   0|   32|          0|
    |ap_port_reg_p_read17         |  32|   0|   32|          0|
    |ap_port_reg_p_read18         |  32|   0|   32|          0|
    |ap_port_reg_p_read19         |  32|   0|   32|          0|
    |ap_port_reg_p_read20         |  32|   0|   32|          0|
    |ap_port_reg_p_read21         |  32|   0|   32|          0|
    |ap_port_reg_p_read22         |  32|   0|   32|          0|
    |ap_port_reg_p_read23         |  32|   0|   32|          0|
    |ap_port_reg_p_read24         |  32|   0|   32|          0|
    |ap_port_reg_p_read25         |  32|   0|   32|          0|
    |ap_port_reg_p_read26         |  32|   0|   32|          0|
    |ap_port_reg_p_read27         |  32|   0|   32|          0|
    |ap_port_reg_p_read28         |  32|   0|   32|          0|
    |ap_port_reg_p_read29         |  32|   0|   32|          0|
    |ap_port_reg_p_read30         |  32|   0|   32|          0|
    |ap_port_reg_p_read31         |  32|   0|   32|          0|
    |ap_port_reg_p_read48         |  32|   0|   32|          0|
    |ap_port_reg_p_read49         |  32|   0|   32|          0|
    |ap_port_reg_p_read50         |  32|   0|   32|          0|
    |ap_port_reg_p_read51         |  32|   0|   32|          0|
    |ap_port_reg_p_read52         |  32|   0|   32|          0|
    |ap_port_reg_p_read53         |  32|   0|   32|          0|
    |ap_port_reg_p_read54         |  32|   0|   32|          0|
    |ap_port_reg_p_read55         |  32|   0|   32|          0|
    |ap_port_reg_p_read56         |  32|   0|   32|          0|
    |ap_port_reg_p_read57         |  32|   0|   32|          0|
    |ap_port_reg_p_read58         |  32|   0|   32|          0|
    |ap_port_reg_p_read59         |  32|   0|   32|          0|
    |ap_port_reg_p_read60         |  32|   0|   32|          0|
    |ap_port_reg_p_read61         |  32|   0|   32|          0|
    |ap_port_reg_p_read62         |  32|   0|   32|          0|
    |ap_port_reg_p_read63         |  32|   0|   32|          0|
    |partialMAC_10_reg_1088       |  32|   0|   32|          0|
    |partialMAC_11_reg_1093       |  32|   0|   32|          0|
    |partialMAC_12_reg_1098       |  32|   0|   32|          0|
    |partialMAC_13_reg_1103       |  32|   0|   32|          0|
    |partialMAC_14_reg_1108       |  32|   0|   32|          0|
    |partialMAC_15_reg_1113       |  32|   0|   32|          0|
    |partialMAC_16_reg_1118       |  32|   0|   32|          0|
    |partialMAC_17_reg_1123       |  32|   0|   32|          0|
    |partialMAC_18_reg_1128       |  32|   0|   32|          0|
    |partialMAC_19_reg_1133       |  32|   0|   32|          0|
    |partialMAC_1_reg_1043        |  32|   0|   32|          0|
    |partialMAC_20_reg_1138       |  32|   0|   32|          0|
    |partialMAC_21_reg_1143       |  32|   0|   32|          0|
    |partialMAC_22_reg_1148       |  32|   0|   32|          0|
    |partialMAC_23_reg_1153       |  32|   0|   32|          0|
    |partialMAC_24_reg_1158       |  32|   0|   32|          0|
    |partialMAC_25_reg_1163       |  32|   0|   32|          0|
    |partialMAC_26_reg_1168       |  32|   0|   32|          0|
    |partialMAC_27_reg_1173       |  32|   0|   32|          0|
    |partialMAC_28_reg_1178       |  32|   0|   32|          0|
    |partialMAC_29_reg_1183       |  32|   0|   32|          0|
    |partialMAC_2_reg_1048        |  32|   0|   32|          0|
    |partialMAC_30_reg_1188       |  32|   0|   32|          0|
    |partialMAC_31_reg_1193       |  32|   0|   32|          0|
    |partialMAC_32_reg_1198       |  32|   0|   32|          0|
    |partialMAC_33_reg_1203       |  32|   0|   32|          0|
    |partialMAC_34_reg_1208       |  32|   0|   32|          0|
    |partialMAC_35_reg_1213       |  32|   0|   32|          0|
    |partialMAC_36_reg_1218       |  32|   0|   32|          0|
    |partialMAC_37_reg_1223       |  32|   0|   32|          0|
    |partialMAC_38_reg_1228       |  32|   0|   32|          0|
    |partialMAC_39_reg_1233       |  32|   0|   32|          0|
    |partialMAC_3_reg_1053        |  32|   0|   32|          0|
    |partialMAC_40_reg_1238       |  32|   0|   32|          0|
    |partialMAC_41_reg_1243       |  32|   0|   32|          0|
    |partialMAC_42_reg_1248       |  32|   0|   32|          0|
    |partialMAC_43_reg_1253       |  32|   0|   32|          0|
    |partialMAC_44_reg_1258       |  32|   0|   32|          0|
    |partialMAC_45_reg_1263       |  32|   0|   32|          0|
    |partialMAC_46_reg_1268       |  32|   0|   32|          0|
    |partialMAC_47_reg_1273       |  32|   0|   32|          0|
    |partialMAC_48_reg_1278       |  32|   0|   32|          0|
    |partialMAC_49_reg_1283       |  32|   0|   32|          0|
    |partialMAC_4_reg_1058        |  32|   0|   32|          0|
    |partialMAC_50_reg_1288       |  32|   0|   32|          0|
    |partialMAC_51_reg_1293       |  32|   0|   32|          0|
    |partialMAC_52_reg_1298       |  32|   0|   32|          0|
    |partialMAC_53_reg_1303       |  32|   0|   32|          0|
    |partialMAC_54_reg_1308       |  32|   0|   32|          0|
    |partialMAC_55_reg_1313       |  32|   0|   32|          0|
    |partialMAC_56_reg_1318       |  32|   0|   32|          0|
    |partialMAC_57_reg_1323       |  32|   0|   32|          0|
    |partialMAC_58_reg_1328       |  32|   0|   32|          0|
    |partialMAC_59_reg_1333       |  32|   0|   32|          0|
    |partialMAC_5_reg_1063        |  32|   0|   32|          0|
    |partialMAC_60_reg_1338       |  32|   0|   32|          0|
    |partialMAC_61_reg_1343       |  32|   0|   32|          0|
    |partialMAC_6_reg_1068        |  32|   0|   32|          0|
    |partialMAC_7_reg_1073        |  32|   0|   32|          0|
    |partialMAC_8_reg_1078        |  32|   0|   32|          0|
    |partialMAC_9_reg_1083        |  32|   0|   32|          0|
    |partialMAC_reg_1038          |  32|   0|   32|          0|
    +-----------------------------+----+----+-----+-----------+
    |Total                        |3025|   0| 3025|          0|
    +-----------------------------+----+----+-----+-----------+



================================================================
== Interface
================================================================
* Summary: 
+-----------+-----+-----+------------+--------------+--------------+
| RTL Ports | Dir | Bits|  Protocol  | Source Object|    C Type    |
+-----------+-----+-----+------------+--------------+--------------+
|ap_clk     |   in|    1|  ap_ctrl_hs|      macStage|  return value|
|ap_rst     |   in|    1|  ap_ctrl_hs|      macStage|  return value|
|ap_start   |   in|    1|  ap_ctrl_hs|      macStage|  return value|
|ap_done    |  out|    1|  ap_ctrl_hs|      macStage|  return value|
|ap_idle    |  out|    1|  ap_ctrl_hs|      macStage|  return value|
|ap_ready   |  out|    1|  ap_ctrl_hs|      macStage|  return value|
|ap_return  |  out|   32|  ap_ctrl_hs|      macStage|  return value|
|p_read     |   in|   32|     ap_none|        p_read|        scalar|
|p_read1    |   in|   32|     ap_none|       p_read1|        scalar|
|p_read2    |   in|   32|     ap_none|       p_read2|        scalar|
|p_read3    |   in|   32|     ap_none|       p_read3|        scalar|
|p_read4    |   in|   32|     ap_none|       p_read4|        scalar|
|p_read5    |   in|   32|     ap_none|       p_read5|        scalar|
|p_read6    |   in|   32|     ap_none|       p_read6|        scalar|
|p_read7    |   in|   32|     ap_none|       p_read7|        scalar|
|p_read8    |   in|   32|     ap_none|       p_read8|        scalar|
|p_read9    |   in|   32|     ap_none|       p_read9|        scalar|
|p_read10   |   in|   32|     ap_none|      p_read10|        scalar|
|p_read11   |   in|   32|     ap_none|      p_read11|        scalar|
|p_read12   |   in|   32|     ap_none|      p_read12|        scalar|
|p_read13   |   in|   32|     ap_none|      p_read13|        scalar|
|p_read14   |   in|   32|     ap_none|      p_read14|        scalar|
|p_read15   |   in|   32|     ap_none|      p_read15|        scalar|
|p_read16   |   in|   32|     ap_none|      p_read16|        scalar|
|p_read17   |   in|   32|     ap_none|      p_read17|        scalar|
|p_read18   |   in|   32|     ap_none|      p_read18|        scalar|
|p_read19   |   in|   32|     ap_none|      p_read19|        scalar|
|p_read20   |   in|   32|     ap_none|      p_read20|        scalar|
|p_read21   |   in|   32|     ap_none|      p_read21|        scalar|
|p_read22   |   in|   32|     ap_none|      p_read22|        scalar|
|p_read23   |   in|   32|     ap_none|      p_read23|        scalar|
|p_read24   |   in|   32|     ap_none|      p_read24|        scalar|
|p_read25   |   in|   32|     ap_none|      p_read25|        scalar|
|p_read26   |   in|   32|     ap_none|      p_read26|        scalar|
|p_read27   |   in|   32|     ap_none|      p_read27|        scalar|
|p_read28   |   in|   32|     ap_none|      p_read28|        scalar|
|p_read29   |   in|   32|     ap_none|      p_read29|        scalar|
|p_read30   |   in|   32|     ap_none|      p_read30|        scalar|
|p_read31   |   in|   32|     ap_none|      p_read31|        scalar|
|p_read32   |   in|   32|     ap_none|      p_read32|        scalar|
|p_read33   |   in|   32|     ap_none|      p_read33|        scalar|
|p_read34   |   in|   32|     ap_none|      p_read34|        scalar|
|p_read35   |   in|   32|     ap_none|      p_read35|        scalar|
|p_read36   |   in|   32|     ap_none|      p_read36|        scalar|
|p_read37   |   in|   32|     ap_none|      p_read37|        scalar|
|p_read38   |   in|   32|     ap_none|      p_read38|        scalar|
|p_read39   |   in|   32|     ap_none|      p_read39|        scalar|
|p_read40   |   in|   32|     ap_none|      p_read40|        scalar|
|p_read41   |   in|   32|     ap_none|      p_read41|        scalar|
|p_read42   |   in|   32|     ap_none|      p_read42|        scalar|
|p_read43   |   in|   32|     ap_none|      p_read43|        scalar|
|p_read44   |   in|   32|     ap_none|      p_read44|        scalar|
|p_read45   |   in|   32|     ap_none|      p_read45|        scalar|
|p_read46   |   in|   32|     ap_none|      p_read46|        scalar|
|p_read47   |   in|   32|     ap_none|      p_read47|        scalar|
|p_read48   |   in|   32|     ap_none|      p_read48|        scalar|
|p_read49   |   in|   32|     ap_none|      p_read49|        scalar|
|p_read50   |   in|   32|     ap_none|      p_read50|        scalar|
|p_read51   |   in|   32|     ap_none|      p_read51|        scalar|
|p_read52   |   in|   32|     ap_none|      p_read52|        scalar|
|p_read53   |   in|   32|     ap_none|      p_read53|        scalar|
|p_read54   |   in|   32|     ap_none|      p_read54|        scalar|
|p_read55   |   in|   32|     ap_none|      p_read55|        scalar|
|p_read56   |   in|   32|     ap_none|      p_read56|        scalar|
|p_read57   |   in|   32|     ap_none|      p_read57|        scalar|
|p_read58   |   in|   32|     ap_none|      p_read58|        scalar|
|p_read59   |   in|   32|     ap_none|      p_read59|        scalar|
|p_read60   |   in|   32|     ap_none|      p_read60|        scalar|
|p_read61   |   in|   32|     ap_none|      p_read61|        scalar|
|p_read62   |   in|   32|     ap_none|      p_read62|        scalar|
|p_read63   |   in|   32|     ap_none|      p_read63|        scalar|
+-----------+-----+-----+------------+--------------+--------------+

