

================================================================
== Vitis HLS Report for 'reduce'
================================================================
* Date:           Fri May 13 23:48:26 2022

* Version:        2021.2 (Build 3367213 on Tue Oct 19 02:47:39 MDT 2021)
* Project:        SPMV_CSR
* Solution:       solution1 (Vivado IP Flow Target)
* Product family: zynq
* Target device:  xc7z020-clg400-1


================================================================
== Performance Estimates
================================================================
+ Timing: 
    * Summary: 
    +--------+----------+----------+------------+
    |  Clock |  Target  | Estimated| Uncertainty|
    +--------+----------+----------+------------+
    |ap_clk  |  10.00 ns|  5.036 ns|     2.70 ns|
    +--------+----------+----------+------------+

+ Latency: 
    * Summary: 
    +---------+---------+-----------+-----------+-----+-----+---------+
    |  Latency (cycles) |   Latency (absolute)  |  Interval | Pipeline|
    |   min   |   max   |    min    |    max    | min | max |   Type  |
    +---------+---------+-----------+-----------+-----+-----+---------+
    |        2|        2|  20.000 ns|  20.000 ns|    1|    1|      yes|
    +---------+---------+-----------+-----------+-----+-----+---------+

    + Detail: 
        * Instance: 
        N/A

        * Loop: 
        N/A

============================================================
+ Verbose Summary: Synthesis Manager
============================================================
InlineROM: 1
ExposeGlobal: 0
============================================================
+ Verbose Summary: CDFG Model
============================================================
IsTopModel: 0
ResetActiveHigh: 1
IsCombinational: 0
IsDatapathOnly: 0
HasWiredReturn: 1
HasMFsm: 2
HasVarLatency: 0
IsPipeline: 1
IsRtlPipelined: 1
IsInstanceOverlapped: 0
IsDontTouch: 0
HasImplIP: 0
IsGatedGlobalClock: 0

+ Individual pipeline summary: 
  * Pipeline-0: initiation interval (II) = 1, depth = 3


============================================================
+ Verbose Summary: Schedule
============================================================
* Number of FSM states : 3
* Pipeline : 1
  Pipeline-0 : II = 1, D = 3, States = { 1 2 3 }
* Dataflow Pipeline: 0

* FSM state transitions: 
1 --> 2 
2 --> 3 
3 --> 

* FSM state operations: 

State 1 <SV = 0> <Delay = 4.14>
ST_1 : Operation 4 [1/1] (0.00ns)   --->   "%label_read = read i32 @_ssdm_op_Read.ap_auto.i32, i32 %label_r" [SPMV_CSR_src/accelerator/reducer.cpp:34]   --->   Operation 4 'read' 'label_read' <Predicate = true> <Delay = 0.00>
ST_1 : Operation 5 [1/1] (0.00ns)   --->   "%value_read = read i32 @_ssdm_op_Read.ap_auto.i32, i32 %value_r" [SPMV_CSR_src/accelerator/reducer.cpp:34]   --->   Operation 5 'read' 'value_read' <Predicate = true> <Delay = 0.00>
ST_1 : Operation 6 [1/1] (0.00ns)   --->   "%reducer_circuit_levels_num_items_0_load = load i32 %reducer_circuit_levels_num_items_0" [SPMV_CSR_src/accelerator/reducer.cpp:34]   --->   Operation 6 'load' 'reducer_circuit_levels_num_items_0_load' <Predicate = true> <Delay = 0.00>
ST_1 : Operation 7 [1/1] (0.00ns)   --->   "%trunc_ln34 = trunc i32 %reducer_circuit_levels_num_items_0_load" [SPMV_CSR_src/accelerator/reducer.cpp:34]   --->   Operation 7 'trunc' 'trunc_ln34' <Predicate = true> <Delay = 0.00>
ST_1 : Operation 8 [1/1] (0.00ns)   --->   "%reducer_circuit_levels_buffer_value_0_0_load = load i32 %reducer_circuit_levels_buffer_value_0_0" [SPMV_CSR_src/accelerator/reducer.cpp:14]   --->   Operation 8 'load' 'reducer_circuit_levels_buffer_value_0_0_load' <Predicate = true> <Delay = 0.00>
ST_1 : Operation 9 [1/1] (0.00ns)   --->   "%br_ln34 = br i1 %trunc_ln34, void %branch0, void %branch1" [SPMV_CSR_src/accelerator/reducer.cpp:34]   --->   Operation 9 'br' 'br_ln34' <Predicate = true> <Delay = 0.00>
ST_1 : Operation 10 [1/1] (0.00ns)   --->   "%store_ln34 = store i32 %value_read, i32 %reducer_circuit_levels_buffer_value_0_0" [SPMV_CSR_src/accelerator/reducer.cpp:34]   --->   Operation 10 'store' 'store_ln34' <Predicate = (!trunc_ln34)> <Delay = 0.00>
ST_1 : Operation 11 [1/1] (1.58ns)   --->   "%br_ln34 = br void" [SPMV_CSR_src/accelerator/reducer.cpp:34]   --->   Operation 11 'br' 'br_ln34' <Predicate = (!trunc_ln34)> <Delay = 1.58>
ST_1 : Operation 12 [1/1] (0.00ns)   --->   "%store_ln34 = store i32 %value_read, i32 %reducer_circuit_levels_buffer_value_0_1" [SPMV_CSR_src/accelerator/reducer.cpp:34]   --->   Operation 12 'store' 'store_ln34' <Predicate = (trunc_ln34)> <Delay = 0.00>
ST_1 : Operation 13 [1/1] (1.58ns)   --->   "%br_ln34 = br void" [SPMV_CSR_src/accelerator/reducer.cpp:34]   --->   Operation 13 'br' 'br_ln34' <Predicate = (trunc_ln34)> <Delay = 1.58>
ST_1 : Operation 14 [1/1] (0.00ns)   --->   "%level_out_value_1 = phi i32 %value_read, void %branch0, i32 %reducer_circuit_levels_buffer_value_0_0_load, void %branch1" [SPMV_CSR_src/accelerator/reducer.cpp:34]   --->   Operation 14 'phi' 'level_out_value_1' <Predicate = true> <Delay = 0.00>
ST_1 : Operation 15 [1/1] (0.00ns)   --->   "%reducer_circuit_levels_buffer_label_0_0_load = load i32 %reducer_circuit_levels_buffer_label_0_0" [SPMV_CSR_src/accelerator/reducer.cpp:15]   --->   Operation 15 'load' 'reducer_circuit_levels_buffer_label_0_0_load' <Predicate = true> <Delay = 0.00>
ST_1 : Operation 16 [1/1] (1.58ns)   --->   "%br_ln34 = br i1 %trunc_ln34, void %branch4, void %branch5" [SPMV_CSR_src/accelerator/reducer.cpp:34]   --->   Operation 16 'br' 'br_ln34' <Predicate = true> <Delay = 1.58>
ST_1 : Operation 17 [1/1] (0.00ns)   --->   "%store_ln34 = store i32 %label_read, i32 %reducer_circuit_levels_buffer_label_0_0" [SPMV_CSR_src/accelerator/reducer.cpp:34]   --->   Operation 17 'store' 'store_ln34' <Predicate = (!trunc_ln34)> <Delay = 0.00>
ST_1 : Operation 18 [1/1] (1.58ns)   --->   "%br_ln34 = br void %branch5" [SPMV_CSR_src/accelerator/reducer.cpp:34]   --->   Operation 18 'br' 'br_ln34' <Predicate = (!trunc_ln34)> <Delay = 1.58>
ST_1 : Operation 19 [1/1] (2.55ns)   --->   "%add_ln35 = add i32 %reducer_circuit_levels_num_items_0_load, i32 1" [SPMV_CSR_src/accelerator/reducer.cpp:35]   --->   Operation 19 'add' 'add_ln35' <Predicate = true> <Delay = 2.55> <CoreInst = "Adder">   --->   Core 1 'Adder' <Latency = 0> <II = 1> <Delay = 2.55> <FuncUnit> <Opcode : 'add' 'sub'> <InPorts = 2> <OutPorts = 1>
ST_1 : Operation 20 [1/1] (1.30ns)   --->   "%switch_ln11 = switch i32 %reducer_circuit_levels_num_items_0_load, void %._crit_edge, i32 1, void, i32 0, void, i32 4294967295, void" [SPMV_CSR_src/accelerator/reducer.cpp:11]   --->   Operation 20 'switch' 'switch_ln11' <Predicate = true> <Delay = 1.30>
ST_1 : Operation 21 [1/1] (1.58ns)   --->   "%store_ln26 = store i1 0, i1 %reducer_circuit_levels_valid_0" [SPMV_CSR_src/accelerator/reducer.cpp:26]   --->   Operation 21 'store' 'store_ln26' <Predicate = (reducer_circuit_levels_num_items_0_load == 4294967295)> <Delay = 1.58>
ST_1 : Operation 22 [1/1] (0.00ns)   --->   "%br_ln29 = br void %._crit_edge" [SPMV_CSR_src/accelerator/reducer.cpp:29]   --->   Operation 22 'br' 'br_ln29' <Predicate = (reducer_circuit_levels_num_items_0_load == 4294967295)> <Delay = 0.00>
ST_1 : Operation 23 [1/1] (1.58ns)   --->   "%store_ln13 = store i1 1, i1 %reducer_circuit_levels_valid_0" [SPMV_CSR_src/accelerator/reducer.cpp:13]   --->   Operation 23 'store' 'store_ln13' <Predicate = (reducer_circuit_levels_num_items_0_load == 1)> <Delay = 1.58>
ST_1 : Operation 24 [1/1] (0.00ns)   --->   "%reducer_circuit_levels_buffer_value_0_1_load = load i32 %reducer_circuit_levels_buffer_value_0_1" [SPMV_CSR_src/accelerator/reducer.cpp:14]   --->   Operation 24 'load' 'reducer_circuit_levels_buffer_value_0_1_load' <Predicate = (reducer_circuit_levels_num_items_0_load == 1)> <Delay = 0.00>
ST_1 : Operation 25 [1/1] (2.55ns)   --->   "%level_out_value = add i32 %reducer_circuit_levels_buffer_value_0_1_load, i32 %level_out_value_1" [SPMV_CSR_src/accelerator/reducer.cpp:14]   --->   Operation 25 'add' 'level_out_value' <Predicate = (reducer_circuit_levels_num_items_0_load == 1)> <Delay = 2.55> <CoreInst = "Adder">   --->   Core 1 'Adder' <Latency = 0> <II = 1> <Delay = 2.55> <FuncUnit> <Opcode : 'add' 'sub'> <InPorts = 2> <OutPorts = 1>
ST_1 : Operation 26 [1/1] (0.00ns)   --->   "%br_ln0 = br void %_ZN13reducer_level3addER12reducer_data.exit"   --->   Operation 26 'br' 'br_ln0' <Predicate = (reducer_circuit_levels_num_items_0_load != 1 & reducer_circuit_levels_num_items_0_load != 0)> <Delay = 0.00>

State 2 <SV = 1> <Delay = 4.05>
ST_2 : Operation 27 [1/1] (0.00ns)   --->   "%level_out_label = phi i32 %label_read, void %branch4, i32 %reducer_circuit_levels_buffer_label_0_0_load, void" [SPMV_CSR_src/accelerator/reducer.cpp:34]   --->   Operation 27 'phi' 'level_out_label' <Predicate = true> <Delay = 0.00>
ST_2 : Operation 28 [1/1] (0.00ns)   --->   "%reducer_circuit_levels_num_items_1_load = load i32 %reducer_circuit_levels_num_items_1" [SPMV_CSR_src/accelerator/reducer.cpp:34]   --->   Operation 28 'load' 'reducer_circuit_levels_num_items_1_load' <Predicate = true> <Delay = 0.00>
ST_2 : Operation 29 [1/1] (0.00ns)   --->   "%reducer_circuit_levels_buffer_value_1_0_load = load i32 %reducer_circuit_levels_buffer_value_1_0" [SPMV_CSR_src/accelerator/reducer.cpp:14]   --->   Operation 29 'load' 'reducer_circuit_levels_buffer_value_1_0_load' <Predicate = true> <Delay = 0.00>
ST_2 : Operation 30 [1/1] (0.00ns)   --->   "%tmp = partselect i31 @_ssdm_op_PartSelect.i31.i32.i32.i32, i32 %level_out_label, i32 1, i32 31" [SPMV_CSR_src/accelerator/reducer.cpp:18]   --->   Operation 30 'partselect' 'tmp' <Predicate = (reducer_circuit_levels_num_items_0_load == 0)> <Delay = 0.00>
ST_2 : Operation 31 [1/1] (2.47ns)   --->   "%icmp_ln18 = icmp_slt  i31 %tmp, i31 1" [SPMV_CSR_src/accelerator/reducer.cpp:18]   --->   Operation 31 'icmp' 'icmp_ln18' <Predicate = (reducer_circuit_levels_num_items_0_load == 0)> <Delay = 2.47> <CoreInst = "Cmp">   --->   Core 9 'Cmp' <Latency = 0> <II = 1> <Delay = 2.47> <FuncUnit> <Opcode : 'icmp'> <InPorts = 2> <OutPorts = 1>
ST_2 : Operation 32 [1/1] (0.00ns)   --->   "%br_ln18 = br i1 %icmp_ln18, void %_ZN13reducer_level3addER12reducer_data.exit, void" [SPMV_CSR_src/accelerator/reducer.cpp:18]   --->   Operation 32 'br' 'br_ln18' <Predicate = (reducer_circuit_levels_num_items_0_load == 0)> <Delay = 0.00>
ST_2 : Operation 33 [1/1] (1.58ns)   --->   "%store_ln20 = store i1 1, i1 %reducer_circuit_levels_valid_0" [SPMV_CSR_src/accelerator/reducer.cpp:20]   --->   Operation 33 'store' 'store_ln20' <Predicate = (reducer_circuit_levels_num_items_0_load == 0 & icmp_ln18)> <Delay = 1.58>
ST_2 : Operation 34 [1/1] (1.70ns)   --->   "%br_ln23 = br void %_ZN13reducer_level3addER12reducer_data.exit.thread" [SPMV_CSR_src/accelerator/reducer.cpp:23]   --->   Operation 34 'br' 'br_ln23' <Predicate = (reducer_circuit_levels_num_items_0_load == 0 & icmp_ln18)> <Delay = 1.70>
ST_2 : Operation 35 [1/1] (1.70ns)   --->   "%br_ln16 = br void %_ZN13reducer_level3addER12reducer_data.exit.thread" [SPMV_CSR_src/accelerator/reducer.cpp:16]   --->   Operation 35 'br' 'br_ln16' <Predicate = (reducer_circuit_levels_num_items_0_load == 1)> <Delay = 1.70>
ST_2 : Operation 36 [1/1] (0.00ns)   --->   "%reducer_circuit_levels_valid_0_load = load i1 %reducer_circuit_levels_valid_0" [SPMV_CSR_src/accelerator/reducer.cpp:48]   --->   Operation 36 'load' 'reducer_circuit_levels_valid_0_load' <Predicate = (reducer_circuit_levels_num_items_0_load != 1 & !icmp_ln18) | (reducer_circuit_levels_num_items_0_load != 1 & reducer_circuit_levels_num_items_0_load != 0)> <Delay = 0.00>
ST_2 : Operation 37 [1/1] (1.70ns)   --->   "%br_ln48 = br i1 %reducer_circuit_levels_valid_0_load, void %mergeST, void %_ZN13reducer_level3addER12reducer_data.exit.thread" [SPMV_CSR_src/accelerator/reducer.cpp:48]   --->   Operation 37 'br' 'br_ln48' <Predicate = (reducer_circuit_levels_num_items_0_load != 1 & !icmp_ln18) | (reducer_circuit_levels_num_items_0_load != 1 & reducer_circuit_levels_num_items_0_load != 0)> <Delay = 1.70>
ST_2 : Operation 38 [1/1] (0.00ns)   --->   "%reducer_circuit_levels_num_items_0_new_0 = phi i32 %add_ln35, void %_ZN13reducer_level3addER12reducer_data.exit, i32 0, void, i32 0, void" [SPMV_CSR_src/accelerator/reducer.cpp:35]   --->   Operation 38 'phi' 'reducer_circuit_levels_num_items_0_new_0' <Predicate = (reducer_circuit_levels_valid_0_load) | (reducer_circuit_levels_num_items_0_load == 0 & icmp_ln18) | (reducer_circuit_levels_num_items_0_load == 1)> <Delay = 0.00>
ST_2 : Operation 39 [1/1] (0.00ns)   --->   "%level_out_017_31 = phi i32 0, void %_ZN13reducer_level3addER12reducer_data.exit, i32 %level_out_value_1, void, i32 %level_out_value, void"   --->   Operation 39 'phi' 'level_out_017_31' <Predicate = (reducer_circuit_levels_valid_0_load) | (reducer_circuit_levels_num_items_0_load == 0 & icmp_ln18) | (reducer_circuit_levels_num_items_0_load == 1)> <Delay = 0.00>
ST_2 : Operation 40 [1/1] (0.00ns)   --->   "%trunc_ln34_1 = trunc i32 %reducer_circuit_levels_num_items_1_load" [SPMV_CSR_src/accelerator/reducer.cpp:34]   --->   Operation 40 'trunc' 'trunc_ln34_1' <Predicate = (reducer_circuit_levels_valid_0_load) | (reducer_circuit_levels_num_items_0_load == 0 & icmp_ln18) | (reducer_circuit_levels_num_items_0_load == 1)> <Delay = 0.00>
ST_2 : Operation 41 [1/1] (0.00ns)   --->   "%br_ln34 = br i1 %trunc_ln34_1, void %branch2, void %branch3" [SPMV_CSR_src/accelerator/reducer.cpp:34]   --->   Operation 41 'br' 'br_ln34' <Predicate = (reducer_circuit_levels_valid_0_load) | (reducer_circuit_levels_num_items_0_load == 0 & icmp_ln18) | (reducer_circuit_levels_num_items_0_load == 1)> <Delay = 0.00>
ST_2 : Operation 42 [1/1] (0.00ns)   --->   "%store_ln34 = store i32 %level_out_017_31, i32 %reducer_circuit_levels_buffer_value_1_0" [SPMV_CSR_src/accelerator/reducer.cpp:34]   --->   Operation 42 'store' 'store_ln34' <Predicate = (reducer_circuit_levels_valid_0_load & !trunc_ln34_1) | (reducer_circuit_levels_num_items_0_load == 0 & icmp_ln18 & !trunc_ln34_1) | (reducer_circuit_levels_num_items_0_load == 1 & !trunc_ln34_1)> <Delay = 0.00>
ST_2 : Operation 43 [1/1] (1.58ns)   --->   "%br_ln34 = br void %_ZN13reducer_level3addER12reducer_data.exit.thread16" [SPMV_CSR_src/accelerator/reducer.cpp:34]   --->   Operation 43 'br' 'br_ln34' <Predicate = (reducer_circuit_levels_valid_0_load & !trunc_ln34_1) | (reducer_circuit_levels_num_items_0_load == 0 & icmp_ln18 & !trunc_ln34_1) | (reducer_circuit_levels_num_items_0_load == 1 & !trunc_ln34_1)> <Delay = 1.58>
ST_2 : Operation 44 [1/1] (0.00ns)   --->   "%store_ln34 = store i32 %level_out_017_31, i32 %reducer_circuit_levels_buffer_value_1_1" [SPMV_CSR_src/accelerator/reducer.cpp:34]   --->   Operation 44 'store' 'store_ln34' <Predicate = (reducer_circuit_levels_valid_0_load & trunc_ln34_1) | (reducer_circuit_levels_num_items_0_load == 0 & icmp_ln18 & trunc_ln34_1) | (reducer_circuit_levels_num_items_0_load == 1 & trunc_ln34_1)> <Delay = 0.00>
ST_2 : Operation 45 [1/1] (1.58ns)   --->   "%br_ln34 = br void %_ZN13reducer_level3addER12reducer_data.exit.thread16" [SPMV_CSR_src/accelerator/reducer.cpp:34]   --->   Operation 45 'br' 'br_ln34' <Predicate = (reducer_circuit_levels_valid_0_load & trunc_ln34_1) | (reducer_circuit_levels_num_items_0_load == 0 & icmp_ln18 & trunc_ln34_1) | (reducer_circuit_levels_num_items_0_load == 1 & trunc_ln34_1)> <Delay = 1.58>
ST_2 : Operation 46 [1/1] (0.00ns)   --->   "%reducer_circuit_levels_buffer_value_1_0_loc_0 = phi i32 %level_out_017_31, void %branch2, i32 %reducer_circuit_levels_buffer_value_1_0_load, void %branch3" [SPMV_CSR_src/accelerator/reducer.cpp:34]   --->   Operation 46 'phi' 'reducer_circuit_levels_buffer_value_1_0_loc_0' <Predicate = (reducer_circuit_levels_valid_0_load) | (reducer_circuit_levels_num_items_0_load == 0 & icmp_ln18) | (reducer_circuit_levels_num_items_0_load == 1)> <Delay = 0.00>
ST_2 : Operation 47 [1/1] (0.00ns)   --->   "%br_ln34 = br i1 %trunc_ln34_1, void %branch6, void %_ZN13reducer_level3addER12reducer_data.exit.thread1622" [SPMV_CSR_src/accelerator/reducer.cpp:34]   --->   Operation 47 'br' 'br_ln34' <Predicate = (reducer_circuit_levels_valid_0_load) | (reducer_circuit_levels_num_items_0_load == 0 & icmp_ln18) | (reducer_circuit_levels_num_items_0_load == 1)> <Delay = 0.00>
ST_2 : Operation 48 [1/1] (2.55ns)   --->   "%add_ln35_1 = add i32 %reducer_circuit_levels_num_items_1_load, i32 1" [SPMV_CSR_src/accelerator/reducer.cpp:35]   --->   Operation 48 'add' 'add_ln35_1' <Predicate = (reducer_circuit_levels_valid_0_load) | (reducer_circuit_levels_num_items_0_load == 0 & icmp_ln18) | (reducer_circuit_levels_num_items_0_load == 1)> <Delay = 2.55> <CoreInst = "Adder">   --->   Core 1 'Adder' <Latency = 0> <II = 1> <Delay = 2.55> <FuncUnit> <Opcode : 'add' 'sub'> <InPorts = 2> <OutPorts = 1>
ST_2 : Operation 49 [1/1] (1.58ns)   --->   "%br_ln49 = br void %mergeST" [SPMV_CSR_src/accelerator/reducer.cpp:49]   --->   Operation 49 'br' 'br_ln49' <Predicate = (reducer_circuit_levels_valid_0_load) | (reducer_circuit_levels_num_items_0_load == 0 & icmp_ln18) | (reducer_circuit_levels_num_items_0_load == 1)> <Delay = 1.58>
ST_2 : Operation 50 [1/1] (0.00ns)   --->   "%reducer_circuit_levels_num_items_0_new_1 = phi i32 %reducer_circuit_levels_num_items_0_new_0, void %_ZN13reducer_level3addER12reducer_data.exit.thread1622, i32 %add_ln35, void %_ZN13reducer_level3addER12reducer_data.exit" [SPMV_CSR_src/accelerator/reducer.cpp:35]   --->   Operation 50 'phi' 'reducer_circuit_levels_num_items_0_new_1' <Predicate = true> <Delay = 0.00>
ST_2 : Operation 51 [1/1] (0.00ns)   --->   "%store_ln35 = store i32 %reducer_circuit_levels_num_items_0_new_1, i32 %reducer_circuit_levels_num_items_0" [SPMV_CSR_src/accelerator/reducer.cpp:35]   --->   Operation 51 'store' 'store_ln35' <Predicate = true> <Delay = 0.00>

State 3 <SV = 2> <Delay = 5.03>
ST_3 : Operation 52 [1/1] (0.00ns)   --->   "%level_out_118_32 = phi i32 0, void %_ZN13reducer_level3addER12reducer_data.exit, i32 %level_out_label, void, i32 %level_out_label, void"   --->   Operation 52 'phi' 'level_out_118_32' <Predicate = (reducer_circuit_levels_valid_0_load) | (reducer_circuit_levels_num_items_0_load == 0 & icmp_ln18) | (reducer_circuit_levels_num_items_0_load == 1)> <Delay = 0.00>
ST_3 : Operation 53 [1/1] (0.00ns)   --->   "%store_ln34 = store i32 %level_out_118_32, i32 %reducer_circuit_levels_buffer_label_1_0" [SPMV_CSR_src/accelerator/reducer.cpp:34]   --->   Operation 53 'store' 'store_ln34' <Predicate = (reducer_circuit_levels_valid_0_load & !trunc_ln34_1) | (reducer_circuit_levels_num_items_0_load == 0 & icmp_ln18 & !trunc_ln34_1) | (reducer_circuit_levels_num_items_0_load == 1 & !trunc_ln34_1)> <Delay = 0.00>
ST_3 : Operation 54 [1/1] (0.00ns)   --->   "%br_ln34 = br void %_ZN13reducer_level3addER12reducer_data.exit.thread1622" [SPMV_CSR_src/accelerator/reducer.cpp:34]   --->   Operation 54 'br' 'br_ln34' <Predicate = (reducer_circuit_levels_valid_0_load & !trunc_ln34_1) | (reducer_circuit_levels_num_items_0_load == 0 & icmp_ln18 & !trunc_ln34_1) | (reducer_circuit_levels_num_items_0_load == 1 & !trunc_ln34_1)> <Delay = 0.00>
ST_3 : Operation 55 [1/1] (0.00ns)   --->   "%reducer_circuit_levels_num_items_1_flag_0 = phi i1 1, void %_ZN13reducer_level3addER12reducer_data.exit.thread1622, i1 0, void %_ZN13reducer_level3addER12reducer_data.exit"   --->   Operation 55 'phi' 'reducer_circuit_levels_num_items_1_flag_0' <Predicate = true> <Delay = 0.00>
ST_3 : Operation 56 [1/1] (0.00ns)   --->   "%out_data_value_1 = phi i32 %reducer_circuit_levels_buffer_value_1_0_loc_0, void %_ZN13reducer_level3addER12reducer_data.exit.thread1622, i32 %reducer_circuit_levels_buffer_value_1_0_load, void %_ZN13reducer_level3addER12reducer_data.exit" [SPMV_CSR_src/accelerator/reducer.cpp:34]   --->   Operation 56 'phi' 'out_data_value_1' <Predicate = true> <Delay = 0.00>
ST_3 : Operation 57 [1/1] (0.00ns)   --->   "%empty = phi i32 %add_ln35_1, void %_ZN13reducer_level3addER12reducer_data.exit.thread1622, i32 %reducer_circuit_levels_num_items_1_load, void %_ZN13reducer_level3addER12reducer_data.exit" [SPMV_CSR_src/accelerator/reducer.cpp:35]   --->   Operation 57 'phi' 'empty' <Predicate = true> <Delay = 0.00>
ST_3 : Operation 58 [1/1] (1.30ns)   --->   "%switch_ln11 = switch i32 %empty, void %._crit_edge1, i32 2, void, i32 1, void, i32 0, void" [SPMV_CSR_src/accelerator/reducer.cpp:11]   --->   Operation 58 'switch' 'switch_ln11' <Predicate = true> <Delay = 1.30>
ST_3 : Operation 59 [1/1] (1.58ns)   --->   "%store_ln26 = store i1 0, i1 %reducer_circuit_levels_valid_1" [SPMV_CSR_src/accelerator/reducer.cpp:26]   --->   Operation 59 'store' 'store_ln26' <Predicate = (empty == 0)> <Delay = 1.58>
ST_3 : Operation 60 [1/1] (0.00ns)   --->   "%br_ln29 = br void %._crit_edge1" [SPMV_CSR_src/accelerator/reducer.cpp:29]   --->   Operation 60 'br' 'br_ln29' <Predicate = (empty == 0)> <Delay = 0.00>
ST_3 : Operation 61 [1/1] (0.00ns)   --->   "%out_data_label = load i32 %reducer_circuit_levels_buffer_label_1_0" [SPMV_CSR_src/accelerator/reducer.cpp:18]   --->   Operation 61 'load' 'out_data_label' <Predicate = (empty == 1)> <Delay = 0.00>
ST_3 : Operation 62 [1/1] (0.00ns)   --->   "%tmp_1 = partselect i31 @_ssdm_op_PartSelect.i31.i32.i32.i32, i32 %out_data_label, i32 1, i32 31" [SPMV_CSR_src/accelerator/reducer.cpp:18]   --->   Operation 62 'partselect' 'tmp_1' <Predicate = (empty == 1)> <Delay = 0.00>
ST_3 : Operation 63 [1/1] (2.47ns)   --->   "%icmp_ln18_1 = icmp_slt  i31 %tmp_1, i31 1" [SPMV_CSR_src/accelerator/reducer.cpp:18]   --->   Operation 63 'icmp' 'icmp_ln18_1' <Predicate = (empty == 1)> <Delay = 2.47> <CoreInst = "Cmp">   --->   Core 9 'Cmp' <Latency = 0> <II = 1> <Delay = 2.47> <FuncUnit> <Opcode : 'icmp'> <InPorts = 2> <OutPorts = 1>
ST_3 : Operation 64 [1/1] (0.00ns)   --->   "%br_ln18 = br i1 %icmp_ln18_1, void %_ZN13reducer_level3addER12reducer_data.exit14, void" [SPMV_CSR_src/accelerator/reducer.cpp:18]   --->   Operation 64 'br' 'br_ln18' <Predicate = (empty == 1)> <Delay = 0.00>
ST_3 : Operation 65 [1/1] (1.58ns)   --->   "%store_ln20 = store i1 1, i1 %reducer_circuit_levels_valid_1" [SPMV_CSR_src/accelerator/reducer.cpp:20]   --->   Operation 65 'store' 'store_ln20' <Predicate = (empty == 1 & icmp_ln18_1)> <Delay = 1.58>
ST_3 : Operation 66 [1/1] (1.70ns)   --->   "%br_ln23 = br void %_ZN13reducer_level3addER12reducer_data.exit14.thread" [SPMV_CSR_src/accelerator/reducer.cpp:23]   --->   Operation 66 'br' 'br_ln23' <Predicate = (empty == 1 & icmp_ln18_1)> <Delay = 1.70>
ST_3 : Operation 67 [1/1] (1.58ns)   --->   "%store_ln13 = store i1 1, i1 %reducer_circuit_levels_valid_1" [SPMV_CSR_src/accelerator/reducer.cpp:13]   --->   Operation 67 'store' 'store_ln13' <Predicate = (empty == 2)> <Delay = 1.58>
ST_3 : Operation 68 [1/1] (0.00ns)   --->   "%reducer_circuit_levels_buffer_value_1_1_load = load i32 %reducer_circuit_levels_buffer_value_1_1" [SPMV_CSR_src/accelerator/reducer.cpp:14]   --->   Operation 68 'load' 'reducer_circuit_levels_buffer_value_1_1_load' <Predicate = (empty == 2)> <Delay = 0.00>
ST_3 : Operation 69 [1/1] (2.55ns)   --->   "%out_data_value = add i32 %reducer_circuit_levels_buffer_value_1_1_load, i32 %out_data_value_1" [SPMV_CSR_src/accelerator/reducer.cpp:14]   --->   Operation 69 'add' 'out_data_value' <Predicate = (empty == 2)> <Delay = 2.55> <CoreInst = "Adder">   --->   Core 1 'Adder' <Latency = 0> <II = 1> <Delay = 2.55> <FuncUnit> <Opcode : 'add' 'sub'> <InPorts = 2> <OutPorts = 1>
ST_3 : Operation 70 [1/1] (1.70ns)   --->   "%br_ln16 = br void %_ZN13reducer_level3addER12reducer_data.exit14.thread" [SPMV_CSR_src/accelerator/reducer.cpp:16]   --->   Operation 70 'br' 'br_ln16' <Predicate = (empty == 2)> <Delay = 1.70>
ST_3 : Operation 71 [1/1] (0.00ns)   --->   "%br_ln0 = br void %_ZN13reducer_level3addER12reducer_data.exit14"   --->   Operation 71 'br' 'br_ln0' <Predicate = (empty != 2 & empty != 1)> <Delay = 0.00>
ST_3 : Operation 72 [1/1] (0.00ns)   --->   "%reducer_circuit_levels_valid_1_load = load i1 %reducer_circuit_levels_valid_1" [SPMV_CSR_src/accelerator/reducer.cpp:53]   --->   Operation 72 'load' 'reducer_circuit_levels_valid_1_load' <Predicate = (empty != 2 & !icmp_ln18_1) | (empty != 2 & empty != 1)> <Delay = 0.00>
ST_3 : Operation 73 [1/1] (1.70ns)   --->   "%br_ln53 = br i1 %reducer_circuit_levels_valid_1_load, void %_ZN13reducer_level3addER12reducer_data.exit14._crit_edge, void %_ZN13reducer_level3addER12reducer_data.exit14.thread" [SPMV_CSR_src/accelerator/reducer.cpp:53]   --->   Operation 73 'br' 'br_ln53' <Predicate = (empty != 2 & !icmp_ln18_1) | (empty != 2 & empty != 1)> <Delay = 1.70>
ST_3 : Operation 74 [1/1] (0.00ns)   --->   "%reducer_circuit_levels_num_items_1_flag_1 = phi i1 %reducer_circuit_levels_num_items_1_flag_0, void %_ZN13reducer_level3addER12reducer_data.exit14, i1 1, void, i1 1, void"   --->   Operation 74 'phi' 'reducer_circuit_levels_num_items_1_flag_1' <Predicate = (reducer_circuit_levels_valid_1_load) | (empty == 1 & icmp_ln18_1) | (empty == 2)> <Delay = 0.00>
ST_3 : Operation 75 [1/1] (0.00ns)   --->   "%reducer_circuit_levels_num_items_1_new_1 = phi i32 %empty, void %_ZN13reducer_level3addER12reducer_data.exit14, i32 0, void, i32 0, void" [SPMV_CSR_src/accelerator/reducer.cpp:35]   --->   Operation 75 'phi' 'reducer_circuit_levels_num_items_1_new_1' <Predicate = (reducer_circuit_levels_valid_1_load) | (empty == 1 & icmp_ln18_1) | (empty == 2)> <Delay = 0.00>
ST_3 : Operation 76 [1/1] (0.00ns)   --->   "%out_data_0_35 = phi i32 0, void %_ZN13reducer_level3addER12reducer_data.exit14, i32 %out_data_value_1, void, i32 %out_data_value, void"   --->   Operation 76 'phi' 'out_data_0_35' <Predicate = (reducer_circuit_levels_valid_1_load) | (empty == 1 & icmp_ln18_1) | (empty == 2)> <Delay = 0.00>
ST_3 : Operation 77 [1/1] (0.00ns)   --->   "%write_ln54 = write void @_ssdm_op_Write.ap_auto.i32P0A, i32 %out_r, i32 %out_data_0_35" [SPMV_CSR_src/accelerator/reducer.cpp:54]   --->   Operation 77 'write' 'write_ln54' <Predicate = (reducer_circuit_levels_valid_1_load) | (empty == 1 & icmp_ln18_1) | (empty == 2)> <Delay = 0.00>
ST_3 : Operation 78 [1/1] (1.58ns)   --->   "%br_ln54 = br void %_ZN13reducer_level3addER12reducer_data.exit14._crit_edge" [SPMV_CSR_src/accelerator/reducer.cpp:54]   --->   Operation 78 'br' 'br_ln54' <Predicate = (reducer_circuit_levels_valid_1_load) | (empty == 1 & icmp_ln18_1) | (empty == 2)> <Delay = 1.58>
ST_3 : Operation 79 [1/1] (0.00ns)   --->   "%reducer_circuit_levels_num_items_1_flag_2 = phi i1 %reducer_circuit_levels_num_items_1_flag_1, void %_ZN13reducer_level3addER12reducer_data.exit14.thread, i1 %reducer_circuit_levels_num_items_1_flag_0, void %_ZN13reducer_level3addER12reducer_data.exit14"   --->   Operation 79 'phi' 'reducer_circuit_levels_num_items_1_flag_2' <Predicate = true> <Delay = 0.00>
ST_3 : Operation 80 [1/1] (0.00ns)   --->   "%reducer_circuit_levels_num_items_1_new_2 = phi i32 %reducer_circuit_levels_num_items_1_new_1, void %_ZN13reducer_level3addER12reducer_data.exit14.thread, i32 %empty, void %_ZN13reducer_level3addER12reducer_data.exit14" [SPMV_CSR_src/accelerator/reducer.cpp:35]   --->   Operation 80 'phi' 'reducer_circuit_levels_num_items_1_new_2' <Predicate = true> <Delay = 0.00>
ST_3 : Operation 81 [1/1] (0.00ns)   --->   "%br_ln0 = br i1 %reducer_circuit_levels_num_items_1_flag_2, void %_ZN13reducer_level3addER12reducer_data.exit14._crit_edge.new, void %mergeST26"   --->   Operation 81 'br' 'br_ln0' <Predicate = true> <Delay = 0.00>
ST_3 : Operation 82 [1/1] (0.00ns)   --->   "%store_ln35 = store i32 %reducer_circuit_levels_num_items_1_new_2, i32 %reducer_circuit_levels_num_items_1" [SPMV_CSR_src/accelerator/reducer.cpp:35]   --->   Operation 82 'store' 'store_ln35' <Predicate = (reducer_circuit_levels_num_items_1_flag_2)> <Delay = 0.00>
ST_3 : Operation 83 [1/1] (0.00ns)   --->   "%br_ln0 = br void %_ZN13reducer_level3addER12reducer_data.exit14._crit_edge.new"   --->   Operation 83 'br' 'br_ln0' <Predicate = (reducer_circuit_levels_num_items_1_flag_2)> <Delay = 0.00>
ST_3 : Operation 84 [1/1] (0.00ns)   --->   "%ret_ln55 = ret" [SPMV_CSR_src/accelerator/reducer.cpp:55]   --->   Operation 84 'ret' 'ret_ln55' <Predicate = true> <Delay = 0.00>


============================================================
+ Verbose Summary: Binding
============================================================
STG Binding: 
---------------- STG Properties BEGIN ----------------
- Is combinational: 0
- Is one-state seq: 0
- Is datapath-only: 0
- Is pipelined: 1
- Is top level: 0
Port [ Return ] is wired: 1; IO mode=ap_ctrl_hs:ce=0
Port [ out_r]:  wired=1; compound=0; hidden=0; nouse=0; global=0; static=0; extern=0; dir=1; type=0; pingpong=0; private_global=0; IO mode=ap_vld:ce=0
Port [ value_r]:  wired=1; compound=0; hidden=0; nouse=0; global=0; static=0; extern=0; dir=0; type=0; pingpong=0; private_global=0; IO mode=ap_none:ce=0
Port [ label_r]:  wired=1; compound=0; hidden=0; nouse=0; global=0; static=0; extern=0; dir=0; type=0; pingpong=0; private_global=0; IO mode=ap_none:ce=0
Port [ reducer_circuit_levels_num_items_0]:  wired=0; compound=0; hidden=1; nouse=0; global=1; static=1; extern=0; dir=2; type=0; pingpong=0; private_global=1; IO mode=ap_ovld:ce=0
Port [ reducer_circuit_levels_buffer_value_0_0]:  wired=0; compound=0; hidden=1; nouse=0; global=1; static=1; extern=0; dir=2; type=0; pingpong=0; private_global=1; IO mode=ap_ovld:ce=0
Port [ reducer_circuit_levels_buffer_label_0_0]:  wired=0; compound=0; hidden=1; nouse=0; global=1; static=1; extern=0; dir=2; type=0; pingpong=0; private_global=1; IO mode=ap_ovld:ce=0
Port [ reducer_circuit_levels_num_items_1]:  wired=0; compound=0; hidden=1; nouse=0; global=1; static=1; extern=0; dir=2; type=0; pingpong=0; private_global=1; IO mode=ap_ovld:ce=0
Port [ reducer_circuit_levels_buffer_value_1_0]:  wired=0; compound=0; hidden=1; nouse=0; global=1; static=1; extern=0; dir=2; type=0; pingpong=0; private_global=1; IO mode=ap_ovld:ce=0
Port [ reducer_circuit_levels_valid_0]:  wired=0; compound=0; hidden=1; nouse=0; global=1; static=1; extern=0; dir=2; type=0; pingpong=0; private_global=1; IO mode=ap_ovld:ce=0
Port [ reducer_circuit_levels_buffer_value_0_1]:  wired=0; compound=0; hidden=1; nouse=0; global=1; static=1; extern=0; dir=2; type=0; pingpong=0; private_global=1; IO mode=ap_ovld:ce=0
Port [ reducer_circuit_levels_valid_1]:  wired=0; compound=0; hidden=1; nouse=0; global=1; static=1; extern=0; dir=2; type=0; pingpong=0; private_global=1; IO mode=ap_ovld:ce=0
Port [ reducer_circuit_levels_buffer_value_1_1]:  wired=0; compound=0; hidden=1; nouse=0; global=1; static=1; extern=0; dir=2; type=0; pingpong=0; private_global=1; IO mode=ap_ovld:ce=0
Port [ reducer_circuit_levels_buffer_label_1_0]:  wired=0; compound=0; hidden=1; nouse=0; global=1; static=1; extern=0; dir=2; type=0; pingpong=0; private_global=1; IO mode=ap_ovld:ce=0
---------------- STG Properties END ------------------

---------------- Datapath Model BEGIN ----------------

<LifeTime>
<method=bitvector/>
label_read                                    (read      ) [ 0110]
value_read                                    (read      ) [ 0000]
reducer_circuit_levels_num_items_0_load       (load      ) [ 0111]
trunc_ln34                                    (trunc     ) [ 0100]
reducer_circuit_levels_buffer_value_0_0_load  (load      ) [ 0000]
br_ln34                                       (br        ) [ 0000]
store_ln34                                    (store     ) [ 0000]
br_ln34                                       (br        ) [ 0000]
store_ln34                                    (store     ) [ 0000]
br_ln34                                       (br        ) [ 0000]
level_out_value_1                             (phi       ) [ 0110]
reducer_circuit_levels_buffer_label_0_0_load  (load      ) [ 0110]
br_ln34                                       (br        ) [ 0110]
store_ln34                                    (store     ) [ 0000]
br_ln34                                       (br        ) [ 0110]
add_ln35                                      (add       ) [ 0110]
switch_ln11                                   (switch    ) [ 0000]
store_ln26                                    (store     ) [ 0000]
br_ln29                                       (br        ) [ 0000]
store_ln13                                    (store     ) [ 0000]
reducer_circuit_levels_buffer_value_0_1_load  (load      ) [ 0000]
level_out_value                               (add       ) [ 0110]
br_ln0                                        (br        ) [ 0000]
level_out_label                               (phi       ) [ 0111]
reducer_circuit_levels_num_items_1_load       (load      ) [ 0111]
reducer_circuit_levels_buffer_value_1_0_load  (load      ) [ 0111]
tmp                                           (partselect) [ 0000]
icmp_ln18                                     (icmp      ) [ 0111]
br_ln18                                       (br        ) [ 0000]
store_ln20                                    (store     ) [ 0000]
br_ln23                                       (br        ) [ 0111]
br_ln16                                       (br        ) [ 0111]
reducer_circuit_levels_valid_0_load           (load      ) [ 0111]
br_ln48                                       (br        ) [ 0111]
reducer_circuit_levels_num_items_0_new_0      (phi       ) [ 0110]
level_out_017_31                              (phi       ) [ 0110]
trunc_ln34_1                                  (trunc     ) [ 0111]
br_ln34                                       (br        ) [ 0000]
store_ln34                                    (store     ) [ 0000]
br_ln34                                       (br        ) [ 0000]
store_ln34                                    (store     ) [ 0000]
br_ln34                                       (br        ) [ 0000]
reducer_circuit_levels_buffer_value_1_0_loc_0 (phi       ) [ 0111]
br_ln34                                       (br        ) [ 0000]
add_ln35_1                                    (add       ) [ 0111]
br_ln49                                       (br        ) [ 0111]
reducer_circuit_levels_num_items_0_new_1      (phi       ) [ 0110]
store_ln35                                    (store     ) [ 0000]
level_out_118_32                              (phi       ) [ 0101]
store_ln34                                    (store     ) [ 0000]
br_ln34                                       (br        ) [ 0000]
reducer_circuit_levels_num_items_1_flag_0     (phi       ) [ 0101]
out_data_value_1                              (phi       ) [ 0101]
empty                                         (phi       ) [ 0101]
switch_ln11                                   (switch    ) [ 0000]
store_ln26                                    (store     ) [ 0000]
br_ln29                                       (br        ) [ 0000]
out_data_label                                (load      ) [ 0000]
tmp_1                                         (partselect) [ 0000]
icmp_ln18_1                                   (icmp      ) [ 0101]
br_ln18                                       (br        ) [ 0000]
store_ln20                                    (store     ) [ 0000]
br_ln23                                       (br        ) [ 0000]
store_ln13                                    (store     ) [ 0000]
reducer_circuit_levels_buffer_value_1_1_load  (load      ) [ 0000]
out_data_value                                (add       ) [ 0000]
br_ln16                                       (br        ) [ 0000]
br_ln0                                        (br        ) [ 0000]
reducer_circuit_levels_valid_1_load           (load      ) [ 0101]
br_ln53                                       (br        ) [ 0000]
reducer_circuit_levels_num_items_1_flag_1     (phi       ) [ 0000]
reducer_circuit_levels_num_items_1_new_1      (phi       ) [ 0000]
out_data_0_35                                 (phi       ) [ 0000]
write_ln54                                    (write     ) [ 0000]
br_ln54                                       (br        ) [ 0000]
reducer_circuit_levels_num_items_1_flag_2     (phi       ) [ 0101]
reducer_circuit_levels_num_items_1_new_2      (phi       ) [ 0000]
br_ln0                                        (br        ) [ 0000]
store_ln35                                    (store     ) [ 0000]
br_ln0                                        (br        ) [ 0000]
ret_ln55                                      (ret       ) [ 0000]
</LifeTime>

<model>

<comp_list>
<comp id="0" class="1000" name="out_r">
<pin_list>
<pin id="1" dir="1" index="0" bw="1" slack="0"/>
</pin_list>
<bind>
<StgValue><ssdm name="out_r"/></StgValue>
</bind>
</comp>

<comp id="2" class="1000" name="value_r">
<pin_list>
<pin id="3" dir="1" index="0" bw="1" slack="0"/>
</pin_list>
<bind>
<StgValue><ssdm name="value_r"/></StgValue>
</bind>
</comp>

<comp id="4" class="1000" name="label_r">
<pin_list>
<pin id="5" dir="1" index="0" bw="1" slack="0"/>
</pin_list>
<bind>
<StgValue><ssdm name="label_r"/></StgValue>
</bind>
</comp>

<comp id="6" class="1000" name="reducer_circuit_levels_num_items_0">
<pin_list>
<pin id="7" dir="1" index="0" bw="1" slack="0"/>
</pin_list>
<bind>
<StgValue><ssdm name="reducer_circuit_levels_num_items_0"/></StgValue>
</bind>
</comp>

<comp id="8" class="1000" name="reducer_circuit_levels_buffer_value_0_0">
<pin_list>
<pin id="9" dir="1" index="0" bw="1" slack="0"/>
</pin_list>
<bind>
<StgValue><ssdm name="reducer_circuit_levels_buffer_value_0_0"/></StgValue>
</bind>
</comp>

<comp id="10" class="1000" name="reducer_circuit_levels_buffer_label_0_0">
<pin_list>
<pin id="11" dir="1" index="0" bw="1" slack="0"/>
</pin_list>
<bind>
<StgValue><ssdm name="reducer_circuit_levels_buffer_label_0_0"/></StgValue>
</bind>
</comp>

<comp id="12" class="1000" name="reducer_circuit_levels_num_items_1">
<pin_list>
<pin id="13" dir="1" index="0" bw="1" slack="0"/>
</pin_list>
<bind>
<StgValue><ssdm name="reducer_circuit_levels_num_items_1"/></StgValue>
</bind>
</comp>

<comp id="14" class="1000" name="reducer_circuit_levels_buffer_value_1_0">
<pin_list>
<pin id="15" dir="1" index="0" bw="1" slack="0"/>
</pin_list>
<bind>
<StgValue><ssdm name="reducer_circuit_levels_buffer_value_1_0"/></StgValue>
</bind>
</comp>

<comp id="16" class="1000" name="reducer_circuit_levels_valid_0">
<pin_list>
<pin id="17" dir="1" index="0" bw="1" slack="0"/>
</pin_list>
<bind>
<StgValue><ssdm name="reducer_circuit_levels_valid_0"/></StgValue>
</bind>
</comp>

<comp id="18" class="1000" name="reducer_circuit_levels_buffer_value_0_1">
<pin_list>
<pin id="19" dir="1" index="0" bw="1" slack="0"/>
</pin_list>
<bind>
<StgValue><ssdm name="reducer_circuit_levels_buffer_value_0_1"/></StgValue>
</bind>
</comp>

<comp id="20" class="1000" name="reducer_circuit_levels_valid_1">
<pin_list>
<pin id="21" dir="1" index="0" bw="1" slack="0"/>
</pin_list>
<bind>
<StgValue><ssdm name="reducer_circuit_levels_valid_1"/></StgValue>
</bind>
</comp>

<comp id="22" class="1000" name="reducer_circuit_levels_buffer_value_1_1">
<pin_list>
<pin id="23" dir="1" index="0" bw="1" slack="0"/>
</pin_list>
<bind>
<StgValue><ssdm name="reducer_circuit_levels_buffer_value_1_1"/></StgValue>
</bind>
</comp>

<comp id="24" class="1000" name="reducer_circuit_levels_buffer_label_1_0">
<pin_list>
<pin id="25" dir="1" index="0" bw="1" slack="0"/>
</pin_list>
<bind>
<StgValue><ssdm name="reducer_circuit_levels_buffer_label_1_0"/></StgValue>
</bind>
</comp>

<comp id="26" class="1001" name="const_26">
<pin_list>
<pin id="27" dir="1" index="0" bw="1" slack="0"/>
</pin_list>
<bind>
<StgValue><ssdm name="_ssdm_op_Read.ap_auto.i32"/></StgValue>
</bind>
</comp>

<comp id="28" class="1001" name="const_28">
<pin_list>
<pin id="29" dir="1" index="0" bw="1" slack="0"/>
</pin_list>
<bind>
<StgValue><ssdm name=""/></StgValue>
</bind>
</comp>

<comp id="30" class="1001" name="const_30">
<pin_list>
<pin id="31" dir="1" index="0" bw="1" slack="0"/>
</pin_list>
<bind>
<StgValue><ssdm name=""/></StgValue>
</bind>
</comp>

<comp id="32" class="1001" name="const_32">
<pin_list>
<pin id="33" dir="1" index="0" bw="1" slack="2147483647"/>
</pin_list>
<bind>
<StgValue><ssdm name=""/></StgValue>
</bind>
</comp>

<comp id="34" class="1001" name="const_34">
<pin_list>
<pin id="35" dir="1" index="0" bw="1" slack="0"/>
</pin_list>
<bind>
<StgValue><ssdm name=""/></StgValue>
</bind>
</comp>

<comp id="36" class="1001" name="const_36">
<pin_list>
<pin id="37" dir="1" index="0" bw="1" slack="0"/>
</pin_list>
<bind>
<StgValue><ssdm name=""/></StgValue>
</bind>
</comp>

<comp id="38" class="1001" name="const_38">
<pin_list>
<pin id="39" dir="1" index="0" bw="1" slack="0"/>
</pin_list>
<bind>
<StgValue><ssdm name="_ssdm_op_PartSelect.i31.i32.i32.i32"/></StgValue>
</bind>
</comp>

<comp id="40" class="1001" name="const_40">
<pin_list>
<pin id="41" dir="1" index="0" bw="1" slack="0"/>
</pin_list>
<bind>
<StgValue><ssdm name=""/></StgValue>
</bind>
</comp>

<comp id="42" class="1001" name="const_42">
<pin_list>
<pin id="43" dir="1" index="0" bw="1" slack="0"/>
</pin_list>
<bind>
<StgValue><ssdm name=""/></StgValue>
</bind>
</comp>

<comp id="44" class="1001" name="const_44">
<pin_list>
<pin id="45" dir="1" index="0" bw="1" slack="2147483647"/>
</pin_list>
<bind>
<StgValue><ssdm name=""/></StgValue>
</bind>
</comp>

<comp id="46" class="1001" name="const_46">
<pin_list>
<pin id="47" dir="1" index="0" bw="1" slack="0"/>
</pin_list>
<bind>
<StgValue><ssdm name="_ssdm_op_Write.ap_auto.i32P0A"/></StgValue>
</bind>
</comp>

<comp id="48" class="1004" name="label_read_read_fu_48">
<pin_list>
<pin id="49" dir="0" index="0" bw="32" slack="0"/>
<pin id="50" dir="0" index="1" bw="32" slack="0"/>
<pin id="51" dir="1" index="2" bw="32" slack="0"/>
</pin_list>
<bind>
<opcode="read(1150) " fcode="read"/>
<opset="label_read/1 "/>
</bind>
</comp>

<comp id="54" class="1004" name="value_read_read_fu_54">
<pin_list>
<pin id="55" dir="0" index="0" bw="32" slack="0"/>
<pin id="56" dir="0" index="1" bw="32" slack="0"/>
<pin id="57" dir="1" index="2" bw="32" slack="0"/>
</pin_list>
<bind>
<opcode="read(1150) " fcode="read"/>
<opset="value_read/1 "/>
</bind>
</comp>

<comp id="60" class="1004" name="write_ln54_write_fu_60">
<pin_list>
<pin id="61" dir="0" index="0" bw="0" slack="0"/>
<pin id="62" dir="0" index="1" bw="32" slack="0"/>
<pin id="63" dir="0" index="2" bw="32" slack="0"/>
<pin id="64" dir="1" index="3" bw="0" slack="2147483647"/>
</pin_list>
<bind>
<opcode="write(1151) " fcode="write"/>
<opset="write_ln54/3 "/>
</bind>
</comp>

<comp id="67" class="1005" name="level_out_value_1_reg_67">
<pin_list>
<pin id="68" dir="0" index="0" bw="32" slack="1"/>
<pin id="69" dir="1" index="1" bw="32" slack="1"/>
</pin_list>
<bind>
<opset="level_out_value_1 (phireg) "/>
</bind>
</comp>

<comp id="70" class="1004" name="level_out_value_1_phi_fu_70">
<pin_list>
<pin id="71" dir="0" index="0" bw="32" slack="0"/>
<pin id="72" dir="0" index="1" bw="0" slack="2147483647"/>
<pin id="73" dir="0" index="2" bw="32" slack="0"/>
<pin id="74" dir="0" index="3" bw="0" slack="2147483647"/>
<pin id="75" dir="1" index="4" bw="32" slack="0"/>
</pin_list>
<bind>
<opcode="phi(47) " fcode="phi"/>
<opset="level_out_value_1/1 "/>
</bind>
</comp>

<comp id="78" class="1005" name="level_out_label_reg_78">
<pin_list>
<pin id="79" dir="0" index="0" bw="32" slack="1"/>
<pin id="80" dir="1" index="1" bw="32" slack="1"/>
</pin_list>
<bind>
<opset="level_out_label (phireg) "/>
</bind>
</comp>

<comp id="81" class="1004" name="level_out_label_phi_fu_81">
<pin_list>
<pin id="82" dir="0" index="0" bw="32" slack="1"/>
<pin id="83" dir="0" index="1" bw="0" slack="2147483647"/>
<pin id="84" dir="0" index="2" bw="32" slack="1"/>
<pin id="85" dir="0" index="3" bw="0" slack="2147483647"/>
<pin id="86" dir="1" index="4" bw="32" slack="0"/>
</pin_list>
<bind>
<opcode="phi(47) " fcode="phi"/>
<opset="level_out_label/2 "/>
</bind>
</comp>

<comp id="88" class="1005" name="reducer_circuit_levels_num_items_0_new_0_reg_88">
<pin_list>
<pin id="89" dir="0" index="0" bw="32" slack="2147483647"/>
<pin id="90" dir="1" index="1" bw="32" slack="2147483647"/>
</pin_list>
<bind>
<opset="reducer_circuit_levels_num_items_0_new_0 (phireg) "/>
</bind>
</comp>

<comp id="91" class="1004" name="reducer_circuit_levels_num_items_0_new_0_phi_fu_91">
<pin_list>
<pin id="92" dir="0" index="0" bw="32" slack="1"/>
<pin id="93" dir="0" index="1" bw="0" slack="2147483647"/>
<pin id="94" dir="0" index="2" bw="1" slack="0"/>
<pin id="95" dir="0" index="3" bw="0" slack="2147483647"/>
<pin id="96" dir="0" index="4" bw="1" slack="0"/>
<pin id="97" dir="0" index="5" bw="0" slack="2147483647"/>
<pin id="98" dir="1" index="6" bw="32" slack="0"/>
</pin_list>
<bind>
<opcode="phi(47) " fcode="phi"/>
<opset="reducer_circuit_levels_num_items_0_new_0/2 "/>
</bind>
</comp>

<comp id="101" class="1005" name="level_out_017_31_reg_101">
<pin_list>
<pin id="102" dir="0" index="0" bw="32" slack="2147483647"/>
<pin id="103" dir="1" index="1" bw="32" slack="2147483647"/>
</pin_list>
<bind>
<opset="level_out_017_31 (phireg) "/>
</bind>
</comp>

<comp id="104" class="1004" name="level_out_017_31_phi_fu_104">
<pin_list>
<pin id="105" dir="0" index="0" bw="1" slack="0"/>
<pin id="106" dir="0" index="1" bw="0" slack="2147483647"/>
<pin id="107" dir="0" index="2" bw="32" slack="1"/>
<pin id="108" dir="0" index="3" bw="0" slack="2147483647"/>
<pin id="109" dir="0" index="4" bw="32" slack="1"/>
<pin id="110" dir="0" index="5" bw="0" slack="2147483647"/>
<pin id="111" dir="1" index="6" bw="32" slack="0"/>
</pin_list>
<bind>
<opcode="phi(47) " fcode="phi"/>
<opset="level_out_017_31/2 "/>
</bind>
</comp>

<comp id="114" class="1005" name="reducer_circuit_levels_buffer_value_1_0_loc_0_reg_114">
<pin_list>
<pin id="115" dir="0" index="0" bw="32" slack="1"/>
<pin id="116" dir="1" index="1" bw="32" slack="1"/>
</pin_list>
<bind>
<opset="reducer_circuit_levels_buffer_value_1_0_loc_0 (phireg) "/>
</bind>
</comp>

<comp id="117" class="1004" name="reducer_circuit_levels_buffer_value_1_0_loc_0_phi_fu_117">
<pin_list>
<pin id="118" dir="0" index="0" bw="32" slack="0"/>
<pin id="119" dir="0" index="1" bw="0" slack="2147483647"/>
<pin id="120" dir="0" index="2" bw="32" slack="0"/>
<pin id="121" dir="0" index="3" bw="0" slack="2147483647"/>
<pin id="122" dir="1" index="4" bw="32" slack="1"/>
</pin_list>
<bind>
<opcode="phi(47) " fcode="phi"/>
<opset="reducer_circuit_levels_buffer_value_1_0_loc_0/2 "/>
</bind>
</comp>

<comp id="125" class="1005" name="reducer_circuit_levels_num_items_0_new_1_reg_125">
<pin_list>
<pin id="126" dir="0" index="0" bw="32" slack="2147483647"/>
<pin id="127" dir="1" index="1" bw="32" slack="2147483647"/>
</pin_list>
<bind>
<opset="reducer_circuit_levels_num_items_0_new_1 (phireg) "/>
</bind>
</comp>

<comp id="128" class="1004" name="reducer_circuit_levels_num_items_0_new_1_phi_fu_128">
<pin_list>
<pin id="129" dir="0" index="0" bw="32" slack="0"/>
<pin id="130" dir="0" index="1" bw="0" slack="2147483647"/>
<pin id="131" dir="0" index="2" bw="32" slack="1"/>
<pin id="132" dir="0" index="3" bw="0" slack="2147483647"/>
<pin id="133" dir="1" index="4" bw="32" slack="0"/>
</pin_list>
<bind>
<opcode="phi(47) " fcode="phi"/>
<opset="reducer_circuit_levels_num_items_0_new_1/2 "/>
</bind>
</comp>

<comp id="135" class="1005" name="level_out_118_32_reg_135">
<pin_list>
<pin id="136" dir="0" index="0" bw="32" slack="1"/>
<pin id="137" dir="1" index="1" bw="32" slack="1"/>
</pin_list>
<bind>
<opset="level_out_118_32 (phireg) "/>
</bind>
</comp>

<comp id="139" class="1004" name="level_out_118_32_phi_fu_139">
<pin_list>
<pin id="140" dir="0" index="0" bw="1" slack="1"/>
<pin id="141" dir="0" index="1" bw="0" slack="2147483647"/>
<pin id="142" dir="0" index="2" bw="32" slack="1"/>
<pin id="143" dir="0" index="3" bw="0" slack="2147483647"/>
<pin id="144" dir="0" index="4" bw="32" slack="1"/>
<pin id="145" dir="0" index="5" bw="0" slack="2147483647"/>
<pin id="146" dir="1" index="6" bw="32" slack="0"/>
</pin_list>
<bind>
<opcode="phi(47) " fcode="phi"/>
<opset="level_out_118_32/3 "/>
</bind>
</comp>

<comp id="150" class="1005" name="reducer_circuit_levels_num_items_1_flag_0_reg_150">
<pin_list>
<pin id="151" dir="0" index="0" bw="1" slack="1"/>
<pin id="152" dir="1" index="1" bw="1" slack="1"/>
</pin_list>
<bind>
<opset="reducer_circuit_levels_num_items_1_flag_0 (phireg) "/>
</bind>
</comp>

<comp id="155" class="1004" name="reducer_circuit_levels_num_items_1_flag_0_phi_fu_155">
<pin_list>
<pin id="156" dir="0" index="0" bw="1" slack="1"/>
<pin id="157" dir="0" index="1" bw="0" slack="2147483647"/>
<pin id="158" dir="0" index="2" bw="1" slack="1"/>
<pin id="159" dir="0" index="3" bw="0" slack="2147483647"/>
<pin id="160" dir="1" index="4" bw="1" slack="0"/>
</pin_list>
<bind>
<opcode="phi(47) " fcode="phi"/>
<opset="reducer_circuit_levels_num_items_1_flag_0/3 "/>
</bind>
</comp>

<comp id="163" class="1005" name="out_data_value_1_reg_163">
<pin_list>
<pin id="164" dir="0" index="0" bw="32" slack="2147483647"/>
<pin id="165" dir="1" index="1" bw="32" slack="2147483647"/>
</pin_list>
<bind>
<opset="out_data_value_1 (phireg) "/>
</bind>
</comp>

<comp id="166" class="1004" name="out_data_value_1_phi_fu_166">
<pin_list>
<pin id="167" dir="0" index="0" bw="32" slack="1"/>
<pin id="168" dir="0" index="1" bw="0" slack="2147483647"/>
<pin id="169" dir="0" index="2" bw="32" slack="1"/>
<pin id="170" dir="0" index="3" bw="0" slack="2147483647"/>
<pin id="171" dir="1" index="4" bw="32" slack="0"/>
</pin_list>
<bind>
<opcode="phi(47) " fcode="phi"/>
<opset="out_data_value_1/3 "/>
</bind>
</comp>

<comp id="173" class="1005" name="empty_reg_173">
<pin_list>
<pin id="174" dir="0" index="0" bw="32" slack="2147483647"/>
<pin id="175" dir="1" index="1" bw="32" slack="2147483647"/>
</pin_list>
<bind>
<opset="empty (phireg) "/>
</bind>
</comp>

<comp id="176" class="1004" name="empty_phi_fu_176">
<pin_list>
<pin id="177" dir="0" index="0" bw="32" slack="1"/>
<pin id="178" dir="0" index="1" bw="0" slack="2147483647"/>
<pin id="179" dir="0" index="2" bw="32" slack="1"/>
<pin id="180" dir="0" index="3" bw="0" slack="2147483647"/>
<pin id="181" dir="1" index="4" bw="32" slack="0"/>
</pin_list>
<bind>
<opcode="phi(47) " fcode="phi"/>
<opset="empty/3 "/>
</bind>
</comp>

<comp id="182" class="1005" name="reducer_circuit_levels_num_items_1_flag_1_reg_182">
<pin_list>
<pin id="183" dir="0" index="0" bw="1" slack="2147483647"/>
<pin id="184" dir="1" index="1" bw="1" slack="2147483647"/>
</pin_list>
<bind>
<opset="reducer_circuit_levels_num_items_1_flag_1 (phireg) "/>
</bind>
</comp>

<comp id="185" class="1004" name="reducer_circuit_levels_num_items_1_flag_1_phi_fu_185">
<pin_list>
<pin id="186" dir="0" index="0" bw="1" slack="0"/>
<pin id="187" dir="0" index="1" bw="0" slack="2147483647"/>
<pin id="188" dir="0" index="2" bw="1" slack="0"/>
<pin id="189" dir="0" index="3" bw="0" slack="2147483647"/>
<pin id="190" dir="0" index="4" bw="1" slack="0"/>
<pin id="191" dir="0" index="5" bw="0" slack="2147483647"/>
<pin id="192" dir="1" index="6" bw="1" slack="0"/>
</pin_list>
<bind>
<opcode="phi(47) " fcode="phi"/>
<opset="reducer_circuit_levels_num_items_1_flag_1/3 "/>
</bind>
</comp>

<comp id="196" class="1005" name="reducer_circuit_levels_num_items_1_new_1_reg_196">
<pin_list>
<pin id="197" dir="0" index="0" bw="32" slack="2147483647"/>
<pin id="198" dir="1" index="1" bw="32" slack="2147483647"/>
</pin_list>
<bind>
<opset="reducer_circuit_levels_num_items_1_new_1 (phireg) "/>
</bind>
</comp>

<comp id="199" class="1004" name="reducer_circuit_levels_num_items_1_new_1_phi_fu_199">
<pin_list>
<pin id="200" dir="0" index="0" bw="32" slack="0"/>
<pin id="201" dir="0" index="1" bw="0" slack="2147483647"/>
<pin id="202" dir="0" index="2" bw="1" slack="0"/>
<pin id="203" dir="0" index="3" bw="0" slack="2147483647"/>
<pin id="204" dir="0" index="4" bw="1" slack="0"/>
<pin id="205" dir="0" index="5" bw="0" slack="2147483647"/>
<pin id="206" dir="1" index="6" bw="32" slack="0"/>
</pin_list>
<bind>
<opcode="phi(47) " fcode="phi"/>
<opset="reducer_circuit_levels_num_items_1_new_1/3 "/>
</bind>
</comp>

<comp id="210" class="1005" name="out_data_0_35_reg_210">
<pin_list>
<pin id="211" dir="0" index="0" bw="32" slack="2147483647"/>
<pin id="212" dir="1" index="1" bw="32" slack="2147483647"/>
</pin_list>
<bind>
<opset="out_data_0_35 (phireg) "/>
</bind>
</comp>

<comp id="213" class="1004" name="out_data_0_35_phi_fu_213">
<pin_list>
<pin id="214" dir="0" index="0" bw="1" slack="0"/>
<pin id="215" dir="0" index="1" bw="0" slack="2147483647"/>
<pin id="216" dir="0" index="2" bw="32" slack="0"/>
<pin id="217" dir="0" index="3" bw="0" slack="2147483647"/>
<pin id="218" dir="0" index="4" bw="32" slack="0"/>
<pin id="219" dir="0" index="5" bw="0" slack="2147483647"/>
<pin id="220" dir="1" index="6" bw="32" slack="0"/>
</pin_list>
<bind>
<opcode="phi(47) " fcode="phi"/>
<opset="out_data_0_35/3 "/>
</bind>
</comp>

<comp id="224" class="1005" name="reducer_circuit_levels_num_items_1_flag_2_reg_224">
<pin_list>
<pin id="225" dir="0" index="0" bw="1" slack="2147483647"/>
<pin id="226" dir="1" index="1" bw="1" slack="2147483647"/>
</pin_list>
<bind>
<opset="reducer_circuit_levels_num_items_1_flag_2 (phireg) "/>
</bind>
</comp>

<comp id="227" class="1004" name="reducer_circuit_levels_num_items_1_flag_2_phi_fu_227">
<pin_list>
<pin id="228" dir="0" index="0" bw="1" slack="0"/>
<pin id="229" dir="0" index="1" bw="0" slack="2147483647"/>
<pin id="230" dir="0" index="2" bw="1" slack="0"/>
<pin id="231" dir="0" index="3" bw="0" slack="2147483647"/>
<pin id="232" dir="1" index="4" bw="1" slack="2147483647"/>
</pin_list>
<bind>
<opcode="phi(47) " fcode="phi"/>
<opset="reducer_circuit_levels_num_items_1_flag_2/3 "/>
</bind>
</comp>

<comp id="235" class="1005" name="reducer_circuit_levels_num_items_1_new_2_reg_235">
<pin_list>
<pin id="236" dir="0" index="0" bw="32" slack="2147483647"/>
<pin id="237" dir="1" index="1" bw="32" slack="2147483647"/>
</pin_list>
<bind>
<opset="reducer_circuit_levels_num_items_1_new_2 (phireg) "/>
</bind>
</comp>

<comp id="238" class="1004" name="reducer_circuit_levels_num_items_1_new_2_phi_fu_238">
<pin_list>
<pin id="239" dir="0" index="0" bw="32" slack="0"/>
<pin id="240" dir="0" index="1" bw="0" slack="2147483647"/>
<pin id="241" dir="0" index="2" bw="32" slack="0"/>
<pin id="242" dir="0" index="3" bw="0" slack="2147483647"/>
<pin id="243" dir="1" index="4" bw="32" slack="0"/>
</pin_list>
<bind>
<opcode="phi(47) " fcode="phi"/>
<opset="reducer_circuit_levels_num_items_1_new_2/3 "/>
</bind>
</comp>

<comp id="246" class="1004" name="reducer_circuit_levels_num_items_0_load_load_fu_246">
<pin_list>
<pin id="247" dir="0" index="0" bw="32" slack="0"/>
<pin id="248" dir="1" index="1" bw="32" slack="0"/>
</pin_list>
<bind>
<opcode="load(27) " fcode="load"/>
<opset="reducer_circuit_levels_num_items_0_load/1 "/>
</bind>
</comp>

<comp id="250" class="1004" name="trunc_ln34_fu_250">
<pin_list>
<pin id="251" dir="0" index="0" bw="32" slack="0"/>
<pin id="252" dir="1" index="1" bw="1" slack="2147483647"/>
</pin_list>
<bind>
<opcode="trunc(33) " fcode="trunc"/>
<opset="trunc_ln34/1 "/>
</bind>
</comp>

<comp id="254" class="1004" name="reducer_circuit_levels_buffer_value_0_0_load_load_fu_254">
<pin_list>
<pin id="255" dir="0" index="0" bw="32" slack="0"/>
<pin id="256" dir="1" index="1" bw="32" slack="0"/>
</pin_list>
<bind>
<opcode="load(27) " fcode="load"/>
<opset="reducer_circuit_levels_buffer_value_0_0_load/1 "/>
</bind>
</comp>

<comp id="259" class="1004" name="store_ln34_store_fu_259">
<pin_list>
<pin id="260" dir="0" index="0" bw="32" slack="0"/>
<pin id="261" dir="0" index="1" bw="32" slack="0"/>
<pin id="262" dir="1" index="2" bw="0" slack="2147483647"/>
</pin_list>
<bind>
<opcode="store(28) " fcode="store"/>
<opset="store_ln34/1 "/>
</bind>
</comp>

<comp id="265" class="1004" name="store_ln34_store_fu_265">
<pin_list>
<pin id="266" dir="0" index="0" bw="32" slack="0"/>
<pin id="267" dir="0" index="1" bw="32" slack="0"/>
<pin id="268" dir="1" index="2" bw="0" slack="2147483647"/>
</pin_list>
<bind>
<opcode="store(28) " fcode="store"/>
<opset="store_ln34/1 "/>
</bind>
</comp>

<comp id="271" class="1004" name="reducer_circuit_levels_buffer_label_0_0_load_load_fu_271">
<pin_list>
<pin id="272" dir="0" index="0" bw="32" slack="0"/>
<pin id="273" dir="1" index="1" bw="32" slack="1"/>
</pin_list>
<bind>
<opcode="load(27) " fcode="load"/>
<opset="reducer_circuit_levels_buffer_label_0_0_load/1 "/>
</bind>
</comp>

<comp id="275" class="1004" name="store_ln34_store_fu_275">
<pin_list>
<pin id="276" dir="0" index="0" bw="32" slack="0"/>
<pin id="277" dir="0" index="1" bw="32" slack="0"/>
<pin id="278" dir="1" index="2" bw="0" slack="2147483647"/>
</pin_list>
<bind>
<opcode="store(28) " fcode="store"/>
<opset="store_ln34/1 "/>
</bind>
</comp>

<comp id="281" class="1004" name="add_ln35_fu_281">
<pin_list>
<pin id="282" dir="0" index="0" bw="32" slack="0"/>
<pin id="283" dir="0" index="1" bw="1" slack="0"/>
<pin id="284" dir="1" index="2" bw="32" slack="1"/>
</pin_list>
<bind>
<opcode="add(8) " fcode="add"/>
<opset="add_ln35/1 "/>
</bind>
</comp>

<comp id="287" class="1004" name="store_ln26_store_fu_287">
<pin_list>
<pin id="288" dir="0" index="0" bw="1" slack="0"/>
<pin id="289" dir="0" index="1" bw="1" slack="0"/>
<pin id="290" dir="1" index="2" bw="0" slack="2147483647"/>
</pin_list>
<bind>
<opcode="store(28) " fcode="store"/>
<opset="store_ln26/1 "/>
</bind>
</comp>

<comp id="293" class="1004" name="store_ln13_store_fu_293">
<pin_list>
<pin id="294" dir="0" index="0" bw="1" slack="0"/>
<pin id="295" dir="0" index="1" bw="1" slack="0"/>
<pin id="296" dir="1" index="2" bw="0" slack="2147483647"/>
</pin_list>
<bind>
<opcode="store(28) " fcode="store"/>
<opset="store_ln13/1 "/>
</bind>
</comp>

<comp id="299" class="1004" name="reducer_circuit_levels_buffer_value_0_1_load_load_fu_299">
<pin_list>
<pin id="300" dir="0" index="0" bw="32" slack="0"/>
<pin id="301" dir="1" index="1" bw="32" slack="0"/>
</pin_list>
<bind>
<opcode="load(27) " fcode="load"/>
<opset="reducer_circuit_levels_buffer_value_0_1_load/1 "/>
</bind>
</comp>

<comp id="303" class="1004" name="level_out_value_fu_303">
<pin_list>
<pin id="304" dir="0" index="0" bw="32" slack="0"/>
<pin id="305" dir="0" index="1" bw="32" slack="0"/>
<pin id="306" dir="1" index="2" bw="32" slack="1"/>
</pin_list>
<bind>
<opcode="add(8) " fcode="add"/>
<opset="level_out_value/1 "/>
</bind>
</comp>

<comp id="309" class="1004" name="reducer_circuit_levels_num_items_1_load_load_fu_309">
<pin_list>
<pin id="310" dir="0" index="0" bw="32" slack="0"/>
<pin id="311" dir="1" index="1" bw="32" slack="0"/>
</pin_list>
<bind>
<opcode="load(27) " fcode="load"/>
<opset="reducer_circuit_levels_num_items_1_load/2 "/>
</bind>
</comp>

<comp id="313" class="1004" name="reducer_circuit_levels_buffer_value_1_0_load_load_fu_313">
<pin_list>
<pin id="314" dir="0" index="0" bw="32" slack="0"/>
<pin id="315" dir="1" index="1" bw="32" slack="0"/>
</pin_list>
<bind>
<opcode="load(27) " fcode="load"/>
<opset="reducer_circuit_levels_buffer_value_1_0_load/2 "/>
</bind>
</comp>

<comp id="318" class="1004" name="tmp_fu_318">
<pin_list>
<pin id="319" dir="0" index="0" bw="31" slack="0"/>
<pin id="320" dir="0" index="1" bw="32" slack="0"/>
<pin id="321" dir="0" index="2" bw="1" slack="0"/>
<pin id="322" dir="0" index="3" bw="6" slack="0"/>
<pin id="323" dir="1" index="4" bw="31" slack="0"/>
</pin_list>
<bind>
<opcode="partselect(1002) " fcode="partselect"/>
<opset="tmp/2 "/>
</bind>
</comp>

<comp id="328" class="1004" name="icmp_ln18_fu_328">
<pin_list>
<pin id="329" dir="0" index="0" bw="31" slack="0"/>
<pin id="330" dir="0" index="1" bw="1" slack="0"/>
<pin id="331" dir="1" index="2" bw="1" slack="1"/>
</pin_list>
<bind>
<opcode="icmp(45) " fcode="icmp"/>
<opset="icmp_ln18/2 "/>
</bind>
</comp>

<comp id="334" class="1004" name="store_ln20_store_fu_334">
<pin_list>
<pin id="335" dir="0" index="0" bw="1" slack="0"/>
<pin id="336" dir="0" index="1" bw="1" slack="0"/>
<pin id="337" dir="1" index="2" bw="0" slack="2147483647"/>
</pin_list>
<bind>
<opcode="store(28) " fcode="store"/>
<opset="store_ln20/2 "/>
</bind>
</comp>

<comp id="340" class="1004" name="reducer_circuit_levels_valid_0_load_load_fu_340">
<pin_list>
<pin id="341" dir="0" index="0" bw="1" slack="0"/>
<pin id="342" dir="1" index="1" bw="1" slack="1"/>
</pin_list>
<bind>
<opcode="load(27) " fcode="load"/>
<opset="reducer_circuit_levels_valid_0_load/2 "/>
</bind>
</comp>

<comp id="344" class="1004" name="trunc_ln34_1_fu_344">
<pin_list>
<pin id="345" dir="0" index="0" bw="32" slack="0"/>
<pin id="346" dir="1" index="1" bw="1" slack="1"/>
</pin_list>
<bind>
<opcode="trunc(33) " fcode="trunc"/>
<opset="trunc_ln34_1/2 "/>
</bind>
</comp>

<comp id="348" class="1004" name="store_ln34_store_fu_348">
<pin_list>
<pin id="349" dir="0" index="0" bw="32" slack="0"/>
<pin id="350" dir="0" index="1" bw="32" slack="0"/>
<pin id="351" dir="1" index="2" bw="0" slack="2147483647"/>
</pin_list>
<bind>
<opcode="store(28) " fcode="store"/>
<opset="store_ln34/2 "/>
</bind>
</comp>

<comp id="354" class="1004" name="store_ln34_store_fu_354">
<pin_list>
<pin id="355" dir="0" index="0" bw="32" slack="0"/>
<pin id="356" dir="0" index="1" bw="32" slack="0"/>
<pin id="357" dir="1" index="2" bw="0" slack="2147483647"/>
</pin_list>
<bind>
<opcode="store(28) " fcode="store"/>
<opset="store_ln34/2 "/>
</bind>
</comp>

<comp id="360" class="1004" name="add_ln35_1_fu_360">
<pin_list>
<pin id="361" dir="0" index="0" bw="32" slack="0"/>
<pin id="362" dir="0" index="1" bw="1" slack="0"/>
<pin id="363" dir="1" index="2" bw="32" slack="1"/>
</pin_list>
<bind>
<opcode="add(8) " fcode="add"/>
<opset="add_ln35_1/2 "/>
</bind>
</comp>

<comp id="366" class="1004" name="store_ln35_store_fu_366">
<pin_list>
<pin id="367" dir="0" index="0" bw="32" slack="0"/>
<pin id="368" dir="0" index="1" bw="32" slack="0"/>
<pin id="369" dir="1" index="2" bw="0" slack="2147483647"/>
</pin_list>
<bind>
<opcode="store(28) " fcode="store"/>
<opset="store_ln35/2 "/>
</bind>
</comp>

<comp id="372" class="1004" name="store_ln34_store_fu_372">
<pin_list>
<pin id="373" dir="0" index="0" bw="32" slack="0"/>
<pin id="374" dir="0" index="1" bw="32" slack="0"/>
<pin id="375" dir="1" index="2" bw="0" slack="2147483647"/>
</pin_list>
<bind>
<opcode="store(28) " fcode="store"/>
<opset="store_ln34/3 "/>
</bind>
</comp>

<comp id="378" class="1004" name="store_ln26_store_fu_378">
<pin_list>
<pin id="379" dir="0" index="0" bw="1" slack="0"/>
<pin id="380" dir="0" index="1" bw="1" slack="0"/>
<pin id="381" dir="1" index="2" bw="0" slack="2147483647"/>
</pin_list>
<bind>
<opcode="store(28) " fcode="store"/>
<opset="store_ln26/3 "/>
</bind>
</comp>

<comp id="384" class="1004" name="out_data_label_load_fu_384">
<pin_list>
<pin id="385" dir="0" index="0" bw="32" slack="0"/>
<pin id="386" dir="1" index="1" bw="32" slack="0"/>
</pin_list>
<bind>
<opcode="load(27) " fcode="load"/>
<opset="out_data_label/3 "/>
</bind>
</comp>

<comp id="388" class="1004" name="tmp_1_fu_388">
<pin_list>
<pin id="389" dir="0" index="0" bw="31" slack="0"/>
<pin id="390" dir="0" index="1" bw="32" slack="0"/>
<pin id="391" dir="0" index="2" bw="1" slack="0"/>
<pin id="392" dir="0" index="3" bw="6" slack="0"/>
<pin id="393" dir="1" index="4" bw="31" slack="0"/>
</pin_list>
<bind>
<opcode="partselect(1002) " fcode="partselect"/>
<opset="tmp_1/3 "/>
</bind>
</comp>

<comp id="398" class="1004" name="icmp_ln18_1_fu_398">
<pin_list>
<pin id="399" dir="0" index="0" bw="31" slack="0"/>
<pin id="400" dir="0" index="1" bw="1" slack="0"/>
<pin id="401" dir="1" index="2" bw="1" slack="2147483647"/>
</pin_list>
<bind>
<opcode="icmp(45) " fcode="icmp"/>
<opset="icmp_ln18_1/3 "/>
</bind>
</comp>

<comp id="404" class="1004" name="store_ln20_store_fu_404">
<pin_list>
<pin id="405" dir="0" index="0" bw="1" slack="0"/>
<pin id="406" dir="0" index="1" bw="1" slack="0"/>
<pin id="407" dir="1" index="2" bw="0" slack="2147483647"/>
</pin_list>
<bind>
<opcode="store(28) " fcode="store"/>
<opset="store_ln20/3 "/>
</bind>
</comp>

<comp id="410" class="1004" name="store_ln13_store_fu_410">
<pin_list>
<pin id="411" dir="0" index="0" bw="1" slack="0"/>
<pin id="412" dir="0" index="1" bw="1" slack="0"/>
<pin id="413" dir="1" index="2" bw="0" slack="2147483647"/>
</pin_list>
<bind>
<opcode="store(28) " fcode="store"/>
<opset="store_ln13/3 "/>
</bind>
</comp>

<comp id="416" class="1004" name="reducer_circuit_levels_buffer_value_1_1_load_load_fu_416">
<pin_list>
<pin id="417" dir="0" index="0" bw="32" slack="0"/>
<pin id="418" dir="1" index="1" bw="32" slack="0"/>
</pin_list>
<bind>
<opcode="load(27) " fcode="load"/>
<opset="reducer_circuit_levels_buffer_value_1_1_load/3 "/>
</bind>
</comp>

<comp id="420" class="1004" name="out_data_value_fu_420">
<pin_list>
<pin id="421" dir="0" index="0" bw="32" slack="0"/>
<pin id="422" dir="0" index="1" bw="32" slack="0"/>
<pin id="423" dir="1" index="2" bw="32" slack="0"/>
</pin_list>
<bind>
<opcode="add(8) " fcode="add"/>
<opset="out_data_value/3 "/>
</bind>
</comp>

<comp id="427" class="1004" name="reducer_circuit_levels_valid_1_load_load_fu_427">
<pin_list>
<pin id="428" dir="0" index="0" bw="1" slack="0"/>
<pin id="429" dir="1" index="1" bw="1" slack="2147483647"/>
</pin_list>
<bind>
<opcode="load(27) " fcode="load"/>
<opset="reducer_circuit_levels_valid_1_load/3 "/>
</bind>
</comp>

<comp id="431" class="1004" name="store_ln35_store_fu_431">
<pin_list>
<pin id="432" dir="0" index="0" bw="32" slack="0"/>
<pin id="433" dir="0" index="1" bw="32" slack="0"/>
<pin id="434" dir="1" index="2" bw="0" slack="2147483647"/>
</pin_list>
<bind>
<opcode="store(28) " fcode="store"/>
<opset="store_ln35/3 "/>
</bind>
</comp>

<comp id="437" class="1005" name="label_read_reg_437">
<pin_list>
<pin id="438" dir="0" index="0" bw="32" slack="1"/>
<pin id="439" dir="1" index="1" bw="32" slack="1"/>
</pin_list>
<bind>
<opset="label_read "/>
</bind>
</comp>

<comp id="442" class="1005" name="reducer_circuit_levels_num_items_0_load_reg_442">
<pin_list>
<pin id="443" dir="0" index="0" bw="32" slack="1"/>
<pin id="444" dir="1" index="1" bw="32" slack="2147483647"/>
</pin_list>
<bind>
<opset="reducer_circuit_levels_num_items_0_load "/>
</bind>
</comp>

<comp id="449" class="1005" name="reducer_circuit_levels_buffer_label_0_0_load_reg_449">
<pin_list>
<pin id="450" dir="0" index="0" bw="32" slack="1"/>
<pin id="451" dir="1" index="1" bw="32" slack="1"/>
</pin_list>
<bind>
<opset="reducer_circuit_levels_buffer_label_0_0_load "/>
</bind>
</comp>

<comp id="454" class="1005" name="add_ln35_reg_454">
<pin_list>
<pin id="455" dir="0" index="0" bw="32" slack="1"/>
<pin id="456" dir="1" index="1" bw="32" slack="1"/>
</pin_list>
<bind>
<opset="add_ln35 "/>
</bind>
</comp>

<comp id="460" class="1005" name="level_out_value_reg_460">
<pin_list>
<pin id="461" dir="0" index="0" bw="32" slack="1"/>
<pin id="462" dir="1" index="1" bw="32" slack="1"/>
</pin_list>
<bind>
<opset="level_out_value "/>
</bind>
</comp>

<comp id="465" class="1005" name="reducer_circuit_levels_num_items_1_load_reg_465">
<pin_list>
<pin id="466" dir="0" index="0" bw="32" slack="1"/>
<pin id="467" dir="1" index="1" bw="32" slack="1"/>
</pin_list>
<bind>
<opset="reducer_circuit_levels_num_items_1_load "/>
</bind>
</comp>

<comp id="470" class="1005" name="reducer_circuit_levels_buffer_value_1_0_load_reg_470">
<pin_list>
<pin id="471" dir="0" index="0" bw="32" slack="1"/>
<pin id="472" dir="1" index="1" bw="32" slack="1"/>
</pin_list>
<bind>
<opset="reducer_circuit_levels_buffer_value_1_0_load "/>
</bind>
</comp>

<comp id="475" class="1005" name="icmp_ln18_reg_475">
<pin_list>
<pin id="476" dir="0" index="0" bw="1" slack="1"/>
<pin id="477" dir="1" index="1" bw="1" slack="2147483647"/>
</pin_list>
<bind>
<opset="icmp_ln18 "/>
</bind>
</comp>

<comp id="479" class="1005" name="reducer_circuit_levels_valid_0_load_reg_479">
<pin_list>
<pin id="480" dir="0" index="0" bw="1" slack="1"/>
<pin id="481" dir="1" index="1" bw="1" slack="2147483647"/>
</pin_list>
<bind>
<opset="reducer_circuit_levels_valid_0_load "/>
</bind>
</comp>

<comp id="483" class="1005" name="trunc_ln34_1_reg_483">
<pin_list>
<pin id="484" dir="0" index="0" bw="1" slack="1"/>
<pin id="485" dir="1" index="1" bw="1" slack="2147483647"/>
</pin_list>
<bind>
<opset="trunc_ln34_1 "/>
</bind>
</comp>

<comp id="487" class="1005" name="add_ln35_1_reg_487">
<pin_list>
<pin id="488" dir="0" index="0" bw="32" slack="1"/>
<pin id="489" dir="1" index="1" bw="32" slack="1"/>
</pin_list>
<bind>
<opset="add_ln35_1 "/>
</bind>
</comp>

</comp_list>

<net_list>
<net id="52"><net_src comp="26" pin="0"/><net_sink comp="48" pin=0"/></net>

<net id="53"><net_src comp="4" pin="0"/><net_sink comp="48" pin=1"/></net>

<net id="58"><net_src comp="26" pin="0"/><net_sink comp="54" pin=0"/></net>

<net id="59"><net_src comp="2" pin="0"/><net_sink comp="54" pin=1"/></net>

<net id="65"><net_src comp="46" pin="0"/><net_sink comp="60" pin=0"/></net>

<net id="66"><net_src comp="0" pin="0"/><net_sink comp="60" pin=1"/></net>

<net id="76"><net_src comp="54" pin="2"/><net_sink comp="70" pin=0"/></net>

<net id="77"><net_src comp="70" pin="4"/><net_sink comp="67" pin=0"/></net>

<net id="87"><net_src comp="81" pin="4"/><net_sink comp="78" pin=0"/></net>

<net id="99"><net_src comp="30" pin="0"/><net_sink comp="91" pin=2"/></net>

<net id="100"><net_src comp="30" pin="0"/><net_sink comp="91" pin=4"/></net>

<net id="112"><net_src comp="30" pin="0"/><net_sink comp="104" pin=0"/></net>

<net id="113"><net_src comp="67" pin="1"/><net_sink comp="104" pin=2"/></net>

<net id="123"><net_src comp="104" pin="6"/><net_sink comp="117" pin=0"/></net>

<net id="124"><net_src comp="117" pin="4"/><net_sink comp="114" pin=0"/></net>

<net id="134"><net_src comp="91" pin="6"/><net_sink comp="128" pin=0"/></net>

<net id="138"><net_src comp="30" pin="0"/><net_sink comp="135" pin=0"/></net>

<net id="147"><net_src comp="135" pin="1"/><net_sink comp="139" pin=0"/></net>

<net id="148"><net_src comp="78" pin="1"/><net_sink comp="139" pin=2"/></net>

<net id="149"><net_src comp="78" pin="1"/><net_sink comp="139" pin=4"/></net>

<net id="153"><net_src comp="36" pin="0"/><net_sink comp="150" pin=0"/></net>

<net id="154"><net_src comp="34" pin="0"/><net_sink comp="150" pin=0"/></net>

<net id="161"><net_src comp="150" pin="1"/><net_sink comp="155" pin=0"/></net>

<net id="162"><net_src comp="150" pin="1"/><net_sink comp="155" pin=2"/></net>

<net id="172"><net_src comp="114" pin="1"/><net_sink comp="166" pin=0"/></net>

<net id="193"><net_src comp="155" pin="4"/><net_sink comp="185" pin=0"/></net>

<net id="194"><net_src comp="36" pin="0"/><net_sink comp="185" pin=2"/></net>

<net id="195"><net_src comp="36" pin="0"/><net_sink comp="185" pin=4"/></net>

<net id="207"><net_src comp="176" pin="4"/><net_sink comp="199" pin=0"/></net>

<net id="208"><net_src comp="30" pin="0"/><net_sink comp="199" pin=2"/></net>

<net id="209"><net_src comp="30" pin="0"/><net_sink comp="199" pin=4"/></net>

<net id="221"><net_src comp="30" pin="0"/><net_sink comp="213" pin=0"/></net>

<net id="222"><net_src comp="166" pin="4"/><net_sink comp="213" pin=2"/></net>

<net id="223"><net_src comp="213" pin="6"/><net_sink comp="60" pin=2"/></net>

<net id="233"><net_src comp="185" pin="6"/><net_sink comp="227" pin=0"/></net>

<net id="234"><net_src comp="155" pin="4"/><net_sink comp="227" pin=2"/></net>

<net id="244"><net_src comp="199" pin="6"/><net_sink comp="238" pin=0"/></net>

<net id="245"><net_src comp="176" pin="4"/><net_sink comp="238" pin=2"/></net>

<net id="249"><net_src comp="6" pin="0"/><net_sink comp="246" pin=0"/></net>

<net id="253"><net_src comp="246" pin="1"/><net_sink comp="250" pin=0"/></net>

<net id="257"><net_src comp="8" pin="0"/><net_sink comp="254" pin=0"/></net>

<net id="258"><net_src comp="254" pin="1"/><net_sink comp="70" pin=2"/></net>

<net id="263"><net_src comp="54" pin="2"/><net_sink comp="259" pin=0"/></net>

<net id="264"><net_src comp="8" pin="0"/><net_sink comp="259" pin=1"/></net>

<net id="269"><net_src comp="54" pin="2"/><net_sink comp="265" pin=0"/></net>

<net id="270"><net_src comp="18" pin="0"/><net_sink comp="265" pin=1"/></net>

<net id="274"><net_src comp="10" pin="0"/><net_sink comp="271" pin=0"/></net>

<net id="279"><net_src comp="48" pin="2"/><net_sink comp="275" pin=0"/></net>

<net id="280"><net_src comp="10" pin="0"/><net_sink comp="275" pin=1"/></net>

<net id="285"><net_src comp="246" pin="1"/><net_sink comp="281" pin=0"/></net>

<net id="286"><net_src comp="28" pin="0"/><net_sink comp="281" pin=1"/></net>

<net id="291"><net_src comp="34" pin="0"/><net_sink comp="287" pin=0"/></net>

<net id="292"><net_src comp="16" pin="0"/><net_sink comp="287" pin=1"/></net>

<net id="297"><net_src comp="36" pin="0"/><net_sink comp="293" pin=0"/></net>

<net id="298"><net_src comp="16" pin="0"/><net_sink comp="293" pin=1"/></net>

<net id="302"><net_src comp="18" pin="0"/><net_sink comp="299" pin=0"/></net>

<net id="307"><net_src comp="299" pin="1"/><net_sink comp="303" pin=0"/></net>

<net id="308"><net_src comp="70" pin="4"/><net_sink comp="303" pin=1"/></net>

<net id="312"><net_src comp="12" pin="0"/><net_sink comp="309" pin=0"/></net>

<net id="316"><net_src comp="14" pin="0"/><net_sink comp="313" pin=0"/></net>

<net id="317"><net_src comp="313" pin="1"/><net_sink comp="117" pin=2"/></net>

<net id="324"><net_src comp="38" pin="0"/><net_sink comp="318" pin=0"/></net>

<net id="325"><net_src comp="81" pin="4"/><net_sink comp="318" pin=1"/></net>

<net id="326"><net_src comp="28" pin="0"/><net_sink comp="318" pin=2"/></net>

<net id="327"><net_src comp="40" pin="0"/><net_sink comp="318" pin=3"/></net>

<net id="332"><net_src comp="318" pin="4"/><net_sink comp="328" pin=0"/></net>

<net id="333"><net_src comp="42" pin="0"/><net_sink comp="328" pin=1"/></net>

<net id="338"><net_src comp="36" pin="0"/><net_sink comp="334" pin=0"/></net>

<net id="339"><net_src comp="16" pin="0"/><net_sink comp="334" pin=1"/></net>

<net id="343"><net_src comp="16" pin="0"/><net_sink comp="340" pin=0"/></net>

<net id="347"><net_src comp="309" pin="1"/><net_sink comp="344" pin=0"/></net>

<net id="352"><net_src comp="104" pin="6"/><net_sink comp="348" pin=0"/></net>

<net id="353"><net_src comp="14" pin="0"/><net_sink comp="348" pin=1"/></net>

<net id="358"><net_src comp="104" pin="6"/><net_sink comp="354" pin=0"/></net>

<net id="359"><net_src comp="22" pin="0"/><net_sink comp="354" pin=1"/></net>

<net id="364"><net_src comp="309" pin="1"/><net_sink comp="360" pin=0"/></net>

<net id="365"><net_src comp="28" pin="0"/><net_sink comp="360" pin=1"/></net>

<net id="370"><net_src comp="128" pin="4"/><net_sink comp="366" pin=0"/></net>

<net id="371"><net_src comp="6" pin="0"/><net_sink comp="366" pin=1"/></net>

<net id="376"><net_src comp="139" pin="6"/><net_sink comp="372" pin=0"/></net>

<net id="377"><net_src comp="24" pin="0"/><net_sink comp="372" pin=1"/></net>

<net id="382"><net_src comp="34" pin="0"/><net_sink comp="378" pin=0"/></net>

<net id="383"><net_src comp="20" pin="0"/><net_sink comp="378" pin=1"/></net>

<net id="387"><net_src comp="24" pin="0"/><net_sink comp="384" pin=0"/></net>

<net id="394"><net_src comp="38" pin="0"/><net_sink comp="388" pin=0"/></net>

<net id="395"><net_src comp="384" pin="1"/><net_sink comp="388" pin=1"/></net>

<net id="396"><net_src comp="28" pin="0"/><net_sink comp="388" pin=2"/></net>

<net id="397"><net_src comp="40" pin="0"/><net_sink comp="388" pin=3"/></net>

<net id="402"><net_src comp="388" pin="4"/><net_sink comp="398" pin=0"/></net>

<net id="403"><net_src comp="42" pin="0"/><net_sink comp="398" pin=1"/></net>

<net id="408"><net_src comp="36" pin="0"/><net_sink comp="404" pin=0"/></net>

<net id="409"><net_src comp="20" pin="0"/><net_sink comp="404" pin=1"/></net>

<net id="414"><net_src comp="36" pin="0"/><net_sink comp="410" pin=0"/></net>

<net id="415"><net_src comp="20" pin="0"/><net_sink comp="410" pin=1"/></net>

<net id="419"><net_src comp="22" pin="0"/><net_sink comp="416" pin=0"/></net>

<net id="424"><net_src comp="416" pin="1"/><net_sink comp="420" pin=0"/></net>

<net id="425"><net_src comp="166" pin="4"/><net_sink comp="420" pin=1"/></net>

<net id="426"><net_src comp="420" pin="2"/><net_sink comp="213" pin=4"/></net>

<net id="430"><net_src comp="20" pin="0"/><net_sink comp="427" pin=0"/></net>

<net id="435"><net_src comp="238" pin="4"/><net_sink comp="431" pin=0"/></net>

<net id="436"><net_src comp="12" pin="0"/><net_sink comp="431" pin=1"/></net>

<net id="440"><net_src comp="48" pin="2"/><net_sink comp="437" pin=0"/></net>

<net id="441"><net_src comp="437" pin="1"/><net_sink comp="81" pin=0"/></net>

<net id="445"><net_src comp="246" pin="1"/><net_sink comp="442" pin=0"/></net>

<net id="452"><net_src comp="271" pin="1"/><net_sink comp="449" pin=0"/></net>

<net id="453"><net_src comp="449" pin="1"/><net_sink comp="81" pin=2"/></net>

<net id="457"><net_src comp="281" pin="2"/><net_sink comp="454" pin=0"/></net>

<net id="458"><net_src comp="454" pin="1"/><net_sink comp="91" pin=0"/></net>

<net id="459"><net_src comp="454" pin="1"/><net_sink comp="128" pin=2"/></net>

<net id="463"><net_src comp="303" pin="2"/><net_sink comp="460" pin=0"/></net>

<net id="464"><net_src comp="460" pin="1"/><net_sink comp="104" pin=4"/></net>

<net id="468"><net_src comp="309" pin="1"/><net_sink comp="465" pin=0"/></net>

<net id="469"><net_src comp="465" pin="1"/><net_sink comp="176" pin=2"/></net>

<net id="473"><net_src comp="313" pin="1"/><net_sink comp="470" pin=0"/></net>

<net id="474"><net_src comp="470" pin="1"/><net_sink comp="166" pin=2"/></net>

<net id="478"><net_src comp="328" pin="2"/><net_sink comp="475" pin=0"/></net>

<net id="482"><net_src comp="340" pin="1"/><net_sink comp="479" pin=0"/></net>

<net id="486"><net_src comp="344" pin="1"/><net_sink comp="483" pin=0"/></net>

<net id="490"><net_src comp="360" pin="2"/><net_sink comp="487" pin=0"/></net>

<net id="491"><net_src comp="487" pin="1"/><net_sink comp="176" pin=0"/></net>

</net_list>

</model> 
---------------- Datapath Model END ------------------

* FSMD analyzer results:
  - Output states:
	Port: out_r | {3 }
	Port: reducer_circuit_levels_num_items_0 | {2 }
	Port: reducer_circuit_levels_buffer_value_0_0 | {1 }
	Port: reducer_circuit_levels_buffer_label_0_0 | {1 }
	Port: reducer_circuit_levels_num_items_1 | {3 }
	Port: reducer_circuit_levels_buffer_value_1_0 | {2 }
	Port: reducer_circuit_levels_valid_0 | {1 2 }
	Port: reducer_circuit_levels_buffer_value_0_1 | {1 }
	Port: reducer_circuit_levels_valid_1 | {3 }
	Port: reducer_circuit_levels_buffer_value_1_1 | {2 }
	Port: reducer_circuit_levels_buffer_label_1_0 | {3 }
 - Input state : 
	Port: reduce : value_r | {1 }
	Port: reduce : label_r | {1 }
	Port: reduce : reducer_circuit_levels_num_items_0 | {1 }
	Port: reduce : reducer_circuit_levels_buffer_value_0_0 | {1 }
	Port: reduce : reducer_circuit_levels_buffer_label_0_0 | {1 }
	Port: reduce : reducer_circuit_levels_num_items_1 | {2 }
	Port: reduce : reducer_circuit_levels_buffer_value_1_0 | {2 }
	Port: reduce : reducer_circuit_levels_valid_0 | {2 }
	Port: reduce : reducer_circuit_levels_buffer_value_0_1 | {1 }
	Port: reduce : reducer_circuit_levels_valid_1 | {3 }
	Port: reduce : reducer_circuit_levels_buffer_value_1_1 | {3 }
	Port: reduce : reducer_circuit_levels_buffer_label_1_0 | {3 }
  - Chain level:
	State 1
		trunc_ln34 : 1
		br_ln34 : 2
		level_out_value_1 : 1
		br_ln34 : 2
		add_ln35 : 1
		switch_ln11 : 1
		level_out_value : 2
	State 2
		tmp : 1
		icmp_ln18 : 2
		br_ln18 : 3
		br_ln48 : 1
		reducer_circuit_levels_num_items_0_new_0 : 2
		level_out_017_31 : 2
		trunc_ln34_1 : 1
		br_ln34 : 2
		store_ln34 : 3
		store_ln34 : 3
		reducer_circuit_levels_buffer_value_1_0_loc_0 : 3
		br_ln34 : 2
		add_ln35_1 : 1
		reducer_circuit_levels_num_items_0_new_1 : 3
		store_ln35 : 4
	State 3
		store_ln34 : 1
		switch_ln11 : 1
		tmp_1 : 1
		icmp_ln18_1 : 2
		br_ln18 : 3
		out_data_value : 1
		br_ln53 : 1
		reducer_circuit_levels_num_items_1_flag_1 : 2
		reducer_circuit_levels_num_items_1_new_1 : 2
		out_data_0_35 : 2
		write_ln54 : 3
		reducer_circuit_levels_num_items_1_flag_2 : 3
		reducer_circuit_levels_num_items_1_new_2 : 3
		br_ln0 : 4
		store_ln35 : 4


============================================================
+ Verbose Summary: Datapath Resource usage 
============================================================

* Functional unit list:
|----------|------------------------|---------|---------|
| Operation|     Functional Unit    |    FF   |   LUT   |
|----------|------------------------|---------|---------|
|          |     add_ln35_fu_281    |    0    |    39   |
|    add   | level_out_value_fu_303 |    0    |    39   |
|          |    add_ln35_1_fu_360   |    0    |    39   |
|          |  out_data_value_fu_420 |    0    |    39   |
|----------|------------------------|---------|---------|
|   icmp   |    icmp_ln18_fu_328    |    0    |    17   |
|          |   icmp_ln18_1_fu_398   |    0    |    17   |
|----------|------------------------|---------|---------|
|   read   |  label_read_read_fu_48 |    0    |    0    |
|          |  value_read_read_fu_54 |    0    |    0    |
|----------|------------------------|---------|---------|
|   write  | write_ln54_write_fu_60 |    0    |    0    |
|----------|------------------------|---------|---------|
|   trunc  |    trunc_ln34_fu_250   |    0    |    0    |
|          |   trunc_ln34_1_fu_344  |    0    |    0    |
|----------|------------------------|---------|---------|
|partselect|       tmp_fu_318       |    0    |    0    |
|          |      tmp_1_fu_388      |    0    |    0    |
|----------|------------------------|---------|---------|
|   Total  |                        |    0    |   190   |
|----------|------------------------|---------|---------|

Memories:
N/A

* Register list:
+-----------------------------------------------------+--------+
|                                                     |   FF   |
+-----------------------------------------------------+--------+
|                  add_ln35_1_reg_487                 |   32   |
|                   add_ln35_reg_454                  |   32   |
|                    empty_reg_173                    |   32   |
|                  icmp_ln18_reg_475                  |    1   |
|                  label_read_reg_437                 |   32   |
|               level_out_017_31_reg_101              |   32   |
|               level_out_118_32_reg_135              |   32   |
|                level_out_label_reg_78               |   32   |
|               level_out_value_1_reg_67              |   32   |
|               level_out_value_reg_460               |   32   |
|                out_data_0_35_reg_210                |   32   |
|               out_data_value_1_reg_163              |   32   |
| reducer_circuit_levels_buffer_label_0_0_load_reg_449|   32   |
| reducer_circuit_levels_buffer_value_1_0_load_reg_470|   32   |
|reducer_circuit_levels_buffer_value_1_0_loc_0_reg_114|   32   |
|   reducer_circuit_levels_num_items_0_load_reg_442   |   32   |
|   reducer_circuit_levels_num_items_0_new_0_reg_88   |   32   |
|   reducer_circuit_levels_num_items_0_new_1_reg_125  |   32   |
|  reducer_circuit_levels_num_items_1_flag_0_reg_150  |    1   |
|  reducer_circuit_levels_num_items_1_flag_1_reg_182  |    1   |
|  reducer_circuit_levels_num_items_1_flag_2_reg_224  |    1   |
|   reducer_circuit_levels_num_items_1_load_reg_465   |   32   |
|   reducer_circuit_levels_num_items_1_new_1_reg_196  |   32   |
|   reducer_circuit_levels_num_items_1_new_2_reg_235  |   32   |
|     reducer_circuit_levels_valid_0_load_reg_479     |    1   |
|                 trunc_ln34_1_reg_483                |    1   |
+-----------------------------------------------------+--------+
|                        Total                        |   646  |
+-----------------------------------------------------+--------+

* Multiplexer (MUX) list: 
|---------------------------------------------------|------|------|------|--------||---------|
|                        Comp                       |  Pin | Size |  BW  | S x BW ||  Delay  |
|---------------------------------------------------|------|------|------|--------||---------|
| reducer_circuit_levels_num_items_1_flag_0_reg_150 |  p0  |   2  |   1  |    2   |
|---------------------------------------------------|------|------|------|--------||---------|
|                       Total                       |      |      |      |    2   ||  1.588  |
|---------------------------------------------------|------|------|------|--------||---------|



* Summary:
+-----------+--------+--------+--------+
|           |  Delay |   FF   |   LUT  |
+-----------+--------+--------+--------+
|  Function |    -   |    0   |   190  |
|   Memory  |    -   |    -   |    -   |
|Multiplexer|    1   |    -   |    -   |
|  Register |    -   |   646  |    -   |
+-----------+--------+--------+--------+
|   Total   |    1   |   646  |   190  |
+-----------+--------+--------+--------+
