x[0] = 1.000000
x[1] = 1.000000
x[2] = 1.000000
x[3] = 1.000000
x[4] = 1.000000
x[5] = 1.000000
x[6] = 1.000000
x[7] = 1.000000
x[8] = 1.000000
x[9] = 1.000000
x[10] = 1.000000
x[11] = 1.000000
x[12] = 1.000000
x[13] = 1.000000
x[14] = 1.000000
x[15] = 1.000000
x[16] = 1.000000
x[17] = 1.000000
x[18] = 1.000000
x[19] = 1.000000
x[20] = 1.000000
x[21] = 1.000000
x[22] = 1.000000
curr_row: 0
curr_row_len: 1
curr_num_subrows: 1
curr_subrow_elements[0] = 1.000000
curr_subrow_mult_enables[0] = true
curr_subrow_indices[0] = 20
curr_subrow_elements[1] = 0.000000
curr_subrow_mult_enables[1] = false
curr_subrow_indices[1] = 0
curr_subrow_elements[2] = 0.000000
curr_subrow_mult_enables[2] = false
curr_subrow_indices[2] = 0
curr_subrow_elements[3] = 0.000000
curr_subrow_mult_enables[3] = false
curr_subrow_indices[3] = 0
curr_label = 1
mult outs: 1.000000 0.000000 0.000000 0.000000 
sum: 1.000000
curr_row: 1
curr_row_len: 4
curr_num_subrows: 1
curr_subrow_elements[0] = 1.000000
curr_subrow_mult_enables[0] = true
curr_subrow_indices[0] = 6
curr_subrow_elements[1] = 2.000000
curr_subrow_mult_enables[1] = true
curr_subrow_indices[1] = 10
curr_subrow_elements[2] = 2.000000
curr_subrow_mult_enables[2] = true
curr_subrow_indices[2] = 12
curr_subrow_elements[3] = 1.000000
curr_subrow_mult_enables[3] = true
curr_subrow_indices[3] = 20
curr_label = 1
mult outs: 1.000000 2.000000 2.000000 1.000000 
sum: 6.000000
curr_row: 2
curr_row_len: 1
curr_num_subrows: 1
curr_subrow_elements[0] = 2.000000
curr_subrow_mult_enables[0] = true
curr_subrow_indices[0] = 20
curr_subrow_elements[1] = 0.000000
curr_subrow_mult_enables[1] = false
curr_subrow_indices[1] = 0
curr_subrow_elements[2] = 0.000000
curr_subrow_mult_enables[2] = false
curr_subrow_indices[2] = 0
curr_subrow_elements[3] = 0.000000
curr_subrow_mult_enables[3] = false
curr_subrow_indices[3] = 0
curr_label = 1
mult outs: 2.000000 0.000000 0.000000 0.000000 
sum: 2.000000
curr_row: 3
curr_row_len: 2
curr_num_subrows: 1
curr_subrow_elements[0] = 1.000000
curr_subrow_mult_enables[0] = true
curr_subrow_indices[0] = 1
curr_subrow_elements[1] = 1.000000
curr_subrow_mult_enables[1] = true
curr_subrow_indices[1] = 22
curr_subrow_elements[2] = 0.000000
curr_subrow_mult_enables[2] = false
curr_subrow_indices[2] = 0
curr_subrow_elements[3] = 0.000000
curr_subrow_mult_enables[3] = false
curr_subrow_indices[3] = 0
curr_label = 1
mult outs: 1.000000 1.000000 0.000000 0.000000 
sum: 2.000000
curr_row: 4
curr_row_len: 1
curr_num_subrows: 1
curr_subrow_elements[0] = 1.000000
curr_subrow_mult_enables[0] = true
curr_subrow_indices[0] = 12
curr_subrow_elements[1] = 0.000000
curr_subrow_mult_enables[1] = false
curr_subrow_indices[1] = 0
curr_subrow_elements[2] = 0.000000
curr_subrow_mult_enables[2] = false
curr_subrow_indices[2] = 0
curr_subrow_elements[3] = 0.000000
curr_subrow_mult_enables[3] = false
curr_subrow_indices[3] = 0
curr_label = 1
mult outs: 1.000000 0.000000 0.000000 0.000000 
sum: 1.000000
curr_row: 5
curr_row_len: 5
curr_num_subrows: 2
curr_subrow_elements[0] = 1.000000
curr_subrow_mult_enables[0] = true
curr_subrow_indices[0] = 6
curr_subrow_elements[1] = 1.000000
curr_subrow_mult_enables[1] = true
curr_subrow_indices[1] = 12
curr_subrow_elements[2] = 1.000000
curr_subrow_mult_enables[2] = true
curr_subrow_indices[2] = 13
curr_subrow_elements[3] = 1.000000
curr_subrow_mult_enables[3] = true
curr_subrow_indices[3] = 18
curr_label = 2
mult outs: 1.000000 1.000000 1.000000 1.000000 
sum: 4.000000
curr_subrow_elements[0] = 1.000000
curr_subrow_mult_enables[0] = true
curr_subrow_indices[0] = 20
curr_subrow_elements[1] = 0.000000
curr_subrow_mult_enables[1] = false
curr_subrow_indices[1] = 0
curr_subrow_elements[2] = 0.000000
curr_subrow_mult_enables[2] = false
curr_subrow_indices[2] = 0
curr_subrow_elements[3] = 0.000000
curr_subrow_mult_enables[3] = false
curr_subrow_indices[3] = 0
curr_label = 1
mult outs: 1.000000 0.000000 0.000000 0.000000 
sum: 1.000000
curr_row: 6
curr_row_len: 4
curr_num_subrows: 1
curr_subrow_elements[0] = 1.000000
curr_subrow_mult_enables[0] = true
curr_subrow_indices[0] = 1
curr_subrow_elements[1] = 1.000000
curr_subrow_mult_enables[1] = true
curr_subrow_indices[1] = 5
curr_subrow_elements[2] = 1.000000
curr_subrow_mult_enables[2] = true
curr_subrow_indices[2] = 12
curr_subrow_elements[3] = 1.000000
curr_subrow_mult_enables[3] = true
curr_subrow_indices[3] = 20
curr_label = 1
mult outs: 1.000000 1.000000 1.000000 1.000000 
sum: 4.000000
curr_row: 7
curr_row_len: 5
curr_num_subrows: 2
curr_subrow_elements[0] = 1.000000
curr_subrow_mult_enables[0] = true
curr_subrow_indices[0] = 1
curr_subrow_elements[1] = 2.000000
curr_subrow_mult_enables[1] = true
curr_subrow_indices[1] = 2
curr_subrow_elements[2] = 1.000000
curr_subrow_mult_enables[2] = true
curr_subrow_indices[2] = 6
curr_subrow_elements[3] = 4.000000
curr_subrow_mult_enables[3] = true
curr_subrow_indices[3] = 15
curr_label = 2
mult outs: 1.000000 2.000000 1.000000 4.000000 
sum: 8.000000
curr_subrow_elements[0] = 1.000000
curr_subrow_mult_enables[0] = true
curr_subrow_indices[0] = 22
curr_subrow_elements[1] = 0.000000
curr_subrow_mult_enables[1] = false
curr_subrow_indices[1] = 0
curr_subrow_elements[2] = 0.000000
curr_subrow_mult_enables[2] = false
curr_subrow_indices[2] = 0
curr_subrow_elements[3] = 0.000000
curr_subrow_mult_enables[3] = false
curr_subrow_indices[3] = 0
curr_label = 1
mult outs: 1.000000 0.000000 0.000000 0.000000 
sum: 1.000000
curr_row: 8
curr_row_len: 5
curr_num_subrows: 2
curr_subrow_elements[0] = 1.000000
curr_subrow_mult_enables[0] = true
curr_subrow_indices[0] = 1
curr_subrow_elements[1] = 1.000000
curr_subrow_mult_enables[1] = true
curr_subrow_indices[1] = 7
curr_subrow_elements[2] = 1.000000
curr_subrow_mult_enables[2] = true
curr_subrow_indices[2] = 9
curr_subrow_elements[3] = 1.000000
curr_subrow_mult_enables[3] = true
curr_subrow_indices[3] = 13
curr_label = 2
mult outs: 1.000000 1.000000 1.000000 1.000000 
sum: 4.000000
curr_subrow_elements[0] = 1.000000
curr_subrow_mult_enables[0] = true
curr_subrow_indices[0] = 18
curr_subrow_elements[1] = 0.000000
curr_subrow_mult_enables[1] = false
curr_subrow_indices[1] = 0
curr_subrow_elements[2] = 0.000000
curr_subrow_mult_enables[2] = false
curr_subrow_indices[2] = 0
curr_subrow_elements[3] = 0.000000
curr_subrow_mult_enables[3] = false
curr_subrow_indices[3] = 0
curr_label = 1
mult outs: 1.000000 0.000000 0.000000 0.000000 
sum: 1.000000
curr_row: 9
curr_row_len: 1
curr_num_subrows: 1
curr_subrow_elements[0] = 1.000000
curr_subrow_mult_enables[0] = true
curr_subrow_indices[0] = 1
curr_subrow_elements[1] = 0.000000
curr_subrow_mult_enables[1] = false
curr_subrow_indices[1] = 0
curr_subrow_elements[2] = 0.000000
curr_subrow_mult_enables[2] = false
curr_subrow_indices[2] = 0
curr_subrow_elements[3] = 0.000000
curr_subrow_mult_enables[3] = false
curr_subrow_indices[3] = 0
curr_label = 1
mult outs: 1.000000 0.000000 0.000000 0.000000 
sum: 1.000000
curr_row: 10
curr_row_len: 7
curr_num_subrows: 2
curr_subrow_elements[0] = 1.000000
curr_subrow_mult_enables[0] = true
curr_subrow_indices[0] = 0
curr_subrow_elements[1] = 2.000000
curr_subrow_mult_enables[1] = true
curr_subrow_indices[1] = 1
curr_subrow_elements[2] = 1.000000
curr_subrow_mult_enables[2] = true
curr_subrow_indices[2] = 2
curr_subrow_elements[3] = 2.000000
curr_subrow_mult_enables[3] = true
curr_subrow_indices[3] = 10
curr_label = 2
mult outs: 1.000000 2.000000 1.000000 2.000000 
sum: 6.000000
curr_subrow_elements[0] = 2.000000
curr_subrow_mult_enables[0] = true
curr_subrow_indices[0] = 11
curr_subrow_elements[1] = 2.000000
curr_subrow_mult_enables[1] = true
curr_subrow_indices[1] = 20
curr_subrow_elements[2] = 1.000000
curr_subrow_mult_enables[2] = true
curr_subrow_indices[2] = 21
curr_subrow_elements[3] = 0.000000
curr_subrow_mult_enables[3] = false
curr_subrow_indices[3] = 0
curr_label = 1
mult outs: 2.000000 2.000000 1.000000 0.000000 
sum: 5.000000
curr_row: 11
curr_row_len: 3
curr_num_subrows: 1
curr_subrow_elements[0] = 1.000000
curr_subrow_mult_enables[0] = true
curr_subrow_indices[0] = 10
curr_subrow_elements[1] = 1.000000
curr_subrow_mult_enables[1] = true
curr_subrow_indices[1] = 15
curr_subrow_elements[2] = 3.000000
curr_subrow_mult_enables[2] = true
curr_subrow_indices[2] = 20
curr_subrow_elements[3] = 0.000000
curr_subrow_mult_enables[3] = false
curr_subrow_indices[3] = 0
curr_label = 1
mult outs: 1.000000 1.000000 3.000000 0.000000 
sum: 5.000000
curr_row: 12
curr_row_len: 3
curr_num_subrows: 1
curr_subrow_elements[0] = 1.000000
curr_subrow_mult_enables[0] = true
curr_subrow_indices[0] = 5
curr_subrow_elements[1] = 1.000000
curr_subrow_mult_enables[1] = true
curr_subrow_indices[1] = 8
curr_subrow_elements[2] = 1.000000
curr_subrow_mult_enables[2] = true
curr_subrow_indices[2] = 22
curr_subrow_elements[3] = 0.000000
curr_subrow_mult_enables[3] = false
curr_subrow_indices[3] = 0
curr_label = 1
mult outs: 1.000000 1.000000 1.000000 0.000000 
sum: 3.000000
curr_row: 13
curr_row_len: 0
curr_num_subrows: 0
curr_row: 14
curr_row_len: 1
curr_num_subrows: 1
curr_subrow_elements[0] = 1.000000
curr_subrow_mult_enables[0] = true
curr_subrow_indices[0] = 1
curr_subrow_elements[1] = 0.000000
curr_subrow_mult_enables[1] = false
curr_subrow_indices[1] = 0
curr_subrow_elements[2] = 0.000000
curr_subrow_mult_enables[2] = false
curr_subrow_indices[2] = 0
curr_subrow_elements[3] = 0.000000
curr_subrow_mult_enables[3] = false
curr_subrow_indices[3] = 0
curr_label = 1
mult outs: 1.000000 0.000000 0.000000 0.000000 
sum: 1.000000
curr_row: 15
curr_row_len: 4
curr_num_subrows: 1
curr_subrow_elements[0] = 2.000000
curr_subrow_mult_enables[0] = true
curr_subrow_indices[0] = 2
curr_subrow_elements[1] = 1.000000
curr_subrow_mult_enables[1] = true
curr_subrow_indices[1] = 10
curr_subrow_elements[2] = 1.000000
curr_subrow_mult_enables[2] = true
curr_subrow_indices[2] = 15
curr_subrow_elements[3] = 1.000000
curr_subrow_mult_enables[3] = true
curr_subrow_indices[3] = 20
curr_label = 1
mult outs: 2.000000 1.000000 1.000000 1.000000 
sum: 5.000000
curr_row: 16
curr_row_len: 4
curr_num_subrows: 1
curr_subrow_elements[0] = 1.000000
curr_subrow_mult_enables[0] = true
curr_subrow_indices[0] = 1
curr_subrow_elements[1] = 1.000000
curr_subrow_mult_enables[1] = true
curr_subrow_indices[1] = 2
curr_subrow_elements[2] = 1.000000
curr_subrow_mult_enables[2] = true
curr_subrow_indices[2] = 10
curr_subrow_elements[3] = 1.000000
curr_subrow_mult_enables[3] = true
curr_subrow_indices[3] = 20
curr_label = 1
mult outs: 1.000000 1.000000 1.000000 1.000000 
sum: 4.000000
curr_row: 17
curr_row_len: 2
curr_num_subrows: 1
curr_subrow_elements[0] = 1.000000
curr_subrow_mult_enables[0] = true
curr_subrow_indices[0] = 11
curr_subrow_elements[1] = 1.000000
curr_subrow_mult_enables[1] = true
curr_subrow_indices[1] = 22
curr_subrow_elements[2] = 0.000000
curr_subrow_mult_enables[2] = false
curr_subrow_indices[2] = 0
curr_subrow_elements[3] = 0.000000
curr_subrow_mult_enables[3] = false
curr_subrow_indices[3] = 0
curr_label = 1
mult outs: 1.000000 1.000000 0.000000 0.000000 
sum: 2.000000
curr_row: 18
curr_row_len: 1
curr_num_subrows: 1
curr_subrow_elements[0] = 1.000000
curr_subrow_mult_enables[0] = true
curr_subrow_indices[0] = 8
curr_subrow_elements[1] = 0.000000
curr_subrow_mult_enables[1] = false
curr_subrow_indices[1] = 0
curr_subrow_elements[2] = 0.000000
curr_subrow_mult_enables[2] = false
curr_subrow_indices[2] = 0
curr_subrow_elements[3] = 0.000000
curr_subrow_mult_enables[3] = false
curr_subrow_indices[3] = 0
curr_label = 1
mult outs: 1.000000 0.000000 0.000000 0.000000 
sum: 1.000000
curr_row: 19
curr_row_len: 0
curr_num_subrows: 0
curr_row: 20
curr_row_len: 6
curr_num_subrows: 2
curr_subrow_elements[0] = 2.000000
curr_subrow_mult_enables[0] = true
curr_subrow_indices[0] = 1
curr_subrow_elements[1] = 1.000000
curr_subrow_mult_enables[1] = true
curr_subrow_indices[1] = 2
curr_subrow_elements[2] = 1.000000
curr_subrow_mult_enables[2] = true
curr_subrow_indices[2] = 10
curr_subrow_elements[3] = 1.000000
curr_subrow_mult_enables[3] = true
curr_subrow_indices[3] = 19
curr_label = 2
mult outs: 2.000000 1.000000 1.000000 1.000000 
sum: 5.000000
curr_subrow_elements[0] = 1.000000
curr_subrow_mult_enables[0] = true
curr_subrow_indices[0] = 20
curr_subrow_elements[1] = 1.000000
curr_subrow_mult_enables[1] = true
curr_subrow_indices[1] = 22
curr_subrow_elements[2] = 0.000000
curr_subrow_mult_enables[2] = false
curr_subrow_indices[2] = 0
curr_subrow_elements[3] = 0.000000
curr_subrow_mult_enables[3] = false
curr_subrow_indices[3] = 0
curr_label = 1
mult outs: 1.000000 1.000000 0.000000 0.000000 
sum: 2.000000
curr_row: 21
curr_row_len: 1
curr_num_subrows: 1
curr_subrow_elements[0] = 1.000000
curr_subrow_mult_enables[0] = true
curr_subrow_indices[0] = 20
curr_subrow_elements[1] = 0.000000
curr_subrow_mult_enables[1] = false
curr_subrow_indices[1] = 0
curr_subrow_elements[2] = 0.000000
curr_subrow_mult_enables[2] = false
curr_subrow_indices[2] = 0
curr_subrow_elements[3] = 0.000000
curr_subrow_mult_enables[3] = false
curr_subrow_indices[3] = 0
curr_label = 1
mult outs: 1.000000 0.000000 0.000000 0.000000 
sum: 1.000000
curr_row: 22
curr_row_len: 3
curr_num_subrows: 1
curr_subrow_elements[0] = 1.000000
curr_subrow_mult_enables[0] = true
curr_subrow_indices[0] = 1
curr_subrow_elements[1] = 2.000000
curr_subrow_mult_enables[1] = true
curr_subrow_indices[1] = 8
curr_subrow_elements[2] = 1.000000
curr_subrow_mult_enables[2] = true
curr_subrow_indices[2] = 20
curr_subrow_elements[3] = 0.000000
curr_subrow_mult_enables[3] = false
curr_subrow_indices[3] = 0
curr_label = 1
mult outs: 1.000000 2.000000 1.000000 0.000000 
sum: 4.000000
vector_y[0] = 1.000000
vector_y[1] = 6.000000
vector_y[2] = 2.000000
vector_y[3] = 2.000000
vector_y[4] = 1.000000
vector_y[5] = 5.000000
vector_y[6] = 4.000000
vector_y[7] = 9.000000
vector_y[8] = 5.000000
vector_y[9] = 1.000000
vector_y[10] = 11.000000
vector_y[11] = 5.000000
vector_y[12] = 3.000000
vector_y[13] = 0.000000
vector_y[14] = 1.000000
vector_y[15] = 5.000000
vector_y[16] = 4.000000
vector_y[17] = 2.000000
vector_y[18] = 1.000000
vector_y[19] = 0.000000
vector_y[20] = 7.000000
vector_y[21] = 1.000000
vector_y[22] = 4.000000
Vivado Simulator v2021.2
Copyright 1986-1999, 2001-2021 Xilinx, Inc. All Rights Reserved.
Running: /opt/Xilinx/Vivado/2021.2/bin/unwrapped/lnx64.o/xelab xil_defaultlib.apatb_accelerate_top glbl -Oenable_linking_all_libraries -prj accelerate.prj -L smartconnect_v1_0 -L axi_protocol_checker_v1_1_12 -L axi_protocol_checker_v1_1_13 -L axis_protocol_checker_v1_1_11 -L axis_protocol_checker_v1_1_12 -L xil_defaultlib -L unisims_ver -L xpm -L floating_point_v7_0_19 -L floating_point_v7_1_13 --lib ieee_proposed=./ieee_proposed -s accelerate 
Multi-threading is on. Using 6 slave threads.
INFO: [VRFC 10-2263] Analyzing SystemVerilog file "/home/akileshkannan/SPMV_CSR/solution2/sim/verilog/ip/xil_defaultlib/accelerate_fadd_32ns_32ns_32_5_full_dsp_1_x_ip.v" into library xil_defaultlib
INFO: [VRFC 10-311] analyzing module accelerate_fadd_32ns_32ns_32_5_full_dsp_1_x_ip
INFO: [VRFC 10-2263] Analyzing SystemVerilog file "/home/akileshkannan/SPMV_CSR/solution2/sim/verilog/ip/xil_defaultlib/accelerate_fadd_32ns_32ns_32_5_full_dsp_1_ip.v" into library xil_defaultlib
INFO: [VRFC 10-311] analyzing module accelerate_fadd_32ns_32ns_32_5_full_dsp_1_ip
INFO: [VRFC 10-2263] Analyzing SystemVerilog file "/home/akileshkannan/SPMV_CSR/solution2/sim/verilog/ip/xil_defaultlib/accelerate_fmul_32ns_32ns_32_4_max_dsp_1_ip.v" into library xil_defaultlib
INFO: [VRFC 10-311] analyzing module accelerate_fmul_32ns_32ns_32_4_max_dsp_1_ip
INFO: [VRFC 10-2263] Analyzing SystemVerilog file "/home/akileshkannan/SPMV_CSR/solution2/sim/verilog/glbl.v" into library work
INFO: [VRFC 10-311] analyzing module glbl
INFO: [VRFC 10-2263] Analyzing SystemVerilog file "/home/akileshkannan/SPMV_CSR/solution2/sim/verilog/accelerate.autotb.v" into library xil_defaultlib
INFO: [VRFC 10-311] analyzing module apatb_accelerate_top
INFO: [VRFC 10-2263] Analyzing SystemVerilog file "/home/akileshkannan/SPMV_CSR/solution2/sim/verilog/AESL_automem_subrow_col_indices.v" into library xil_defaultlib
INFO: [VRFC 10-311] analyzing module AESL_automem_subrow_col_indices
INFO: [VRFC 10-2263] Analyzing SystemVerilog file "/home/akileshkannan/SPMV_CSR/solution2/sim/verilog/accelerate_reduce.v" into library xil_defaultlib
INFO: [VRFC 10-311] analyzing module accelerate_reduce
INFO: [VRFC 10-2263] Analyzing SystemVerilog file "/home/akileshkannan/SPMV_CSR/solution2/sim/verilog/accelerate_storage_RAM_AUTO_1R1W.v" into library xil_defaultlib
INFO: [VRFC 10-311] analyzing module accelerate_storage_RAM_AUTO_1R1W
INFO: [VRFC 10-2263] Analyzing SystemVerilog file "/home/akileshkannan/SPMV_CSR/solution2/sim/verilog/accelerate_fmul_32ns_32ns_32_4_max_dsp_1.v" into library xil_defaultlib
INFO: [VRFC 10-311] analyzing module accelerate_fmul_32ns_32ns_32_4_max_dsp_1
INFO: [VRFC 10-2263] Analyzing SystemVerilog file "/home/akileshkannan/SPMV_CSR/solution2/sim/verilog/accelerate.v" into library xil_defaultlib
INFO: [VRFC 10-311] analyzing module accelerate
INFO: [VRFC 10-2263] Analyzing SystemVerilog file "/home/akileshkannan/SPMV_CSR/solution2/sim/verilog/AESL_automem_subrow_vals.v" into library xil_defaultlib
INFO: [VRFC 10-311] analyzing module AESL_automem_subrow_vals
INFO: [VRFC 10-2263] Analyzing SystemVerilog file "/home/akileshkannan/SPMV_CSR/solution2/sim/verilog/AESL_automem_init_vector.v" into library xil_defaultlib
INFO: [VRFC 10-311] analyzing module AESL_automem_init_vector
INFO: [VRFC 10-2263] Analyzing SystemVerilog file "/home/akileshkannan/SPMV_CSR/solution2/sim/verilog/accelerate_fadd_32ns_32ns_32_5_full_dsp_1_x.v" into library xil_defaultlib
INFO: [VRFC 10-311] analyzing module accelerate_fadd_32ns_32ns_32_5_full_dsp_1_x
INFO: [VRFC 10-2263] Analyzing SystemVerilog file "/home/akileshkannan/SPMV_CSR/solution2/sim/verilog/accelerate_fadd_32ns_32ns_32_5_full_dsp_1.v" into library xil_defaultlib
INFO: [VRFC 10-311] analyzing module accelerate_fadd_32ns_32ns_32_5_full_dsp_1
INFO: [VRFC 10-2263] Analyzing SystemVerilog file "/home/akileshkannan/SPMV_CSR/solution2/sim/verilog/AESL_automem_mult_enables.v" into library xil_defaultlib
INFO: [VRFC 10-311] analyzing module AESL_automem_mult_enables
INFO: [VRFC 10-2263] Analyzing SystemVerilog file "/home/akileshkannan/SPMV_CSR/solution2/sim/verilog/dataflow_monitor.sv" into library xil_defaultlib
INFO: [VRFC 10-311] analyzing module dataflow_monitor
Starting static elaboration
Pass Through NonSizing Optimizer
Completed static elaboration
Starting simulation data flow analysis
Completed simulation data flow analysis
Time Resolution for simulation is 1ps
Compiling package std.standard
Compiling package std.textio
Compiling package ieee.std_logic_1164
Compiling package floating_point_v7_1_13.floating_point_v7_1_13_viv_comp
Compiling package ieee.numeric_std
Compiling package xbip_utils_v3_0_10.xbip_utils_v3_0_10_pkg
Compiling package axi_utils_v2_0_6.axi_utils_v2_0_6_pkg
Compiling package floating_point_v7_1_13.floating_point_v7_1_13_consts
Compiling package ieee.math_real
Compiling package floating_point_v7_1_13.floating_point_v7_1_13_exp_table...
Compiling package mult_gen_v12_0_17.mult_gen_v12_0_17_pkg
Compiling package ieee.std_logic_arith
Compiling package ieee.std_logic_signed
Compiling package floating_point_v7_1_13.floating_point_v7_1_13_pkg
Compiling package floating_point_v7_1_13.flt_utils
Compiling package xbip_pipe_v3_0_6.xbip_pipe_v3_0_6_viv_comp
Compiling package unisim.vcomponents
Compiling package ieee.vital_timing
Compiling package ieee.vital_primitives
Compiling package unisim.vpkg
Compiling package xil_defaultlib.$unit_dataflow_monitor_sv
Compiling module xil_defaultlib.accelerate_storage_RAM_AUTO_1R1W
Compiling architecture muxcy_v of entity unisim.MUXCY [muxcy_default]
Compiling architecture synth of entity xbip_pipe_v3_0_6.xbip_pipe_v3_0_6_viv [\xbip_pipe_v3_0_6_viv(c_has_ce=1...]
Compiling architecture rtl of entity floating_point_v7_1_13.delay [\delay(width=7,length=0)\]
Compiling architecture struct of entity floating_point_v7_1_13.carry_chain [\carry_chain(c_xdevicefamily="zy...]
Compiling architecture synth of entity floating_point_v7_1_13.compare_eq_im [\compare_eq_im(c_xdevicefamily="...]
Compiling architecture xorcy_v of entity unisim.XORCY [xorcy_default]
Compiling architecture struct of entity floating_point_v7_1_13.carry_chain [\carry_chain(c_xdevicefamily="zy...]
Compiling architecture synth of entity xbip_pipe_v3_0_6.xbip_pipe_v3_0_6_viv [\xbip_pipe_v3_0_6_viv(c_has_ce=1...]
Compiling architecture rtl of entity floating_point_v7_1_13.delay [\delay(length=0)\]
Compiling architecture synth of entity xbip_pipe_v3_0_6.xbip_pipe_v3_0_6_viv [\xbip_pipe_v3_0_6_viv(c_has_ce=1...]
Compiling architecture rtl of entity floating_point_v7_1_13.delay [\delay(width=24,length=0,fast_in...]
Compiling architecture synth of entity xbip_pipe_v3_0_6.xbip_pipe_v3_0_6_viv [\xbip_pipe_v3_0_6_viv(c_has_ce=1...]
Compiling architecture rtl of entity floating_point_v7_1_13.delay [\delay(width=16,length=0)\]
Compiling architecture dsp48e1_v of entity unisim.DSP48E1 [\DSP48E1(acascreg=0,adreg=0,alum...]
Compiling architecture synth of entity xbip_pipe_v3_0_6.xbip_pipe_v3_0_6_viv [\xbip_pipe_v3_0_6_viv(c_has_ce=1...]
Compiling architecture rtl of entity floating_point_v7_1_13.delay [\delay(width=4,length=0)\]
Compiling architecture synth of entity xbip_pipe_v3_0_6.xbip_pipe_v3_0_6_viv [\xbip_pipe_v3_0_6_viv(c_has_ce=1...]
Compiling architecture rtl of entity floating_point_v7_1_13.delay [\delay(width=48,length=0)\]
Compiling architecture synth of entity xbip_pipe_v3_0_6.xbip_pipe_v3_0_6_viv [\xbip_pipe_v3_0_6_viv(c_has_ce=1...]
Compiling architecture rtl of entity floating_point_v7_1_13.delay [\delay(width=24,length=0)\]
Compiling architecture rtl of entity floating_point_v7_1_13.dsp48e1_wrapper [\dsp48e1_wrapper(c_part="xc7z020...]
Compiling architecture synth of entity xbip_pipe_v3_0_6.xbip_pipe_v3_0_6_viv [\xbip_pipe_v3_0_6_viv(c_latency=...]
Compiling architecture rtl of entity floating_point_v7_1_13.delay [delay_default]
Compiling architecture synth of entity xbip_pipe_v3_0_6.xbip_pipe_v3_0_6_viv [\xbip_pipe_v3_0_6_viv(c_has_ce=1...]
Compiling architecture rtl of entity floating_point_v7_1_13.delay [\delay(width=13,length=0)\]
Compiling architecture synth of entity xbip_pipe_v3_0_6.xbip_pipe_v3_0_6_viv [\xbip_pipe_v3_0_6_viv(c_has_ce=1...]
Compiling architecture rtl of entity floating_point_v7_1_13.delay [\delay(width=27,length=0)\]
Compiling architecture synth of entity floating_point_v7_1_13.align_add_dsp48e1_sgl [\align_add_dsp48e1_sgl(c_xdevice...]
Compiling architecture lut5_v of entity unisim.LUT5 [\LUT5(init="00000000000000001111...]
Compiling architecture lut5_v of entity unisim.LUT5 [\LUT5(init="00000000000000000000...]
Compiling architecture synth of entity xbip_pipe_v3_0_6.xbip_pipe_v3_0_6_viv [\xbip_pipe_v3_0_6_viv(c_has_ce=1...]
Compiling architecture rtl of entity floating_point_v7_1_13.delay [\delay(width=5,length=0)\]
Compiling architecture rtl of entity floating_point_v7_1_13.lead_zero_encode_shift [\lead_zero_encode_shift(ab_fw=24...]
Compiling architecture synth of entity xbip_pipe_v3_0_6.xbip_pipe_v3_0_6_viv [\xbip_pipe_v3_0_6_viv(c_has_ce=1...]
Compiling architecture rtl of entity floating_point_v7_1_13.delay [\delay(width=3,length=0)\]
Compiling architecture lut6_v of entity unisim.LUT6 [\LUT6(init="11111110010101001011...]
Compiling architecture lut5_v of entity unisim.LUT5 [\LUT5(init="00010001010111110000...]
Compiling architecture lut5_v of entity unisim.LUT5 [\LUT5(init="11101110101000001111...]
Compiling architecture synth of entity xbip_pipe_v3_0_6.xbip_pipe_v3_0_6_viv [\xbip_pipe_v3_0_6_viv(c_latency=...]
Compiling architecture rtl of entity floating_point_v7_1_13.delay [\delay(width=2)\]
Compiling architecture dsp48e1_v of entity unisim.DSP48E1 [\DSP48E1(adreg=0,alumodereg=0,ca...]
Compiling architecture synth of entity xbip_pipe_v3_0_6.xbip_pipe_v3_0_6_viv [\xbip_pipe_v3_0_6_viv(c_has_ce=1...]
Compiling architecture rtl of entity floating_point_v7_1_13.delay [\delay(width=25,length=0)\]
Compiling architecture rtl of entity floating_point_v7_1_13.dsp48e1_wrapper [\dsp48e1_wrapper(a_width=24,c_wi...]
Compiling architecture rtl of entity floating_point_v7_1_13.norm_and_round_dsp48e1_sgl [\norm_and_round_dsp48e1_sgl(c_mu...]
Compiling architecture lut5_v of entity unisim.LUT5 [\LUT5(init="10011001100110011001...]
Compiling architecture lut5_v of entity unisim.LUT5 [\LUT5(init="11111111000000001111...]
Compiling architecture synth of entity xbip_pipe_v3_0_6.xbip_pipe_v3_0_6_viv [\xbip_pipe_v3_0_6_viv(c_has_ce=1...]
Compiling architecture rtl of entity floating_point_v7_1_13.delay [\delay(width=9,length=0)\]
Compiling architecture struct of entity floating_point_v7_1_13.carry_chain [\carry_chain(c_xdevicefamily="zy...]
Compiling architecture synth of entity xbip_pipe_v3_0_6.xbip_pipe_v3_0_6_viv [\xbip_pipe_v3_0_6_viv(c_has_ce=1...]
Compiling architecture rtl of entity floating_point_v7_1_13.delay [\delay(width=8,length=0)\]
Compiling architecture synth of entity xbip_pipe_v3_0_6.xbip_pipe_v3_0_6_viv [\xbip_pipe_v3_0_6_viv(c_latency=...]
Compiling architecture rtl of entity floating_point_v7_1_13.delay [\delay(width=10)\]
Compiling architecture synth of entity xbip_pipe_v3_0_6.xbip_pipe_v3_0_6_viv [\xbip_pipe_v3_0_6_viv(c_has_ce=1...]
Compiling architecture rtl of entity floating_point_v7_1_13.delay [\delay(width=4,length=0,fast_inp...]
Compiling architecture fdre_v of entity unisim.FDRE [fdre_default]
Compiling architecture fde_v of entity unisim.FDE [fde_default]
Compiling architecture struct of entity floating_point_v7_1_13.carry_chain [\carry_chain(c_xdevicefamily="zy...]
Compiling architecture synth of entity floating_point_v7_1_13.compare_eq_im [\compare_eq_im(c_xdevicefamily="...]
Compiling architecture synth of entity xbip_pipe_v3_0_6.xbip_pipe_v3_0_6_viv [\xbip_pipe_v3_0_6_viv(c_latency=...]
Compiling architecture rtl of entity floating_point_v7_1_13.delay [\delay(fast_input=true)\]
Compiling architecture rtl of entity floating_point_v7_1_13.special_detect [\special_detect(c_xdevicefamily=...]
Compiling architecture struct of entity floating_point_v7_1_13.carry_chain [\carry_chain(c_xdevicefamily="zy...]
Compiling architecture synth of entity floating_point_v7_1_13.compare_gt [\compare_gt(c_xdevicefamily="zyn...]
Compiling architecture synth of entity floating_point_v7_1_13.compare [\compare(c_xdevicefamily="zynq",...]
Compiling architecture synth of entity xbip_pipe_v3_0_6.xbip_pipe_v3_0_6_viv [\xbip_pipe_v3_0_6_viv(c_latency=...]
Compiling architecture rtl of entity floating_point_v7_1_13.delay [\delay(width=8)\]
Compiling architecture synth of entity xbip_pipe_v3_0_6.xbip_pipe_v3_0_6_viv [\xbip_pipe_v3_0_6_viv(c_latency=...]
Compiling architecture rtl of entity floating_point_v7_1_13.delay [\delay(width=9)\]
Compiling architecture synth of entity xbip_pipe_v3_0_6.xbip_pipe_v3_0_6_viv [\xbip_pipe_v3_0_6_viv(c_latency=...]
Compiling architecture rtl of entity floating_point_v7_1_13.delay [\delay(width=2,length=2,fast_inp...]
Compiling architecture synth of entity xbip_pipe_v3_0_6.xbip_pipe_v3_0_6_viv [\xbip_pipe_v3_0_6_viv(c_latency=...]
Compiling architecture rtl of entity floating_point_v7_1_13.delay [\delay(length=2,fast_input=true)...]
Compiling architecture synth of entity xbip_pipe_v3_0_6.xbip_pipe_v3_0_6_viv [\xbip_pipe_v3_0_6_viv(c_has_ce=1...]
Compiling architecture rtl of entity floating_point_v7_1_13.delay [\delay(length=0,fast_input=true)...]
Compiling architecture synth of entity xbip_pipe_v3_0_6.xbip_pipe_v3_0_6_viv [\xbip_pipe_v3_0_6_viv(c_has_ce=1...]
Compiling architecture rtl of entity floating_point_v7_1_13.delay [\delay(width=2,length=0,fast_inp...]
Compiling architecture synth of entity xbip_pipe_v3_0_6.xbip_pipe_v3_0_6_viv [\xbip_pipe_v3_0_6_viv(c_has_ce=1...]
Compiling architecture rtl of entity floating_point_v7_1_13.delay [\delay(width=12,length=0)\]
Compiling architecture rtl of entity floating_point_v7_1_13.flt_add_exp_sp [\flt_add_exp_sp(c_xdevicefamily=...]
Compiling architecture synth of entity xbip_pipe_v3_0_6.xbip_pipe_v3_0_6_viv [\xbip_pipe_v3_0_6_viv(c_latency=...]
Compiling architecture rtl of entity floating_point_v7_1_13.delay [\delay(width=23)\]
Compiling architecture synth of entity floating_point_v7_1_13.flt_dec_op [\flt_dec_op(c_xdevicefamily="zyn...]
Compiling architecture rtl of entity floating_point_v7_1_13.flt_add_dsp [\flt_add_dsp(c_xdevicefamily="zy...]
Compiling architecture rtl of entity floating_point_v7_1_13.flt_add [\flt_add(c_xdevicefamily="zynq",...]
Compiling module unisims_ver.x_lut1_mux2
Compiling module unisims_ver.LUT1
Compiling architecture synth of entity xbip_pipe_v3_0_6.xbip_pipe_v3_0_6_viv [\xbip_pipe_v3_0_6_viv(c_latency=...]
Compiling architecture synth of entity xbip_pipe_v3_0_6.xbip_pipe_v3_0_6_viv [\xbip_pipe_v3_0_6_viv(c_has_ce=1...]
Compiling architecture rtl of entity floating_point_v7_1_13.delay [\delay(width=32,length=0)\]
Compiling architecture xilinx of entity floating_point_v7_1_13.floating_point_v7_1_13_viv [\floating_point_v7_1_13_viv(c_xd...]
Compiling architecture xilinx of entity floating_point_v7_1_13.floating_point_v7_1_13 [\floating_point_v7_1_13(c_xdevic...]
Compiling module xil_defaultlib.accelerate_fadd_32ns_32ns_32_5_f...
Compiling module xil_defaultlib.accelerate_fadd_32ns_32ns_32_5_f...
Compiling module xil_defaultlib.accelerate_reduce
Compiling module xil_defaultlib.accelerate_fadd_32ns_32ns_32_5_f...
Compiling module xil_defaultlib.accelerate_fadd_32ns_32ns_32_5_f...
Compiling architecture dsp48e1_v of entity unisim.DSP48E1 [\DSP48E1(acascreg=0,adreg=0,alum...]
Compiling architecture synth of entity xbip_pipe_v3_0_6.xbip_pipe_v3_0_6_viv [\xbip_pipe_v3_0_6_viv(c_has_ce=1...]
Compiling architecture rtl of entity floating_point_v7_1_13.delay [\delay(width=17,length=0)\]
Compiling architecture rtl of entity floating_point_v7_1_13.dsp48e1_wrapper [\dsp48e1_wrapper(a_width=24,b_wi...]
Compiling architecture dsp48e1_v of entity unisim.DSP48E1 [\DSP48E1(acascreg=0,adreg=0,alum...]
Compiling architecture rtl of entity floating_point_v7_1_13.dsp48e1_wrapper [\dsp48e1_wrapper(a_width=24,b_wi...]
Compiling architecture struct of entity floating_point_v7_1_13.fix_mult_dsp48e1_sgl [\fix_mult_dsp48e1_sgl(registers=...]
Compiling architecture rtl of entity floating_point_v7_1_13.fix_mult [\fix_mult(c_xdevicefamily="zynq"...]
Compiling architecture synth of entity xbip_pipe_v3_0_6.xbip_pipe_v3_0_6_viv [\xbip_pipe_v3_0_6_viv(c_has_ce=1...]
Compiling architecture rtl of entity floating_point_v7_1_13.delay [\delay(width=8,length=0,fast_inp...]
Compiling architecture struct of entity floating_point_v7_1_13.carry_chain [\carry_chain(c_xdevicefamily="zy...]
Compiling architecture struct of entity floating_point_v7_1_13.carry_chain [\carry_chain(c_xdevicefamily="zy...]
Compiling architecture synth of entity floating_point_v7_1_13.compare_eq_im [\compare_eq_im(c_xdevicefamily="...]
Compiling architecture rtl of entity floating_point_v7_1_13.special_detect [\special_detect(c_xdevicefamily=...]
Compiling architecture synth of entity xbip_pipe_v3_0_6.xbip_pipe_v3_0_6_viv [\xbip_pipe_v3_0_6_viv(c_latency=...]
Compiling architecture rtl of entity floating_point_v7_1_13.delay [\delay(width=2,fast_input=true)\]
Compiling architecture synth of entity xbip_pipe_v3_0_6.xbip_pipe_v3_0_6_viv [\xbip_pipe_v3_0_6_viv(c_latency=...]
Compiling architecture rtl of entity floating_point_v7_1_13.delay [\delay(width=4,fast_input=true)\]
Compiling architecture synth of entity xbip_pipe_v3_0_6.xbip_pipe_v3_0_6_viv [\xbip_pipe_v3_0_6_viv(c_has_ce=1...]
Compiling architecture rtl of entity floating_point_v7_1_13.delay [\delay(width=3,length=0,fast_inp...]
Compiling architecture synth of entity xbip_pipe_v3_0_6.xbip_pipe_v3_0_6_viv [\xbip_pipe_v3_0_6_viv(c_has_ce=1...]
Compiling architecture rtl of entity floating_point_v7_1_13.delay [\delay(width=14,length=0)\]
Compiling architecture rtl of entity floating_point_v7_1_13.flt_mult_exp [\flt_mult_exp(c_xdevicefamily="z...]
Compiling architecture dsp48e1_v of entity unisim.DSP48E1 [\DSP48E1(acascreg=0,adreg=0,alum...]
Compiling architecture synth of entity xbip_pipe_v3_0_6.xbip_pipe_v3_0_6_viv [\xbip_pipe_v3_0_6_viv(c_has_ce=1...]
Compiling architecture rtl of entity floating_point_v7_1_13.delay [\delay(width=30,length=0)\]
Compiling architecture synth of entity xbip_pipe_v3_0_6.xbip_pipe_v3_0_6_viv [\xbip_pipe_v3_0_6_viv(c_has_ce=1...]
Compiling architecture rtl of entity floating_point_v7_1_13.delay [\delay(width=18,length=0)\]
Compiling architecture rtl of entity floating_point_v7_1_13.dsp48e1_wrapper [\dsp48e1_wrapper(a_width=30,b_wi...]
Compiling architecture struct of entity floating_point_v7_1_13.flt_round_dsp_opt_full [\flt_round_dsp_opt_full(c_xdevic...]
Compiling architecture rtl of entity floating_point_v7_1_13.flt_mult_round [\flt_mult_round(c_xdevicefamily=...]
Compiling architecture synth of entity floating_point_v7_1_13.flt_dec_op_lat [\flt_dec_op_lat(c_xdevicefamily=...]
Compiling architecture rtl of entity floating_point_v7_1_13.flt_mult [\flt_mult(c_xdevicefamily="zynq"...]
Compiling architecture xilinx of entity floating_point_v7_1_13.floating_point_v7_1_13_viv [\floating_point_v7_1_13_viv(c_xd...]
Compiling architecture xilinx of entity floating_point_v7_1_13.floating_point_v7_1_13 [\floating_point_v7_1_13(c_xdevic...]
Compiling module xil_defaultlib.accelerate_fmul_32ns_32ns_32_4_m...
Compiling module xil_defaultlib.accelerate_fmul_32ns_32ns_32_4_m...
Compiling module xil_defaultlib.accelerate
Compiling module xil_defaultlib.AESL_automem_subrow_vals
Compiling module xil_defaultlib.AESL_automem_subrow_col_indices
Compiling module xil_defaultlib.AESL_automem_mult_enables
Compiling module xil_defaultlib.AESL_automem_init_vector
Compiling module xil_defaultlib.nodf_module_intf
Compiling module xil_defaultlib.dataflow_monitor_1
Compiling module xil_defaultlib.apatb_accelerate_top
Compiling module work.glbl
Built simulation snapshot accelerate

****** xsim v2021.2 (64-bit)
  **** SW Build 3367213 on Tue Oct 19 02:47:39 MDT 2021
  **** IP Build 3369179 on Thu Oct 21 08:25:16 MDT 2021
    ** Copyright 1986-2021 Xilinx, Inc. All Rights Reserved.

source xsim.dir/accelerate/xsim_script.tcl
# xsim {accelerate} -autoloadwcfg -tclbatch {accelerate.tcl}
Time resolution is 1 ps
source accelerate.tcl
## run all
////////////////////////////////////////////////////////////////////////////////////
// Inter-Transaction Progress: Completed Transaction / Total Transaction
// Intra-Transaction Progress: Measured Latency / Latency Estimation * 100%
//
// RTL Simulation : "Inter-Transaction Progress" ["Intra-Transaction Progress"] @ "Simulation Time"
////////////////////////////////////////////////////////////////////////////////////
// RTL Simulation : 0 / 26 [0.00%] @ "125000"
// RTL Simulation : 1 / 26 [66.67%] @ "565000"
// RTL Simulation : 2 / 26 [66.67%] @ "705000"
// RTL Simulation : 3 / 26 [66.67%] @ "845000"
// RTL Simulation : 4 / 26 [66.67%] @ "985000"
// RTL Simulation : 5 / 26 [66.67%] @ "1125000"
// RTL Simulation : 6 / 26 [66.67%] @ "1265000"
// RTL Simulation : 7 / 26 [66.67%] @ "1405000"
// RTL Simulation : 8 / 26 [66.67%] @ "1545000"
// RTL Simulation : 9 / 26 [66.67%] @ "1685000"
// RTL Simulation : 10 / 26 [66.67%] @ "1825000"
// RTL Simulation : 11 / 26 [66.67%] @ "1965000"
// RTL Simulation : 12 / 26 [66.67%] @ "2105000"
// RTL Simulation : 13 / 26 [66.67%] @ "2245000"
// RTL Simulation : 14 / 26 [66.67%] @ "2385000"
// RTL Simulation : 15 / 26 [66.67%] @ "2525000"
// RTL Simulation : 16 / 26 [66.67%] @ "2665000"
// RTL Simulation : 17 / 26 [66.67%] @ "2805000"
// RTL Simulation : 18 / 26 [66.67%] @ "2945000"
// RTL Simulation : 19 / 26 [66.67%] @ "3085000"
// RTL Simulation : 20 / 26 [66.67%] @ "3225000"
// RTL Simulation : 21 / 26 [66.67%] @ "3365000"
// RTL Simulation : 22 / 26 [66.67%] @ "3505000"
// RTL Simulation : 23 / 26 [66.67%] @ "3645000"
// RTL Simulation : 24 / 26 [66.67%] @ "3785000"
// RTL Simulation : 25 / 26 [66.67%] @ "3925000"
// RTL Simulation : 26 / 26 [100.00%] @ "4065000"
////////////////////////////////////////////////////////////////////////////////////
$finish called at time : 4125 ns : File "/home/akileshkannan/SPMV_CSR/solution2/sim/verilog/accelerate.autotb.v" Line 584
## quit
INFO: [Common 17-206] Exiting xsim at Mon May 16 14:06:47 2022...
x[0] = 1.000000
x[1] = 1.000000
x[2] = 1.000000
x[3] = 1.000000
x[4] = 1.000000
x[5] = 1.000000
x[6] = 1.000000
x[7] = 1.000000
x[8] = 1.000000
x[9] = 1.000000
x[10] = 1.000000
x[11] = 1.000000
x[12] = 1.000000
x[13] = 1.000000
x[14] = 1.000000
x[15] = 1.000000
x[16] = 1.000000
x[17] = 1.000000
x[18] = 1.000000
x[19] = 1.000000
x[20] = 1.000000
x[21] = 1.000000
x[22] = 1.000000
curr_row: 0
curr_row_len: 1
curr_num_subrows: 1
curr_subrow_elements[0] = 1.000000
curr_subrow_mult_enables[0] = true
curr_subrow_indices[0] = 20
curr_subrow_elements[1] = 0.000000
curr_subrow_mult_enables[1] = false
curr_subrow_indices[1] = 0
curr_subrow_elements[2] = 0.000000
curr_subrow_mult_enables[2] = false
curr_subrow_indices[2] = 0
curr_subrow_elements[3] = 0.000000
curr_subrow_mult_enables[3] = false
curr_subrow_indices[3] = 0
curr_label = 1
curr_row: 1
curr_row_len: 4
curr_num_subrows: 1
curr_subrow_elements[0] = 1.000000
curr_subrow_mult_enables[0] = true
curr_subrow_indices[0] = 6
curr_subrow_elements[1] = 2.000000
curr_subrow_mult_enables[1] = true
curr_subrow_indices[1] = 10
curr_subrow_elements[2] = 2.000000
curr_subrow_mult_enables[2] = true
curr_subrow_indices[2] = 12
curr_subrow_elements[3] = 1.000000
curr_subrow_mult_enables[3] = true
curr_subrow_indices[3] = 20
curr_label = 1
curr_row: 2
curr_row_len: 1
curr_num_subrows: 1
curr_subrow_elements[0] = 2.000000
curr_subrow_mult_enables[0] = true
curr_subrow_indices[0] = 20
curr_subrow_elements[1] = 0.000000
curr_subrow_mult_enables[1] = false
curr_subrow_indices[1] = 0
curr_subrow_elements[2] = 0.000000
curr_subrow_mult_enables[2] = false
curr_subrow_indices[2] = 0
curr_subrow_elements[3] = 0.000000
curr_subrow_mult_enables[3] = false
curr_subrow_indices[3] = 0
curr_label = 1
curr_row: 3
curr_row_len: 2
curr_num_subrows: 1
curr_subrow_elements[0] = 1.000000
curr_subrow_mult_enables[0] = true
curr_subrow_indices[0] = 1
curr_subrow_elements[1] = 1.000000
curr_subrow_mult_enables[1] = true
curr_subrow_indices[1] = 22
curr_subrow_elements[2] = 0.000000
curr_subrow_mult_enables[2] = false
curr_subrow_indices[2] = 0
curr_subrow_elements[3] = 0.000000
curr_subrow_mult_enables[3] = false
curr_subrow_indices[3] = 0
curr_label = 1
curr_row: 4
curr_row_len: 1
curr_num_subrows: 1
curr_subrow_elements[0] = 1.000000
curr_subrow_mult_enables[0] = true
curr_subrow_indices[0] = 12
curr_subrow_elements[1] = 0.000000
curr_subrow_mult_enables[1] = false
curr_subrow_indices[1] = 0
curr_subrow_elements[2] = 0.000000
curr_subrow_mult_enables[2] = false
curr_subrow_indices[2] = 0
curr_subrow_elements[3] = 0.000000
curr_subrow_mult_enables[3] = false
curr_subrow_indices[3] = 0
curr_label = 1
curr_row: 5
curr_row_len: 5
curr_num_subrows: 2
curr_subrow_elements[0] = 1.000000
curr_subrow_mult_enables[0] = true
curr_subrow_indices[0] = 6
curr_subrow_elements[1] = 1.000000
curr_subrow_mult_enables[1] = true
curr_subrow_indices[1] = 12
curr_subrow_elements[2] = 1.000000
curr_subrow_mult_enables[2] = true
curr_subrow_indices[2] = 13
curr_subrow_elements[3] = 1.000000
curr_subrow_mult_enables[3] = true
curr_subrow_indices[3] = 18
curr_label = 2
curr_subrow_elements[0] = 1.000000
curr_subrow_mult_enables[0] = true
curr_subrow_indices[0] = 20
curr_subrow_elements[1] = 0.000000
curr_subrow_mult_enables[1] = false
curr_subrow_indices[1] = 0
curr_subrow_elements[2] = 0.000000
curr_subrow_mult_enables[2] = false
curr_subrow_indices[2] = 0
curr_subrow_elements[3] = 0.000000
curr_subrow_mult_enables[3] = false
curr_subrow_indices[3] = 0
curr_label = 1
curr_row: 6
curr_row_len: 4
curr_num_subrows: 1
curr_subrow_elements[0] = 1.000000
curr_subrow_mult_enables[0] = true
curr_subrow_indices[0] = 1
curr_subrow_elements[1] = 1.000000
curr_subrow_mult_enables[1] = true
curr_subrow_indices[1] = 5
curr_subrow_elements[2] = 1.000000
curr_subrow_mult_enables[2] = true
curr_subrow_indices[2] = 12
curr_subrow_elements[3] = 1.000000
curr_subrow_mult_enables[3] = true
curr_subrow_indices[3] = 20
curr_label = 1
curr_row: 7
curr_row_len: 5
curr_num_subrows: 2
curr_subrow_elements[0] = 1.000000
curr_subrow_mult_enables[0] = true
curr_subrow_indices[0] = 1
curr_subrow_elements[1] = 2.000000
curr_subrow_mult_enables[1] = true
curr_subrow_indices[1] = 2
curr_subrow_elements[2] = 1.000000
curr_subrow_mult_enables[2] = true
curr_subrow_indices[2] = 6
curr_subrow_elements[3] = 4.000000
curr_subrow_mult_enables[3] = true
curr_subrow_indices[3] = 15
curr_label = 2
curr_subrow_elements[0] = 1.000000
curr_subrow_mult_enables[0] = true
curr_subrow_indices[0] = 22
curr_subrow_elements[1] = 0.000000
curr_subrow_mult_enables[1] = false
curr_subrow_indices[1] = 0
curr_subrow_elements[2] = 0.000000
curr_subrow_mult_enables[2] = false
curr_subrow_indices[2] = 0
curr_subrow_elements[3] = 0.000000
curr_subrow_mult_enables[3] = false
curr_subrow_indices[3] = 0
curr_label = 1
curr_row: 8
curr_row_len: 5
curr_num_subrows: 2
curr_subrow_elements[0] = 1.000000
curr_subrow_mult_enables[0] = true
curr_subrow_indices[0] = 1
curr_subrow_elements[1] = 1.000000
curr_subrow_mult_enables[1] = true
curr_subrow_indices[1] = 7
curr_subrow_elements[2] = 1.000000
curr_subrow_mult_enables[2] = true
curr_subrow_indices[2] = 9
curr_subrow_elements[3] = 1.000000
curr_subrow_mult_enables[3] = true
curr_subrow_indices[3] = 13
curr_label = 2
curr_subrow_elements[0] = 1.000000
curr_subrow_mult_enables[0] = true
curr_subrow_indices[0] = 18
curr_subrow_elements[1] = 0.000000
curr_subrow_mult_enables[1] = false
curr_subrow_indices[1] = 0
curr_subrow_elements[2] = 0.000000
curr_subrow_mult_enables[2] = false
curr_subrow_indices[2] = 0
curr_subrow_elements[3] = 0.000000
curr_subrow_mult_enables[3] = false
curr_subrow_indices[3] = 0
curr_label = 1
curr_row: 9
curr_row_len: 1
curr_num_subrows: 1
curr_subrow_elements[0] = 1.000000
curr_subrow_mult_enables[0] = true
curr_subrow_indices[0] = 1
curr_subrow_elements[1] = 0.000000
curr_subrow_mult_enables[1] = false
curr_subrow_indices[1] = 0
curr_subrow_elements[2] = 0.000000
curr_subrow_mult_enables[2] = false
curr_subrow_indices[2] = 0
curr_subrow_elements[3] = 0.000000
curr_subrow_mult_enables[3] = false
curr_subrow_indices[3] = 0
curr_label = 1
curr_row: 10
curr_row_len: 7
curr_num_subrows: 2
curr_subrow_elements[0] = 1.000000
curr_subrow_mult_enables[0] = true
curr_subrow_indices[0] = 0
curr_subrow_elements[1] = 2.000000
curr_subrow_mult_enables[1] = true
curr_subrow_indices[1] = 1
curr_subrow_elements[2] = 1.000000
curr_subrow_mult_enables[2] = true
curr_subrow_indices[2] = 2
curr_subrow_elements[3] = 2.000000
curr_subrow_mult_enables[3] = true
curr_subrow_indices[3] = 10
curr_label = 2
curr_subrow_elements[0] = 2.000000
curr_subrow_mult_enables[0] = true
curr_subrow_indices[0] = 11
curr_subrow_elements[1] = 2.000000
curr_subrow_mult_enables[1] = true
curr_subrow_indices[1] = 20
curr_subrow_elements[2] = 1.000000
curr_subrow_mult_enables[2] = true
curr_subrow_indices[2] = 21
curr_subrow_elements[3] = 0.000000
curr_subrow_mult_enables[3] = false
curr_subrow_indices[3] = 0
curr_label = 1
curr_row: 11
curr_row_len: 3
curr_num_subrows: 1
curr_subrow_elements[0] = 1.000000
curr_subrow_mult_enables[0] = true
curr_subrow_indices[0] = 10
curr_subrow_elements[1] = 1.000000
curr_subrow_mult_enables[1] = true
curr_subrow_indices[1] = 15
curr_subrow_elements[2] = 3.000000
curr_subrow_mult_enables[2] = true
curr_subrow_indices[2] = 20
curr_subrow_elements[3] = 0.000000
curr_subrow_mult_enables[3] = false
curr_subrow_indices[3] = 0
curr_label = 1
curr_row: 12
curr_row_len: 3
curr_num_subrows: 1
curr_subrow_elements[0] = 1.000000
curr_subrow_mult_enables[0] = true
curr_subrow_indices[0] = 5
curr_subrow_elements[1] = 1.000000
curr_subrow_mult_enables[1] = true
curr_subrow_indices[1] = 8
curr_subrow_elements[2] = 1.000000
curr_subrow_mult_enables[2] = true
curr_subrow_indices[2] = 22
curr_subrow_elements[3] = 0.000000
curr_subrow_mult_enables[3] = false
curr_subrow_indices[3] = 0
curr_label = 1
curr_row: 13
curr_row_len: 0
curr_num_subrows: 0
curr_row: 14
curr_row_len: 1
curr_num_subrows: 1
curr_subrow_elements[0] = 1.000000
curr_subrow_mult_enables[0] = true
curr_subrow_indices[0] = 1
curr_subrow_elements[1] = 0.000000
curr_subrow_mult_enables[1] = false
curr_subrow_indices[1] = 0
curr_subrow_elements[2] = 0.000000
curr_subrow_mult_enables[2] = false
curr_subrow_indices[2] = 0
curr_subrow_elements[3] = 0.000000
curr_subrow_mult_enables[3] = false
curr_subrow_indices[3] = 0
curr_label = 1
curr_row: 15
curr_row_len: 4
curr_num_subrows: 1
curr_subrow_elements[0] = 2.000000
curr_subrow_mult_enables[0] = true
curr_subrow_indices[0] = 2
curr_subrow_elements[1] = 1.000000
curr_subrow_mult_enables[1] = true
curr_subrow_indices[1] = 10
curr_subrow_elements[2] = 1.000000
curr_subrow_mult_enables[2] = true
curr_subrow_indices[2] = 15
curr_subrow_elements[3] = 1.000000
curr_subrow_mult_enables[3] = true
curr_subrow_indices[3] = 20
curr_label = 1
curr_row: 16
curr_row_len: 4
curr_num_subrows: 1
curr_subrow_elements[0] = 1.000000
curr_subrow_mult_enables[0] = true
curr_subrow_indices[0] = 1
curr_subrow_elements[1] = 1.000000
curr_subrow_mult_enables[1] = true
curr_subrow_indices[1] = 2
curr_subrow_elements[2] = 1.000000
curr_subrow_mult_enables[2] = true
curr_subrow_indices[2] = 10
curr_subrow_elements[3] = 1.000000
curr_subrow_mult_enables[3] = true
curr_subrow_indices[3] = 20
curr_label = 1
curr_row: 17
curr_row_len: 2
curr_num_subrows: 1
curr_subrow_elements[0] = 1.000000
curr_subrow_mult_enables[0] = true
curr_subrow_indices[0] = 11
curr_subrow_elements[1] = 1.000000
curr_subrow_mult_enables[1] = true
curr_subrow_indices[1] = 22
curr_subrow_elements[2] = 0.000000
curr_subrow_mult_enables[2] = false
curr_subrow_indices[2] = 0
curr_subrow_elements[3] = 0.000000
curr_subrow_mult_enables[3] = false
curr_subrow_indices[3] = 0
curr_label = 1
curr_row: 18
curr_row_len: 1
curr_num_subrows: 1
curr_subrow_elements[0] = 1.000000
curr_subrow_mult_enables[0] = true
curr_subrow_indices[0] = 8
curr_subrow_elements[1] = 0.000000
curr_subrow_mult_enables[1] = false
curr_subrow_indices[1] = 0
curr_subrow_elements[2] = 0.000000
curr_subrow_mult_enables[2] = false
curr_subrow_indices[2] = 0
curr_subrow_elements[3] = 0.000000
curr_subrow_mult_enables[3] = false
curr_subrow_indices[3] = 0
curr_label = 1
curr_row: 19
curr_row_len: 0
curr_num_subrows: 0
curr_row: 20
curr_row_len: 6
curr_num_subrows: 2
curr_subrow_elements[0] = 2.000000
curr_subrow_mult_enables[0] = true
curr_subrow_indices[0] = 1
curr_subrow_elements[1] = 1.000000
curr_subrow_mult_enables[1] = true
curr_subrow_indices[1] = 2
curr_subrow_elements[2] = 1.000000
curr_subrow_mult_enables[2] = true
curr_subrow_indices[2] = 10
curr_subrow_elements[3] = 1.000000
curr_subrow_mult_enables[3] = true
curr_subrow_indices[3] = 19
curr_label = 2
curr_subrow_elements[0] = 1.000000
curr_subrow_mult_enables[0] = true
curr_subrow_indices[0] = 20
curr_subrow_elements[1] = 1.000000
curr_subrow_mult_enables[1] = true
curr_subrow_indices[1] = 22
curr_subrow_elements[2] = 0.000000
curr_subrow_mult_enables[2] = false
curr_subrow_indices[2] = 0
curr_subrow_elements[3] = 0.000000
curr_subrow_mult_enables[3] = false
curr_subrow_indices[3] = 0
curr_label = 1
curr_row: 21
curr_row_len: 1
curr_num_subrows: 1
curr_subrow_elements[0] = 1.000000
curr_subrow_mult_enables[0] = true
curr_subrow_indices[0] = 20
curr_subrow_elements[1] = 0.000000
curr_subrow_mult_enables[1] = false
curr_subrow_indices[1] = 0
curr_subrow_elements[2] = 0.000000
curr_subrow_mult_enables[2] = false
curr_subrow_indices[2] = 0
curr_subrow_elements[3] = 0.000000
curr_subrow_mult_enables[3] = false
curr_subrow_indices[3] = 0
curr_label = 1
curr_row: 22
curr_row_len: 3
curr_num_subrows: 1
curr_subrow_elements[0] = 1.000000
curr_subrow_mult_enables[0] = true
curr_subrow_indices[0] = 1
curr_subrow_elements[1] = 2.000000
curr_subrow_mult_enables[1] = true
curr_subrow_indices[1] = 8
curr_subrow_elements[2] = 1.000000
curr_subrow_mult_enables[2] = true
curr_subrow_indices[2] = 20
curr_subrow_elements[3] = 0.000000
curr_subrow_mult_enables[3] = false
curr_subrow_indices[3] = 0
curr_label = 1
vector_y[0] = 1.000000
vector_y[1] = 6.000000
vector_y[2] = 2.000000
vector_y[3] = 2.000000
vector_y[4] = 1.000000
vector_y[5] = 5.000000
vector_y[6] = 4.000000
vector_y[7] = 9.000000
vector_y[8] = 5.000000
vector_y[9] = 1.000000
vector_y[10] = 11.000000
vector_y[11] = 5.000000
vector_y[12] = 3.000000
vector_y[13] = 0.000000
vector_y[14] = 1.000000
vector_y[15] = 5.000000
vector_y[16] = 4.000000
vector_y[17] = 2.000000
vector_y[18] = 1.000000
vector_y[19] = 0.000000
vector_y[20] = 7.000000
vector_y[21] = 1.000000
vector_y[22] = 4.000000
