

================================================================
== Vitis HLS Report for 'accelerate'
================================================================
* Date:           Sat May 14 21:00:05 2022

* Version:        2021.2 (Build 3367213 on Tue Oct 19 02:47:39 MDT 2021)
* Project:        SPMV_CSR
* Solution:       solution1 (Vivado IP Flow Target)
* Product family: zynq
* Target device:  xc7z020-clg400-1


================================================================
== Performance Estimates
================================================================
+ Timing: 
    * Summary: 
    +--------+----------+----------+------------+
    |  Clock |  Target  | Estimated| Uncertainty|
    +--------+----------+----------+------------+
    |ap_clk  |  10.00 ns|  6.923 ns|     2.70 ns|
    +--------+----------+----------+------------+

+ Latency: 
    * Summary: 
    +---------+---------+-----------+-----------+-----+-----+---------+
    |  Latency (cycles) |   Latency (absolute)  |  Interval | Pipeline|
    |   min   |   max   |    min    |    max    | min | max |   Type  |
    +---------+---------+-----------+-----------+-----+-----+---------+
    |        6|        6|  60.000 ns|  60.000 ns|    1|    1|      yes|
    +---------+---------+-----------+-----------+-----+-----+---------+

    + Detail: 
        * Instance: 
        N/A

        * Loop: 
        N/A

============================================================
+ Verbose Summary: Synthesis Manager
============================================================
InlineROM: 1
ExposeGlobal: 0
============================================================
+ Verbose Summary: CDFG Model
============================================================
IsTopModel: 1
ResetActiveHigh: 1
IsCombinational: 0
IsDatapathOnly: 0
HasWiredReturn: 1
HasMFsm: 2
HasVarLatency: 0
IsPipeline: 1
IsRtlPipelined: 1
IsInstanceOverlapped: 0
IsDontTouch: 0
HasImplIP: 0
IsGatedGlobalClock: 0

+ Individual pipeline summary: 
  * Pipeline-0: initiation interval (II) = 1, depth = 7


============================================================
+ Verbose Summary: Schedule
============================================================
* Number of FSM states : 7
* Pipeline : 1
  Pipeline-0 : II = 1, D = 7, States = { 1 2 3 4 5 6 7 }
* Dataflow Pipeline: 0

* FSM state transitions: 
1 --> 2 
2 --> 3 
3 --> 4 
4 --> 5 
5 --> 6 
6 --> 7 
7 --> 

* FSM state operations: 

State 1 <SV = 0> <Delay = 4.78>
ST_1 : Operation 8 [1/1] (0.00ns)   --->   "%specpipeline_ln0 = specpipeline void @_ssdm_op_SpecPipeline, i32 4294967295, i32 0, i32 0, i32 0, void @empty_0"   --->   Operation 8 'specpipeline' 'specpipeline_ln0' <Predicate = true> <Delay = 0.00>
ST_1 : Operation 9 [1/1] (0.00ns)   --->   "%spectopmodule_ln0 = spectopmodule void @_ssdm_op_SpecTopModule, void @empty_1"   --->   Operation 9 'spectopmodule' 'spectopmodule_ln0' <Predicate = true> <Delay = 0.00>
ST_1 : Operation 10 [1/1] (0.00ns)   --->   "%specbitsmap_ln0 = specbitsmap void @_ssdm_op_SpecBitsMap, i32 %out_r"   --->   Operation 10 'specbitsmap' 'specbitsmap_ln0' <Predicate = true> <Delay = 0.00>
ST_1 : Operation 11 [1/1] (0.00ns)   --->   "%specinterface_ln0 = specinterface void @_ssdm_op_SpecInterface, i32 %out_r, void @empty, i32 0, i32 0, void @empty_0, i32 0, i32 0, void @empty_0, void @empty_0, void @empty_0, i32 0, i32 0, i32 0, i32 0, void @empty_0, void @empty_0"   --->   Operation 11 'specinterface' 'specinterface_ln0' <Predicate = true> <Delay = 0.00>
ST_1 : Operation 12 [1/1] (0.00ns)   --->   "%specbitsmap_ln0 = specbitsmap void @_ssdm_op_SpecBitsMap, i32 %subrow_vals_0"   --->   Operation 12 'specbitsmap' 'specbitsmap_ln0' <Predicate = true> <Delay = 0.00>
ST_1 : Operation 13 [1/1] (0.00ns)   --->   "%specinterface_ln0 = specinterface void @_ssdm_op_SpecInterface, i32 %subrow_vals_0, void @empty, i32 0, i32 0, void @empty_0, i32 0, i32 0, void @empty_0, void @empty_0, void @empty_0, i32 0, i32 0, i32 0, i32 0, void @empty_0, void @empty_0"   --->   Operation 13 'specinterface' 'specinterface_ln0' <Predicate = true> <Delay = 0.00>
ST_1 : Operation 14 [1/1] (0.00ns)   --->   "%specbitsmap_ln0 = specbitsmap void @_ssdm_op_SpecBitsMap, i32 %subrow_vals_1"   --->   Operation 14 'specbitsmap' 'specbitsmap_ln0' <Predicate = true> <Delay = 0.00>
ST_1 : Operation 15 [1/1] (0.00ns)   --->   "%specinterface_ln0 = specinterface void @_ssdm_op_SpecInterface, i32 %subrow_vals_1, void @empty, i32 0, i32 0, void @empty_0, i32 0, i32 0, void @empty_0, void @empty_0, void @empty_0, i32 0, i32 0, i32 0, i32 0, void @empty_0, void @empty_0"   --->   Operation 15 'specinterface' 'specinterface_ln0' <Predicate = true> <Delay = 0.00>
ST_1 : Operation 16 [1/1] (0.00ns)   --->   "%specbitsmap_ln0 = specbitsmap void @_ssdm_op_SpecBitsMap, i32 %subrow_vals_2"   --->   Operation 16 'specbitsmap' 'specbitsmap_ln0' <Predicate = true> <Delay = 0.00>
ST_1 : Operation 17 [1/1] (0.00ns)   --->   "%specinterface_ln0 = specinterface void @_ssdm_op_SpecInterface, i32 %subrow_vals_2, void @empty, i32 0, i32 0, void @empty_0, i32 0, i32 0, void @empty_0, void @empty_0, void @empty_0, i32 0, i32 0, i32 0, i32 0, void @empty_0, void @empty_0"   --->   Operation 17 'specinterface' 'specinterface_ln0' <Predicate = true> <Delay = 0.00>
ST_1 : Operation 18 [1/1] (0.00ns)   --->   "%specbitsmap_ln0 = specbitsmap void @_ssdm_op_SpecBitsMap, i32 %subrow_vals_3"   --->   Operation 18 'specbitsmap' 'specbitsmap_ln0' <Predicate = true> <Delay = 0.00>
ST_1 : Operation 19 [1/1] (0.00ns)   --->   "%specinterface_ln0 = specinterface void @_ssdm_op_SpecInterface, i32 %subrow_vals_3, void @empty, i32 0, i32 0, void @empty_0, i32 0, i32 0, void @empty_0, void @empty_0, void @empty_0, i32 0, i32 0, i32 0, i32 0, void @empty_0, void @empty_0"   --->   Operation 19 'specinterface' 'specinterface_ln0' <Predicate = true> <Delay = 0.00>
ST_1 : Operation 20 [1/1] (0.00ns)   --->   "%specbitsmap_ln0 = specbitsmap void @_ssdm_op_SpecBitsMap, i32 %subrow_col_indices_0"   --->   Operation 20 'specbitsmap' 'specbitsmap_ln0' <Predicate = true> <Delay = 0.00>
ST_1 : Operation 21 [1/1] (0.00ns)   --->   "%specinterface_ln0 = specinterface void @_ssdm_op_SpecInterface, i32 %subrow_col_indices_0, void @empty, i32 0, i32 0, void @empty_0, i32 0, i32 0, void @empty_0, void @empty_0, void @empty_0, i32 0, i32 0, i32 0, i32 0, void @empty_0, void @empty_0"   --->   Operation 21 'specinterface' 'specinterface_ln0' <Predicate = true> <Delay = 0.00>
ST_1 : Operation 22 [1/1] (0.00ns)   --->   "%specbitsmap_ln0 = specbitsmap void @_ssdm_op_SpecBitsMap, i32 %subrow_col_indices_1"   --->   Operation 22 'specbitsmap' 'specbitsmap_ln0' <Predicate = true> <Delay = 0.00>
ST_1 : Operation 23 [1/1] (0.00ns)   --->   "%specinterface_ln0 = specinterface void @_ssdm_op_SpecInterface, i32 %subrow_col_indices_1, void @empty, i32 0, i32 0, void @empty_0, i32 0, i32 0, void @empty_0, void @empty_0, void @empty_0, i32 0, i32 0, i32 0, i32 0, void @empty_0, void @empty_0"   --->   Operation 23 'specinterface' 'specinterface_ln0' <Predicate = true> <Delay = 0.00>
ST_1 : Operation 24 [1/1] (0.00ns)   --->   "%specbitsmap_ln0 = specbitsmap void @_ssdm_op_SpecBitsMap, i32 %subrow_col_indices_2"   --->   Operation 24 'specbitsmap' 'specbitsmap_ln0' <Predicate = true> <Delay = 0.00>
ST_1 : Operation 25 [1/1] (0.00ns)   --->   "%specinterface_ln0 = specinterface void @_ssdm_op_SpecInterface, i32 %subrow_col_indices_2, void @empty, i32 0, i32 0, void @empty_0, i32 0, i32 0, void @empty_0, void @empty_0, void @empty_0, i32 0, i32 0, i32 0, i32 0, void @empty_0, void @empty_0"   --->   Operation 25 'specinterface' 'specinterface_ln0' <Predicate = true> <Delay = 0.00>
ST_1 : Operation 26 [1/1] (0.00ns)   --->   "%specbitsmap_ln0 = specbitsmap void @_ssdm_op_SpecBitsMap, i32 %subrow_col_indices_3"   --->   Operation 26 'specbitsmap' 'specbitsmap_ln0' <Predicate = true> <Delay = 0.00>
ST_1 : Operation 27 [1/1] (0.00ns)   --->   "%specinterface_ln0 = specinterface void @_ssdm_op_SpecInterface, i32 %subrow_col_indices_3, void @empty, i32 0, i32 0, void @empty_0, i32 0, i32 0, void @empty_0, void @empty_0, void @empty_0, i32 0, i32 0, i32 0, i32 0, void @empty_0, void @empty_0"   --->   Operation 27 'specinterface' 'specinterface_ln0' <Predicate = true> <Delay = 0.00>
ST_1 : Operation 28 [1/1] (0.00ns)   --->   "%specbitsmap_ln0 = specbitsmap void @_ssdm_op_SpecBitsMap, i1 %mult_enables_0"   --->   Operation 28 'specbitsmap' 'specbitsmap_ln0' <Predicate = true> <Delay = 0.00>
ST_1 : Operation 29 [1/1] (0.00ns)   --->   "%specinterface_ln0 = specinterface void @_ssdm_op_SpecInterface, i1 %mult_enables_0, void @empty, i32 0, i32 0, void @empty_0, i32 0, i32 0, void @empty_0, void @empty_0, void @empty_0, i32 0, i32 0, i32 0, i32 0, void @empty_0, void @empty_0"   --->   Operation 29 'specinterface' 'specinterface_ln0' <Predicate = true> <Delay = 0.00>
ST_1 : Operation 30 [1/1] (0.00ns)   --->   "%specbitsmap_ln0 = specbitsmap void @_ssdm_op_SpecBitsMap, i1 %mult_enables_1"   --->   Operation 30 'specbitsmap' 'specbitsmap_ln0' <Predicate = true> <Delay = 0.00>
ST_1 : Operation 31 [1/1] (0.00ns)   --->   "%specinterface_ln0 = specinterface void @_ssdm_op_SpecInterface, i1 %mult_enables_1, void @empty, i32 0, i32 0, void @empty_0, i32 0, i32 0, void @empty_0, void @empty_0, void @empty_0, i32 0, i32 0, i32 0, i32 0, void @empty_0, void @empty_0"   --->   Operation 31 'specinterface' 'specinterface_ln0' <Predicate = true> <Delay = 0.00>
ST_1 : Operation 32 [1/1] (0.00ns)   --->   "%specbitsmap_ln0 = specbitsmap void @_ssdm_op_SpecBitsMap, i1 %mult_enables_2"   --->   Operation 32 'specbitsmap' 'specbitsmap_ln0' <Predicate = true> <Delay = 0.00>
ST_1 : Operation 33 [1/1] (0.00ns)   --->   "%specinterface_ln0 = specinterface void @_ssdm_op_SpecInterface, i1 %mult_enables_2, void @empty, i32 0, i32 0, void @empty_0, i32 0, i32 0, void @empty_0, void @empty_0, void @empty_0, i32 0, i32 0, i32 0, i32 0, void @empty_0, void @empty_0"   --->   Operation 33 'specinterface' 'specinterface_ln0' <Predicate = true> <Delay = 0.00>
ST_1 : Operation 34 [1/1] (0.00ns)   --->   "%specbitsmap_ln0 = specbitsmap void @_ssdm_op_SpecBitsMap, i1 %mult_enables_3"   --->   Operation 34 'specbitsmap' 'specbitsmap_ln0' <Predicate = true> <Delay = 0.00>
ST_1 : Operation 35 [1/1] (0.00ns)   --->   "%specinterface_ln0 = specinterface void @_ssdm_op_SpecInterface, i1 %mult_enables_3, void @empty, i32 0, i32 0, void @empty_0, i32 0, i32 0, void @empty_0, void @empty_0, void @empty_0, i32 0, i32 0, i32 0, i32 0, void @empty_0, void @empty_0"   --->   Operation 35 'specinterface' 'specinterface_ln0' <Predicate = true> <Delay = 0.00>
ST_1 : Operation 36 [1/1] (0.00ns)   --->   "%specbitsmap_ln0 = specbitsmap void @_ssdm_op_SpecBitsMap, i32 %label_r"   --->   Operation 36 'specbitsmap' 'specbitsmap_ln0' <Predicate = true> <Delay = 0.00>
ST_1 : Operation 37 [1/1] (0.00ns)   --->   "%specinterface_ln0 = specinterface void @_ssdm_op_SpecInterface, i32 %label_r, void @empty, i32 0, i32 0, void @empty_0, i32 0, i32 0, void @empty_0, void @empty_0, void @empty_0, i32 0, i32 0, i32 0, i32 0, void @empty_0, void @empty_0"   --->   Operation 37 'specinterface' 'specinterface_ln0' <Predicate = true> <Delay = 0.00>
ST_1 : Operation 38 [1/1] (0.00ns)   --->   "%specbitsmap_ln0 = specbitsmap void @_ssdm_op_SpecBitsMap, i32 %init_vector_0"   --->   Operation 38 'specbitsmap' 'specbitsmap_ln0' <Predicate = true> <Delay = 0.00>
ST_1 : Operation 39 [1/1] (0.00ns)   --->   "%specinterface_ln0 = specinterface void @_ssdm_op_SpecInterface, i32 %init_vector_0, void @empty, i32 0, i32 0, void @empty_0, i32 0, i32 0, void @empty_0, void @empty_0, void @empty_0, i32 0, i32 0, i32 0, i32 0, void @empty_0, void @empty_0"   --->   Operation 39 'specinterface' 'specinterface_ln0' <Predicate = true> <Delay = 0.00>
ST_1 : Operation 40 [1/1] (0.00ns)   --->   "%specbitsmap_ln0 = specbitsmap void @_ssdm_op_SpecBitsMap, i32 %init_vector_1"   --->   Operation 40 'specbitsmap' 'specbitsmap_ln0' <Predicate = true> <Delay = 0.00>
ST_1 : Operation 41 [1/1] (0.00ns)   --->   "%specinterface_ln0 = specinterface void @_ssdm_op_SpecInterface, i32 %init_vector_1, void @empty, i32 0, i32 0, void @empty_0, i32 0, i32 0, void @empty_0, void @empty_0, void @empty_0, i32 0, i32 0, i32 0, i32 0, void @empty_0, void @empty_0"   --->   Operation 41 'specinterface' 'specinterface_ln0' <Predicate = true> <Delay = 0.00>
ST_1 : Operation 42 [1/1] (0.00ns)   --->   "%specbitsmap_ln0 = specbitsmap void @_ssdm_op_SpecBitsMap, i32 %init_vector_2"   --->   Operation 42 'specbitsmap' 'specbitsmap_ln0' <Predicate = true> <Delay = 0.00>
ST_1 : Operation 43 [1/1] (0.00ns)   --->   "%specinterface_ln0 = specinterface void @_ssdm_op_SpecInterface, i32 %init_vector_2, void @empty, i32 0, i32 0, void @empty_0, i32 0, i32 0, void @empty_0, void @empty_0, void @empty_0, i32 0, i32 0, i32 0, i32 0, void @empty_0, void @empty_0"   --->   Operation 43 'specinterface' 'specinterface_ln0' <Predicate = true> <Delay = 0.00>
ST_1 : Operation 44 [1/1] (0.00ns)   --->   "%specbitsmap_ln0 = specbitsmap void @_ssdm_op_SpecBitsMap, i32 %init_vector_3"   --->   Operation 44 'specbitsmap' 'specbitsmap_ln0' <Predicate = true> <Delay = 0.00>
ST_1 : Operation 45 [1/1] (0.00ns)   --->   "%specinterface_ln0 = specinterface void @_ssdm_op_SpecInterface, i32 %init_vector_3, void @empty, i32 0, i32 0, void @empty_0, i32 0, i32 0, void @empty_0, void @empty_0, void @empty_0, i32 0, i32 0, i32 0, i32 0, void @empty_0, void @empty_0"   --->   Operation 45 'specinterface' 'specinterface_ln0' <Predicate = true> <Delay = 0.00>
ST_1 : Operation 46 [1/1] (0.00ns)   --->   "%specbitsmap_ln0 = specbitsmap void @_ssdm_op_SpecBitsMap, i32 %init_vector_4"   --->   Operation 46 'specbitsmap' 'specbitsmap_ln0' <Predicate = true> <Delay = 0.00>
ST_1 : Operation 47 [1/1] (0.00ns)   --->   "%specinterface_ln0 = specinterface void @_ssdm_op_SpecInterface, i32 %init_vector_4, void @empty, i32 0, i32 0, void @empty_0, i32 0, i32 0, void @empty_0, void @empty_0, void @empty_0, i32 0, i32 0, i32 0, i32 0, void @empty_0, void @empty_0"   --->   Operation 47 'specinterface' 'specinterface_ln0' <Predicate = true> <Delay = 0.00>
ST_1 : Operation 48 [1/1] (0.00ns)   --->   "%specbitsmap_ln0 = specbitsmap void @_ssdm_op_SpecBitsMap, i32 %init_vector_5"   --->   Operation 48 'specbitsmap' 'specbitsmap_ln0' <Predicate = true> <Delay = 0.00>
ST_1 : Operation 49 [1/1] (0.00ns)   --->   "%specinterface_ln0 = specinterface void @_ssdm_op_SpecInterface, i32 %init_vector_5, void @empty, i32 0, i32 0, void @empty_0, i32 0, i32 0, void @empty_0, void @empty_0, void @empty_0, i32 0, i32 0, i32 0, i32 0, void @empty_0, void @empty_0"   --->   Operation 49 'specinterface' 'specinterface_ln0' <Predicate = true> <Delay = 0.00>
ST_1 : Operation 50 [1/1] (0.00ns)   --->   "%specbitsmap_ln0 = specbitsmap void @_ssdm_op_SpecBitsMap, i32 %init_vector_6"   --->   Operation 50 'specbitsmap' 'specbitsmap_ln0' <Predicate = true> <Delay = 0.00>
ST_1 : Operation 51 [1/1] (0.00ns)   --->   "%specinterface_ln0 = specinterface void @_ssdm_op_SpecInterface, i32 %init_vector_6, void @empty, i32 0, i32 0, void @empty_0, i32 0, i32 0, void @empty_0, void @empty_0, void @empty_0, i32 0, i32 0, i32 0, i32 0, void @empty_0, void @empty_0"   --->   Operation 51 'specinterface' 'specinterface_ln0' <Predicate = true> <Delay = 0.00>
ST_1 : Operation 52 [1/1] (0.00ns)   --->   "%specbitsmap_ln0 = specbitsmap void @_ssdm_op_SpecBitsMap, i32 %init_vector_7"   --->   Operation 52 'specbitsmap' 'specbitsmap_ln0' <Predicate = true> <Delay = 0.00>
ST_1 : Operation 53 [1/1] (0.00ns)   --->   "%specinterface_ln0 = specinterface void @_ssdm_op_SpecInterface, i32 %init_vector_7, void @empty, i32 0, i32 0, void @empty_0, i32 0, i32 0, void @empty_0, void @empty_0, void @empty_0, i32 0, i32 0, i32 0, i32 0, void @empty_0, void @empty_0"   --->   Operation 53 'specinterface' 'specinterface_ln0' <Predicate = true> <Delay = 0.00>
ST_1 : Operation 54 [1/1] (0.00ns)   --->   "%specbitsmap_ln0 = specbitsmap void @_ssdm_op_SpecBitsMap, i32 %init_vector_8"   --->   Operation 54 'specbitsmap' 'specbitsmap_ln0' <Predicate = true> <Delay = 0.00>
ST_1 : Operation 55 [1/1] (0.00ns)   --->   "%specinterface_ln0 = specinterface void @_ssdm_op_SpecInterface, i32 %init_vector_8, void @empty, i32 0, i32 0, void @empty_0, i32 0, i32 0, void @empty_0, void @empty_0, void @empty_0, i32 0, i32 0, i32 0, i32 0, void @empty_0, void @empty_0"   --->   Operation 55 'specinterface' 'specinterface_ln0' <Predicate = true> <Delay = 0.00>
ST_1 : Operation 56 [1/1] (0.00ns)   --->   "%specbitsmap_ln0 = specbitsmap void @_ssdm_op_SpecBitsMap, i32 %init_vector_9"   --->   Operation 56 'specbitsmap' 'specbitsmap_ln0' <Predicate = true> <Delay = 0.00>
ST_1 : Operation 57 [1/1] (0.00ns)   --->   "%specinterface_ln0 = specinterface void @_ssdm_op_SpecInterface, i32 %init_vector_9, void @empty, i32 0, i32 0, void @empty_0, i32 0, i32 0, void @empty_0, void @empty_0, void @empty_0, i32 0, i32 0, i32 0, i32 0, void @empty_0, void @empty_0"   --->   Operation 57 'specinterface' 'specinterface_ln0' <Predicate = true> <Delay = 0.00>
ST_1 : Operation 58 [1/1] (0.00ns)   --->   "%specbitsmap_ln0 = specbitsmap void @_ssdm_op_SpecBitsMap, i32 %init_vector_10"   --->   Operation 58 'specbitsmap' 'specbitsmap_ln0' <Predicate = true> <Delay = 0.00>
ST_1 : Operation 59 [1/1] (0.00ns)   --->   "%specinterface_ln0 = specinterface void @_ssdm_op_SpecInterface, i32 %init_vector_10, void @empty, i32 0, i32 0, void @empty_0, i32 0, i32 0, void @empty_0, void @empty_0, void @empty_0, i32 0, i32 0, i32 0, i32 0, void @empty_0, void @empty_0"   --->   Operation 59 'specinterface' 'specinterface_ln0' <Predicate = true> <Delay = 0.00>
ST_1 : Operation 60 [1/1] (0.00ns)   --->   "%specbitsmap_ln0 = specbitsmap void @_ssdm_op_SpecBitsMap, i32 %init_vector_11"   --->   Operation 60 'specbitsmap' 'specbitsmap_ln0' <Predicate = true> <Delay = 0.00>
ST_1 : Operation 61 [1/1] (0.00ns)   --->   "%specinterface_ln0 = specinterface void @_ssdm_op_SpecInterface, i32 %init_vector_11, void @empty, i32 0, i32 0, void @empty_0, i32 0, i32 0, void @empty_0, void @empty_0, void @empty_0, i32 0, i32 0, i32 0, i32 0, void @empty_0, void @empty_0"   --->   Operation 61 'specinterface' 'specinterface_ln0' <Predicate = true> <Delay = 0.00>
ST_1 : Operation 62 [1/1] (0.00ns)   --->   "%specbitsmap_ln0 = specbitsmap void @_ssdm_op_SpecBitsMap, i32 %init_vector_12"   --->   Operation 62 'specbitsmap' 'specbitsmap_ln0' <Predicate = true> <Delay = 0.00>
ST_1 : Operation 63 [1/1] (0.00ns)   --->   "%specinterface_ln0 = specinterface void @_ssdm_op_SpecInterface, i32 %init_vector_12, void @empty, i32 0, i32 0, void @empty_0, i32 0, i32 0, void @empty_0, void @empty_0, void @empty_0, i32 0, i32 0, i32 0, i32 0, void @empty_0, void @empty_0"   --->   Operation 63 'specinterface' 'specinterface_ln0' <Predicate = true> <Delay = 0.00>
ST_1 : Operation 64 [1/1] (0.00ns)   --->   "%specbitsmap_ln0 = specbitsmap void @_ssdm_op_SpecBitsMap, i32 %init_vector_13"   --->   Operation 64 'specbitsmap' 'specbitsmap_ln0' <Predicate = true> <Delay = 0.00>
ST_1 : Operation 65 [1/1] (0.00ns)   --->   "%specinterface_ln0 = specinterface void @_ssdm_op_SpecInterface, i32 %init_vector_13, void @empty, i32 0, i32 0, void @empty_0, i32 0, i32 0, void @empty_0, void @empty_0, void @empty_0, i32 0, i32 0, i32 0, i32 0, void @empty_0, void @empty_0"   --->   Operation 65 'specinterface' 'specinterface_ln0' <Predicate = true> <Delay = 0.00>
ST_1 : Operation 66 [1/1] (0.00ns)   --->   "%specbitsmap_ln0 = specbitsmap void @_ssdm_op_SpecBitsMap, i32 %init_vector_14"   --->   Operation 66 'specbitsmap' 'specbitsmap_ln0' <Predicate = true> <Delay = 0.00>
ST_1 : Operation 67 [1/1] (0.00ns)   --->   "%specinterface_ln0 = specinterface void @_ssdm_op_SpecInterface, i32 %init_vector_14, void @empty, i32 0, i32 0, void @empty_0, i32 0, i32 0, void @empty_0, void @empty_0, void @empty_0, i32 0, i32 0, i32 0, i32 0, void @empty_0, void @empty_0"   --->   Operation 67 'specinterface' 'specinterface_ln0' <Predicate = true> <Delay = 0.00>
ST_1 : Operation 68 [1/1] (0.00ns)   --->   "%specbitsmap_ln0 = specbitsmap void @_ssdm_op_SpecBitsMap, i32 %init_vector_15"   --->   Operation 68 'specbitsmap' 'specbitsmap_ln0' <Predicate = true> <Delay = 0.00>
ST_1 : Operation 69 [1/1] (0.00ns)   --->   "%specinterface_ln0 = specinterface void @_ssdm_op_SpecInterface, i32 %init_vector_15, void @empty, i32 0, i32 0, void @empty_0, i32 0, i32 0, void @empty_0, void @empty_0, void @empty_0, i32 0, i32 0, i32 0, i32 0, void @empty_0, void @empty_0"   --->   Operation 69 'specinterface' 'specinterface_ln0' <Predicate = true> <Delay = 0.00>
ST_1 : Operation 70 [1/1] (0.00ns)   --->   "%specbitsmap_ln0 = specbitsmap void @_ssdm_op_SpecBitsMap, i32 %init_vector_16"   --->   Operation 70 'specbitsmap' 'specbitsmap_ln0' <Predicate = true> <Delay = 0.00>
ST_1 : Operation 71 [1/1] (0.00ns)   --->   "%specinterface_ln0 = specinterface void @_ssdm_op_SpecInterface, i32 %init_vector_16, void @empty, i32 0, i32 0, void @empty_0, i32 0, i32 0, void @empty_0, void @empty_0, void @empty_0, i32 0, i32 0, i32 0, i32 0, void @empty_0, void @empty_0"   --->   Operation 71 'specinterface' 'specinterface_ln0' <Predicate = true> <Delay = 0.00>
ST_1 : Operation 72 [1/1] (0.00ns)   --->   "%specbitsmap_ln0 = specbitsmap void @_ssdm_op_SpecBitsMap, i32 %init_vector_17"   --->   Operation 72 'specbitsmap' 'specbitsmap_ln0' <Predicate = true> <Delay = 0.00>
ST_1 : Operation 73 [1/1] (0.00ns)   --->   "%specinterface_ln0 = specinterface void @_ssdm_op_SpecInterface, i32 %init_vector_17, void @empty, i32 0, i32 0, void @empty_0, i32 0, i32 0, void @empty_0, void @empty_0, void @empty_0, i32 0, i32 0, i32 0, i32 0, void @empty_0, void @empty_0"   --->   Operation 73 'specinterface' 'specinterface_ln0' <Predicate = true> <Delay = 0.00>
ST_1 : Operation 74 [1/1] (0.00ns)   --->   "%specbitsmap_ln0 = specbitsmap void @_ssdm_op_SpecBitsMap, i32 %init_vector_18"   --->   Operation 74 'specbitsmap' 'specbitsmap_ln0' <Predicate = true> <Delay = 0.00>
ST_1 : Operation 75 [1/1] (0.00ns)   --->   "%specinterface_ln0 = specinterface void @_ssdm_op_SpecInterface, i32 %init_vector_18, void @empty, i32 0, i32 0, void @empty_0, i32 0, i32 0, void @empty_0, void @empty_0, void @empty_0, i32 0, i32 0, i32 0, i32 0, void @empty_0, void @empty_0"   --->   Operation 75 'specinterface' 'specinterface_ln0' <Predicate = true> <Delay = 0.00>
ST_1 : Operation 76 [1/1] (0.00ns)   --->   "%specbitsmap_ln0 = specbitsmap void @_ssdm_op_SpecBitsMap, i32 %init_vector_19"   --->   Operation 76 'specbitsmap' 'specbitsmap_ln0' <Predicate = true> <Delay = 0.00>
ST_1 : Operation 77 [1/1] (0.00ns)   --->   "%specinterface_ln0 = specinterface void @_ssdm_op_SpecInterface, i32 %init_vector_19, void @empty, i32 0, i32 0, void @empty_0, i32 0, i32 0, void @empty_0, void @empty_0, void @empty_0, i32 0, i32 0, i32 0, i32 0, void @empty_0, void @empty_0"   --->   Operation 77 'specinterface' 'specinterface_ln0' <Predicate = true> <Delay = 0.00>
ST_1 : Operation 78 [1/1] (0.00ns)   --->   "%specbitsmap_ln0 = specbitsmap void @_ssdm_op_SpecBitsMap, i32 %init_vector_20"   --->   Operation 78 'specbitsmap' 'specbitsmap_ln0' <Predicate = true> <Delay = 0.00>
ST_1 : Operation 79 [1/1] (0.00ns)   --->   "%specinterface_ln0 = specinterface void @_ssdm_op_SpecInterface, i32 %init_vector_20, void @empty, i32 0, i32 0, void @empty_0, i32 0, i32 0, void @empty_0, void @empty_0, void @empty_0, i32 0, i32 0, i32 0, i32 0, void @empty_0, void @empty_0"   --->   Operation 79 'specinterface' 'specinterface_ln0' <Predicate = true> <Delay = 0.00>
ST_1 : Operation 80 [1/1] (0.00ns)   --->   "%specbitsmap_ln0 = specbitsmap void @_ssdm_op_SpecBitsMap, i32 %init_vector_21"   --->   Operation 80 'specbitsmap' 'specbitsmap_ln0' <Predicate = true> <Delay = 0.00>
ST_1 : Operation 81 [1/1] (0.00ns)   --->   "%specinterface_ln0 = specinterface void @_ssdm_op_SpecInterface, i32 %init_vector_21, void @empty, i32 0, i32 0, void @empty_0, i32 0, i32 0, void @empty_0, void @empty_0, void @empty_0, i32 0, i32 0, i32 0, i32 0, void @empty_0, void @empty_0"   --->   Operation 81 'specinterface' 'specinterface_ln0' <Predicate = true> <Delay = 0.00>
ST_1 : Operation 82 [1/1] (0.00ns)   --->   "%specbitsmap_ln0 = specbitsmap void @_ssdm_op_SpecBitsMap, i32 %init_vector_22"   --->   Operation 82 'specbitsmap' 'specbitsmap_ln0' <Predicate = true> <Delay = 0.00>
ST_1 : Operation 83 [1/1] (0.00ns)   --->   "%specinterface_ln0 = specinterface void @_ssdm_op_SpecInterface, i32 %init_vector_22, void @empty, i32 0, i32 0, void @empty_0, i32 0, i32 0, void @empty_0, void @empty_0, void @empty_0, i32 0, i32 0, i32 0, i32 0, void @empty_0, void @empty_0"   --->   Operation 83 'specinterface' 'specinterface_ln0' <Predicate = true> <Delay = 0.00>
ST_1 : Operation 84 [1/1] (0.00ns)   --->   "%specbitsmap_ln0 = specbitsmap void @_ssdm_op_SpecBitsMap, i1 %init"   --->   Operation 84 'specbitsmap' 'specbitsmap_ln0' <Predicate = true> <Delay = 0.00>
ST_1 : Operation 85 [1/1] (0.00ns)   --->   "%specinterface_ln0 = specinterface void @_ssdm_op_SpecInterface, i1 %init, void @empty, i32 0, i32 0, void @empty_0, i32 0, i32 0, void @empty_0, void @empty_0, void @empty_0, i32 0, i32 0, i32 0, i32 0, void @empty_0, void @empty_0"   --->   Operation 85 'specinterface' 'specinterface_ln0' <Predicate = true> <Delay = 0.00>
ST_1 : Operation 86 [1/1] (0.00ns)   --->   "%init_read = read i1 @_ssdm_op_Read.ap_auto.i1, i1 %init" [SPMV_CSR_src/accelerator/accelerator.cpp:49]   --->   Operation 86 'read' 'init_read' <Predicate = true> <Delay = 0.00>
ST_1 : Operation 87 [1/1] (0.00ns)   --->   "%label_r_read = read i32 @_ssdm_op_Read.ap_auto.i32, i32 %label_r" [SPMV_CSR_src/accelerator/accelerator.cpp:49]   --->   Operation 87 'read' 'label_r_read' <Predicate = true> <Delay = 0.00>
ST_1 : Operation 88 [1/1] (0.00ns)   --->   "%specmemcore_ln7 = specmemcore void @_ssdm_op_SpecMemCore, i32 %p_ZL7storage_22, i64 666, i64 139, i64 18446744073709551615" [SPMV_CSR_src/accelerator/accelerator.cpp:7]   --->   Operation 88 'specmemcore' 'specmemcore_ln7' <Predicate = true> <Delay = 0.00>
ST_1 : Operation 89 [1/1] (0.00ns)   --->   "%specmemcore_ln7 = specmemcore void @_ssdm_op_SpecMemCore, i32 %p_ZL7storage_21, i64 666, i64 139, i64 18446744073709551615" [SPMV_CSR_src/accelerator/accelerator.cpp:7]   --->   Operation 89 'specmemcore' 'specmemcore_ln7' <Predicate = true> <Delay = 0.00>
ST_1 : Operation 90 [1/1] (0.00ns)   --->   "%specmemcore_ln7 = specmemcore void @_ssdm_op_SpecMemCore, i32 %p_ZL7storage_20, i64 666, i64 139, i64 18446744073709551615" [SPMV_CSR_src/accelerator/accelerator.cpp:7]   --->   Operation 90 'specmemcore' 'specmemcore_ln7' <Predicate = true> <Delay = 0.00>
ST_1 : Operation 91 [1/1] (0.00ns)   --->   "%specmemcore_ln7 = specmemcore void @_ssdm_op_SpecMemCore, i32 %p_ZL7storage_19, i64 666, i64 139, i64 18446744073709551615" [SPMV_CSR_src/accelerator/accelerator.cpp:7]   --->   Operation 91 'specmemcore' 'specmemcore_ln7' <Predicate = true> <Delay = 0.00>
ST_1 : Operation 92 [1/1] (0.00ns)   --->   "%specmemcore_ln7 = specmemcore void @_ssdm_op_SpecMemCore, i32 %p_ZL7storage_18, i64 666, i64 139, i64 18446744073709551615" [SPMV_CSR_src/accelerator/accelerator.cpp:7]   --->   Operation 92 'specmemcore' 'specmemcore_ln7' <Predicate = true> <Delay = 0.00>
ST_1 : Operation 93 [1/1] (0.00ns)   --->   "%specmemcore_ln7 = specmemcore void @_ssdm_op_SpecMemCore, i32 %p_ZL7storage_17, i64 666, i64 139, i64 18446744073709551615" [SPMV_CSR_src/accelerator/accelerator.cpp:7]   --->   Operation 93 'specmemcore' 'specmemcore_ln7' <Predicate = true> <Delay = 0.00>
ST_1 : Operation 94 [1/1] (0.00ns)   --->   "%specmemcore_ln7 = specmemcore void @_ssdm_op_SpecMemCore, i32 %p_ZL7storage_16, i64 666, i64 139, i64 18446744073709551615" [SPMV_CSR_src/accelerator/accelerator.cpp:7]   --->   Operation 94 'specmemcore' 'specmemcore_ln7' <Predicate = true> <Delay = 0.00>
ST_1 : Operation 95 [1/1] (0.00ns)   --->   "%specmemcore_ln7 = specmemcore void @_ssdm_op_SpecMemCore, i32 %p_ZL7storage_15, i64 666, i64 139, i64 18446744073709551615" [SPMV_CSR_src/accelerator/accelerator.cpp:7]   --->   Operation 95 'specmemcore' 'specmemcore_ln7' <Predicate = true> <Delay = 0.00>
ST_1 : Operation 96 [1/1] (0.00ns)   --->   "%specmemcore_ln7 = specmemcore void @_ssdm_op_SpecMemCore, i32 %p_ZL7storage_14, i64 666, i64 139, i64 18446744073709551615" [SPMV_CSR_src/accelerator/accelerator.cpp:7]   --->   Operation 96 'specmemcore' 'specmemcore_ln7' <Predicate = true> <Delay = 0.00>
ST_1 : Operation 97 [1/1] (0.00ns)   --->   "%specmemcore_ln7 = specmemcore void @_ssdm_op_SpecMemCore, i32 %p_ZL7storage_13, i64 666, i64 139, i64 18446744073709551615" [SPMV_CSR_src/accelerator/accelerator.cpp:7]   --->   Operation 97 'specmemcore' 'specmemcore_ln7' <Predicate = true> <Delay = 0.00>
ST_1 : Operation 98 [1/1] (0.00ns)   --->   "%specmemcore_ln7 = specmemcore void @_ssdm_op_SpecMemCore, i32 %p_ZL7storage_12, i64 666, i64 139, i64 18446744073709551615" [SPMV_CSR_src/accelerator/accelerator.cpp:7]   --->   Operation 98 'specmemcore' 'specmemcore_ln7' <Predicate = true> <Delay = 0.00>
ST_1 : Operation 99 [1/1] (0.00ns)   --->   "%specmemcore_ln7 = specmemcore void @_ssdm_op_SpecMemCore, i32 %p_ZL7storage_11, i64 666, i64 139, i64 18446744073709551615" [SPMV_CSR_src/accelerator/accelerator.cpp:7]   --->   Operation 99 'specmemcore' 'specmemcore_ln7' <Predicate = true> <Delay = 0.00>
ST_1 : Operation 100 [1/1] (0.00ns)   --->   "%specmemcore_ln7 = specmemcore void @_ssdm_op_SpecMemCore, i32 %p_ZL7storage_10, i64 666, i64 139, i64 18446744073709551615" [SPMV_CSR_src/accelerator/accelerator.cpp:7]   --->   Operation 100 'specmemcore' 'specmemcore_ln7' <Predicate = true> <Delay = 0.00>
ST_1 : Operation 101 [1/1] (0.00ns)   --->   "%specmemcore_ln7 = specmemcore void @_ssdm_op_SpecMemCore, i32 %p_ZL7storage_9, i64 666, i64 139, i64 18446744073709551615" [SPMV_CSR_src/accelerator/accelerator.cpp:7]   --->   Operation 101 'specmemcore' 'specmemcore_ln7' <Predicate = true> <Delay = 0.00>
ST_1 : Operation 102 [1/1] (0.00ns)   --->   "%specmemcore_ln7 = specmemcore void @_ssdm_op_SpecMemCore, i32 %p_ZL7storage_8, i64 666, i64 139, i64 18446744073709551615" [SPMV_CSR_src/accelerator/accelerator.cpp:7]   --->   Operation 102 'specmemcore' 'specmemcore_ln7' <Predicate = true> <Delay = 0.00>
ST_1 : Operation 103 [1/1] (0.00ns)   --->   "%specmemcore_ln7 = specmemcore void @_ssdm_op_SpecMemCore, i32 %p_ZL7storage_7, i64 666, i64 139, i64 18446744073709551615" [SPMV_CSR_src/accelerator/accelerator.cpp:7]   --->   Operation 103 'specmemcore' 'specmemcore_ln7' <Predicate = true> <Delay = 0.00>
ST_1 : Operation 104 [1/1] (0.00ns)   --->   "%specmemcore_ln7 = specmemcore void @_ssdm_op_SpecMemCore, i32 %p_ZL7storage_6, i64 666, i64 139, i64 18446744073709551615" [SPMV_CSR_src/accelerator/accelerator.cpp:7]   --->   Operation 104 'specmemcore' 'specmemcore_ln7' <Predicate = true> <Delay = 0.00>
ST_1 : Operation 105 [1/1] (0.00ns)   --->   "%specmemcore_ln7 = specmemcore void @_ssdm_op_SpecMemCore, i32 %p_ZL7storage_5, i64 666, i64 139, i64 18446744073709551615" [SPMV_CSR_src/accelerator/accelerator.cpp:7]   --->   Operation 105 'specmemcore' 'specmemcore_ln7' <Predicate = true> <Delay = 0.00>
ST_1 : Operation 106 [1/1] (0.00ns)   --->   "%specmemcore_ln7 = specmemcore void @_ssdm_op_SpecMemCore, i32 %p_ZL7storage_4, i64 666, i64 139, i64 18446744073709551615" [SPMV_CSR_src/accelerator/accelerator.cpp:7]   --->   Operation 106 'specmemcore' 'specmemcore_ln7' <Predicate = true> <Delay = 0.00>
ST_1 : Operation 107 [1/1] (0.00ns)   --->   "%specmemcore_ln7 = specmemcore void @_ssdm_op_SpecMemCore, i32 %p_ZL7storage_3, i64 666, i64 139, i64 18446744073709551615" [SPMV_CSR_src/accelerator/accelerator.cpp:7]   --->   Operation 107 'specmemcore' 'specmemcore_ln7' <Predicate = true> <Delay = 0.00>
ST_1 : Operation 108 [1/1] (0.00ns)   --->   "%specmemcore_ln7 = specmemcore void @_ssdm_op_SpecMemCore, i32 %p_ZL7storage_2, i64 666, i64 139, i64 18446744073709551615" [SPMV_CSR_src/accelerator/accelerator.cpp:7]   --->   Operation 108 'specmemcore' 'specmemcore_ln7' <Predicate = true> <Delay = 0.00>
ST_1 : Operation 109 [1/1] (0.00ns)   --->   "%specmemcore_ln7 = specmemcore void @_ssdm_op_SpecMemCore, i32 %p_ZL7storage_1, i64 666, i64 139, i64 18446744073709551615" [SPMV_CSR_src/accelerator/accelerator.cpp:7]   --->   Operation 109 'specmemcore' 'specmemcore_ln7' <Predicate = true> <Delay = 0.00>
ST_1 : Operation 110 [1/1] (0.00ns)   --->   "%specmemcore_ln7 = specmemcore void @_ssdm_op_SpecMemCore, i32 %p_ZL7storage_0, i64 666, i64 139, i64 18446744073709551615" [SPMV_CSR_src/accelerator/accelerator.cpp:7]   --->   Operation 110 'specmemcore' 'specmemcore_ln7' <Predicate = true> <Delay = 0.00>
ST_1 : Operation 111 [1/1] (0.00ns)   --->   "%p_ZL7storage_0_load = load i32 %p_ZL7storage_0" [SPMV_CSR_src/accelerator/accelerator.cpp:29]   --->   Operation 111 'load' 'p_ZL7storage_0_load' <Predicate = true> <Delay = 0.00>
ST_1 : Operation 112 [1/1] (0.00ns)   --->   "%p_ZL7storage_1_load = load i32 %p_ZL7storage_1" [SPMV_CSR_src/accelerator/accelerator.cpp:29]   --->   Operation 112 'load' 'p_ZL7storage_1_load' <Predicate = true> <Delay = 0.00>
ST_1 : Operation 113 [1/1] (0.00ns)   --->   "%p_ZL7storage_2_load = load i32 %p_ZL7storage_2" [SPMV_CSR_src/accelerator/accelerator.cpp:29]   --->   Operation 113 'load' 'p_ZL7storage_2_load' <Predicate = true> <Delay = 0.00>
ST_1 : Operation 114 [1/1] (0.00ns)   --->   "%p_ZL7storage_3_load = load i32 %p_ZL7storage_3" [SPMV_CSR_src/accelerator/accelerator.cpp:29]   --->   Operation 114 'load' 'p_ZL7storage_3_load' <Predicate = true> <Delay = 0.00>
ST_1 : Operation 115 [1/1] (0.00ns)   --->   "%p_ZL7storage_4_load = load i32 %p_ZL7storage_4" [SPMV_CSR_src/accelerator/accelerator.cpp:29]   --->   Operation 115 'load' 'p_ZL7storage_4_load' <Predicate = true> <Delay = 0.00>
ST_1 : Operation 116 [1/1] (0.00ns)   --->   "%p_ZL7storage_5_load = load i32 %p_ZL7storage_5" [SPMV_CSR_src/accelerator/accelerator.cpp:29]   --->   Operation 116 'load' 'p_ZL7storage_5_load' <Predicate = true> <Delay = 0.00>
ST_1 : Operation 117 [1/1] (0.00ns)   --->   "%p_ZL7storage_6_load = load i32 %p_ZL7storage_6" [SPMV_CSR_src/accelerator/accelerator.cpp:29]   --->   Operation 117 'load' 'p_ZL7storage_6_load' <Predicate = true> <Delay = 0.00>
ST_1 : Operation 118 [1/1] (0.00ns)   --->   "%p_ZL7storage_7_load = load i32 %p_ZL7storage_7" [SPMV_CSR_src/accelerator/accelerator.cpp:29]   --->   Operation 118 'load' 'p_ZL7storage_7_load' <Predicate = true> <Delay = 0.00>
ST_1 : Operation 119 [1/1] (0.00ns)   --->   "%p_ZL7storage_8_load = load i32 %p_ZL7storage_8" [SPMV_CSR_src/accelerator/accelerator.cpp:29]   --->   Operation 119 'load' 'p_ZL7storage_8_load' <Predicate = true> <Delay = 0.00>
ST_1 : Operation 120 [1/1] (0.00ns)   --->   "%p_ZL7storage_9_load = load i32 %p_ZL7storage_9" [SPMV_CSR_src/accelerator/accelerator.cpp:29]   --->   Operation 120 'load' 'p_ZL7storage_9_load' <Predicate = true> <Delay = 0.00>
ST_1 : Operation 121 [1/1] (0.00ns)   --->   "%p_ZL7storage_10_load = load i32 %p_ZL7storage_10" [SPMV_CSR_src/accelerator/accelerator.cpp:29]   --->   Operation 121 'load' 'p_ZL7storage_10_load' <Predicate = true> <Delay = 0.00>
ST_1 : Operation 122 [1/1] (0.00ns)   --->   "%p_ZL7storage_11_load = load i32 %p_ZL7storage_11" [SPMV_CSR_src/accelerator/accelerator.cpp:29]   --->   Operation 122 'load' 'p_ZL7storage_11_load' <Predicate = true> <Delay = 0.00>
ST_1 : Operation 123 [1/1] (0.00ns)   --->   "%p_ZL7storage_12_load = load i32 %p_ZL7storage_12" [SPMV_CSR_src/accelerator/accelerator.cpp:29]   --->   Operation 123 'load' 'p_ZL7storage_12_load' <Predicate = true> <Delay = 0.00>
ST_1 : Operation 124 [1/1] (0.00ns)   --->   "%p_ZL7storage_13_load = load i32 %p_ZL7storage_13" [SPMV_CSR_src/accelerator/accelerator.cpp:29]   --->   Operation 124 'load' 'p_ZL7storage_13_load' <Predicate = true> <Delay = 0.00>
ST_1 : Operation 125 [1/1] (0.00ns)   --->   "%p_ZL7storage_14_load = load i32 %p_ZL7storage_14" [SPMV_CSR_src/accelerator/accelerator.cpp:29]   --->   Operation 125 'load' 'p_ZL7storage_14_load' <Predicate = true> <Delay = 0.00>
ST_1 : Operation 126 [1/1] (0.00ns)   --->   "%p_ZL7storage_15_load = load i32 %p_ZL7storage_15" [SPMV_CSR_src/accelerator/accelerator.cpp:29]   --->   Operation 126 'load' 'p_ZL7storage_15_load' <Predicate = true> <Delay = 0.00>
ST_1 : Operation 127 [1/1] (0.00ns)   --->   "%p_ZL7storage_16_load = load i32 %p_ZL7storage_16" [SPMV_CSR_src/accelerator/accelerator.cpp:29]   --->   Operation 127 'load' 'p_ZL7storage_16_load' <Predicate = true> <Delay = 0.00>
ST_1 : Operation 128 [1/1] (0.00ns)   --->   "%p_ZL7storage_17_load = load i32 %p_ZL7storage_17" [SPMV_CSR_src/accelerator/accelerator.cpp:29]   --->   Operation 128 'load' 'p_ZL7storage_17_load' <Predicate = true> <Delay = 0.00>
ST_1 : Operation 129 [1/1] (0.00ns)   --->   "%p_ZL7storage_18_load = load i32 %p_ZL7storage_18" [SPMV_CSR_src/accelerator/accelerator.cpp:29]   --->   Operation 129 'load' 'p_ZL7storage_18_load' <Predicate = true> <Delay = 0.00>
ST_1 : Operation 130 [1/1] (0.00ns)   --->   "%p_ZL7storage_19_load = load i32 %p_ZL7storage_19" [SPMV_CSR_src/accelerator/accelerator.cpp:29]   --->   Operation 130 'load' 'p_ZL7storage_19_load' <Predicate = true> <Delay = 0.00>
ST_1 : Operation 131 [1/1] (0.00ns)   --->   "%p_ZL7storage_20_load = load i32 %p_ZL7storage_20" [SPMV_CSR_src/accelerator/accelerator.cpp:29]   --->   Operation 131 'load' 'p_ZL7storage_20_load' <Predicate = true> <Delay = 0.00>
ST_1 : Operation 132 [1/1] (0.00ns)   --->   "%p_ZL7storage_21_load = load i32 %p_ZL7storage_21" [SPMV_CSR_src/accelerator/accelerator.cpp:29]   --->   Operation 132 'load' 'p_ZL7storage_21_load' <Predicate = true> <Delay = 0.00>
ST_1 : Operation 133 [1/1] (0.00ns)   --->   "%p_ZL7storage_22_load = load i32 %p_ZL7storage_22" [SPMV_CSR_src/accelerator/accelerator.cpp:29]   --->   Operation 133 'load' 'p_ZL7storage_22_load' <Predicate = true> <Delay = 0.00>
ST_1 : Operation 134 [1/1] (1.58ns)   --->   "%br_ln10 = br i1 %init_read, void %_Z10initialisePib.exit_ifconv, void" [SPMV_CSR_src/accelerator/accelerator.cpp:10]   --->   Operation 134 'br' 'br_ln10' <Predicate = true> <Delay = 1.58>
ST_1 : Operation 135 [1/1] (0.00ns)   --->   "%init_vector_0_read = read i32 @_ssdm_op_Read.ap_auto.i32P0A, i32 %init_vector_0" [SPMV_CSR_src/accelerator/accelerator.cpp:13]   --->   Operation 135 'read' 'init_vector_0_read' <Predicate = (init_read)> <Delay = 0.00>
ST_1 : Operation 136 [1/1] (0.00ns)   --->   "%store_ln13 = store i32 %init_vector_0_read, i32 %p_ZL7storage_0" [SPMV_CSR_src/accelerator/accelerator.cpp:13]   --->   Operation 136 'store' 'store_ln13' <Predicate = (init_read)> <Delay = 0.00>
ST_1 : Operation 137 [1/1] (0.00ns)   --->   "%init_vector_1_read = read i32 @_ssdm_op_Read.ap_auto.i32P0A, i32 %init_vector_1" [SPMV_CSR_src/accelerator/accelerator.cpp:13]   --->   Operation 137 'read' 'init_vector_1_read' <Predicate = (init_read)> <Delay = 0.00>
ST_1 : Operation 138 [1/1] (0.00ns)   --->   "%store_ln13 = store i32 %init_vector_1_read, i32 %p_ZL7storage_1" [SPMV_CSR_src/accelerator/accelerator.cpp:13]   --->   Operation 138 'store' 'store_ln13' <Predicate = (init_read)> <Delay = 0.00>
ST_1 : Operation 139 [1/1] (0.00ns)   --->   "%init_vector_2_read = read i32 @_ssdm_op_Read.ap_auto.i32P0A, i32 %init_vector_2" [SPMV_CSR_src/accelerator/accelerator.cpp:13]   --->   Operation 139 'read' 'init_vector_2_read' <Predicate = (init_read)> <Delay = 0.00>
ST_1 : Operation 140 [1/1] (0.00ns)   --->   "%store_ln13 = store i32 %init_vector_2_read, i32 %p_ZL7storage_2" [SPMV_CSR_src/accelerator/accelerator.cpp:13]   --->   Operation 140 'store' 'store_ln13' <Predicate = (init_read)> <Delay = 0.00>
ST_1 : Operation 141 [1/1] (0.00ns)   --->   "%init_vector_3_read = read i32 @_ssdm_op_Read.ap_auto.i32P0A, i32 %init_vector_3" [SPMV_CSR_src/accelerator/accelerator.cpp:13]   --->   Operation 141 'read' 'init_vector_3_read' <Predicate = (init_read)> <Delay = 0.00>
ST_1 : Operation 142 [1/1] (0.00ns)   --->   "%store_ln13 = store i32 %init_vector_3_read, i32 %p_ZL7storage_3" [SPMV_CSR_src/accelerator/accelerator.cpp:13]   --->   Operation 142 'store' 'store_ln13' <Predicate = (init_read)> <Delay = 0.00>
ST_1 : Operation 143 [1/1] (0.00ns)   --->   "%init_vector_4_read = read i32 @_ssdm_op_Read.ap_auto.i32P0A, i32 %init_vector_4" [SPMV_CSR_src/accelerator/accelerator.cpp:13]   --->   Operation 143 'read' 'init_vector_4_read' <Predicate = (init_read)> <Delay = 0.00>
ST_1 : Operation 144 [1/1] (0.00ns)   --->   "%store_ln13 = store i32 %init_vector_4_read, i32 %p_ZL7storage_4" [SPMV_CSR_src/accelerator/accelerator.cpp:13]   --->   Operation 144 'store' 'store_ln13' <Predicate = (init_read)> <Delay = 0.00>
ST_1 : Operation 145 [1/1] (0.00ns)   --->   "%init_vector_5_read = read i32 @_ssdm_op_Read.ap_auto.i32P0A, i32 %init_vector_5" [SPMV_CSR_src/accelerator/accelerator.cpp:13]   --->   Operation 145 'read' 'init_vector_5_read' <Predicate = (init_read)> <Delay = 0.00>
ST_1 : Operation 146 [1/1] (0.00ns)   --->   "%store_ln13 = store i32 %init_vector_5_read, i32 %p_ZL7storage_5" [SPMV_CSR_src/accelerator/accelerator.cpp:13]   --->   Operation 146 'store' 'store_ln13' <Predicate = (init_read)> <Delay = 0.00>
ST_1 : Operation 147 [1/1] (0.00ns)   --->   "%init_vector_6_read = read i32 @_ssdm_op_Read.ap_auto.i32P0A, i32 %init_vector_6" [SPMV_CSR_src/accelerator/accelerator.cpp:13]   --->   Operation 147 'read' 'init_vector_6_read' <Predicate = (init_read)> <Delay = 0.00>
ST_1 : Operation 148 [1/1] (0.00ns)   --->   "%store_ln13 = store i32 %init_vector_6_read, i32 %p_ZL7storage_6" [SPMV_CSR_src/accelerator/accelerator.cpp:13]   --->   Operation 148 'store' 'store_ln13' <Predicate = (init_read)> <Delay = 0.00>
ST_1 : Operation 149 [1/1] (0.00ns)   --->   "%init_vector_7_read = read i32 @_ssdm_op_Read.ap_auto.i32P0A, i32 %init_vector_7" [SPMV_CSR_src/accelerator/accelerator.cpp:13]   --->   Operation 149 'read' 'init_vector_7_read' <Predicate = (init_read)> <Delay = 0.00>
ST_1 : Operation 150 [1/1] (0.00ns)   --->   "%store_ln13 = store i32 %init_vector_7_read, i32 %p_ZL7storage_7" [SPMV_CSR_src/accelerator/accelerator.cpp:13]   --->   Operation 150 'store' 'store_ln13' <Predicate = (init_read)> <Delay = 0.00>
ST_1 : Operation 151 [1/1] (0.00ns)   --->   "%init_vector_8_read = read i32 @_ssdm_op_Read.ap_auto.i32P0A, i32 %init_vector_8" [SPMV_CSR_src/accelerator/accelerator.cpp:13]   --->   Operation 151 'read' 'init_vector_8_read' <Predicate = (init_read)> <Delay = 0.00>
ST_1 : Operation 152 [1/1] (0.00ns)   --->   "%store_ln13 = store i32 %init_vector_8_read, i32 %p_ZL7storage_8" [SPMV_CSR_src/accelerator/accelerator.cpp:13]   --->   Operation 152 'store' 'store_ln13' <Predicate = (init_read)> <Delay = 0.00>
ST_1 : Operation 153 [1/1] (0.00ns)   --->   "%init_vector_9_read = read i32 @_ssdm_op_Read.ap_auto.i32P0A, i32 %init_vector_9" [SPMV_CSR_src/accelerator/accelerator.cpp:13]   --->   Operation 153 'read' 'init_vector_9_read' <Predicate = (init_read)> <Delay = 0.00>
ST_1 : Operation 154 [1/1] (0.00ns)   --->   "%store_ln13 = store i32 %init_vector_9_read, i32 %p_ZL7storage_9" [SPMV_CSR_src/accelerator/accelerator.cpp:13]   --->   Operation 154 'store' 'store_ln13' <Predicate = (init_read)> <Delay = 0.00>
ST_1 : Operation 155 [1/1] (0.00ns)   --->   "%init_vector_10_read = read i32 @_ssdm_op_Read.ap_auto.i32P0A, i32 %init_vector_10" [SPMV_CSR_src/accelerator/accelerator.cpp:13]   --->   Operation 155 'read' 'init_vector_10_read' <Predicate = (init_read)> <Delay = 0.00>
ST_1 : Operation 156 [1/1] (0.00ns)   --->   "%store_ln13 = store i32 %init_vector_10_read, i32 %p_ZL7storage_10" [SPMV_CSR_src/accelerator/accelerator.cpp:13]   --->   Operation 156 'store' 'store_ln13' <Predicate = (init_read)> <Delay = 0.00>
ST_1 : Operation 157 [1/1] (0.00ns)   --->   "%init_vector_11_read = read i32 @_ssdm_op_Read.ap_auto.i32P0A, i32 %init_vector_11" [SPMV_CSR_src/accelerator/accelerator.cpp:13]   --->   Operation 157 'read' 'init_vector_11_read' <Predicate = (init_read)> <Delay = 0.00>
ST_1 : Operation 158 [1/1] (0.00ns)   --->   "%store_ln13 = store i32 %init_vector_11_read, i32 %p_ZL7storage_11" [SPMV_CSR_src/accelerator/accelerator.cpp:13]   --->   Operation 158 'store' 'store_ln13' <Predicate = (init_read)> <Delay = 0.00>
ST_1 : Operation 159 [1/1] (0.00ns)   --->   "%init_vector_12_read = read i32 @_ssdm_op_Read.ap_auto.i32P0A, i32 %init_vector_12" [SPMV_CSR_src/accelerator/accelerator.cpp:13]   --->   Operation 159 'read' 'init_vector_12_read' <Predicate = (init_read)> <Delay = 0.00>
ST_1 : Operation 160 [1/1] (0.00ns)   --->   "%store_ln13 = store i32 %init_vector_12_read, i32 %p_ZL7storage_12" [SPMV_CSR_src/accelerator/accelerator.cpp:13]   --->   Operation 160 'store' 'store_ln13' <Predicate = (init_read)> <Delay = 0.00>
ST_1 : Operation 161 [1/1] (0.00ns)   --->   "%init_vector_13_read = read i32 @_ssdm_op_Read.ap_auto.i32P0A, i32 %init_vector_13" [SPMV_CSR_src/accelerator/accelerator.cpp:13]   --->   Operation 161 'read' 'init_vector_13_read' <Predicate = (init_read)> <Delay = 0.00>
ST_1 : Operation 162 [1/1] (0.00ns)   --->   "%store_ln13 = store i32 %init_vector_13_read, i32 %p_ZL7storage_13" [SPMV_CSR_src/accelerator/accelerator.cpp:13]   --->   Operation 162 'store' 'store_ln13' <Predicate = (init_read)> <Delay = 0.00>
ST_1 : Operation 163 [1/1] (0.00ns)   --->   "%init_vector_14_read = read i32 @_ssdm_op_Read.ap_auto.i32P0A, i32 %init_vector_14" [SPMV_CSR_src/accelerator/accelerator.cpp:13]   --->   Operation 163 'read' 'init_vector_14_read' <Predicate = (init_read)> <Delay = 0.00>
ST_1 : Operation 164 [1/1] (0.00ns)   --->   "%store_ln13 = store i32 %init_vector_14_read, i32 %p_ZL7storage_14" [SPMV_CSR_src/accelerator/accelerator.cpp:13]   --->   Operation 164 'store' 'store_ln13' <Predicate = (init_read)> <Delay = 0.00>
ST_1 : Operation 165 [1/1] (0.00ns)   --->   "%init_vector_15_read = read i32 @_ssdm_op_Read.ap_auto.i32P0A, i32 %init_vector_15" [SPMV_CSR_src/accelerator/accelerator.cpp:13]   --->   Operation 165 'read' 'init_vector_15_read' <Predicate = (init_read)> <Delay = 0.00>
ST_1 : Operation 166 [1/1] (0.00ns)   --->   "%store_ln13 = store i32 %init_vector_15_read, i32 %p_ZL7storage_15" [SPMV_CSR_src/accelerator/accelerator.cpp:13]   --->   Operation 166 'store' 'store_ln13' <Predicate = (init_read)> <Delay = 0.00>
ST_1 : Operation 167 [1/1] (0.00ns)   --->   "%init_vector_16_read = read i32 @_ssdm_op_Read.ap_auto.i32P0A, i32 %init_vector_16" [SPMV_CSR_src/accelerator/accelerator.cpp:13]   --->   Operation 167 'read' 'init_vector_16_read' <Predicate = (init_read)> <Delay = 0.00>
ST_1 : Operation 168 [1/1] (0.00ns)   --->   "%store_ln13 = store i32 %init_vector_16_read, i32 %p_ZL7storage_16" [SPMV_CSR_src/accelerator/accelerator.cpp:13]   --->   Operation 168 'store' 'store_ln13' <Predicate = (init_read)> <Delay = 0.00>
ST_1 : Operation 169 [1/1] (0.00ns)   --->   "%init_vector_17_read = read i32 @_ssdm_op_Read.ap_auto.i32P0A, i32 %init_vector_17" [SPMV_CSR_src/accelerator/accelerator.cpp:13]   --->   Operation 169 'read' 'init_vector_17_read' <Predicate = (init_read)> <Delay = 0.00>
ST_1 : Operation 170 [1/1] (0.00ns)   --->   "%store_ln13 = store i32 %init_vector_17_read, i32 %p_ZL7storage_17" [SPMV_CSR_src/accelerator/accelerator.cpp:13]   --->   Operation 170 'store' 'store_ln13' <Predicate = (init_read)> <Delay = 0.00>
ST_1 : Operation 171 [1/1] (0.00ns)   --->   "%init_vector_18_read = read i32 @_ssdm_op_Read.ap_auto.i32P0A, i32 %init_vector_18" [SPMV_CSR_src/accelerator/accelerator.cpp:13]   --->   Operation 171 'read' 'init_vector_18_read' <Predicate = (init_read)> <Delay = 0.00>
ST_1 : Operation 172 [1/1] (0.00ns)   --->   "%store_ln13 = store i32 %init_vector_18_read, i32 %p_ZL7storage_18" [SPMV_CSR_src/accelerator/accelerator.cpp:13]   --->   Operation 172 'store' 'store_ln13' <Predicate = (init_read)> <Delay = 0.00>
ST_1 : Operation 173 [1/1] (0.00ns)   --->   "%init_vector_19_read = read i32 @_ssdm_op_Read.ap_auto.i32P0A, i32 %init_vector_19" [SPMV_CSR_src/accelerator/accelerator.cpp:13]   --->   Operation 173 'read' 'init_vector_19_read' <Predicate = (init_read)> <Delay = 0.00>
ST_1 : Operation 174 [1/1] (0.00ns)   --->   "%store_ln13 = store i32 %init_vector_19_read, i32 %p_ZL7storage_19" [SPMV_CSR_src/accelerator/accelerator.cpp:13]   --->   Operation 174 'store' 'store_ln13' <Predicate = (init_read)> <Delay = 0.00>
ST_1 : Operation 175 [1/1] (0.00ns)   --->   "%init_vector_20_read = read i32 @_ssdm_op_Read.ap_auto.i32P0A, i32 %init_vector_20" [SPMV_CSR_src/accelerator/accelerator.cpp:13]   --->   Operation 175 'read' 'init_vector_20_read' <Predicate = (init_read)> <Delay = 0.00>
ST_1 : Operation 176 [1/1] (0.00ns)   --->   "%store_ln13 = store i32 %init_vector_20_read, i32 %p_ZL7storage_20" [SPMV_CSR_src/accelerator/accelerator.cpp:13]   --->   Operation 176 'store' 'store_ln13' <Predicate = (init_read)> <Delay = 0.00>
ST_1 : Operation 177 [1/1] (0.00ns)   --->   "%init_vector_21_read = read i32 @_ssdm_op_Read.ap_auto.i32P0A, i32 %init_vector_21" [SPMV_CSR_src/accelerator/accelerator.cpp:13]   --->   Operation 177 'read' 'init_vector_21_read' <Predicate = (init_read)> <Delay = 0.00>
ST_1 : Operation 178 [1/1] (0.00ns)   --->   "%store_ln13 = store i32 %init_vector_21_read, i32 %p_ZL7storage_21" [SPMV_CSR_src/accelerator/accelerator.cpp:13]   --->   Operation 178 'store' 'store_ln13' <Predicate = (init_read)> <Delay = 0.00>
ST_1 : Operation 179 [1/1] (0.00ns)   --->   "%init_vector_22_read = read i32 @_ssdm_op_Read.ap_auto.i32P0A, i32 %init_vector_22" [SPMV_CSR_src/accelerator/accelerator.cpp:13]   --->   Operation 179 'read' 'init_vector_22_read' <Predicate = (init_read)> <Delay = 0.00>
ST_1 : Operation 180 [1/1] (0.00ns)   --->   "%store_ln13 = store i32 %init_vector_22_read, i32 %p_ZL7storage_22" [SPMV_CSR_src/accelerator/accelerator.cpp:13]   --->   Operation 180 'store' 'store_ln13' <Predicate = (init_read)> <Delay = 0.00>
ST_1 : Operation 181 [1/1] (1.58ns)   --->   "%br_ln15 = br void %_Z10initialisePib.exit_ifconv" [SPMV_CSR_src/accelerator/accelerator.cpp:15]   --->   Operation 181 'br' 'br_ln15' <Predicate = (init_read)> <Delay = 1.58>
ST_1 : Operation 182 [1/1] (0.00ns)   --->   "%p_ZL7storage_0_loc_0 = phi i32 %init_vector_0_read, void, i32 %p_ZL7storage_0_load, void" [SPMV_CSR_src/accelerator/accelerator.cpp:13]   --->   Operation 182 'phi' 'p_ZL7storage_0_loc_0' <Predicate = true> <Delay = 0.00>
ST_1 : Operation 183 [1/1] (0.00ns)   --->   "%p_ZL7storage_1_loc_0 = phi i32 %init_vector_1_read, void, i32 %p_ZL7storage_1_load, void" [SPMV_CSR_src/accelerator/accelerator.cpp:13]   --->   Operation 183 'phi' 'p_ZL7storage_1_loc_0' <Predicate = true> <Delay = 0.00>
ST_1 : Operation 184 [1/1] (0.00ns)   --->   "%p_ZL7storage_2_loc_0 = phi i32 %init_vector_2_read, void, i32 %p_ZL7storage_2_load, void" [SPMV_CSR_src/accelerator/accelerator.cpp:13]   --->   Operation 184 'phi' 'p_ZL7storage_2_loc_0' <Predicate = true> <Delay = 0.00>
ST_1 : Operation 185 [1/1] (0.00ns)   --->   "%p_ZL7storage_3_loc_0 = phi i32 %init_vector_3_read, void, i32 %p_ZL7storage_3_load, void" [SPMV_CSR_src/accelerator/accelerator.cpp:13]   --->   Operation 185 'phi' 'p_ZL7storage_3_loc_0' <Predicate = true> <Delay = 0.00>
ST_1 : Operation 186 [1/1] (0.00ns)   --->   "%p_ZL7storage_4_loc_0 = phi i32 %init_vector_4_read, void, i32 %p_ZL7storage_4_load, void" [SPMV_CSR_src/accelerator/accelerator.cpp:13]   --->   Operation 186 'phi' 'p_ZL7storage_4_loc_0' <Predicate = true> <Delay = 0.00>
ST_1 : Operation 187 [1/1] (0.00ns)   --->   "%p_ZL7storage_5_loc_0 = phi i32 %init_vector_5_read, void, i32 %p_ZL7storage_5_load, void" [SPMV_CSR_src/accelerator/accelerator.cpp:13]   --->   Operation 187 'phi' 'p_ZL7storage_5_loc_0' <Predicate = true> <Delay = 0.00>
ST_1 : Operation 188 [1/1] (0.00ns)   --->   "%p_ZL7storage_6_loc_0 = phi i32 %init_vector_6_read, void, i32 %p_ZL7storage_6_load, void" [SPMV_CSR_src/accelerator/accelerator.cpp:13]   --->   Operation 188 'phi' 'p_ZL7storage_6_loc_0' <Predicate = true> <Delay = 0.00>
ST_1 : Operation 189 [1/1] (0.00ns)   --->   "%p_ZL7storage_7_loc_0 = phi i32 %init_vector_7_read, void, i32 %p_ZL7storage_7_load, void" [SPMV_CSR_src/accelerator/accelerator.cpp:13]   --->   Operation 189 'phi' 'p_ZL7storage_7_loc_0' <Predicate = true> <Delay = 0.00>
ST_1 : Operation 190 [1/1] (0.00ns)   --->   "%p_ZL7storage_8_loc_0 = phi i32 %init_vector_8_read, void, i32 %p_ZL7storage_8_load, void" [SPMV_CSR_src/accelerator/accelerator.cpp:13]   --->   Operation 190 'phi' 'p_ZL7storage_8_loc_0' <Predicate = true> <Delay = 0.00>
ST_1 : Operation 191 [1/1] (0.00ns)   --->   "%p_ZL7storage_9_loc_0 = phi i32 %init_vector_9_read, void, i32 %p_ZL7storage_9_load, void" [SPMV_CSR_src/accelerator/accelerator.cpp:13]   --->   Operation 191 'phi' 'p_ZL7storage_9_loc_0' <Predicate = true> <Delay = 0.00>
ST_1 : Operation 192 [1/1] (0.00ns)   --->   "%p_ZL7storage_10_loc_0 = phi i32 %init_vector_10_read, void, i32 %p_ZL7storage_10_load, void" [SPMV_CSR_src/accelerator/accelerator.cpp:13]   --->   Operation 192 'phi' 'p_ZL7storage_10_loc_0' <Predicate = true> <Delay = 0.00>
ST_1 : Operation 193 [1/1] (0.00ns)   --->   "%p_ZL7storage_11_loc_0 = phi i32 %init_vector_11_read, void, i32 %p_ZL7storage_11_load, void" [SPMV_CSR_src/accelerator/accelerator.cpp:13]   --->   Operation 193 'phi' 'p_ZL7storage_11_loc_0' <Predicate = true> <Delay = 0.00>
ST_1 : Operation 194 [1/1] (0.00ns)   --->   "%p_ZL7storage_12_loc_0 = phi i32 %init_vector_12_read, void, i32 %p_ZL7storage_12_load, void" [SPMV_CSR_src/accelerator/accelerator.cpp:13]   --->   Operation 194 'phi' 'p_ZL7storage_12_loc_0' <Predicate = true> <Delay = 0.00>
ST_1 : Operation 195 [1/1] (0.00ns)   --->   "%p_ZL7storage_13_loc_0 = phi i32 %init_vector_13_read, void, i32 %p_ZL7storage_13_load, void" [SPMV_CSR_src/accelerator/accelerator.cpp:13]   --->   Operation 195 'phi' 'p_ZL7storage_13_loc_0' <Predicate = true> <Delay = 0.00>
ST_1 : Operation 196 [1/1] (0.00ns)   --->   "%p_ZL7storage_14_loc_0 = phi i32 %init_vector_14_read, void, i32 %p_ZL7storage_14_load, void" [SPMV_CSR_src/accelerator/accelerator.cpp:13]   --->   Operation 196 'phi' 'p_ZL7storage_14_loc_0' <Predicate = true> <Delay = 0.00>
ST_1 : Operation 197 [1/1] (0.00ns)   --->   "%p_ZL7storage_15_loc_0 = phi i32 %init_vector_15_read, void, i32 %p_ZL7storage_15_load, void" [SPMV_CSR_src/accelerator/accelerator.cpp:13]   --->   Operation 197 'phi' 'p_ZL7storage_15_loc_0' <Predicate = true> <Delay = 0.00>
ST_1 : Operation 198 [1/1] (0.00ns)   --->   "%p_ZL7storage_16_loc_0 = phi i32 %init_vector_16_read, void, i32 %p_ZL7storage_16_load, void" [SPMV_CSR_src/accelerator/accelerator.cpp:13]   --->   Operation 198 'phi' 'p_ZL7storage_16_loc_0' <Predicate = true> <Delay = 0.00>
ST_1 : Operation 199 [1/1] (0.00ns)   --->   "%p_ZL7storage_17_loc_0 = phi i32 %init_vector_17_read, void, i32 %p_ZL7storage_17_load, void" [SPMV_CSR_src/accelerator/accelerator.cpp:13]   --->   Operation 199 'phi' 'p_ZL7storage_17_loc_0' <Predicate = true> <Delay = 0.00>
ST_1 : Operation 200 [1/1] (0.00ns)   --->   "%p_ZL7storage_18_loc_0 = phi i32 %init_vector_18_read, void, i32 %p_ZL7storage_18_load, void" [SPMV_CSR_src/accelerator/accelerator.cpp:13]   --->   Operation 200 'phi' 'p_ZL7storage_18_loc_0' <Predicate = true> <Delay = 0.00>
ST_1 : Operation 201 [1/1] (0.00ns)   --->   "%p_ZL7storage_19_loc_0 = phi i32 %init_vector_19_read, void, i32 %p_ZL7storage_19_load, void" [SPMV_CSR_src/accelerator/accelerator.cpp:13]   --->   Operation 201 'phi' 'p_ZL7storage_19_loc_0' <Predicate = true> <Delay = 0.00>
ST_1 : Operation 202 [1/1] (0.00ns)   --->   "%p_ZL7storage_20_loc_0 = phi i32 %init_vector_20_read, void, i32 %p_ZL7storage_20_load, void" [SPMV_CSR_src/accelerator/accelerator.cpp:13]   --->   Operation 202 'phi' 'p_ZL7storage_20_loc_0' <Predicate = true> <Delay = 0.00>
ST_1 : Operation 203 [1/1] (0.00ns)   --->   "%p_ZL7storage_21_loc_0 = phi i32 %init_vector_21_read, void, i32 %p_ZL7storage_21_load, void" [SPMV_CSR_src/accelerator/accelerator.cpp:13]   --->   Operation 203 'phi' 'p_ZL7storage_21_loc_0' <Predicate = true> <Delay = 0.00>
ST_1 : Operation 204 [1/1] (0.00ns)   --->   "%p_ZL7storage_22_loc_0 = phi i32 %init_vector_22_read, void, i32 %p_ZL7storage_22_load, void" [SPMV_CSR_src/accelerator/accelerator.cpp:13]   --->   Operation 204 'phi' 'p_ZL7storage_22_loc_0' <Predicate = true> <Delay = 0.00>
ST_1 : Operation 205 [1/1] (0.00ns)   --->   "%mult_enables_0_read = read i1 @_ssdm_op_Read.ap_auto.i1P0A, i1 %mult_enables_0" [SPMV_CSR_src/accelerator/accelerator.cpp:28]   --->   Operation 205 'read' 'mult_enables_0_read' <Predicate = true> <Delay = 0.00>
ST_1 : Operation 206 [1/1] (0.00ns)   --->   "%subrow_vals_0_read = read i32 @_ssdm_op_Read.ap_auto.i32P0A, i32 %subrow_vals_0" [SPMV_CSR_src/accelerator/accelerator.cpp:29]   --->   Operation 206 'read' 'subrow_vals_0_read' <Predicate = true> <Delay = 0.00>
ST_1 : Operation 207 [1/1] (0.00ns)   --->   "%subrow_col_indices_0_read = read i32 @_ssdm_op_Read.ap_auto.i32P0A, i32 %subrow_col_indices_0" [SPMV_CSR_src/accelerator/accelerator.cpp:29]   --->   Operation 207 'read' 'subrow_col_indices_0_read' <Predicate = true> <Delay = 0.00>
ST_1 : Operation 208 [1/1] (3.20ns)   --->   "%tmp = mux i32 @_ssdm_op_Mux.ap_auto.23i32.i32, i32 %p_ZL7storage_0_loc_0, i32 %p_ZL7storage_1_loc_0, i32 %p_ZL7storage_2_loc_0, i32 %p_ZL7storage_3_loc_0, i32 %p_ZL7storage_4_loc_0, i32 %p_ZL7storage_5_loc_0, i32 %p_ZL7storage_6_loc_0, i32 %p_ZL7storage_7_loc_0, i32 %p_ZL7storage_8_loc_0, i32 %p_ZL7storage_9_loc_0, i32 %p_ZL7storage_10_loc_0, i32 %p_ZL7storage_11_loc_0, i32 %p_ZL7storage_12_loc_0, i32 %p_ZL7storage_13_loc_0, i32 %p_ZL7storage_14_loc_0, i32 %p_ZL7storage_15_loc_0, i32 %p_ZL7storage_16_loc_0, i32 %p_ZL7storage_17_loc_0, i32 %p_ZL7storage_18_loc_0, i32 %p_ZL7storage_19_loc_0, i32 %p_ZL7storage_20_loc_0, i32 %p_ZL7storage_21_loc_0, i32 %p_ZL7storage_22_loc_0, i32 %subrow_col_indices_0_read" [SPMV_CSR_src/accelerator/accelerator.cpp:29]   --->   Operation 208 'mux' 'tmp' <Predicate = true> <Delay = 3.20> <CoreInst = "Multiplexer">   --->   Core 76 'Multiplexer' <Latency = 0> <II = 1> <Delay = 3.20> <FuncUnit> <Opcode : 'mux'> <InPorts = 2> <OutPorts = 1>
ST_1 : Operation 209 [1/1] (0.00ns)   --->   "%mult_enables_1_read = read i1 @_ssdm_op_Read.ap_auto.i1P0A, i1 %mult_enables_1" [SPMV_CSR_src/accelerator/accelerator.cpp:28]   --->   Operation 209 'read' 'mult_enables_1_read' <Predicate = true> <Delay = 0.00>
ST_1 : Operation 210 [1/1] (0.00ns)   --->   "%subrow_vals_1_read = read i32 @_ssdm_op_Read.ap_auto.i32P0A, i32 %subrow_vals_1" [SPMV_CSR_src/accelerator/accelerator.cpp:29]   --->   Operation 210 'read' 'subrow_vals_1_read' <Predicate = true> <Delay = 0.00>
ST_1 : Operation 211 [1/1] (0.00ns)   --->   "%subrow_col_indices_1_read = read i32 @_ssdm_op_Read.ap_auto.i32P0A, i32 %subrow_col_indices_1" [SPMV_CSR_src/accelerator/accelerator.cpp:29]   --->   Operation 211 'read' 'subrow_col_indices_1_read' <Predicate = true> <Delay = 0.00>
ST_1 : Operation 212 [1/1] (3.20ns)   --->   "%tmp_1 = mux i32 @_ssdm_op_Mux.ap_auto.23i32.i32, i32 %p_ZL7storage_0_loc_0, i32 %p_ZL7storage_1_loc_0, i32 %p_ZL7storage_2_loc_0, i32 %p_ZL7storage_3_loc_0, i32 %p_ZL7storage_4_loc_0, i32 %p_ZL7storage_5_loc_0, i32 %p_ZL7storage_6_loc_0, i32 %p_ZL7storage_7_loc_0, i32 %p_ZL7storage_8_loc_0, i32 %p_ZL7storage_9_loc_0, i32 %p_ZL7storage_10_loc_0, i32 %p_ZL7storage_11_loc_0, i32 %p_ZL7storage_12_loc_0, i32 %p_ZL7storage_13_loc_0, i32 %p_ZL7storage_14_loc_0, i32 %p_ZL7storage_15_loc_0, i32 %p_ZL7storage_16_loc_0, i32 %p_ZL7storage_17_loc_0, i32 %p_ZL7storage_18_loc_0, i32 %p_ZL7storage_19_loc_0, i32 %p_ZL7storage_20_loc_0, i32 %p_ZL7storage_21_loc_0, i32 %p_ZL7storage_22_loc_0, i32 %subrow_col_indices_1_read" [SPMV_CSR_src/accelerator/accelerator.cpp:29]   --->   Operation 212 'mux' 'tmp_1' <Predicate = true> <Delay = 3.20> <CoreInst = "Multiplexer">   --->   Core 76 'Multiplexer' <Latency = 0> <II = 1> <Delay = 3.20> <FuncUnit> <Opcode : 'mux'> <InPorts = 2> <OutPorts = 1>
ST_1 : Operation 213 [1/1] (0.00ns)   --->   "%mult_enables_2_read = read i1 @_ssdm_op_Read.ap_auto.i1P0A, i1 %mult_enables_2" [SPMV_CSR_src/accelerator/accelerator.cpp:28]   --->   Operation 213 'read' 'mult_enables_2_read' <Predicate = true> <Delay = 0.00>
ST_1 : Operation 214 [1/1] (0.00ns)   --->   "%subrow_vals_2_read = read i32 @_ssdm_op_Read.ap_auto.i32P0A, i32 %subrow_vals_2" [SPMV_CSR_src/accelerator/accelerator.cpp:29]   --->   Operation 214 'read' 'subrow_vals_2_read' <Predicate = true> <Delay = 0.00>
ST_1 : Operation 215 [1/1] (0.00ns)   --->   "%subrow_col_indices_2_read = read i32 @_ssdm_op_Read.ap_auto.i32P0A, i32 %subrow_col_indices_2" [SPMV_CSR_src/accelerator/accelerator.cpp:29]   --->   Operation 215 'read' 'subrow_col_indices_2_read' <Predicate = true> <Delay = 0.00>
ST_1 : Operation 216 [1/1] (3.20ns)   --->   "%tmp_2 = mux i32 @_ssdm_op_Mux.ap_auto.23i32.i32, i32 %p_ZL7storage_0_loc_0, i32 %p_ZL7storage_1_loc_0, i32 %p_ZL7storage_2_loc_0, i32 %p_ZL7storage_3_loc_0, i32 %p_ZL7storage_4_loc_0, i32 %p_ZL7storage_5_loc_0, i32 %p_ZL7storage_6_loc_0, i32 %p_ZL7storage_7_loc_0, i32 %p_ZL7storage_8_loc_0, i32 %p_ZL7storage_9_loc_0, i32 %p_ZL7storage_10_loc_0, i32 %p_ZL7storage_11_loc_0, i32 %p_ZL7storage_12_loc_0, i32 %p_ZL7storage_13_loc_0, i32 %p_ZL7storage_14_loc_0, i32 %p_ZL7storage_15_loc_0, i32 %p_ZL7storage_16_loc_0, i32 %p_ZL7storage_17_loc_0, i32 %p_ZL7storage_18_loc_0, i32 %p_ZL7storage_19_loc_0, i32 %p_ZL7storage_20_loc_0, i32 %p_ZL7storage_21_loc_0, i32 %p_ZL7storage_22_loc_0, i32 %subrow_col_indices_2_read" [SPMV_CSR_src/accelerator/accelerator.cpp:29]   --->   Operation 216 'mux' 'tmp_2' <Predicate = true> <Delay = 3.20> <CoreInst = "Multiplexer">   --->   Core 76 'Multiplexer' <Latency = 0> <II = 1> <Delay = 3.20> <FuncUnit> <Opcode : 'mux'> <InPorts = 2> <OutPorts = 1>
ST_1 : Operation 217 [1/1] (0.00ns)   --->   "%mult_enables_3_read = read i1 @_ssdm_op_Read.ap_auto.i1P0A, i1 %mult_enables_3" [SPMV_CSR_src/accelerator/accelerator.cpp:28]   --->   Operation 217 'read' 'mult_enables_3_read' <Predicate = true> <Delay = 0.00>
ST_1 : Operation 218 [1/1] (0.00ns)   --->   "%subrow_vals_3_read = read i32 @_ssdm_op_Read.ap_auto.i32P0A, i32 %subrow_vals_3" [SPMV_CSR_src/accelerator/accelerator.cpp:29]   --->   Operation 218 'read' 'subrow_vals_3_read' <Predicate = true> <Delay = 0.00>
ST_1 : Operation 219 [1/1] (0.00ns)   --->   "%subrow_col_indices_3_read = read i32 @_ssdm_op_Read.ap_auto.i32P0A, i32 %subrow_col_indices_3" [SPMV_CSR_src/accelerator/accelerator.cpp:29]   --->   Operation 219 'read' 'subrow_col_indices_3_read' <Predicate = true> <Delay = 0.00>
ST_1 : Operation 220 [1/1] (3.20ns)   --->   "%tmp_3 = mux i32 @_ssdm_op_Mux.ap_auto.23i32.i32, i32 %p_ZL7storage_0_loc_0, i32 %p_ZL7storage_1_loc_0, i32 %p_ZL7storage_2_loc_0, i32 %p_ZL7storage_3_loc_0, i32 %p_ZL7storage_4_loc_0, i32 %p_ZL7storage_5_loc_0, i32 %p_ZL7storage_6_loc_0, i32 %p_ZL7storage_7_loc_0, i32 %p_ZL7storage_8_loc_0, i32 %p_ZL7storage_9_loc_0, i32 %p_ZL7storage_10_loc_0, i32 %p_ZL7storage_11_loc_0, i32 %p_ZL7storage_12_loc_0, i32 %p_ZL7storage_13_loc_0, i32 %p_ZL7storage_14_loc_0, i32 %p_ZL7storage_15_loc_0, i32 %p_ZL7storage_16_loc_0, i32 %p_ZL7storage_17_loc_0, i32 %p_ZL7storage_18_loc_0, i32 %p_ZL7storage_19_loc_0, i32 %p_ZL7storage_20_loc_0, i32 %p_ZL7storage_21_loc_0, i32 %p_ZL7storage_22_loc_0, i32 %subrow_col_indices_3_read" [SPMV_CSR_src/accelerator/accelerator.cpp:29]   --->   Operation 220 'mux' 'tmp_3' <Predicate = true> <Delay = 3.20> <CoreInst = "Multiplexer">   --->   Core 76 'Multiplexer' <Latency = 0> <II = 1> <Delay = 3.20> <FuncUnit> <Opcode : 'mux'> <InPorts = 2> <OutPorts = 1>

State 2 <SV = 1> <Delay = 6.91>
ST_2 : Operation 221 [2/2] (6.91ns)   --->   "%mul_ln29 = mul i32 %subrow_vals_0_read, i32 %tmp" [SPMV_CSR_src/accelerator/accelerator.cpp:29]   --->   Operation 221 'mul' 'mul_ln29' <Predicate = (mult_enables_0_read)> <Delay = 6.91> <CoreInst = "Multiplier">   --->   Core 3 'Multiplier' <Latency = 1> <II = 1> <Delay = 6.91> <FuncUnit> <Opcode : 'mul'> <InPorts = 2> <OutPorts = 1>
ST_2 : Operation 222 [2/2] (6.91ns)   --->   "%mul_ln29_1 = mul i32 %subrow_vals_1_read, i32 %tmp_1" [SPMV_CSR_src/accelerator/accelerator.cpp:29]   --->   Operation 222 'mul' 'mul_ln29_1' <Predicate = (mult_enables_1_read)> <Delay = 6.91> <CoreInst = "Multiplier">   --->   Core 3 'Multiplier' <Latency = 1> <II = 1> <Delay = 6.91> <FuncUnit> <Opcode : 'mul'> <InPorts = 2> <OutPorts = 1>
ST_2 : Operation 223 [2/2] (6.91ns)   --->   "%mul_ln29_2 = mul i32 %subrow_vals_2_read, i32 %tmp_2" [SPMV_CSR_src/accelerator/accelerator.cpp:29]   --->   Operation 223 'mul' 'mul_ln29_2' <Predicate = (mult_enables_2_read)> <Delay = 6.91> <CoreInst = "Multiplier">   --->   Core 3 'Multiplier' <Latency = 1> <II = 1> <Delay = 6.91> <FuncUnit> <Opcode : 'mul'> <InPorts = 2> <OutPorts = 1>
ST_2 : Operation 224 [2/2] (6.91ns)   --->   "%mul_ln29_3 = mul i32 %subrow_vals_3_read, i32 %tmp_3" [SPMV_CSR_src/accelerator/accelerator.cpp:29]   --->   Operation 224 'mul' 'mul_ln29_3' <Predicate = (mult_enables_3_read)> <Delay = 6.91> <CoreInst = "Multiplier">   --->   Core 3 'Multiplier' <Latency = 1> <II = 1> <Delay = 6.91> <FuncUnit> <Opcode : 'mul'> <InPorts = 2> <OutPorts = 1>

State 3 <SV = 2> <Delay = 6.91>
ST_3 : Operation 225 [1/2] (6.91ns)   --->   "%mul_ln29 = mul i32 %subrow_vals_0_read, i32 %tmp" [SPMV_CSR_src/accelerator/accelerator.cpp:29]   --->   Operation 225 'mul' 'mul_ln29' <Predicate = (mult_enables_0_read)> <Delay = 6.91> <CoreInst = "Multiplier">   --->   Core 3 'Multiplier' <Latency = 1> <II = 1> <Delay = 6.91> <FuncUnit> <Opcode : 'mul'> <InPorts = 2> <OutPorts = 1>
ST_3 : Operation 226 [1/2] (6.91ns)   --->   "%mul_ln29_1 = mul i32 %subrow_vals_1_read, i32 %tmp_1" [SPMV_CSR_src/accelerator/accelerator.cpp:29]   --->   Operation 226 'mul' 'mul_ln29_1' <Predicate = (mult_enables_1_read)> <Delay = 6.91> <CoreInst = "Multiplier">   --->   Core 3 'Multiplier' <Latency = 1> <II = 1> <Delay = 6.91> <FuncUnit> <Opcode : 'mul'> <InPorts = 2> <OutPorts = 1>
ST_3 : Operation 227 [1/2] (6.91ns)   --->   "%mul_ln29_2 = mul i32 %subrow_vals_2_read, i32 %tmp_2" [SPMV_CSR_src/accelerator/accelerator.cpp:29]   --->   Operation 227 'mul' 'mul_ln29_2' <Predicate = (mult_enables_2_read)> <Delay = 6.91> <CoreInst = "Multiplier">   --->   Core 3 'Multiplier' <Latency = 1> <II = 1> <Delay = 6.91> <FuncUnit> <Opcode : 'mul'> <InPorts = 2> <OutPorts = 1>
ST_3 : Operation 228 [1/2] (6.91ns)   --->   "%mul_ln29_3 = mul i32 %subrow_vals_3_read, i32 %tmp_3" [SPMV_CSR_src/accelerator/accelerator.cpp:29]   --->   Operation 228 'mul' 'mul_ln29_3' <Predicate = (mult_enables_3_read)> <Delay = 6.91> <CoreInst = "Multiplier">   --->   Core 3 'Multiplier' <Latency = 1> <II = 1> <Delay = 6.91> <FuncUnit> <Opcode : 'mul'> <InPorts = 2> <OutPorts = 1>

State 4 <SV = 3> <Delay = 6.92>
ST_4 : Operation 229 [1/1] (0.69ns)   --->   "%x = select i1 %mult_enables_0_read, i32 %mul_ln29, i32 0" [SPMV_CSR_src/accelerator/accelerator.cpp:28]   --->   Operation 229 'select' 'x' <Predicate = true> <Delay = 0.69> <CoreInst = "Sel">   --->   Core 73 'Sel' <Latency = 0> <II = 1> <Delay = 0.69> <FuncUnit> <Opcode : 'select'> <InPorts = 3> <OutPorts = 1>
ST_4 : Operation 230 [1/1] (0.69ns)   --->   "%select_ln28_1 = select i1 %mult_enables_1_read, i32 %mul_ln29_1, i32 0" [SPMV_CSR_src/accelerator/accelerator.cpp:28]   --->   Operation 230 'select' 'select_ln28_1' <Predicate = true> <Delay = 0.69> <CoreInst = "Sel">   --->   Core 73 'Sel' <Latency = 0> <II = 1> <Delay = 0.69> <FuncUnit> <Opcode : 'select'> <InPorts = 3> <OutPorts = 1>
ST_4 : Operation 231 [1/1] (0.00ns) (grouped into LUT with out node add_ln43_1)   --->   "%select_ln28_2 = select i1 %mult_enables_2_read, i32 %mul_ln29_2, i32 0" [SPMV_CSR_src/accelerator/accelerator.cpp:28]   --->   Operation 231 'select' 'select_ln28_2' <Predicate = true> <Delay = 0.00> <CoreInst = "Sel">   --->   Core 73 'Sel' <Latency = 0> <II = 1> <Delay = 0.69> <FuncUnit> <Opcode : 'select'> <InPorts = 3> <OutPorts = 1>
ST_4 : Operation 232 [1/1] (0.00ns) (grouped into LUT with out node add_ln43_1)   --->   "%select_ln28_3 = select i1 %mult_enables_3_read, i32 %mul_ln29_3, i32 0" [SPMV_CSR_src/accelerator/accelerator.cpp:28]   --->   Operation 232 'select' 'select_ln28_3' <Predicate = true> <Delay = 0.00> <CoreInst = "Sel">   --->   Core 73 'Sel' <Latency = 0> <II = 1> <Delay = 0.69> <FuncUnit> <Opcode : 'select'> <InPorts = 3> <OutPorts = 1>
ST_4 : Operation 233 [1/1] (0.00ns) (grouped into TernaryAdder)   --->   "%add_ln43 = add i32 %select_ln28_1, i32 %x" [SPMV_CSR_src/accelerator/accelerator.cpp:43->SPMV_CSR_src/accelerator/accelerator.cpp:60]   --->   Operation 233 'add' 'add_ln43' <Predicate = true> <Delay = 0.00> <CoreInst = "TAddSub">   --->   Core 10 'TAddSub' <Latency = 0> <II = 1> <Delay = 2.18> <IPBlock> <Opcode : 'add' 'sub'> <InPorts = 3> <OutPorts = 1> <Sync> <CReg>
ST_4 : Operation 234 [1/1] (2.55ns) (out node of the LUT)   --->   "%add_ln43_1 = add i32 %select_ln28_2, i32 %select_ln28_3" [SPMV_CSR_src/accelerator/accelerator.cpp:43->SPMV_CSR_src/accelerator/accelerator.cpp:60]   --->   Operation 234 'add' 'add_ln43_1' <Predicate = true> <Delay = 2.55> <CoreInst = "Adder">   --->   Core 1 'Adder' <Latency = 0> <II = 1> <Delay = 2.55> <FuncUnit> <Opcode : 'add' 'sub'> <InPorts = 2> <OutPorts = 1>
ST_4 : Operation 235 [1/1] (4.37ns) (root node of TernaryAdder)   --->   "%x_1 = add i32 %add_ln43_1, i32 %add_ln43" [SPMV_CSR_src/accelerator/accelerator.cpp:43->SPMV_CSR_src/accelerator/accelerator.cpp:60]   --->   Operation 235 'add' 'x_1' <Predicate = true> <Delay = 4.37> <CoreInst = "TAddSub">   --->   Core 10 'TAddSub' <Latency = 0> <II = 1> <Delay = 2.18> <IPBlock> <Opcode : 'add' 'sub'> <InPorts = 3> <OutPorts = 1> <Sync> <CReg>

State 5 <SV = 4> <Delay = 4.14>
ST_5 : Operation 236 [3/3] (4.14ns)   --->   "%call_ln62 = call void @reduce, i32 %out_r, i32 %x_1, i32 %label_r_read, i32 %reducer_circuit_adder_levels_num_items_0, i32 %reducer_circuit_adder_levels_buffer_value_0_0, i32 %reducer_circuit_adder_levels_buffer_label_0_0, i32 %reducer_circuit_adder_levels_num_items_1, i32 %reducer_circuit_adder_levels_buffer_value_1_0, i1 %reducer_circuit_adder_levels_valid_0, i32 %reducer_circuit_adder_levels_buffer_value_0_1, i1 %reducer_circuit_adder_levels_valid_1, i32 %reducer_circuit_adder_levels_buffer_value_1_1, i32 %reducer_circuit_adder_levels_buffer_label_1_0" [SPMV_CSR_src/accelerator/accelerator.cpp:62]   --->   Operation 236 'call' 'call_ln62' <Predicate = true> <Delay = 4.14> <CoreType = "Generic">   --->   Core 0 '' <Latency = 0> <II = 1> <Delay = 1.00> <Generic> <Opcode : >

State 6 <SV = 5> <Delay = 5.03>
ST_6 : Operation 237 [2/3] (5.03ns)   --->   "%call_ln62 = call void @reduce, i32 %out_r, i32 %x_1, i32 %label_r_read, i32 %reducer_circuit_adder_levels_num_items_0, i32 %reducer_circuit_adder_levels_buffer_value_0_0, i32 %reducer_circuit_adder_levels_buffer_label_0_0, i32 %reducer_circuit_adder_levels_num_items_1, i32 %reducer_circuit_adder_levels_buffer_value_1_0, i1 %reducer_circuit_adder_levels_valid_0, i32 %reducer_circuit_adder_levels_buffer_value_0_1, i1 %reducer_circuit_adder_levels_valid_1, i32 %reducer_circuit_adder_levels_buffer_value_1_1, i32 %reducer_circuit_adder_levels_buffer_label_1_0" [SPMV_CSR_src/accelerator/accelerator.cpp:62]   --->   Operation 237 'call' 'call_ln62' <Predicate = true> <Delay = 5.03> <CoreType = "Generic">   --->   Core 0 '' <Latency = 0> <II = 1> <Delay = 1.00> <Generic> <Opcode : >

State 7 <SV = 6> <Delay = 4.25>
ST_7 : Operation 238 [1/3] (4.25ns)   --->   "%call_ln62 = call void @reduce, i32 %out_r, i32 %x_1, i32 %label_r_read, i32 %reducer_circuit_adder_levels_num_items_0, i32 %reducer_circuit_adder_levels_buffer_value_0_0, i32 %reducer_circuit_adder_levels_buffer_label_0_0, i32 %reducer_circuit_adder_levels_num_items_1, i32 %reducer_circuit_adder_levels_buffer_value_1_0, i1 %reducer_circuit_adder_levels_valid_0, i32 %reducer_circuit_adder_levels_buffer_value_0_1, i1 %reducer_circuit_adder_levels_valid_1, i32 %reducer_circuit_adder_levels_buffer_value_1_1, i32 %reducer_circuit_adder_levels_buffer_label_1_0" [SPMV_CSR_src/accelerator/accelerator.cpp:62]   --->   Operation 238 'call' 'call_ln62' <Predicate = true> <Delay = 4.25> <CoreType = "Generic">   --->   Core 0 '' <Latency = 0> <II = 1> <Delay = 1.00> <Generic> <Opcode : >
ST_7 : Operation 239 [1/1] (0.00ns)   --->   "%ret_ln63 = ret" [SPMV_CSR_src/accelerator/accelerator.cpp:63]   --->   Operation 239 'ret' 'ret_ln63' <Predicate = true> <Delay = 0.00>


============================================================
+ Verbose Summary: Timing violations
============================================================
Target clock period: 10ns, clock uncertainty: 2.7ns.

 <State 1>: 4.79ns
The critical path consists of the following:
	wire read operation ('init_read', SPMV_CSR_src/accelerator/accelerator.cpp:49) on port 'init' (SPMV_CSR_src/accelerator/accelerator.cpp:49) [150]  (0 ns)
	multiplexor before 'phi' operation ('p_ZL7storage_0_loc_0', SPMV_CSR_src/accelerator/accelerator.cpp:13) with incoming values : ('p_ZL7storage_0_load', SPMV_CSR_src/accelerator/accelerator.cpp:29) ('init_vector_0_read', SPMV_CSR_src/accelerator/accelerator.cpp:13) [248]  (1.59 ns)
	'phi' operation ('p_ZL7storage_0_loc_0', SPMV_CSR_src/accelerator/accelerator.cpp:13) with incoming values : ('p_ZL7storage_0_load', SPMV_CSR_src/accelerator/accelerator.cpp:29) ('init_vector_0_read', SPMV_CSR_src/accelerator/accelerator.cpp:13) [248]  (0 ns)
	'mux' operation ('tmp', SPMV_CSR_src/accelerator/accelerator.cpp:29) [274]  (3.2 ns)

 <State 2>: 6.91ns
The critical path consists of the following:
	'mul' operation ('mul_ln29', SPMV_CSR_src/accelerator/accelerator.cpp:29) [275]  (6.91 ns)

 <State 3>: 6.91ns
The critical path consists of the following:
	'mul' operation ('mul_ln29', SPMV_CSR_src/accelerator/accelerator.cpp:29) [275]  (6.91 ns)

 <State 4>: 6.92ns
The critical path consists of the following:
	'select' operation ('select_ln28_2', SPMV_CSR_src/accelerator/accelerator.cpp:28) [288]  (0 ns)
	'add' operation ('add_ln43_1', SPMV_CSR_src/accelerator/accelerator.cpp:43->SPMV_CSR_src/accelerator/accelerator.cpp:60) [296]  (2.55 ns)
	'add' operation ('x', SPMV_CSR_src/accelerator/accelerator.cpp:43->SPMV_CSR_src/accelerator/accelerator.cpp:60) [297]  (4.37 ns)

 <State 5>: 4.14ns
The critical path consists of the following:
	'call' operation ('call_ln62', SPMV_CSR_src/accelerator/accelerator.cpp:62) to 'reduce' [298]  (4.14 ns)

 <State 6>: 5.04ns
The critical path consists of the following:
	'call' operation ('call_ln62', SPMV_CSR_src/accelerator/accelerator.cpp:62) to 'reduce' [298]  (5.04 ns)

 <State 7>: 4.26ns
The critical path consists of the following:
	'call' operation ('call_ln62', SPMV_CSR_src/accelerator/accelerator.cpp:62) to 'reduce' [298]  (4.26 ns)


============================================================
+ Verbose Summary: Binding
============================================================
N/A
* FSMD analyzer results:
  - Output states:
 - Input state : 
  - Chain level:
	State 1
	State 2
	State 3
	State 4
	State 5
	State 6
	State 7


============================================================
+ Verbose Summary: Datapath Resource usage 
============================================================
N/A
