

================================================================
== Vitis HLS Report for 'reduce'
================================================================
* Date:           Sat May 14 21:00:05 2022

* Version:        2021.2 (Build 3367213 on Tue Oct 19 02:47:39 MDT 2021)
* Project:        SPMV_CSR
* Solution:       solution1 (Vivado IP Flow Target)
* Product family: zynq
* Target device:  xc7z020-clg400-1


================================================================
== Performance Estimates
================================================================
+ Timing: 
    * Summary: 
    +--------+----------+----------+------------+
    |  Clock |  Target  | Estimated| Uncertainty|
    +--------+----------+----------+------------+
    |ap_clk  |  10.00 ns|  5.039 ns|     2.70 ns|
    +--------+----------+----------+------------+

+ Latency: 
    * Summary: 
    +---------+---------+-----------+-----------+-----+-----+---------+
    |  Latency (cycles) |   Latency (absolute)  |  Interval | Pipeline|
    |   min   |   max   |    min    |    max    | min | max |   Type  |
    +---------+---------+-----------+-----------+-----+-----+---------+
    |        2|        2|  20.000 ns|  20.000 ns|    1|    1|      yes|
    +---------+---------+-----------+-----------+-----+-----+---------+

    + Detail: 
        * Instance: 
        N/A

        * Loop: 
        N/A



================================================================
== Utilization Estimates
================================================================
* Summary: 
+-----------------+---------+-----+--------+-------+-----+
|       Name      | BRAM_18K| DSP |   FF   |  LUT  | URAM|
+-----------------+---------+-----+--------+-------+-----+
|DSP              |        -|    -|       -|      -|    -|
|Expression       |        -|    -|       0|    203|    -|
|FIFO             |        -|    -|       -|      -|    -|
|Instance         |        -|    -|       -|      -|    -|
|Memory           |        -|    -|       -|      -|    -|
|Multiplexer      |        -|    -|       -|    281|    -|
|Register         |        -|    -|     650|      -|    -|
+-----------------+---------+-----+--------+-------+-----+
|Total            |        0|    0|     650|    484|    0|
+-----------------+---------+-----+--------+-------+-----+
|Available        |      280|  220|  106400|  53200|    0|
+-----------------+---------+-----+--------+-------+-----+
|Utilization (%)  |        0|    0|      ~0|     ~0|    0|
+-----------------+---------+-----+--------+-------+-----+

+ Detail: 
    * Instance: 
    N/A

    * DSP: 
    N/A

    * Memory: 
    N/A

    * FIFO: 
    N/A

    * Expression: 
    +---------------------------+----------+----+---+----+------------+------------+
    |       Variable Name       | Operation| DSP| FF| LUT| Bitwidth P0| Bitwidth P1|
    +---------------------------+----------+----+---+----+------------+------------+
    |add_ln35_1_fu_362_p2       |         +|   0|  0|  39|          32|           1|
    |add_ln35_fu_283_p2         |         +|   0|  0|  39|          32|           1|
    |level_out_value_fu_305_p2  |         +|   0|  0|  39|          32|          32|
    |out_data_value_fu_412_p2   |         +|   0|  0|  39|          32|          32|
    |ap_condition_139           |       and|   0|  0|   2|           1|           1|
    |ap_condition_151           |       and|   0|  0|   2|           1|           1|
    |ap_condition_365           |       and|   0|  0|   2|           1|           1|
    |icmp_ln18_1_fu_390_p2      |      icmp|   0|  0|  18|          32|           2|
    |icmp_ln18_fu_330_p2        |      icmp|   0|  0|  17|          31|           1|
    |ap_condition_131           |        or|   0|  0|   2|           1|           1|
    |ap_condition_186           |        or|   0|  0|   2|           1|           1|
    |ap_enable_pp0              |       xor|   0|  0|   2|           1|           2|
    +---------------------------+----------+----+---+----+------------+------------+
    |Total                      |          |   0|  0| 203|         197|          76|
    +---------------------------+----------+----+---+----+------------+------------+

    * Multiplexer: 
    +------------------------------------------------------------------------------+----+-----------+-----+-----------+
    |                                     Name                                     | LUT| Input Size| Bits| Total Bits|
    +------------------------------------------------------------------------------+----+-----------+-----+-----------+
    |ap_phi_mux_level_out_017_31_phi_fu_106_p6                                     |  20|          4|   32|        128|
    |ap_phi_mux_level_out_value_1_phi_fu_72_p4                                     |  14|          3|   32|         96|
    |ap_phi_mux_out_data_0_35_phi_fu_215_p6                                        |  20|          4|   32|        128|
    |ap_phi_mux_reducer_circuit_adder_levels_buffer_value_1_0_loc_0_phi_fu_119_p4  |  14|          3|   32|         96|
    |ap_phi_mux_reducer_circuit_adder_levels_num_items_0_new_0_phi_fu_93_p6        |  14|          3|   32|         96|
    |ap_phi_mux_reducer_circuit_adder_levels_num_items_0_new_1_phi_fu_130_p4       |  14|          3|   32|         96|
    |ap_phi_mux_reducer_circuit_adder_levels_num_items_1_flag_1_phi_fu_187_p6      |  14|          3|    1|          3|
    |ap_phi_mux_reducer_circuit_adder_levels_num_items_1_flag_2_phi_fu_229_p4      |  14|          3|    1|          3|
    |ap_phi_mux_reducer_circuit_adder_levels_num_items_1_new_1_phi_fu_201_p6       |  14|          3|   32|         96|
    |ap_phi_mux_reducer_circuit_adder_levels_num_items_1_new_2_phi_fu_240_p4       |  14|          3|   32|         96|
    |ap_phi_reg_pp0_iter1_level_out_label_reg_80                                   |  14|          3|   32|         96|
    |ap_phi_reg_pp0_iter2_empty_reg_175                                            |  14|          3|   32|         96|
    |ap_phi_reg_pp0_iter2_level_out_118_32_reg_137                                 |  14|          3|   32|         96|
    |ap_phi_reg_pp0_iter2_out_data_value_1_reg_165                                 |  14|          3|   32|         96|
    |ap_phi_reg_pp0_iter2_reducer_circuit_adder_levels_num_items_1_flag_0_reg_152  |  14|          3|    1|          3|
    |ap_sig_allocacmp_out_data_label                                               |   9|          2|   32|         64|
    |ap_sig_allocacmp_reducer_circuit_adder_levels_buffer_value_0_1_load           |   9|          2|   32|         64|
    |ap_sig_allocacmp_reducer_circuit_adder_levels_num_items_0_load                |   9|          2|   32|         64|
    |ap_sig_allocacmp_reducer_circuit_adder_levels_num_items_1_load                |   9|          2|   32|         64|
    |ap_sig_allocacmp_reducer_circuit_adder_levels_valid_1_load                    |   9|          2|    1|          2|
    |level_out_value_1_reg_69                                                      |  14|          3|   32|         96|
    +------------------------------------------------------------------------------+----+-----------+-----+-----------+
    |Total                                                                         | 281|         60|  548|       1579|
    +------------------------------------------------------------------------------+----+-----------+-----+-----------+

    * Register: 
    +------------------------------------------------------------------------------+----+----+-----+-----------+
    |                                     Name                                     | FF | LUT| Bits| Const Bits|
    +------------------------------------------------------------------------------+----+----+-----+-----------+
    |add_ln35_reg_446                                                              |  32|   0|   32|          0|
    |ap_CS_fsm                                                                     |   1|   0|    1|          0|
    |ap_enable_reg_pp0_iter1                                                       |   1|   0|    1|          0|
    |ap_enable_reg_pp0_iter2                                                       |   1|   0|    1|          0|
    |ap_phi_reg_pp0_iter1_empty_reg_175                                            |  32|   0|   32|          0|
    |ap_phi_reg_pp0_iter1_level_out_118_32_reg_137                                 |  32|   0|   32|          0|
    |ap_phi_reg_pp0_iter1_level_out_label_reg_80                                   |  32|   0|   32|          0|
    |ap_phi_reg_pp0_iter1_out_data_value_1_reg_165                                 |  32|   0|   32|          0|
    |ap_phi_reg_pp0_iter1_reducer_circuit_adder_levels_num_items_1_flag_0_reg_152  |   1|   0|    1|          0|
    |ap_phi_reg_pp0_iter2_empty_reg_175                                            |  32|   0|   32|          0|
    |ap_phi_reg_pp0_iter2_level_out_118_32_reg_137                                 |  32|   0|   32|          0|
    |ap_phi_reg_pp0_iter2_out_data_value_1_reg_165                                 |  32|   0|   32|          0|
    |ap_phi_reg_pp0_iter2_reducer_circuit_adder_levels_num_items_1_flag_0_reg_152  |   1|   0|    1|          0|
    |icmp_ln18_reg_467                                                             |   1|   0|    1|          0|
    |level_out_value_1_reg_69                                                      |  32|   0|   32|          0|
    |level_out_value_reg_452                                                       |  32|   0|   32|          0|
    |reducer_circuit_adder_levels_buffer_label_0_0                                 |  32|   0|   32|          0|
    |reducer_circuit_adder_levels_buffer_label_1_0                                 |  32|   0|   32|          0|
    |reducer_circuit_adder_levels_buffer_value_0_0                                 |  32|   0|   32|          0|
    |reducer_circuit_adder_levels_buffer_value_0_1                                 |  32|   0|   32|          0|
    |reducer_circuit_adder_levels_buffer_value_1_0                                 |  32|   0|   32|          0|
    |reducer_circuit_adder_levels_buffer_value_1_1                                 |  32|   0|   32|          0|
    |reducer_circuit_adder_levels_num_items_0                                      |  32|   0|   32|          0|
    |reducer_circuit_adder_levels_num_items_0_load_reg_434                         |  32|   0|   32|          0|
    |reducer_circuit_adder_levels_num_items_0_load_reg_434_pp0_iter1_reg           |  32|   0|   32|          0|
    |reducer_circuit_adder_levels_num_items_1                                      |  32|   0|   32|          0|
    |reducer_circuit_adder_levels_valid_0                                          |   1|   0|    1|          0|
    |reducer_circuit_adder_levels_valid_0_load_reg_471                             |   1|   0|    1|          0|
    |reducer_circuit_adder_levels_valid_1                                          |   1|   0|    1|          0|
    |trunc_ln34_1_reg_475                                                          |   1|   0|    1|          0|
    +------------------------------------------------------------------------------+----+----+-----+-----------+
    |Total                                                                         | 650|   0|  650|          0|
    +------------------------------------------------------------------------------+----+----+-----+-----------+



================================================================
== Interface
================================================================
* Summary: 
+--------------+-----+-----+------------+--------------+--------------+
|   RTL Ports  | Dir | Bits|  Protocol  | Source Object|    C Type    |
+--------------+-----+-----+------------+--------------+--------------+
|ap_clk        |   in|    1|  ap_ctrl_hs|        reduce|  return value|
|ap_rst        |   in|    1|  ap_ctrl_hs|        reduce|  return value|
|ap_start      |   in|    1|  ap_ctrl_hs|        reduce|  return value|
|ap_done       |  out|    1|  ap_ctrl_hs|        reduce|  return value|
|ap_idle       |  out|    1|  ap_ctrl_hs|        reduce|  return value|
|ap_ready      |  out|    1|  ap_ctrl_hs|        reduce|  return value|
|out_r         |  out|   32|      ap_vld|         out_r|       pointer|
|out_r_ap_vld  |  out|    1|      ap_vld|         out_r|       pointer|
|value_r       |   in|   32|     ap_none|       value_r|        scalar|
|label_r       |   in|   32|     ap_none|       label_r|        scalar|
+--------------+-----+-----+------------+--------------+--------------+

============================================================
+ Verbose Summary: Synthesis Manager
============================================================
InlineROM: 1
ExposeGlobal: 0
============================================================
+ Verbose Summary: CDFG Model
============================================================
IsTopModel: 0
ResetActiveHigh: 1
IsCombinational: 2
IsDatapathOnly: 2
HasWiredReturn: 1
HasMFsm: 2
HasVarLatency: 0
IsPipeline: 1
IsRtlPipelined: 1
IsInstanceOverlapped: 0
IsDontTouch: 0
HasImplIP: 0
IsGatedGlobalClock: 0

+ Individual pipeline summary: 
  * Pipeline-0: initiation interval (II) = 1, depth = 3


============================================================
+ Verbose Summary: Schedule
============================================================
* Number of FSM states : 3
* Pipeline : 1
  Pipeline-0 : II = 1, D = 3, States = { 1 2 3 }
* Dataflow Pipeline: 0

* FSM state transitions: 
1 --> 2 
2 --> 3 
3 --> 

* FSM state operations: 

State 1 <SV = 0> <Delay = 4.14>
ST_1 : Operation 4 [1/1] (0.00ns)   --->   "%label_read = read i32 @_ssdm_op_Read.ap_auto.i32, i32 %label_r" [SPMV_CSR_src/accelerator/reducer.cpp:34]   --->   Operation 4 'read' 'label_read' <Predicate = true> <Delay = 0.00>
ST_1 : Operation 5 [1/1] (0.00ns)   --->   "%value_read = read i32 @_ssdm_op_Read.ap_auto.i32, i32 %value_r" [SPMV_CSR_src/accelerator/reducer.cpp:34]   --->   Operation 5 'read' 'value_read' <Predicate = true> <Delay = 0.00>
ST_1 : Operation 6 [1/1] (0.00ns)   --->   "%reducer_circuit_adder_levels_num_items_0_load = load i32 %reducer_circuit_adder_levels_num_items_0" [SPMV_CSR_src/accelerator/reducer.cpp:34]   --->   Operation 6 'load' 'reducer_circuit_adder_levels_num_items_0_load' <Predicate = true> <Delay = 0.00>
ST_1 : Operation 7 [1/1] (0.00ns)   --->   "%trunc_ln34 = trunc i32 %reducer_circuit_adder_levels_num_items_0_load" [SPMV_CSR_src/accelerator/reducer.cpp:34]   --->   Operation 7 'trunc' 'trunc_ln34' <Predicate = true> <Delay = 0.00>
ST_1 : Operation 8 [1/1] (0.00ns)   --->   "%reducer_circuit_adder_levels_buffer_value_0_0_load = load i32 %reducer_circuit_adder_levels_buffer_value_0_0" [SPMV_CSR_src/accelerator/reducer.cpp:14]   --->   Operation 8 'load' 'reducer_circuit_adder_levels_buffer_value_0_0_load' <Predicate = true> <Delay = 0.00>
ST_1 : Operation 9 [1/1] (0.00ns)   --->   "%br_ln34 = br i1 %trunc_ln34, void %branch0, void %branch1" [SPMV_CSR_src/accelerator/reducer.cpp:34]   --->   Operation 9 'br' 'br_ln34' <Predicate = true> <Delay = 0.00>
ST_1 : Operation 10 [1/1] (0.00ns)   --->   "%store_ln34 = store i32 %value_read, i32 %reducer_circuit_adder_levels_buffer_value_0_0" [SPMV_CSR_src/accelerator/reducer.cpp:34]   --->   Operation 10 'store' 'store_ln34' <Predicate = (!trunc_ln34)> <Delay = 0.00>
ST_1 : Operation 11 [1/1] (1.58ns)   --->   "%br_ln34 = br void" [SPMV_CSR_src/accelerator/reducer.cpp:34]   --->   Operation 11 'br' 'br_ln34' <Predicate = (!trunc_ln34)> <Delay = 1.58>
ST_1 : Operation 12 [1/1] (0.00ns)   --->   "%store_ln34 = store i32 %value_read, i32 %reducer_circuit_adder_levels_buffer_value_0_1" [SPMV_CSR_src/accelerator/reducer.cpp:34]   --->   Operation 12 'store' 'store_ln34' <Predicate = (trunc_ln34)> <Delay = 0.00>
ST_1 : Operation 13 [1/1] (1.58ns)   --->   "%br_ln34 = br void" [SPMV_CSR_src/accelerator/reducer.cpp:34]   --->   Operation 13 'br' 'br_ln34' <Predicate = (trunc_ln34)> <Delay = 1.58>
ST_1 : Operation 14 [1/1] (0.00ns)   --->   "%level_out_value_1 = phi i32 %value_read, void %branch0, i32 %reducer_circuit_adder_levels_buffer_value_0_0_load, void %branch1" [SPMV_CSR_src/accelerator/reducer.cpp:34]   --->   Operation 14 'phi' 'level_out_value_1' <Predicate = true> <Delay = 0.00>
ST_1 : Operation 15 [1/1] (0.00ns)   --->   "%reducer_circuit_adder_levels_buffer_label_0_0_load = load i32 %reducer_circuit_adder_levels_buffer_label_0_0" [SPMV_CSR_src/accelerator/reducer.cpp:15]   --->   Operation 15 'load' 'reducer_circuit_adder_levels_buffer_label_0_0_load' <Predicate = true> <Delay = 0.00>
ST_1 : Operation 16 [1/1] (1.58ns)   --->   "%br_ln34 = br i1 %trunc_ln34, void %branch4, void %branch5" [SPMV_CSR_src/accelerator/reducer.cpp:34]   --->   Operation 16 'br' 'br_ln34' <Predicate = true> <Delay = 1.58>
ST_1 : Operation 17 [1/1] (0.00ns)   --->   "%store_ln34 = store i32 %label_read, i32 %reducer_circuit_adder_levels_buffer_label_0_0" [SPMV_CSR_src/accelerator/reducer.cpp:34]   --->   Operation 17 'store' 'store_ln34' <Predicate = (!trunc_ln34)> <Delay = 0.00>
ST_1 : Operation 18 [1/1] (1.58ns)   --->   "%br_ln34 = br void %branch5" [SPMV_CSR_src/accelerator/reducer.cpp:34]   --->   Operation 18 'br' 'br_ln34' <Predicate = (!trunc_ln34)> <Delay = 1.58>
ST_1 : Operation 19 [1/1] (2.55ns)   --->   "%add_ln35 = add i32 %reducer_circuit_adder_levels_num_items_0_load, i32 1" [SPMV_CSR_src/accelerator/reducer.cpp:35]   --->   Operation 19 'add' 'add_ln35' <Predicate = true> <Delay = 2.55> <CoreInst = "Adder">   --->   Core 1 'Adder' <Latency = 0> <II = 1> <Delay = 2.55> <FuncUnit> <Opcode : 'add' 'sub'> <InPorts = 2> <OutPorts = 1>
ST_1 : Operation 20 [1/1] (1.30ns)   --->   "%switch_ln11 = switch i32 %reducer_circuit_adder_levels_num_items_0_load, void %._crit_edge, i32 1, void, i32 0, void, i32 4294967295, void" [SPMV_CSR_src/accelerator/reducer.cpp:11]   --->   Operation 20 'switch' 'switch_ln11' <Predicate = true> <Delay = 1.30>
ST_1 : Operation 21 [1/1] (1.58ns)   --->   "%store_ln26 = store i1 0, i1 %reducer_circuit_adder_levels_valid_0" [SPMV_CSR_src/accelerator/reducer.cpp:26]   --->   Operation 21 'store' 'store_ln26' <Predicate = (reducer_circuit_adder_levels_num_items_0_load == 4294967295)> <Delay = 1.58>
ST_1 : Operation 22 [1/1] (0.00ns)   --->   "%br_ln29 = br void %._crit_edge" [SPMV_CSR_src/accelerator/reducer.cpp:29]   --->   Operation 22 'br' 'br_ln29' <Predicate = (reducer_circuit_adder_levels_num_items_0_load == 4294967295)> <Delay = 0.00>
ST_1 : Operation 23 [1/1] (1.58ns)   --->   "%store_ln13 = store i1 1, i1 %reducer_circuit_adder_levels_valid_0" [SPMV_CSR_src/accelerator/reducer.cpp:13]   --->   Operation 23 'store' 'store_ln13' <Predicate = (reducer_circuit_adder_levels_num_items_0_load == 1)> <Delay = 1.58>
ST_1 : Operation 24 [1/1] (0.00ns)   --->   "%reducer_circuit_adder_levels_buffer_value_0_1_load = load i32 %reducer_circuit_adder_levels_buffer_value_0_1" [SPMV_CSR_src/accelerator/reducer.cpp:14]   --->   Operation 24 'load' 'reducer_circuit_adder_levels_buffer_value_0_1_load' <Predicate = (reducer_circuit_adder_levels_num_items_0_load == 1)> <Delay = 0.00>
ST_1 : Operation 25 [1/1] (2.55ns)   --->   "%level_out_value = add i32 %reducer_circuit_adder_levels_buffer_value_0_1_load, i32 %level_out_value_1" [SPMV_CSR_src/accelerator/reducer.cpp:14]   --->   Operation 25 'add' 'level_out_value' <Predicate = (reducer_circuit_adder_levels_num_items_0_load == 1)> <Delay = 2.55> <CoreInst = "Adder">   --->   Core 1 'Adder' <Latency = 0> <II = 1> <Delay = 2.55> <FuncUnit> <Opcode : 'add' 'sub'> <InPorts = 2> <OutPorts = 1>
ST_1 : Operation 26 [1/1] (0.00ns)   --->   "%br_ln0 = br void %_ZN13reducer_level3addER12reducer_datai.exit"   --->   Operation 26 'br' 'br_ln0' <Predicate = (reducer_circuit_adder_levels_num_items_0_load != 1 & reducer_circuit_adder_levels_num_items_0_load != 0)> <Delay = 0.00>

State 2 <SV = 1> <Delay = 4.05>
ST_2 : Operation 27 [1/1] (0.00ns)   --->   "%level_out_label = phi i32 %label_read, void %branch4, i32 %reducer_circuit_adder_levels_buffer_label_0_0_load, void" [SPMV_CSR_src/accelerator/reducer.cpp:34]   --->   Operation 27 'phi' 'level_out_label' <Predicate = true> <Delay = 0.00>
ST_2 : Operation 28 [1/1] (0.00ns)   --->   "%reducer_circuit_adder_levels_num_items_1_load = load i32 %reducer_circuit_adder_levels_num_items_1" [SPMV_CSR_src/accelerator/reducer.cpp:34]   --->   Operation 28 'load' 'reducer_circuit_adder_levels_num_items_1_load' <Predicate = true> <Delay = 0.00>
ST_2 : Operation 29 [1/1] (0.00ns)   --->   "%reducer_circuit_adder_levels_buffer_value_1_0_load = load i32 %reducer_circuit_adder_levels_buffer_value_1_0" [SPMV_CSR_src/accelerator/reducer.cpp:14]   --->   Operation 29 'load' 'reducer_circuit_adder_levels_buffer_value_1_0_load' <Predicate = true> <Delay = 0.00>
ST_2 : Operation 30 [1/1] (0.00ns)   --->   "%tmp = partselect i31 @_ssdm_op_PartSelect.i31.i32.i32.i32, i32 %level_out_label, i32 1, i32 31" [SPMV_CSR_src/accelerator/reducer.cpp:18]   --->   Operation 30 'partselect' 'tmp' <Predicate = (reducer_circuit_adder_levels_num_items_0_load == 0)> <Delay = 0.00>
ST_2 : Operation 31 [1/1] (2.47ns)   --->   "%icmp_ln18 = icmp_slt  i31 %tmp, i31 1" [SPMV_CSR_src/accelerator/reducer.cpp:18]   --->   Operation 31 'icmp' 'icmp_ln18' <Predicate = (reducer_circuit_adder_levels_num_items_0_load == 0)> <Delay = 2.47> <CoreInst = "Cmp">   --->   Core 9 'Cmp' <Latency = 0> <II = 1> <Delay = 2.47> <FuncUnit> <Opcode : 'icmp'> <InPorts = 2> <OutPorts = 1>
ST_2 : Operation 32 [1/1] (0.00ns)   --->   "%br_ln18 = br i1 %icmp_ln18, void %_ZN13reducer_level3addER12reducer_datai.exit, void" [SPMV_CSR_src/accelerator/reducer.cpp:18]   --->   Operation 32 'br' 'br_ln18' <Predicate = (reducer_circuit_adder_levels_num_items_0_load == 0)> <Delay = 0.00>
ST_2 : Operation 33 [1/1] (1.58ns)   --->   "%store_ln20 = store i1 1, i1 %reducer_circuit_adder_levels_valid_0" [SPMV_CSR_src/accelerator/reducer.cpp:20]   --->   Operation 33 'store' 'store_ln20' <Predicate = (reducer_circuit_adder_levels_num_items_0_load == 0 & icmp_ln18)> <Delay = 1.58>
ST_2 : Operation 34 [1/1] (1.70ns)   --->   "%br_ln23 = br void %_ZN13reducer_level3addER12reducer_datai.exit.thread" [SPMV_CSR_src/accelerator/reducer.cpp:23]   --->   Operation 34 'br' 'br_ln23' <Predicate = (reducer_circuit_adder_levels_num_items_0_load == 0 & icmp_ln18)> <Delay = 1.70>
ST_2 : Operation 35 [1/1] (1.70ns)   --->   "%br_ln16 = br void %_ZN13reducer_level3addER12reducer_datai.exit.thread" [SPMV_CSR_src/accelerator/reducer.cpp:16]   --->   Operation 35 'br' 'br_ln16' <Predicate = (reducer_circuit_adder_levels_num_items_0_load == 1)> <Delay = 1.70>
ST_2 : Operation 36 [1/1] (0.00ns)   --->   "%reducer_circuit_adder_levels_valid_0_load = load i1 %reducer_circuit_adder_levels_valid_0" [SPMV_CSR_src/accelerator/reducer.cpp:48]   --->   Operation 36 'load' 'reducer_circuit_adder_levels_valid_0_load' <Predicate = (reducer_circuit_adder_levels_num_items_0_load != 1 & !icmp_ln18) | (reducer_circuit_adder_levels_num_items_0_load != 1 & reducer_circuit_adder_levels_num_items_0_load != 0)> <Delay = 0.00>
ST_2 : Operation 37 [1/1] (1.70ns)   --->   "%br_ln48 = br i1 %reducer_circuit_adder_levels_valid_0_load, void %mergeST, void %_ZN13reducer_level3addER12reducer_datai.exit.thread" [SPMV_CSR_src/accelerator/reducer.cpp:48]   --->   Operation 37 'br' 'br_ln48' <Predicate = (reducer_circuit_adder_levels_num_items_0_load != 1 & !icmp_ln18) | (reducer_circuit_adder_levels_num_items_0_load != 1 & reducer_circuit_adder_levels_num_items_0_load != 0)> <Delay = 1.70>
ST_2 : Operation 38 [1/1] (0.00ns)   --->   "%reducer_circuit_adder_levels_num_items_0_new_0 = phi i32 %add_ln35, void %_ZN13reducer_level3addER12reducer_datai.exit, i32 0, void, i32 0, void" [SPMV_CSR_src/accelerator/reducer.cpp:35]   --->   Operation 38 'phi' 'reducer_circuit_adder_levels_num_items_0_new_0' <Predicate = (reducer_circuit_adder_levels_valid_0_load) | (reducer_circuit_adder_levels_num_items_0_load == 0 & icmp_ln18) | (reducer_circuit_adder_levels_num_items_0_load == 1)> <Delay = 0.00>
ST_2 : Operation 39 [1/1] (0.00ns)   --->   "%level_out_017_31 = phi i32 0, void %_ZN13reducer_level3addER12reducer_datai.exit, i32 %level_out_value_1, void, i32 %level_out_value, void"   --->   Operation 39 'phi' 'level_out_017_31' <Predicate = (reducer_circuit_adder_levels_valid_0_load) | (reducer_circuit_adder_levels_num_items_0_load == 0 & icmp_ln18) | (reducer_circuit_adder_levels_num_items_0_load == 1)> <Delay = 0.00>
ST_2 : Operation 40 [1/1] (0.00ns)   --->   "%trunc_ln34_1 = trunc i32 %reducer_circuit_adder_levels_num_items_1_load" [SPMV_CSR_src/accelerator/reducer.cpp:34]   --->   Operation 40 'trunc' 'trunc_ln34_1' <Predicate = (reducer_circuit_adder_levels_valid_0_load) | (reducer_circuit_adder_levels_num_items_0_load == 0 & icmp_ln18) | (reducer_circuit_adder_levels_num_items_0_load == 1)> <Delay = 0.00>
ST_2 : Operation 41 [1/1] (0.00ns)   --->   "%br_ln34 = br i1 %trunc_ln34_1, void %branch2, void %branch3" [SPMV_CSR_src/accelerator/reducer.cpp:34]   --->   Operation 41 'br' 'br_ln34' <Predicate = (reducer_circuit_adder_levels_valid_0_load) | (reducer_circuit_adder_levels_num_items_0_load == 0 & icmp_ln18) | (reducer_circuit_adder_levels_num_items_0_load == 1)> <Delay = 0.00>
ST_2 : Operation 42 [1/1] (0.00ns)   --->   "%store_ln34 = store i32 %level_out_017_31, i32 %reducer_circuit_adder_levels_buffer_value_1_0" [SPMV_CSR_src/accelerator/reducer.cpp:34]   --->   Operation 42 'store' 'store_ln34' <Predicate = (reducer_circuit_adder_levels_valid_0_load & !trunc_ln34_1) | (reducer_circuit_adder_levels_num_items_0_load == 0 & icmp_ln18 & !trunc_ln34_1) | (reducer_circuit_adder_levels_num_items_0_load == 1 & !trunc_ln34_1)> <Delay = 0.00>
ST_2 : Operation 43 [1/1] (1.58ns)   --->   "%br_ln34 = br void %_ZN13reducer_level3addER12reducer_datai.exit.thread16" [SPMV_CSR_src/accelerator/reducer.cpp:34]   --->   Operation 43 'br' 'br_ln34' <Predicate = (reducer_circuit_adder_levels_valid_0_load & !trunc_ln34_1) | (reducer_circuit_adder_levels_num_items_0_load == 0 & icmp_ln18 & !trunc_ln34_1) | (reducer_circuit_adder_levels_num_items_0_load == 1 & !trunc_ln34_1)> <Delay = 1.58>
ST_2 : Operation 44 [1/1] (0.00ns)   --->   "%store_ln34 = store i32 %level_out_017_31, i32 %reducer_circuit_adder_levels_buffer_value_1_1" [SPMV_CSR_src/accelerator/reducer.cpp:34]   --->   Operation 44 'store' 'store_ln34' <Predicate = (reducer_circuit_adder_levels_valid_0_load & trunc_ln34_1) | (reducer_circuit_adder_levels_num_items_0_load == 0 & icmp_ln18 & trunc_ln34_1) | (reducer_circuit_adder_levels_num_items_0_load == 1 & trunc_ln34_1)> <Delay = 0.00>
ST_2 : Operation 45 [1/1] (1.58ns)   --->   "%br_ln34 = br void %_ZN13reducer_level3addER12reducer_datai.exit.thread16" [SPMV_CSR_src/accelerator/reducer.cpp:34]   --->   Operation 45 'br' 'br_ln34' <Predicate = (reducer_circuit_adder_levels_valid_0_load & trunc_ln34_1) | (reducer_circuit_adder_levels_num_items_0_load == 0 & icmp_ln18 & trunc_ln34_1) | (reducer_circuit_adder_levels_num_items_0_load == 1 & trunc_ln34_1)> <Delay = 1.58>
ST_2 : Operation 46 [1/1] (0.00ns)   --->   "%reducer_circuit_adder_levels_buffer_value_1_0_loc_0 = phi i32 %level_out_017_31, void %branch2, i32 %reducer_circuit_adder_levels_buffer_value_1_0_load, void %branch3" [SPMV_CSR_src/accelerator/reducer.cpp:34]   --->   Operation 46 'phi' 'reducer_circuit_adder_levels_buffer_value_1_0_loc_0' <Predicate = (reducer_circuit_adder_levels_valid_0_load) | (reducer_circuit_adder_levels_num_items_0_load == 0 & icmp_ln18) | (reducer_circuit_adder_levels_num_items_0_load == 1)> <Delay = 0.00>
ST_2 : Operation 47 [1/1] (0.00ns)   --->   "%br_ln34 = br i1 %trunc_ln34_1, void %branch6, void %_ZN13reducer_level3addER12reducer_datai.exit.thread1622" [SPMV_CSR_src/accelerator/reducer.cpp:34]   --->   Operation 47 'br' 'br_ln34' <Predicate = (reducer_circuit_adder_levels_valid_0_load) | (reducer_circuit_adder_levels_num_items_0_load == 0 & icmp_ln18) | (reducer_circuit_adder_levels_num_items_0_load == 1)> <Delay = 0.00>
ST_2 : Operation 48 [1/1] (2.55ns)   --->   "%add_ln35_1 = add i32 %reducer_circuit_adder_levels_num_items_1_load, i32 1" [SPMV_CSR_src/accelerator/reducer.cpp:35]   --->   Operation 48 'add' 'add_ln35_1' <Predicate = (reducer_circuit_adder_levels_valid_0_load) | (reducer_circuit_adder_levels_num_items_0_load == 0 & icmp_ln18) | (reducer_circuit_adder_levels_num_items_0_load == 1)> <Delay = 2.55> <CoreInst = "Adder">   --->   Core 1 'Adder' <Latency = 0> <II = 1> <Delay = 2.55> <FuncUnit> <Opcode : 'add' 'sub'> <InPorts = 2> <OutPorts = 1>
ST_2 : Operation 49 [1/1] (1.58ns)   --->   "%br_ln49 = br void %mergeST" [SPMV_CSR_src/accelerator/reducer.cpp:49]   --->   Operation 49 'br' 'br_ln49' <Predicate = (reducer_circuit_adder_levels_valid_0_load) | (reducer_circuit_adder_levels_num_items_0_load == 0 & icmp_ln18) | (reducer_circuit_adder_levels_num_items_0_load == 1)> <Delay = 1.58>
ST_2 : Operation 50 [1/1] (0.00ns)   --->   "%reducer_circuit_adder_levels_num_items_0_new_1 = phi i32 %reducer_circuit_adder_levels_num_items_0_new_0, void %_ZN13reducer_level3addER12reducer_datai.exit.thread1622, i32 %add_ln35, void %_ZN13reducer_level3addER12reducer_datai.exit" [SPMV_CSR_src/accelerator/reducer.cpp:35]   --->   Operation 50 'phi' 'reducer_circuit_adder_levels_num_items_0_new_1' <Predicate = true> <Delay = 0.00>
ST_2 : Operation 51 [1/1] (0.00ns)   --->   "%store_ln35 = store i32 %reducer_circuit_adder_levels_num_items_0_new_1, i32 %reducer_circuit_adder_levels_num_items_0" [SPMV_CSR_src/accelerator/reducer.cpp:35]   --->   Operation 51 'store' 'store_ln35' <Predicate = true> <Delay = 0.00>

State 3 <SV = 2> <Delay = 5.03>
ST_3 : Operation 52 [1/1] (0.00ns)   --->   "%level_out_118_32 = phi i32 0, void %_ZN13reducer_level3addER12reducer_datai.exit, i32 %level_out_label, void, i32 %level_out_label, void"   --->   Operation 52 'phi' 'level_out_118_32' <Predicate = (reducer_circuit_adder_levels_valid_0_load) | (reducer_circuit_adder_levels_num_items_0_load == 0 & icmp_ln18) | (reducer_circuit_adder_levels_num_items_0_load == 1)> <Delay = 0.00>
ST_3 : Operation 53 [1/1] (0.00ns)   --->   "%store_ln34 = store i32 %level_out_118_32, i32 %reducer_circuit_adder_levels_buffer_label_1_0" [SPMV_CSR_src/accelerator/reducer.cpp:34]   --->   Operation 53 'store' 'store_ln34' <Predicate = (reducer_circuit_adder_levels_valid_0_load & !trunc_ln34_1) | (reducer_circuit_adder_levels_num_items_0_load == 0 & icmp_ln18 & !trunc_ln34_1) | (reducer_circuit_adder_levels_num_items_0_load == 1 & !trunc_ln34_1)> <Delay = 0.00>
ST_3 : Operation 54 [1/1] (0.00ns)   --->   "%br_ln34 = br void %_ZN13reducer_level3addER12reducer_datai.exit.thread1622" [SPMV_CSR_src/accelerator/reducer.cpp:34]   --->   Operation 54 'br' 'br_ln34' <Predicate = (reducer_circuit_adder_levels_valid_0_load & !trunc_ln34_1) | (reducer_circuit_adder_levels_num_items_0_load == 0 & icmp_ln18 & !trunc_ln34_1) | (reducer_circuit_adder_levels_num_items_0_load == 1 & !trunc_ln34_1)> <Delay = 0.00>
ST_3 : Operation 55 [1/1] (0.00ns)   --->   "%reducer_circuit_adder_levels_num_items_1_flag_0 = phi i1 1, void %_ZN13reducer_level3addER12reducer_datai.exit.thread1622, i1 0, void %_ZN13reducer_level3addER12reducer_datai.exit"   --->   Operation 55 'phi' 'reducer_circuit_adder_levels_num_items_1_flag_0' <Predicate = true> <Delay = 0.00>
ST_3 : Operation 56 [1/1] (0.00ns)   --->   "%out_data_value_1 = phi i32 %reducer_circuit_adder_levels_buffer_value_1_0_loc_0, void %_ZN13reducer_level3addER12reducer_datai.exit.thread1622, i32 %reducer_circuit_adder_levels_buffer_value_1_0_load, void %_ZN13reducer_level3addER12reducer_datai.exit" [SPMV_CSR_src/accelerator/reducer.cpp:34]   --->   Operation 56 'phi' 'out_data_value_1' <Predicate = true> <Delay = 0.00>
ST_3 : Operation 57 [1/1] (0.00ns)   --->   "%empty = phi i32 %add_ln35_1, void %_ZN13reducer_level3addER12reducer_datai.exit.thread1622, i32 %reducer_circuit_adder_levels_num_items_1_load, void %_ZN13reducer_level3addER12reducer_datai.exit" [SPMV_CSR_src/accelerator/reducer.cpp:35]   --->   Operation 57 'phi' 'empty' <Predicate = true> <Delay = 0.00>
ST_3 : Operation 58 [1/1] (1.30ns)   --->   "%switch_ln11 = switch i32 %empty, void %._crit_edge1, i32 2, void, i32 1, void, i32 0, void" [SPMV_CSR_src/accelerator/reducer.cpp:11]   --->   Operation 58 'switch' 'switch_ln11' <Predicate = true> <Delay = 1.30>
ST_3 : Operation 59 [1/1] (1.58ns)   --->   "%store_ln26 = store i1 0, i1 %reducer_circuit_adder_levels_valid_1" [SPMV_CSR_src/accelerator/reducer.cpp:26]   --->   Operation 59 'store' 'store_ln26' <Predicate = (empty == 0)> <Delay = 1.58>
ST_3 : Operation 60 [1/1] (0.00ns)   --->   "%br_ln29 = br void %._crit_edge1" [SPMV_CSR_src/accelerator/reducer.cpp:29]   --->   Operation 60 'br' 'br_ln29' <Predicate = (empty == 0)> <Delay = 0.00>
ST_3 : Operation 61 [1/1] (0.00ns)   --->   "%out_data_label = load i32 %reducer_circuit_adder_levels_buffer_label_1_0" [SPMV_CSR_src/accelerator/reducer.cpp:18]   --->   Operation 61 'load' 'out_data_label' <Predicate = (empty == 1)> <Delay = 0.00>
ST_3 : Operation 62 [1/1] (2.47ns)   --->   "%icmp_ln18_1 = icmp_slt  i32 %out_data_label, i32 3" [SPMV_CSR_src/accelerator/reducer.cpp:18]   --->   Operation 62 'icmp' 'icmp_ln18_1' <Predicate = (empty == 1)> <Delay = 2.47> <CoreInst = "Cmp">   --->   Core 9 'Cmp' <Latency = 0> <II = 1> <Delay = 2.47> <FuncUnit> <Opcode : 'icmp'> <InPorts = 2> <OutPorts = 1>
ST_3 : Operation 63 [1/1] (0.00ns)   --->   "%br_ln18 = br i1 %icmp_ln18_1, void %_ZN13reducer_level3addER12reducer_datai.exit14, void" [SPMV_CSR_src/accelerator/reducer.cpp:18]   --->   Operation 63 'br' 'br_ln18' <Predicate = (empty == 1)> <Delay = 0.00>
ST_3 : Operation 64 [1/1] (1.58ns)   --->   "%store_ln20 = store i1 1, i1 %reducer_circuit_adder_levels_valid_1" [SPMV_CSR_src/accelerator/reducer.cpp:20]   --->   Operation 64 'store' 'store_ln20' <Predicate = (empty == 1 & icmp_ln18_1)> <Delay = 1.58>
ST_3 : Operation 65 [1/1] (1.70ns)   --->   "%br_ln23 = br void %_ZN13reducer_level3addER12reducer_datai.exit14.thread" [SPMV_CSR_src/accelerator/reducer.cpp:23]   --->   Operation 65 'br' 'br_ln23' <Predicate = (empty == 1 & icmp_ln18_1)> <Delay = 1.70>
ST_3 : Operation 66 [1/1] (1.58ns)   --->   "%store_ln13 = store i1 1, i1 %reducer_circuit_adder_levels_valid_1" [SPMV_CSR_src/accelerator/reducer.cpp:13]   --->   Operation 66 'store' 'store_ln13' <Predicate = (empty == 2)> <Delay = 1.58>
ST_3 : Operation 67 [1/1] (0.00ns)   --->   "%reducer_circuit_adder_levels_buffer_value_1_1_load = load i32 %reducer_circuit_adder_levels_buffer_value_1_1" [SPMV_CSR_src/accelerator/reducer.cpp:14]   --->   Operation 67 'load' 'reducer_circuit_adder_levels_buffer_value_1_1_load' <Predicate = (empty == 2)> <Delay = 0.00>
ST_3 : Operation 68 [1/1] (2.55ns)   --->   "%out_data_value = add i32 %reducer_circuit_adder_levels_buffer_value_1_1_load, i32 %out_data_value_1" [SPMV_CSR_src/accelerator/reducer.cpp:14]   --->   Operation 68 'add' 'out_data_value' <Predicate = (empty == 2)> <Delay = 2.55> <CoreInst = "Adder">   --->   Core 1 'Adder' <Latency = 0> <II = 1> <Delay = 2.55> <FuncUnit> <Opcode : 'add' 'sub'> <InPorts = 2> <OutPorts = 1>
ST_3 : Operation 69 [1/1] (1.70ns)   --->   "%br_ln16 = br void %_ZN13reducer_level3addER12reducer_datai.exit14.thread" [SPMV_CSR_src/accelerator/reducer.cpp:16]   --->   Operation 69 'br' 'br_ln16' <Predicate = (empty == 2)> <Delay = 1.70>
ST_3 : Operation 70 [1/1] (0.00ns)   --->   "%br_ln0 = br void %_ZN13reducer_level3addER12reducer_datai.exit14"   --->   Operation 70 'br' 'br_ln0' <Predicate = (empty != 2 & empty != 1)> <Delay = 0.00>
ST_3 : Operation 71 [1/1] (0.00ns)   --->   "%reducer_circuit_adder_levels_valid_1_load = load i1 %reducer_circuit_adder_levels_valid_1" [SPMV_CSR_src/accelerator/reducer.cpp:53]   --->   Operation 71 'load' 'reducer_circuit_adder_levels_valid_1_load' <Predicate = (empty != 2 & !icmp_ln18_1) | (empty != 2 & empty != 1)> <Delay = 0.00>
ST_3 : Operation 72 [1/1] (1.70ns)   --->   "%br_ln53 = br i1 %reducer_circuit_adder_levels_valid_1_load, void %_ZN13reducer_level3addER12reducer_datai.exit14._crit_edge, void %_ZN13reducer_level3addER12reducer_datai.exit14.thread" [SPMV_CSR_src/accelerator/reducer.cpp:53]   --->   Operation 72 'br' 'br_ln53' <Predicate = (empty != 2 & !icmp_ln18_1) | (empty != 2 & empty != 1)> <Delay = 1.70>
ST_3 : Operation 73 [1/1] (0.00ns)   --->   "%reducer_circuit_adder_levels_num_items_1_flag_1 = phi i1 %reducer_circuit_adder_levels_num_items_1_flag_0, void %_ZN13reducer_level3addER12reducer_datai.exit14, i1 1, void, i1 1, void"   --->   Operation 73 'phi' 'reducer_circuit_adder_levels_num_items_1_flag_1' <Predicate = (reducer_circuit_adder_levels_valid_1_load) | (empty == 1 & icmp_ln18_1) | (empty == 2)> <Delay = 0.00>
ST_3 : Operation 74 [1/1] (0.00ns)   --->   "%reducer_circuit_adder_levels_num_items_1_new_1 = phi i32 %empty, void %_ZN13reducer_level3addER12reducer_datai.exit14, i32 0, void, i32 0, void" [SPMV_CSR_src/accelerator/reducer.cpp:35]   --->   Operation 74 'phi' 'reducer_circuit_adder_levels_num_items_1_new_1' <Predicate = (reducer_circuit_adder_levels_valid_1_load) | (empty == 1 & icmp_ln18_1) | (empty == 2)> <Delay = 0.00>
ST_3 : Operation 75 [1/1] (0.00ns)   --->   "%out_data_0_35 = phi i32 0, void %_ZN13reducer_level3addER12reducer_datai.exit14, i32 %out_data_value_1, void, i32 %out_data_value, void"   --->   Operation 75 'phi' 'out_data_0_35' <Predicate = (reducer_circuit_adder_levels_valid_1_load) | (empty == 1 & icmp_ln18_1) | (empty == 2)> <Delay = 0.00>
ST_3 : Operation 76 [1/1] (0.00ns)   --->   "%write_ln54 = write void @_ssdm_op_Write.ap_auto.i32P0A, i32 %out_r, i32 %out_data_0_35" [SPMV_CSR_src/accelerator/reducer.cpp:54]   --->   Operation 76 'write' 'write_ln54' <Predicate = (reducer_circuit_adder_levels_valid_1_load) | (empty == 1 & icmp_ln18_1) | (empty == 2)> <Delay = 0.00>
ST_3 : Operation 77 [1/1] (1.58ns)   --->   "%br_ln54 = br void %_ZN13reducer_level3addER12reducer_datai.exit14._crit_edge" [SPMV_CSR_src/accelerator/reducer.cpp:54]   --->   Operation 77 'br' 'br_ln54' <Predicate = (reducer_circuit_adder_levels_valid_1_load) | (empty == 1 & icmp_ln18_1) | (empty == 2)> <Delay = 1.58>
ST_3 : Operation 78 [1/1] (0.00ns)   --->   "%reducer_circuit_adder_levels_num_items_1_flag_2 = phi i1 %reducer_circuit_adder_levels_num_items_1_flag_1, void %_ZN13reducer_level3addER12reducer_datai.exit14.thread, i1 %reducer_circuit_adder_levels_num_items_1_flag_0, void %_ZN13reducer_level3addER12reducer_datai.exit14"   --->   Operation 78 'phi' 'reducer_circuit_adder_levels_num_items_1_flag_2' <Predicate = true> <Delay = 0.00>
ST_3 : Operation 79 [1/1] (0.00ns)   --->   "%reducer_circuit_adder_levels_num_items_1_new_2 = phi i32 %reducer_circuit_adder_levels_num_items_1_new_1, void %_ZN13reducer_level3addER12reducer_datai.exit14.thread, i32 %empty, void %_ZN13reducer_level3addER12reducer_datai.exit14" [SPMV_CSR_src/accelerator/reducer.cpp:35]   --->   Operation 79 'phi' 'reducer_circuit_adder_levels_num_items_1_new_2' <Predicate = true> <Delay = 0.00>
ST_3 : Operation 80 [1/1] (0.00ns)   --->   "%br_ln0 = br i1 %reducer_circuit_adder_levels_num_items_1_flag_2, void %_ZN13reducer_level3addER12reducer_datai.exit14._crit_edge.new, void %mergeST26"   --->   Operation 80 'br' 'br_ln0' <Predicate = true> <Delay = 0.00>
ST_3 : Operation 81 [1/1] (0.00ns)   --->   "%store_ln35 = store i32 %reducer_circuit_adder_levels_num_items_1_new_2, i32 %reducer_circuit_adder_levels_num_items_1" [SPMV_CSR_src/accelerator/reducer.cpp:35]   --->   Operation 81 'store' 'store_ln35' <Predicate = (reducer_circuit_adder_levels_num_items_1_flag_2)> <Delay = 0.00>
ST_3 : Operation 82 [1/1] (0.00ns)   --->   "%br_ln0 = br void %_ZN13reducer_level3addER12reducer_datai.exit14._crit_edge.new"   --->   Operation 82 'br' 'br_ln0' <Predicate = (reducer_circuit_adder_levels_num_items_1_flag_2)> <Delay = 0.00>
ST_3 : Operation 83 [1/1] (0.00ns)   --->   "%ret_ln55 = ret" [SPMV_CSR_src/accelerator/reducer.cpp:55]   --->   Operation 83 'ret' 'ret_ln55' <Predicate = true> <Delay = 0.00>


============================================================
+ Verbose Summary: Binding
============================================================
STG Binding: 
---------------- STG Properties BEGIN ----------------
- Is combinational: 0
- Is one-state seq: 0
- Is datapath-only: 0
- Is pipelined: 1
- Is top level: 0
Port [ Return ] is wired: 1; IO mode=ap_ctrl_hs:ce=0
Port [ out_r]:  wired=1; compound=0; hidden=0; nouse=0; global=0; static=0; extern=0; dir=1; type=0; pingpong=0; private_global=0; IO mode=ap_vld:ce=0
Port [ value_r]:  wired=1; compound=0; hidden=0; nouse=0; global=0; static=0; extern=0; dir=0; type=0; pingpong=0; private_global=0; IO mode=ap_none:ce=0
Port [ label_r]:  wired=1; compound=0; hidden=0; nouse=0; global=0; static=0; extern=0; dir=0; type=0; pingpong=0; private_global=0; IO mode=ap_none:ce=0
Port [ reducer_circuit_adder_levels_num_items_0]:  wired=0; compound=0; hidden=1; nouse=0; global=1; static=1; extern=0; dir=2; type=0; pingpong=0; private_global=1; IO mode=ap_ovld:ce=0
Port [ reducer_circuit_adder_levels_buffer_value_0_0]:  wired=0; compound=0; hidden=1; nouse=0; global=1; static=1; extern=0; dir=2; type=0; pingpong=0; private_global=1; IO mode=ap_ovld:ce=0
Port [ reducer_circuit_adder_levels_buffer_label_0_0]:  wired=0; compound=0; hidden=1; nouse=0; global=1; static=1; extern=0; dir=2; type=0; pingpong=0; private_global=1; IO mode=ap_ovld:ce=0
Port [ reducer_circuit_adder_levels_num_items_1]:  wired=0; compound=0; hidden=1; nouse=0; global=1; static=1; extern=0; dir=2; type=0; pingpong=0; private_global=1; IO mode=ap_ovld:ce=0
Port [ reducer_circuit_adder_levels_buffer_value_1_0]:  wired=0; compound=0; hidden=1; nouse=0; global=1; static=1; extern=0; dir=2; type=0; pingpong=0; private_global=1; IO mode=ap_ovld:ce=0
Port [ reducer_circuit_adder_levels_valid_0]:  wired=0; compound=0; hidden=1; nouse=0; global=1; static=1; extern=0; dir=2; type=0; pingpong=0; private_global=1; IO mode=ap_ovld:ce=0
Port [ reducer_circuit_adder_levels_buffer_value_0_1]:  wired=0; compound=0; hidden=1; nouse=0; global=1; static=1; extern=0; dir=2; type=0; pingpong=0; private_global=1; IO mode=ap_ovld:ce=0
Port [ reducer_circuit_adder_levels_valid_1]:  wired=0; compound=0; hidden=1; nouse=0; global=1; static=1; extern=0; dir=2; type=0; pingpong=0; private_global=1; IO mode=ap_ovld:ce=0
Port [ reducer_circuit_adder_levels_buffer_value_1_1]:  wired=0; compound=0; hidden=1; nouse=0; global=1; static=1; extern=0; dir=2; type=0; pingpong=0; private_global=1; IO mode=ap_ovld:ce=0
Port [ reducer_circuit_adder_levels_buffer_label_1_0]:  wired=0; compound=0; hidden=1; nouse=0; global=1; static=1; extern=0; dir=2; type=0; pingpong=0; private_global=1; IO mode=ap_ovld:ce=0
---------------- STG Properties END ------------------

---------------- Datapath Model BEGIN ----------------

<LifeTime>
<method=bitvector/>
label_read                                          (read      ) [ 0110]
value_read                                          (read      ) [ 0000]
reducer_circuit_adder_levels_num_items_0_load       (load      ) [ 0111]
trunc_ln34                                          (trunc     ) [ 0100]
reducer_circuit_adder_levels_buffer_value_0_0_load  (load      ) [ 0000]
br_ln34                                             (br        ) [ 0000]
store_ln34                                          (store     ) [ 0000]
br_ln34                                             (br        ) [ 0000]
store_ln34                                          (store     ) [ 0000]
br_ln34                                             (br        ) [ 0000]
level_out_value_1                                   (phi       ) [ 0110]
reducer_circuit_adder_levels_buffer_label_0_0_load  (load      ) [ 0110]
br_ln34                                             (br        ) [ 0110]
store_ln34                                          (store     ) [ 0000]
br_ln34                                             (br        ) [ 0110]
add_ln35                                            (add       ) [ 0110]
switch_ln11                                         (switch    ) [ 0000]
store_ln26                                          (store     ) [ 0000]
br_ln29                                             (br        ) [ 0000]
store_ln13                                          (store     ) [ 0000]
reducer_circuit_adder_levels_buffer_value_0_1_load  (load      ) [ 0000]
level_out_value                                     (add       ) [ 0110]
br_ln0                                              (br        ) [ 0000]
level_out_label                                     (phi       ) [ 0111]
reducer_circuit_adder_levels_num_items_1_load       (load      ) [ 0111]
reducer_circuit_adder_levels_buffer_value_1_0_load  (load      ) [ 0111]
tmp                                                 (partselect) [ 0000]
icmp_ln18                                           (icmp      ) [ 0111]
br_ln18                                             (br        ) [ 0000]
store_ln20                                          (store     ) [ 0000]
br_ln23                                             (br        ) [ 0111]
br_ln16                                             (br        ) [ 0111]
reducer_circuit_adder_levels_valid_0_load           (load      ) [ 0111]
br_ln48                                             (br        ) [ 0111]
reducer_circuit_adder_levels_num_items_0_new_0      (phi       ) [ 0110]
level_out_017_31                                    (phi       ) [ 0110]
trunc_ln34_1                                        (trunc     ) [ 0111]
br_ln34                                             (br        ) [ 0000]
store_ln34                                          (store     ) [ 0000]
br_ln34                                             (br        ) [ 0000]
store_ln34                                          (store     ) [ 0000]
br_ln34                                             (br        ) [ 0000]
reducer_circuit_adder_levels_buffer_value_1_0_loc_0 (phi       ) [ 0111]
br_ln34                                             (br        ) [ 0000]
add_ln35_1                                          (add       ) [ 0111]
br_ln49                                             (br        ) [ 0111]
reducer_circuit_adder_levels_num_items_0_new_1      (phi       ) [ 0110]
store_ln35                                          (store     ) [ 0000]
level_out_118_32                                    (phi       ) [ 0101]
store_ln34                                          (store     ) [ 0000]
br_ln34                                             (br        ) [ 0000]
reducer_circuit_adder_levels_num_items_1_flag_0     (phi       ) [ 0101]
out_data_value_1                                    (phi       ) [ 0101]
empty                                               (phi       ) [ 0101]
switch_ln11                                         (switch    ) [ 0000]
store_ln26                                          (store     ) [ 0000]
br_ln29                                             (br        ) [ 0000]
out_data_label                                      (load      ) [ 0000]
icmp_ln18_1                                         (icmp      ) [ 0101]
br_ln18                                             (br        ) [ 0000]
store_ln20                                          (store     ) [ 0000]
br_ln23                                             (br        ) [ 0000]
store_ln13                                          (store     ) [ 0000]
reducer_circuit_adder_levels_buffer_value_1_1_load  (load      ) [ 0000]
out_data_value                                      (add       ) [ 0000]
br_ln16                                             (br        ) [ 0000]
br_ln0                                              (br        ) [ 0000]
reducer_circuit_adder_levels_valid_1_load           (load      ) [ 0101]
br_ln53                                             (br        ) [ 0000]
reducer_circuit_adder_levels_num_items_1_flag_1     (phi       ) [ 0000]
reducer_circuit_adder_levels_num_items_1_new_1      (phi       ) [ 0000]
out_data_0_35                                       (phi       ) [ 0000]
write_ln54                                          (write     ) [ 0000]
br_ln54                                             (br        ) [ 0000]
reducer_circuit_adder_levels_num_items_1_flag_2     (phi       ) [ 0101]
reducer_circuit_adder_levels_num_items_1_new_2      (phi       ) [ 0000]
br_ln0                                              (br        ) [ 0000]
store_ln35                                          (store     ) [ 0000]
br_ln0                                              (br        ) [ 0000]
ret_ln55                                            (ret       ) [ 0000]
</LifeTime>

<model>

<comp_list>
<comp id="0" class="1000" name="out_r">
<pin_list>
<pin id="1" dir="1" index="0" bw="1" slack="0"/>
</pin_list>
<bind>
<StgValue><ssdm name="out_r"/></StgValue>
</bind>
</comp>

<comp id="2" class="1000" name="value_r">
<pin_list>
<pin id="3" dir="1" index="0" bw="1" slack="0"/>
</pin_list>
<bind>
<StgValue><ssdm name="value_r"/></StgValue>
</bind>
</comp>

<comp id="4" class="1000" name="label_r">
<pin_list>
<pin id="5" dir="1" index="0" bw="1" slack="0"/>
</pin_list>
<bind>
<StgValue><ssdm name="label_r"/></StgValue>
</bind>
</comp>

<comp id="6" class="1000" name="reducer_circuit_adder_levels_num_items_0">
<pin_list>
<pin id="7" dir="1" index="0" bw="1" slack="0"/>
</pin_list>
<bind>
<StgValue><ssdm name="reducer_circuit_adder_levels_num_items_0"/></StgValue>
</bind>
</comp>

<comp id="8" class="1000" name="reducer_circuit_adder_levels_buffer_value_0_0">
<pin_list>
<pin id="9" dir="1" index="0" bw="1" slack="0"/>
</pin_list>
<bind>
<StgValue><ssdm name="reducer_circuit_adder_levels_buffer_value_0_0"/></StgValue>
</bind>
</comp>

<comp id="10" class="1000" name="reducer_circuit_adder_levels_buffer_label_0_0">
<pin_list>
<pin id="11" dir="1" index="0" bw="1" slack="0"/>
</pin_list>
<bind>
<StgValue><ssdm name="reducer_circuit_adder_levels_buffer_label_0_0"/></StgValue>
</bind>
</comp>

<comp id="12" class="1000" name="reducer_circuit_adder_levels_num_items_1">
<pin_list>
<pin id="13" dir="1" index="0" bw="1" slack="0"/>
</pin_list>
<bind>
<StgValue><ssdm name="reducer_circuit_adder_levels_num_items_1"/></StgValue>
</bind>
</comp>

<comp id="14" class="1000" name="reducer_circuit_adder_levels_buffer_value_1_0">
<pin_list>
<pin id="15" dir="1" index="0" bw="1" slack="0"/>
</pin_list>
<bind>
<StgValue><ssdm name="reducer_circuit_adder_levels_buffer_value_1_0"/></StgValue>
</bind>
</comp>

<comp id="16" class="1000" name="reducer_circuit_adder_levels_valid_0">
<pin_list>
<pin id="17" dir="1" index="0" bw="1" slack="0"/>
</pin_list>
<bind>
<StgValue><ssdm name="reducer_circuit_adder_levels_valid_0"/></StgValue>
</bind>
</comp>

<comp id="18" class="1000" name="reducer_circuit_adder_levels_buffer_value_0_1">
<pin_list>
<pin id="19" dir="1" index="0" bw="1" slack="0"/>
</pin_list>
<bind>
<StgValue><ssdm name="reducer_circuit_adder_levels_buffer_value_0_1"/></StgValue>
</bind>
</comp>

<comp id="20" class="1000" name="reducer_circuit_adder_levels_valid_1">
<pin_list>
<pin id="21" dir="1" index="0" bw="1" slack="0"/>
</pin_list>
<bind>
<StgValue><ssdm name="reducer_circuit_adder_levels_valid_1"/></StgValue>
</bind>
</comp>

<comp id="22" class="1000" name="reducer_circuit_adder_levels_buffer_value_1_1">
<pin_list>
<pin id="23" dir="1" index="0" bw="1" slack="0"/>
</pin_list>
<bind>
<StgValue><ssdm name="reducer_circuit_adder_levels_buffer_value_1_1"/></StgValue>
</bind>
</comp>

<comp id="24" class="1000" name="reducer_circuit_adder_levels_buffer_label_1_0">
<pin_list>
<pin id="25" dir="1" index="0" bw="1" slack="0"/>
</pin_list>
<bind>
<StgValue><ssdm name="reducer_circuit_adder_levels_buffer_label_1_0"/></StgValue>
</bind>
</comp>

<comp id="26" class="1001" name="const_26">
<pin_list>
<pin id="27" dir="1" index="0" bw="1" slack="0"/>
</pin_list>
<bind>
<StgValue><ssdm name="_ssdm_op_Read.ap_auto.i32"/></StgValue>
</bind>
</comp>

<comp id="28" class="1001" name="const_28">
<pin_list>
<pin id="29" dir="1" index="0" bw="1" slack="0"/>
</pin_list>
<bind>
<StgValue><ssdm name=""/></StgValue>
</bind>
</comp>

<comp id="30" class="1001" name="const_30">
<pin_list>
<pin id="31" dir="1" index="0" bw="1" slack="0"/>
</pin_list>
<bind>
<StgValue><ssdm name=""/></StgValue>
</bind>
</comp>

<comp id="32" class="1001" name="const_32">
<pin_list>
<pin id="33" dir="1" index="0" bw="1" slack="2147483647"/>
</pin_list>
<bind>
<StgValue><ssdm name=""/></StgValue>
</bind>
</comp>

<comp id="34" class="1001" name="const_34">
<pin_list>
<pin id="35" dir="1" index="0" bw="1" slack="0"/>
</pin_list>
<bind>
<StgValue><ssdm name=""/></StgValue>
</bind>
</comp>

<comp id="36" class="1001" name="const_36">
<pin_list>
<pin id="37" dir="1" index="0" bw="1" slack="0"/>
</pin_list>
<bind>
<StgValue><ssdm name=""/></StgValue>
</bind>
</comp>

<comp id="38" class="1001" name="const_38">
<pin_list>
<pin id="39" dir="1" index="0" bw="1" slack="0"/>
</pin_list>
<bind>
<StgValue><ssdm name="_ssdm_op_PartSelect.i31.i32.i32.i32"/></StgValue>
</bind>
</comp>

<comp id="40" class="1001" name="const_40">
<pin_list>
<pin id="41" dir="1" index="0" bw="1" slack="0"/>
</pin_list>
<bind>
<StgValue><ssdm name=""/></StgValue>
</bind>
</comp>

<comp id="42" class="1001" name="const_42">
<pin_list>
<pin id="43" dir="1" index="0" bw="1" slack="0"/>
</pin_list>
<bind>
<StgValue><ssdm name=""/></StgValue>
</bind>
</comp>

<comp id="44" class="1001" name="const_44">
<pin_list>
<pin id="45" dir="1" index="0" bw="1" slack="2147483647"/>
</pin_list>
<bind>
<StgValue><ssdm name=""/></StgValue>
</bind>
</comp>

<comp id="46" class="1001" name="const_46">
<pin_list>
<pin id="47" dir="1" index="0" bw="1" slack="0"/>
</pin_list>
<bind>
<StgValue><ssdm name=""/></StgValue>
</bind>
</comp>

<comp id="48" class="1001" name="const_48">
<pin_list>
<pin id="49" dir="1" index="0" bw="1" slack="0"/>
</pin_list>
<bind>
<StgValue><ssdm name="_ssdm_op_Write.ap_auto.i32P0A"/></StgValue>
</bind>
</comp>

<comp id="50" class="1004" name="label_read_read_fu_50">
<pin_list>
<pin id="51" dir="0" index="0" bw="32" slack="0"/>
<pin id="52" dir="0" index="1" bw="32" slack="0"/>
<pin id="53" dir="1" index="2" bw="32" slack="0"/>
</pin_list>
<bind>
<opcode="read(1150) " fcode="read"/>
<opset="label_read/1 "/>
</bind>
</comp>

<comp id="56" class="1004" name="value_read_read_fu_56">
<pin_list>
<pin id="57" dir="0" index="0" bw="32" slack="0"/>
<pin id="58" dir="0" index="1" bw="32" slack="0"/>
<pin id="59" dir="1" index="2" bw="32" slack="0"/>
</pin_list>
<bind>
<opcode="read(1150) " fcode="read"/>
<opset="value_read/1 "/>
</bind>
</comp>

<comp id="62" class="1004" name="write_ln54_write_fu_62">
<pin_list>
<pin id="63" dir="0" index="0" bw="0" slack="0"/>
<pin id="64" dir="0" index="1" bw="32" slack="0"/>
<pin id="65" dir="0" index="2" bw="32" slack="0"/>
<pin id="66" dir="1" index="3" bw="0" slack="2147483647"/>
</pin_list>
<bind>
<opcode="write(1151) " fcode="write"/>
<opset="write_ln54/3 "/>
</bind>
</comp>

<comp id="69" class="1005" name="level_out_value_1_reg_69">
<pin_list>
<pin id="70" dir="0" index="0" bw="32" slack="1"/>
<pin id="71" dir="1" index="1" bw="32" slack="1"/>
</pin_list>
<bind>
<opset="level_out_value_1 (phireg) "/>
</bind>
</comp>

<comp id="72" class="1004" name="level_out_value_1_phi_fu_72">
<pin_list>
<pin id="73" dir="0" index="0" bw="32" slack="0"/>
<pin id="74" dir="0" index="1" bw="0" slack="2147483647"/>
<pin id="75" dir="0" index="2" bw="32" slack="0"/>
<pin id="76" dir="0" index="3" bw="0" slack="2147483647"/>
<pin id="77" dir="1" index="4" bw="32" slack="0"/>
</pin_list>
<bind>
<opcode="phi(47) " fcode="phi"/>
<opset="level_out_value_1/1 "/>
</bind>
</comp>

<comp id="80" class="1005" name="level_out_label_reg_80">
<pin_list>
<pin id="81" dir="0" index="0" bw="32" slack="1"/>
<pin id="82" dir="1" index="1" bw="32" slack="1"/>
</pin_list>
<bind>
<opset="level_out_label (phireg) "/>
</bind>
</comp>

<comp id="83" class="1004" name="level_out_label_phi_fu_83">
<pin_list>
<pin id="84" dir="0" index="0" bw="32" slack="1"/>
<pin id="85" dir="0" index="1" bw="0" slack="2147483647"/>
<pin id="86" dir="0" index="2" bw="32" slack="1"/>
<pin id="87" dir="0" index="3" bw="0" slack="2147483647"/>
<pin id="88" dir="1" index="4" bw="32" slack="0"/>
</pin_list>
<bind>
<opcode="phi(47) " fcode="phi"/>
<opset="level_out_label/2 "/>
</bind>
</comp>

<comp id="90" class="1005" name="reducer_circuit_adder_levels_num_items_0_new_0_reg_90">
<pin_list>
<pin id="91" dir="0" index="0" bw="32" slack="2147483647"/>
<pin id="92" dir="1" index="1" bw="32" slack="2147483647"/>
</pin_list>
<bind>
<opset="reducer_circuit_adder_levels_num_items_0_new_0 (phireg) "/>
</bind>
</comp>

<comp id="93" class="1004" name="reducer_circuit_adder_levels_num_items_0_new_0_phi_fu_93">
<pin_list>
<pin id="94" dir="0" index="0" bw="32" slack="1"/>
<pin id="95" dir="0" index="1" bw="0" slack="2147483647"/>
<pin id="96" dir="0" index="2" bw="1" slack="0"/>
<pin id="97" dir="0" index="3" bw="0" slack="2147483647"/>
<pin id="98" dir="0" index="4" bw="1" slack="0"/>
<pin id="99" dir="0" index="5" bw="0" slack="2147483647"/>
<pin id="100" dir="1" index="6" bw="32" slack="0"/>
</pin_list>
<bind>
<opcode="phi(47) " fcode="phi"/>
<opset="reducer_circuit_adder_levels_num_items_0_new_0/2 "/>
</bind>
</comp>

<comp id="103" class="1005" name="level_out_017_31_reg_103">
<pin_list>
<pin id="104" dir="0" index="0" bw="32" slack="2147483647"/>
<pin id="105" dir="1" index="1" bw="32" slack="2147483647"/>
</pin_list>
<bind>
<opset="level_out_017_31 (phireg) "/>
</bind>
</comp>

<comp id="106" class="1004" name="level_out_017_31_phi_fu_106">
<pin_list>
<pin id="107" dir="0" index="0" bw="1" slack="0"/>
<pin id="108" dir="0" index="1" bw="0" slack="2147483647"/>
<pin id="109" dir="0" index="2" bw="32" slack="1"/>
<pin id="110" dir="0" index="3" bw="0" slack="2147483647"/>
<pin id="111" dir="0" index="4" bw="32" slack="1"/>
<pin id="112" dir="0" index="5" bw="0" slack="2147483647"/>
<pin id="113" dir="1" index="6" bw="32" slack="0"/>
</pin_list>
<bind>
<opcode="phi(47) " fcode="phi"/>
<opset="level_out_017_31/2 "/>
</bind>
</comp>

<comp id="116" class="1005" name="reducer_circuit_adder_levels_buffer_value_1_0_loc_0_reg_116">
<pin_list>
<pin id="117" dir="0" index="0" bw="32" slack="1"/>
<pin id="118" dir="1" index="1" bw="32" slack="1"/>
</pin_list>
<bind>
<opset="reducer_circuit_adder_levels_buffer_value_1_0_loc_0 (phireg) "/>
</bind>
</comp>

<comp id="119" class="1004" name="reducer_circuit_adder_levels_buffer_value_1_0_loc_0_phi_fu_119">
<pin_list>
<pin id="120" dir="0" index="0" bw="32" slack="0"/>
<pin id="121" dir="0" index="1" bw="0" slack="2147483647"/>
<pin id="122" dir="0" index="2" bw="32" slack="0"/>
<pin id="123" dir="0" index="3" bw="0" slack="2147483647"/>
<pin id="124" dir="1" index="4" bw="32" slack="1"/>
</pin_list>
<bind>
<opcode="phi(47) " fcode="phi"/>
<opset="reducer_circuit_adder_levels_buffer_value_1_0_loc_0/2 "/>
</bind>
</comp>

<comp id="127" class="1005" name="reducer_circuit_adder_levels_num_items_0_new_1_reg_127">
<pin_list>
<pin id="128" dir="0" index="0" bw="32" slack="2147483647"/>
<pin id="129" dir="1" index="1" bw="32" slack="2147483647"/>
</pin_list>
<bind>
<opset="reducer_circuit_adder_levels_num_items_0_new_1 (phireg) "/>
</bind>
</comp>

<comp id="130" class="1004" name="reducer_circuit_adder_levels_num_items_0_new_1_phi_fu_130">
<pin_list>
<pin id="131" dir="0" index="0" bw="32" slack="0"/>
<pin id="132" dir="0" index="1" bw="0" slack="2147483647"/>
<pin id="133" dir="0" index="2" bw="32" slack="1"/>
<pin id="134" dir="0" index="3" bw="0" slack="2147483647"/>
<pin id="135" dir="1" index="4" bw="32" slack="0"/>
</pin_list>
<bind>
<opcode="phi(47) " fcode="phi"/>
<opset="reducer_circuit_adder_levels_num_items_0_new_1/2 "/>
</bind>
</comp>

<comp id="137" class="1005" name="level_out_118_32_reg_137">
<pin_list>
<pin id="138" dir="0" index="0" bw="32" slack="1"/>
<pin id="139" dir="1" index="1" bw="32" slack="1"/>
</pin_list>
<bind>
<opset="level_out_118_32 (phireg) "/>
</bind>
</comp>

<comp id="141" class="1004" name="level_out_118_32_phi_fu_141">
<pin_list>
<pin id="142" dir="0" index="0" bw="1" slack="1"/>
<pin id="143" dir="0" index="1" bw="0" slack="2147483647"/>
<pin id="144" dir="0" index="2" bw="32" slack="1"/>
<pin id="145" dir="0" index="3" bw="0" slack="2147483647"/>
<pin id="146" dir="0" index="4" bw="32" slack="1"/>
<pin id="147" dir="0" index="5" bw="0" slack="2147483647"/>
<pin id="148" dir="1" index="6" bw="32" slack="0"/>
</pin_list>
<bind>
<opcode="phi(47) " fcode="phi"/>
<opset="level_out_118_32/3 "/>
</bind>
</comp>

<comp id="152" class="1005" name="reducer_circuit_adder_levels_num_items_1_flag_0_reg_152">
<pin_list>
<pin id="153" dir="0" index="0" bw="1" slack="1"/>
<pin id="154" dir="1" index="1" bw="1" slack="1"/>
</pin_list>
<bind>
<opset="reducer_circuit_adder_levels_num_items_1_flag_0 (phireg) "/>
</bind>
</comp>

<comp id="157" class="1004" name="reducer_circuit_adder_levels_num_items_1_flag_0_phi_fu_157">
<pin_list>
<pin id="158" dir="0" index="0" bw="1" slack="1"/>
<pin id="159" dir="0" index="1" bw="0" slack="2147483647"/>
<pin id="160" dir="0" index="2" bw="1" slack="1"/>
<pin id="161" dir="0" index="3" bw="0" slack="2147483647"/>
<pin id="162" dir="1" index="4" bw="1" slack="0"/>
</pin_list>
<bind>
<opcode="phi(47) " fcode="phi"/>
<opset="reducer_circuit_adder_levels_num_items_1_flag_0/3 "/>
</bind>
</comp>

<comp id="165" class="1005" name="out_data_value_1_reg_165">
<pin_list>
<pin id="166" dir="0" index="0" bw="32" slack="2147483647"/>
<pin id="167" dir="1" index="1" bw="32" slack="2147483647"/>
</pin_list>
<bind>
<opset="out_data_value_1 (phireg) "/>
</bind>
</comp>

<comp id="168" class="1004" name="out_data_value_1_phi_fu_168">
<pin_list>
<pin id="169" dir="0" index="0" bw="32" slack="1"/>
<pin id="170" dir="0" index="1" bw="0" slack="2147483647"/>
<pin id="171" dir="0" index="2" bw="32" slack="1"/>
<pin id="172" dir="0" index="3" bw="0" slack="2147483647"/>
<pin id="173" dir="1" index="4" bw="32" slack="0"/>
</pin_list>
<bind>
<opcode="phi(47) " fcode="phi"/>
<opset="out_data_value_1/3 "/>
</bind>
</comp>

<comp id="175" class="1005" name="empty_reg_175">
<pin_list>
<pin id="176" dir="0" index="0" bw="32" slack="2147483647"/>
<pin id="177" dir="1" index="1" bw="32" slack="2147483647"/>
</pin_list>
<bind>
<opset="empty (phireg) "/>
</bind>
</comp>

<comp id="178" class="1004" name="empty_phi_fu_178">
<pin_list>
<pin id="179" dir="0" index="0" bw="32" slack="1"/>
<pin id="180" dir="0" index="1" bw="0" slack="2147483647"/>
<pin id="181" dir="0" index="2" bw="32" slack="1"/>
<pin id="182" dir="0" index="3" bw="0" slack="2147483647"/>
<pin id="183" dir="1" index="4" bw="32" slack="0"/>
</pin_list>
<bind>
<opcode="phi(47) " fcode="phi"/>
<opset="empty/3 "/>
</bind>
</comp>

<comp id="184" class="1005" name="reducer_circuit_adder_levels_num_items_1_flag_1_reg_184">
<pin_list>
<pin id="185" dir="0" index="0" bw="1" slack="2147483647"/>
<pin id="186" dir="1" index="1" bw="1" slack="2147483647"/>
</pin_list>
<bind>
<opset="reducer_circuit_adder_levels_num_items_1_flag_1 (phireg) "/>
</bind>
</comp>

<comp id="187" class="1004" name="reducer_circuit_adder_levels_num_items_1_flag_1_phi_fu_187">
<pin_list>
<pin id="188" dir="0" index="0" bw="1" slack="0"/>
<pin id="189" dir="0" index="1" bw="0" slack="2147483647"/>
<pin id="190" dir="0" index="2" bw="1" slack="0"/>
<pin id="191" dir="0" index="3" bw="0" slack="2147483647"/>
<pin id="192" dir="0" index="4" bw="1" slack="0"/>
<pin id="193" dir="0" index="5" bw="0" slack="2147483647"/>
<pin id="194" dir="1" index="6" bw="1" slack="0"/>
</pin_list>
<bind>
<opcode="phi(47) " fcode="phi"/>
<opset="reducer_circuit_adder_levels_num_items_1_flag_1/3 "/>
</bind>
</comp>

<comp id="198" class="1005" name="reducer_circuit_adder_levels_num_items_1_new_1_reg_198">
<pin_list>
<pin id="199" dir="0" index="0" bw="32" slack="2147483647"/>
<pin id="200" dir="1" index="1" bw="32" slack="2147483647"/>
</pin_list>
<bind>
<opset="reducer_circuit_adder_levels_num_items_1_new_1 (phireg) "/>
</bind>
</comp>

<comp id="201" class="1004" name="reducer_circuit_adder_levels_num_items_1_new_1_phi_fu_201">
<pin_list>
<pin id="202" dir="0" index="0" bw="32" slack="0"/>
<pin id="203" dir="0" index="1" bw="0" slack="2147483647"/>
<pin id="204" dir="0" index="2" bw="1" slack="0"/>
<pin id="205" dir="0" index="3" bw="0" slack="2147483647"/>
<pin id="206" dir="0" index="4" bw="1" slack="0"/>
<pin id="207" dir="0" index="5" bw="0" slack="2147483647"/>
<pin id="208" dir="1" index="6" bw="32" slack="0"/>
</pin_list>
<bind>
<opcode="phi(47) " fcode="phi"/>
<opset="reducer_circuit_adder_levels_num_items_1_new_1/3 "/>
</bind>
</comp>

<comp id="212" class="1005" name="out_data_0_35_reg_212">
<pin_list>
<pin id="213" dir="0" index="0" bw="32" slack="2147483647"/>
<pin id="214" dir="1" index="1" bw="32" slack="2147483647"/>
</pin_list>
<bind>
<opset="out_data_0_35 (phireg) "/>
</bind>
</comp>

<comp id="215" class="1004" name="out_data_0_35_phi_fu_215">
<pin_list>
<pin id="216" dir="0" index="0" bw="1" slack="0"/>
<pin id="217" dir="0" index="1" bw="0" slack="2147483647"/>
<pin id="218" dir="0" index="2" bw="32" slack="0"/>
<pin id="219" dir="0" index="3" bw="0" slack="2147483647"/>
<pin id="220" dir="0" index="4" bw="32" slack="0"/>
<pin id="221" dir="0" index="5" bw="0" slack="2147483647"/>
<pin id="222" dir="1" index="6" bw="32" slack="0"/>
</pin_list>
<bind>
<opcode="phi(47) " fcode="phi"/>
<opset="out_data_0_35/3 "/>
</bind>
</comp>

<comp id="226" class="1005" name="reducer_circuit_adder_levels_num_items_1_flag_2_reg_226">
<pin_list>
<pin id="227" dir="0" index="0" bw="1" slack="2147483647"/>
<pin id="228" dir="1" index="1" bw="1" slack="2147483647"/>
</pin_list>
<bind>
<opset="reducer_circuit_adder_levels_num_items_1_flag_2 (phireg) "/>
</bind>
</comp>

<comp id="229" class="1004" name="reducer_circuit_adder_levels_num_items_1_flag_2_phi_fu_229">
<pin_list>
<pin id="230" dir="0" index="0" bw="1" slack="0"/>
<pin id="231" dir="0" index="1" bw="0" slack="2147483647"/>
<pin id="232" dir="0" index="2" bw="1" slack="0"/>
<pin id="233" dir="0" index="3" bw="0" slack="2147483647"/>
<pin id="234" dir="1" index="4" bw="1" slack="2147483647"/>
</pin_list>
<bind>
<opcode="phi(47) " fcode="phi"/>
<opset="reducer_circuit_adder_levels_num_items_1_flag_2/3 "/>
</bind>
</comp>

<comp id="237" class="1005" name="reducer_circuit_adder_levels_num_items_1_new_2_reg_237">
<pin_list>
<pin id="238" dir="0" index="0" bw="32" slack="2147483647"/>
<pin id="239" dir="1" index="1" bw="32" slack="2147483647"/>
</pin_list>
<bind>
<opset="reducer_circuit_adder_levels_num_items_1_new_2 (phireg) "/>
</bind>
</comp>

<comp id="240" class="1004" name="reducer_circuit_adder_levels_num_items_1_new_2_phi_fu_240">
<pin_list>
<pin id="241" dir="0" index="0" bw="32" slack="0"/>
<pin id="242" dir="0" index="1" bw="0" slack="2147483647"/>
<pin id="243" dir="0" index="2" bw="32" slack="0"/>
<pin id="244" dir="0" index="3" bw="0" slack="2147483647"/>
<pin id="245" dir="1" index="4" bw="32" slack="0"/>
</pin_list>
<bind>
<opcode="phi(47) " fcode="phi"/>
<opset="reducer_circuit_adder_levels_num_items_1_new_2/3 "/>
</bind>
</comp>

<comp id="248" class="1004" name="reducer_circuit_adder_levels_num_items_0_load_load_fu_248">
<pin_list>
<pin id="249" dir="0" index="0" bw="32" slack="0"/>
<pin id="250" dir="1" index="1" bw="32" slack="0"/>
</pin_list>
<bind>
<opcode="load(27) " fcode="load"/>
<opset="reducer_circuit_adder_levels_num_items_0_load/1 "/>
</bind>
</comp>

<comp id="252" class="1004" name="trunc_ln34_fu_252">
<pin_list>
<pin id="253" dir="0" index="0" bw="32" slack="0"/>
<pin id="254" dir="1" index="1" bw="1" slack="2147483647"/>
</pin_list>
<bind>
<opcode="trunc(33) " fcode="trunc"/>
<opset="trunc_ln34/1 "/>
</bind>
</comp>

<comp id="256" class="1004" name="reducer_circuit_adder_levels_buffer_value_0_0_load_load_fu_256">
<pin_list>
<pin id="257" dir="0" index="0" bw="32" slack="0"/>
<pin id="258" dir="1" index="1" bw="32" slack="0"/>
</pin_list>
<bind>
<opcode="load(27) " fcode="load"/>
<opset="reducer_circuit_adder_levels_buffer_value_0_0_load/1 "/>
</bind>
</comp>

<comp id="261" class="1004" name="store_ln34_store_fu_261">
<pin_list>
<pin id="262" dir="0" index="0" bw="32" slack="0"/>
<pin id="263" dir="0" index="1" bw="32" slack="0"/>
<pin id="264" dir="1" index="2" bw="0" slack="2147483647"/>
</pin_list>
<bind>
<opcode="store(28) " fcode="store"/>
<opset="store_ln34/1 "/>
</bind>
</comp>

<comp id="267" class="1004" name="store_ln34_store_fu_267">
<pin_list>
<pin id="268" dir="0" index="0" bw="32" slack="0"/>
<pin id="269" dir="0" index="1" bw="32" slack="0"/>
<pin id="270" dir="1" index="2" bw="0" slack="2147483647"/>
</pin_list>
<bind>
<opcode="store(28) " fcode="store"/>
<opset="store_ln34/1 "/>
</bind>
</comp>

<comp id="273" class="1004" name="reducer_circuit_adder_levels_buffer_label_0_0_load_load_fu_273">
<pin_list>
<pin id="274" dir="0" index="0" bw="32" slack="0"/>
<pin id="275" dir="1" index="1" bw="32" slack="1"/>
</pin_list>
<bind>
<opcode="load(27) " fcode="load"/>
<opset="reducer_circuit_adder_levels_buffer_label_0_0_load/1 "/>
</bind>
</comp>

<comp id="277" class="1004" name="store_ln34_store_fu_277">
<pin_list>
<pin id="278" dir="0" index="0" bw="32" slack="0"/>
<pin id="279" dir="0" index="1" bw="32" slack="0"/>
<pin id="280" dir="1" index="2" bw="0" slack="2147483647"/>
</pin_list>
<bind>
<opcode="store(28) " fcode="store"/>
<opset="store_ln34/1 "/>
</bind>
</comp>

<comp id="283" class="1004" name="add_ln35_fu_283">
<pin_list>
<pin id="284" dir="0" index="0" bw="32" slack="0"/>
<pin id="285" dir="0" index="1" bw="1" slack="0"/>
<pin id="286" dir="1" index="2" bw="32" slack="1"/>
</pin_list>
<bind>
<opcode="add(8) " fcode="add"/>
<opset="add_ln35/1 "/>
</bind>
</comp>

<comp id="289" class="1004" name="store_ln26_store_fu_289">
<pin_list>
<pin id="290" dir="0" index="0" bw="1" slack="0"/>
<pin id="291" dir="0" index="1" bw="1" slack="0"/>
<pin id="292" dir="1" index="2" bw="0" slack="2147483647"/>
</pin_list>
<bind>
<opcode="store(28) " fcode="store"/>
<opset="store_ln26/1 "/>
</bind>
</comp>

<comp id="295" class="1004" name="store_ln13_store_fu_295">
<pin_list>
<pin id="296" dir="0" index="0" bw="1" slack="0"/>
<pin id="297" dir="0" index="1" bw="1" slack="0"/>
<pin id="298" dir="1" index="2" bw="0" slack="2147483647"/>
</pin_list>
<bind>
<opcode="store(28) " fcode="store"/>
<opset="store_ln13/1 "/>
</bind>
</comp>

<comp id="301" class="1004" name="reducer_circuit_adder_levels_buffer_value_0_1_load_load_fu_301">
<pin_list>
<pin id="302" dir="0" index="0" bw="32" slack="0"/>
<pin id="303" dir="1" index="1" bw="32" slack="0"/>
</pin_list>
<bind>
<opcode="load(27) " fcode="load"/>
<opset="reducer_circuit_adder_levels_buffer_value_0_1_load/1 "/>
</bind>
</comp>

<comp id="305" class="1004" name="level_out_value_fu_305">
<pin_list>
<pin id="306" dir="0" index="0" bw="32" slack="0"/>
<pin id="307" dir="0" index="1" bw="32" slack="0"/>
<pin id="308" dir="1" index="2" bw="32" slack="1"/>
</pin_list>
<bind>
<opcode="add(8) " fcode="add"/>
<opset="level_out_value/1 "/>
</bind>
</comp>

<comp id="311" class="1004" name="reducer_circuit_adder_levels_num_items_1_load_load_fu_311">
<pin_list>
<pin id="312" dir="0" index="0" bw="32" slack="0"/>
<pin id="313" dir="1" index="1" bw="32" slack="0"/>
</pin_list>
<bind>
<opcode="load(27) " fcode="load"/>
<opset="reducer_circuit_adder_levels_num_items_1_load/2 "/>
</bind>
</comp>

<comp id="315" class="1004" name="reducer_circuit_adder_levels_buffer_value_1_0_load_load_fu_315">
<pin_list>
<pin id="316" dir="0" index="0" bw="32" slack="0"/>
<pin id="317" dir="1" index="1" bw="32" slack="0"/>
</pin_list>
<bind>
<opcode="load(27) " fcode="load"/>
<opset="reducer_circuit_adder_levels_buffer_value_1_0_load/2 "/>
</bind>
</comp>

<comp id="320" class="1004" name="tmp_fu_320">
<pin_list>
<pin id="321" dir="0" index="0" bw="31" slack="0"/>
<pin id="322" dir="0" index="1" bw="32" slack="0"/>
<pin id="323" dir="0" index="2" bw="1" slack="0"/>
<pin id="324" dir="0" index="3" bw="6" slack="0"/>
<pin id="325" dir="1" index="4" bw="31" slack="0"/>
</pin_list>
<bind>
<opcode="partselect(1002) " fcode="partselect"/>
<opset="tmp/2 "/>
</bind>
</comp>

<comp id="330" class="1004" name="icmp_ln18_fu_330">
<pin_list>
<pin id="331" dir="0" index="0" bw="31" slack="0"/>
<pin id="332" dir="0" index="1" bw="31" slack="0"/>
<pin id="333" dir="1" index="2" bw="1" slack="1"/>
</pin_list>
<bind>
<opcode="icmp(45) " fcode="icmp"/>
<opset="icmp_ln18/2 "/>
</bind>
</comp>

<comp id="336" class="1004" name="store_ln20_store_fu_336">
<pin_list>
<pin id="337" dir="0" index="0" bw="1" slack="0"/>
<pin id="338" dir="0" index="1" bw="1" slack="0"/>
<pin id="339" dir="1" index="2" bw="0" slack="2147483647"/>
</pin_list>
<bind>
<opcode="store(28) " fcode="store"/>
<opset="store_ln20/2 "/>
</bind>
</comp>

<comp id="342" class="1004" name="reducer_circuit_adder_levels_valid_0_load_load_fu_342">
<pin_list>
<pin id="343" dir="0" index="0" bw="1" slack="0"/>
<pin id="344" dir="1" index="1" bw="1" slack="1"/>
</pin_list>
<bind>
<opcode="load(27) " fcode="load"/>
<opset="reducer_circuit_adder_levels_valid_0_load/2 "/>
</bind>
</comp>

<comp id="346" class="1004" name="trunc_ln34_1_fu_346">
<pin_list>
<pin id="347" dir="0" index="0" bw="32" slack="0"/>
<pin id="348" dir="1" index="1" bw="1" slack="1"/>
</pin_list>
<bind>
<opcode="trunc(33) " fcode="trunc"/>
<opset="trunc_ln34_1/2 "/>
</bind>
</comp>

<comp id="350" class="1004" name="store_ln34_store_fu_350">
<pin_list>
<pin id="351" dir="0" index="0" bw="32" slack="0"/>
<pin id="352" dir="0" index="1" bw="32" slack="0"/>
<pin id="353" dir="1" index="2" bw="0" slack="2147483647"/>
</pin_list>
<bind>
<opcode="store(28) " fcode="store"/>
<opset="store_ln34/2 "/>
</bind>
</comp>

<comp id="356" class="1004" name="store_ln34_store_fu_356">
<pin_list>
<pin id="357" dir="0" index="0" bw="32" slack="0"/>
<pin id="358" dir="0" index="1" bw="32" slack="0"/>
<pin id="359" dir="1" index="2" bw="0" slack="2147483647"/>
</pin_list>
<bind>
<opcode="store(28) " fcode="store"/>
<opset="store_ln34/2 "/>
</bind>
</comp>

<comp id="362" class="1004" name="add_ln35_1_fu_362">
<pin_list>
<pin id="363" dir="0" index="0" bw="32" slack="0"/>
<pin id="364" dir="0" index="1" bw="1" slack="0"/>
<pin id="365" dir="1" index="2" bw="32" slack="1"/>
</pin_list>
<bind>
<opcode="add(8) " fcode="add"/>
<opset="add_ln35_1/2 "/>
</bind>
</comp>

<comp id="368" class="1004" name="store_ln35_store_fu_368">
<pin_list>
<pin id="369" dir="0" index="0" bw="32" slack="0"/>
<pin id="370" dir="0" index="1" bw="32" slack="0"/>
<pin id="371" dir="1" index="2" bw="0" slack="2147483647"/>
</pin_list>
<bind>
<opcode="store(28) " fcode="store"/>
<opset="store_ln35/2 "/>
</bind>
</comp>

<comp id="374" class="1004" name="store_ln34_store_fu_374">
<pin_list>
<pin id="375" dir="0" index="0" bw="32" slack="0"/>
<pin id="376" dir="0" index="1" bw="32" slack="0"/>
<pin id="377" dir="1" index="2" bw="0" slack="2147483647"/>
</pin_list>
<bind>
<opcode="store(28) " fcode="store"/>
<opset="store_ln34/3 "/>
</bind>
</comp>

<comp id="380" class="1004" name="store_ln26_store_fu_380">
<pin_list>
<pin id="381" dir="0" index="0" bw="1" slack="0"/>
<pin id="382" dir="0" index="1" bw="1" slack="0"/>
<pin id="383" dir="1" index="2" bw="0" slack="2147483647"/>
</pin_list>
<bind>
<opcode="store(28) " fcode="store"/>
<opset="store_ln26/3 "/>
</bind>
</comp>

<comp id="386" class="1004" name="out_data_label_load_fu_386">
<pin_list>
<pin id="387" dir="0" index="0" bw="32" slack="0"/>
<pin id="388" dir="1" index="1" bw="32" slack="0"/>
</pin_list>
<bind>
<opcode="load(27) " fcode="load"/>
<opset="out_data_label/3 "/>
</bind>
</comp>

<comp id="390" class="1004" name="icmp_ln18_1_fu_390">
<pin_list>
<pin id="391" dir="0" index="0" bw="32" slack="0"/>
<pin id="392" dir="0" index="1" bw="32" slack="0"/>
<pin id="393" dir="1" index="2" bw="1" slack="2147483647"/>
</pin_list>
<bind>
<opcode="icmp(45) " fcode="icmp"/>
<opset="icmp_ln18_1/3 "/>
</bind>
</comp>

<comp id="396" class="1004" name="store_ln20_store_fu_396">
<pin_list>
<pin id="397" dir="0" index="0" bw="1" slack="0"/>
<pin id="398" dir="0" index="1" bw="1" slack="0"/>
<pin id="399" dir="1" index="2" bw="0" slack="2147483647"/>
</pin_list>
<bind>
<opcode="store(28) " fcode="store"/>
<opset="store_ln20/3 "/>
</bind>
</comp>

<comp id="402" class="1004" name="store_ln13_store_fu_402">
<pin_list>
<pin id="403" dir="0" index="0" bw="1" slack="0"/>
<pin id="404" dir="0" index="1" bw="1" slack="0"/>
<pin id="405" dir="1" index="2" bw="0" slack="2147483647"/>
</pin_list>
<bind>
<opcode="store(28) " fcode="store"/>
<opset="store_ln13/3 "/>
</bind>
</comp>

<comp id="408" class="1004" name="reducer_circuit_adder_levels_buffer_value_1_1_load_load_fu_408">
<pin_list>
<pin id="409" dir="0" index="0" bw="32" slack="0"/>
<pin id="410" dir="1" index="1" bw="32" slack="0"/>
</pin_list>
<bind>
<opcode="load(27) " fcode="load"/>
<opset="reducer_circuit_adder_levels_buffer_value_1_1_load/3 "/>
</bind>
</comp>

<comp id="412" class="1004" name="out_data_value_fu_412">
<pin_list>
<pin id="413" dir="0" index="0" bw="32" slack="0"/>
<pin id="414" dir="0" index="1" bw="32" slack="0"/>
<pin id="415" dir="1" index="2" bw="32" slack="0"/>
</pin_list>
<bind>
<opcode="add(8) " fcode="add"/>
<opset="out_data_value/3 "/>
</bind>
</comp>

<comp id="419" class="1004" name="reducer_circuit_adder_levels_valid_1_load_load_fu_419">
<pin_list>
<pin id="420" dir="0" index="0" bw="1" slack="0"/>
<pin id="421" dir="1" index="1" bw="1" slack="2147483647"/>
</pin_list>
<bind>
<opcode="load(27) " fcode="load"/>
<opset="reducer_circuit_adder_levels_valid_1_load/3 "/>
</bind>
</comp>

<comp id="423" class="1004" name="store_ln35_store_fu_423">
<pin_list>
<pin id="424" dir="0" index="0" bw="32" slack="0"/>
<pin id="425" dir="0" index="1" bw="32" slack="0"/>
<pin id="426" dir="1" index="2" bw="0" slack="2147483647"/>
</pin_list>
<bind>
<opcode="store(28) " fcode="store"/>
<opset="store_ln35/3 "/>
</bind>
</comp>

<comp id="429" class="1005" name="label_read_reg_429">
<pin_list>
<pin id="430" dir="0" index="0" bw="32" slack="1"/>
<pin id="431" dir="1" index="1" bw="32" slack="1"/>
</pin_list>
<bind>
<opset="label_read "/>
</bind>
</comp>

<comp id="434" class="1005" name="reducer_circuit_adder_levels_num_items_0_load_reg_434">
<pin_list>
<pin id="435" dir="0" index="0" bw="32" slack="1"/>
<pin id="436" dir="1" index="1" bw="32" slack="2147483647"/>
</pin_list>
<bind>
<opset="reducer_circuit_adder_levels_num_items_0_load "/>
</bind>
</comp>

<comp id="441" class="1005" name="reducer_circuit_adder_levels_buffer_label_0_0_load_reg_441">
<pin_list>
<pin id="442" dir="0" index="0" bw="32" slack="1"/>
<pin id="443" dir="1" index="1" bw="32" slack="1"/>
</pin_list>
<bind>
<opset="reducer_circuit_adder_levels_buffer_label_0_0_load "/>
</bind>
</comp>

<comp id="446" class="1005" name="add_ln35_reg_446">
<pin_list>
<pin id="447" dir="0" index="0" bw="32" slack="1"/>
<pin id="448" dir="1" index="1" bw="32" slack="1"/>
</pin_list>
<bind>
<opset="add_ln35 "/>
</bind>
</comp>

<comp id="452" class="1005" name="level_out_value_reg_452">
<pin_list>
<pin id="453" dir="0" index="0" bw="32" slack="1"/>
<pin id="454" dir="1" index="1" bw="32" slack="1"/>
</pin_list>
<bind>
<opset="level_out_value "/>
</bind>
</comp>

<comp id="457" class="1005" name="reducer_circuit_adder_levels_num_items_1_load_reg_457">
<pin_list>
<pin id="458" dir="0" index="0" bw="32" slack="1"/>
<pin id="459" dir="1" index="1" bw="32" slack="1"/>
</pin_list>
<bind>
<opset="reducer_circuit_adder_levels_num_items_1_load "/>
</bind>
</comp>

<comp id="462" class="1005" name="reducer_circuit_adder_levels_buffer_value_1_0_load_reg_462">
<pin_list>
<pin id="463" dir="0" index="0" bw="32" slack="1"/>
<pin id="464" dir="1" index="1" bw="32" slack="1"/>
</pin_list>
<bind>
<opset="reducer_circuit_adder_levels_buffer_value_1_0_load "/>
</bind>
</comp>

<comp id="467" class="1005" name="icmp_ln18_reg_467">
<pin_list>
<pin id="468" dir="0" index="0" bw="1" slack="1"/>
<pin id="469" dir="1" index="1" bw="1" slack="2147483647"/>
</pin_list>
<bind>
<opset="icmp_ln18 "/>
</bind>
</comp>

<comp id="471" class="1005" name="reducer_circuit_adder_levels_valid_0_load_reg_471">
<pin_list>
<pin id="472" dir="0" index="0" bw="1" slack="1"/>
<pin id="473" dir="1" index="1" bw="1" slack="2147483647"/>
</pin_list>
<bind>
<opset="reducer_circuit_adder_levels_valid_0_load "/>
</bind>
</comp>

<comp id="475" class="1005" name="trunc_ln34_1_reg_475">
<pin_list>
<pin id="476" dir="0" index="0" bw="1" slack="1"/>
<pin id="477" dir="1" index="1" bw="1" slack="2147483647"/>
</pin_list>
<bind>
<opset="trunc_ln34_1 "/>
</bind>
</comp>

<comp id="479" class="1005" name="add_ln35_1_reg_479">
<pin_list>
<pin id="480" dir="0" index="0" bw="32" slack="1"/>
<pin id="481" dir="1" index="1" bw="32" slack="1"/>
</pin_list>
<bind>
<opset="add_ln35_1 "/>
</bind>
</comp>

</comp_list>

<net_list>
<net id="54"><net_src comp="26" pin="0"/><net_sink comp="50" pin=0"/></net>

<net id="55"><net_src comp="4" pin="0"/><net_sink comp="50" pin=1"/></net>

<net id="60"><net_src comp="26" pin="0"/><net_sink comp="56" pin=0"/></net>

<net id="61"><net_src comp="2" pin="0"/><net_sink comp="56" pin=1"/></net>

<net id="67"><net_src comp="48" pin="0"/><net_sink comp="62" pin=0"/></net>

<net id="68"><net_src comp="0" pin="0"/><net_sink comp="62" pin=1"/></net>

<net id="78"><net_src comp="56" pin="2"/><net_sink comp="72" pin=0"/></net>

<net id="79"><net_src comp="72" pin="4"/><net_sink comp="69" pin=0"/></net>

<net id="89"><net_src comp="83" pin="4"/><net_sink comp="80" pin=0"/></net>

<net id="101"><net_src comp="30" pin="0"/><net_sink comp="93" pin=2"/></net>

<net id="102"><net_src comp="30" pin="0"/><net_sink comp="93" pin=4"/></net>

<net id="114"><net_src comp="30" pin="0"/><net_sink comp="106" pin=0"/></net>

<net id="115"><net_src comp="69" pin="1"/><net_sink comp="106" pin=2"/></net>

<net id="125"><net_src comp="106" pin="6"/><net_sink comp="119" pin=0"/></net>

<net id="126"><net_src comp="119" pin="4"/><net_sink comp="116" pin=0"/></net>

<net id="136"><net_src comp="93" pin="6"/><net_sink comp="130" pin=0"/></net>

<net id="140"><net_src comp="30" pin="0"/><net_sink comp="137" pin=0"/></net>

<net id="149"><net_src comp="137" pin="1"/><net_sink comp="141" pin=0"/></net>

<net id="150"><net_src comp="80" pin="1"/><net_sink comp="141" pin=2"/></net>

<net id="151"><net_src comp="80" pin="1"/><net_sink comp="141" pin=4"/></net>

<net id="155"><net_src comp="36" pin="0"/><net_sink comp="152" pin=0"/></net>

<net id="156"><net_src comp="34" pin="0"/><net_sink comp="152" pin=0"/></net>

<net id="163"><net_src comp="152" pin="1"/><net_sink comp="157" pin=0"/></net>

<net id="164"><net_src comp="152" pin="1"/><net_sink comp="157" pin=2"/></net>

<net id="174"><net_src comp="116" pin="1"/><net_sink comp="168" pin=0"/></net>

<net id="195"><net_src comp="157" pin="4"/><net_sink comp="187" pin=0"/></net>

<net id="196"><net_src comp="36" pin="0"/><net_sink comp="187" pin=2"/></net>

<net id="197"><net_src comp="36" pin="0"/><net_sink comp="187" pin=4"/></net>

<net id="209"><net_src comp="178" pin="4"/><net_sink comp="201" pin=0"/></net>

<net id="210"><net_src comp="30" pin="0"/><net_sink comp="201" pin=2"/></net>

<net id="211"><net_src comp="30" pin="0"/><net_sink comp="201" pin=4"/></net>

<net id="223"><net_src comp="30" pin="0"/><net_sink comp="215" pin=0"/></net>

<net id="224"><net_src comp="168" pin="4"/><net_sink comp="215" pin=2"/></net>

<net id="225"><net_src comp="215" pin="6"/><net_sink comp="62" pin=2"/></net>

<net id="235"><net_src comp="187" pin="6"/><net_sink comp="229" pin=0"/></net>

<net id="236"><net_src comp="157" pin="4"/><net_sink comp="229" pin=2"/></net>

<net id="246"><net_src comp="201" pin="6"/><net_sink comp="240" pin=0"/></net>

<net id="247"><net_src comp="178" pin="4"/><net_sink comp="240" pin=2"/></net>

<net id="251"><net_src comp="6" pin="0"/><net_sink comp="248" pin=0"/></net>

<net id="255"><net_src comp="248" pin="1"/><net_sink comp="252" pin=0"/></net>

<net id="259"><net_src comp="8" pin="0"/><net_sink comp="256" pin=0"/></net>

<net id="260"><net_src comp="256" pin="1"/><net_sink comp="72" pin=2"/></net>

<net id="265"><net_src comp="56" pin="2"/><net_sink comp="261" pin=0"/></net>

<net id="266"><net_src comp="8" pin="0"/><net_sink comp="261" pin=1"/></net>

<net id="271"><net_src comp="56" pin="2"/><net_sink comp="267" pin=0"/></net>

<net id="272"><net_src comp="18" pin="0"/><net_sink comp="267" pin=1"/></net>

<net id="276"><net_src comp="10" pin="0"/><net_sink comp="273" pin=0"/></net>

<net id="281"><net_src comp="50" pin="2"/><net_sink comp="277" pin=0"/></net>

<net id="282"><net_src comp="10" pin="0"/><net_sink comp="277" pin=1"/></net>

<net id="287"><net_src comp="248" pin="1"/><net_sink comp="283" pin=0"/></net>

<net id="288"><net_src comp="28" pin="0"/><net_sink comp="283" pin=1"/></net>

<net id="293"><net_src comp="34" pin="0"/><net_sink comp="289" pin=0"/></net>

<net id="294"><net_src comp="16" pin="0"/><net_sink comp="289" pin=1"/></net>

<net id="299"><net_src comp="36" pin="0"/><net_sink comp="295" pin=0"/></net>

<net id="300"><net_src comp="16" pin="0"/><net_sink comp="295" pin=1"/></net>

<net id="304"><net_src comp="18" pin="0"/><net_sink comp="301" pin=0"/></net>

<net id="309"><net_src comp="301" pin="1"/><net_sink comp="305" pin=0"/></net>

<net id="310"><net_src comp="72" pin="4"/><net_sink comp="305" pin=1"/></net>

<net id="314"><net_src comp="12" pin="0"/><net_sink comp="311" pin=0"/></net>

<net id="318"><net_src comp="14" pin="0"/><net_sink comp="315" pin=0"/></net>

<net id="319"><net_src comp="315" pin="1"/><net_sink comp="119" pin=2"/></net>

<net id="326"><net_src comp="38" pin="0"/><net_sink comp="320" pin=0"/></net>

<net id="327"><net_src comp="83" pin="4"/><net_sink comp="320" pin=1"/></net>

<net id="328"><net_src comp="28" pin="0"/><net_sink comp="320" pin=2"/></net>

<net id="329"><net_src comp="40" pin="0"/><net_sink comp="320" pin=3"/></net>

<net id="334"><net_src comp="320" pin="4"/><net_sink comp="330" pin=0"/></net>

<net id="335"><net_src comp="42" pin="0"/><net_sink comp="330" pin=1"/></net>

<net id="340"><net_src comp="36" pin="0"/><net_sink comp="336" pin=0"/></net>

<net id="341"><net_src comp="16" pin="0"/><net_sink comp="336" pin=1"/></net>

<net id="345"><net_src comp="16" pin="0"/><net_sink comp="342" pin=0"/></net>

<net id="349"><net_src comp="311" pin="1"/><net_sink comp="346" pin=0"/></net>

<net id="354"><net_src comp="106" pin="6"/><net_sink comp="350" pin=0"/></net>

<net id="355"><net_src comp="14" pin="0"/><net_sink comp="350" pin=1"/></net>

<net id="360"><net_src comp="106" pin="6"/><net_sink comp="356" pin=0"/></net>

<net id="361"><net_src comp="22" pin="0"/><net_sink comp="356" pin=1"/></net>

<net id="366"><net_src comp="311" pin="1"/><net_sink comp="362" pin=0"/></net>

<net id="367"><net_src comp="28" pin="0"/><net_sink comp="362" pin=1"/></net>

<net id="372"><net_src comp="130" pin="4"/><net_sink comp="368" pin=0"/></net>

<net id="373"><net_src comp="6" pin="0"/><net_sink comp="368" pin=1"/></net>

<net id="378"><net_src comp="141" pin="6"/><net_sink comp="374" pin=0"/></net>

<net id="379"><net_src comp="24" pin="0"/><net_sink comp="374" pin=1"/></net>

<net id="384"><net_src comp="34" pin="0"/><net_sink comp="380" pin=0"/></net>

<net id="385"><net_src comp="20" pin="0"/><net_sink comp="380" pin=1"/></net>

<net id="389"><net_src comp="24" pin="0"/><net_sink comp="386" pin=0"/></net>

<net id="394"><net_src comp="386" pin="1"/><net_sink comp="390" pin=0"/></net>

<net id="395"><net_src comp="46" pin="0"/><net_sink comp="390" pin=1"/></net>

<net id="400"><net_src comp="36" pin="0"/><net_sink comp="396" pin=0"/></net>

<net id="401"><net_src comp="20" pin="0"/><net_sink comp="396" pin=1"/></net>

<net id="406"><net_src comp="36" pin="0"/><net_sink comp="402" pin=0"/></net>

<net id="407"><net_src comp="20" pin="0"/><net_sink comp="402" pin=1"/></net>

<net id="411"><net_src comp="22" pin="0"/><net_sink comp="408" pin=0"/></net>

<net id="416"><net_src comp="408" pin="1"/><net_sink comp="412" pin=0"/></net>

<net id="417"><net_src comp="168" pin="4"/><net_sink comp="412" pin=1"/></net>

<net id="418"><net_src comp="412" pin="2"/><net_sink comp="215" pin=4"/></net>

<net id="422"><net_src comp="20" pin="0"/><net_sink comp="419" pin=0"/></net>

<net id="427"><net_src comp="240" pin="4"/><net_sink comp="423" pin=0"/></net>

<net id="428"><net_src comp="12" pin="0"/><net_sink comp="423" pin=1"/></net>

<net id="432"><net_src comp="50" pin="2"/><net_sink comp="429" pin=0"/></net>

<net id="433"><net_src comp="429" pin="1"/><net_sink comp="83" pin=0"/></net>

<net id="437"><net_src comp="248" pin="1"/><net_sink comp="434" pin=0"/></net>

<net id="444"><net_src comp="273" pin="1"/><net_sink comp="441" pin=0"/></net>

<net id="445"><net_src comp="441" pin="1"/><net_sink comp="83" pin=2"/></net>

<net id="449"><net_src comp="283" pin="2"/><net_sink comp="446" pin=0"/></net>

<net id="450"><net_src comp="446" pin="1"/><net_sink comp="93" pin=0"/></net>

<net id="451"><net_src comp="446" pin="1"/><net_sink comp="130" pin=2"/></net>

<net id="455"><net_src comp="305" pin="2"/><net_sink comp="452" pin=0"/></net>

<net id="456"><net_src comp="452" pin="1"/><net_sink comp="106" pin=4"/></net>

<net id="460"><net_src comp="311" pin="1"/><net_sink comp="457" pin=0"/></net>

<net id="461"><net_src comp="457" pin="1"/><net_sink comp="178" pin=2"/></net>

<net id="465"><net_src comp="315" pin="1"/><net_sink comp="462" pin=0"/></net>

<net id="466"><net_src comp="462" pin="1"/><net_sink comp="168" pin=2"/></net>

<net id="470"><net_src comp="330" pin="2"/><net_sink comp="467" pin=0"/></net>

<net id="474"><net_src comp="342" pin="1"/><net_sink comp="471" pin=0"/></net>

<net id="478"><net_src comp="346" pin="1"/><net_sink comp="475" pin=0"/></net>

<net id="482"><net_src comp="362" pin="2"/><net_sink comp="479" pin=0"/></net>

<net id="483"><net_src comp="479" pin="1"/><net_sink comp="178" pin=0"/></net>

</net_list>

</model> 
---------------- Datapath Model END ------------------

* FSMD analyzer results:
  - Output states:
	Port: out_r | {3 }
	Port: value_r | {}
	Port: label_r | {}
	Port: reducer_circuit_adder_levels_num_items_0 | {2 }
	Port: reducer_circuit_adder_levels_buffer_value_0_0 | {1 }
	Port: reducer_circuit_adder_levels_buffer_label_0_0 | {1 }
	Port: reducer_circuit_adder_levels_num_items_1 | {3 }
	Port: reducer_circuit_adder_levels_buffer_value_1_0 | {2 }
	Port: reducer_circuit_adder_levels_valid_0 | {1 2 }
	Port: reducer_circuit_adder_levels_buffer_value_0_1 | {1 }
	Port: reducer_circuit_adder_levels_valid_1 | {3 }
	Port: reducer_circuit_adder_levels_buffer_value_1_1 | {2 }
	Port: reducer_circuit_adder_levels_buffer_label_1_0 | {3 }
 - Input state : 
	Port: reduce : out_r | {}
	Port: reduce : value_r | {1 }
	Port: reduce : label_r | {1 }
	Port: reduce : reducer_circuit_adder_levels_num_items_0 | {1 }
	Port: reduce : reducer_circuit_adder_levels_buffer_value_0_0 | {1 }
	Port: reduce : reducer_circuit_adder_levels_buffer_label_0_0 | {1 }
	Port: reduce : reducer_circuit_adder_levels_num_items_1 | {2 }
	Port: reduce : reducer_circuit_adder_levels_buffer_value_1_0 | {2 }
	Port: reduce : reducer_circuit_adder_levels_valid_0 | {2 }
	Port: reduce : reducer_circuit_adder_levels_buffer_value_0_1 | {1 }
	Port: reduce : reducer_circuit_adder_levels_valid_1 | {3 }
	Port: reduce : reducer_circuit_adder_levels_buffer_value_1_1 | {3 }
	Port: reduce : reducer_circuit_adder_levels_buffer_label_1_0 | {3 }
  - Chain level:
	State 1
		trunc_ln34 : 1
		br_ln34 : 2
		level_out_value_1 : 1
		br_ln34 : 2
		add_ln35 : 1
		switch_ln11 : 1
		level_out_value : 2
	State 2
		tmp : 1
		icmp_ln18 : 2
		br_ln18 : 3
		br_ln48 : 1
		reducer_circuit_adder_levels_num_items_0_new_0 : 2
		level_out_017_31 : 2
		trunc_ln34_1 : 1
		br_ln34 : 2
		store_ln34 : 3
		store_ln34 : 3
		reducer_circuit_adder_levels_buffer_value_1_0_loc_0 : 3
		br_ln34 : 2
		add_ln35_1 : 1
		reducer_circuit_adder_levels_num_items_0_new_1 : 3
		store_ln35 : 4
	State 3
		store_ln34 : 1
		switch_ln11 : 1
		icmp_ln18_1 : 1
		br_ln18 : 2
		out_data_value : 1
		br_ln53 : 1
		reducer_circuit_adder_levels_num_items_1_flag_1 : 2
		reducer_circuit_adder_levels_num_items_1_new_1 : 2
		out_data_0_35 : 2
		write_ln54 : 3
		reducer_circuit_adder_levels_num_items_1_flag_2 : 3
		reducer_circuit_adder_levels_num_items_1_new_2 : 3
		br_ln0 : 4
		store_ln35 : 4


============================================================
+ Verbose Summary: Datapath Resource usage 
============================================================

* Functional unit list:
|----------|------------------------|---------|---------|
| Operation|     Functional Unit    |    FF   |   LUT   |
|----------|------------------------|---------|---------|
|          |     add_ln35_fu_283    |    0    |    39   |
|    add   | level_out_value_fu_305 |    0    |    39   |
|          |    add_ln35_1_fu_362   |    0    |    39   |
|          |  out_data_value_fu_412 |    0    |    39   |
|----------|------------------------|---------|---------|
|   icmp   |    icmp_ln18_fu_330    |    0    |    17   |
|          |   icmp_ln18_1_fu_390   |    0    |    18   |
|----------|------------------------|---------|---------|
|   read   |  label_read_read_fu_50 |    0    |    0    |
|          |  value_read_read_fu_56 |    0    |    0    |
|----------|------------------------|---------|---------|
|   write  | write_ln54_write_fu_62 |    0    |    0    |
|----------|------------------------|---------|---------|
|   trunc  |    trunc_ln34_fu_252   |    0    |    0    |
|          |   trunc_ln34_1_fu_346  |    0    |    0    |
|----------|------------------------|---------|---------|
|partselect|       tmp_fu_320       |    0    |    0    |
|----------|------------------------|---------|---------|
|   Total  |                        |    0    |   191   |
|----------|------------------------|---------|---------|

Memories:
N/A

* Register list:
+-----------------------------------------------------------+--------+
|                                                           |   FF   |
+-----------------------------------------------------------+--------+
|                     add_ln35_1_reg_479                    |   32   |
|                      add_ln35_reg_446                     |   32   |
|                       empty_reg_175                       |   32   |
|                     icmp_ln18_reg_467                     |    1   |
|                     label_read_reg_429                    |   32   |
|                  level_out_017_31_reg_103                 |   32   |
|                  level_out_118_32_reg_137                 |   32   |
|                   level_out_label_reg_80                  |   32   |
|                  level_out_value_1_reg_69                 |   32   |
|                  level_out_value_reg_452                  |   32   |
|                   out_data_0_35_reg_212                   |   32   |
|                  out_data_value_1_reg_165                 |   32   |
| reducer_circuit_adder_levels_buffer_label_0_0_load_reg_441|   32   |
| reducer_circuit_adder_levels_buffer_value_1_0_load_reg_462|   32   |
|reducer_circuit_adder_levels_buffer_value_1_0_loc_0_reg_116|   32   |
|   reducer_circuit_adder_levels_num_items_0_load_reg_434   |   32   |
|   reducer_circuit_adder_levels_num_items_0_new_0_reg_90   |   32   |
|   reducer_circuit_adder_levels_num_items_0_new_1_reg_127  |   32   |
|  reducer_circuit_adder_levels_num_items_1_flag_0_reg_152  |    1   |
|  reducer_circuit_adder_levels_num_items_1_flag_1_reg_184  |    1   |
|  reducer_circuit_adder_levels_num_items_1_flag_2_reg_226  |    1   |
|   reducer_circuit_adder_levels_num_items_1_load_reg_457   |   32   |
|   reducer_circuit_adder_levels_num_items_1_new_1_reg_198  |   32   |
|   reducer_circuit_adder_levels_num_items_1_new_2_reg_237  |   32   |
|     reducer_circuit_adder_levels_valid_0_load_reg_471     |    1   |
|                    trunc_ln34_1_reg_475                   |    1   |
+-----------------------------------------------------------+--------+
|                           Total                           |   646  |
+-----------------------------------------------------------+--------+

* Multiplexer (MUX) list: 
|---------------------------------------------------------|------|------|------|--------||---------|
|                           Comp                          |  Pin | Size |  BW  | S x BW ||  Delay  |
|---------------------------------------------------------|------|------|------|--------||---------|
| reducer_circuit_adder_levels_num_items_1_flag_0_reg_152 |  p0  |   2  |   1  |    2   |
|---------------------------------------------------------|------|------|------|--------||---------|
|                          Total                          |      |      |      |    2   ||  1.588  |
|---------------------------------------------------------|------|------|------|--------||---------|



* Summary:
+-----------+--------+--------+--------+
|           |  Delay |   FF   |   LUT  |
+-----------+--------+--------+--------+
|  Function |    -   |    0   |   191  |
|   Memory  |    -   |    -   |    -   |
|Multiplexer|    1   |    -   |    -   |
|  Register |    -   |   646  |    -   |
+-----------+--------+--------+--------+
|   Total   |    1   |   646  |   191  |
+-----------+--------+--------+--------+
