

================================================================
== Vitis HLS Report for 'reduce'
================================================================
* Date:           Sat May 14 14:36:16 2022

* Version:        2021.2 (Build 3367213 on Tue Oct 19 02:47:39 MDT 2021)
* Project:        SPMV_CSR
* Solution:       solution1 (Vivado IP Flow Target)
* Product family: zynq
* Target device:  xc7z020-clg400-1


================================================================
== Performance Estimates
================================================================
+ Timing: 
    * Summary: 
    +--------+----------+----------+------------+
    |  Clock |  Target  | Estimated| Uncertainty|
    +--------+----------+----------+------------+
    |ap_clk  |  10.00 ns|  6.894 ns|     2.70 ns|
    +--------+----------+----------+------------+

+ Latency: 
    * Summary: 
    +---------+---------+-----------+-----------+-----+-----+---------+
    |  Latency (cycles) |   Latency (absolute)  |  Interval | Pipeline|
    |   min   |   max   |    min    |    max    | min | max |   Type  |
    +---------+---------+-----------+-----------+-----+-----+---------+
    |        2|        2|  20.000 ns|  20.000 ns|    1|    1|      yes|
    +---------+---------+-----------+-----------+-----+-----+---------+

    + Detail: 
        * Instance: 
        N/A

        * Loop: 
        N/A

============================================================
+ Verbose Summary: Synthesis Manager
============================================================
InlineROM: 1
ExposeGlobal: 0
============================================================
+ Verbose Summary: CDFG Model
============================================================
IsTopModel: 0
ResetActiveHigh: 1
IsCombinational: 0
IsDatapathOnly: 0
HasWiredReturn: 1
HasMFsm: 2
HasVarLatency: 0
IsPipeline: 1
IsRtlPipelined: 1
IsInstanceOverlapped: 0
IsDontTouch: 0
HasImplIP: 0
IsGatedGlobalClock: 0

+ Individual pipeline summary: 
  * Pipeline-0: initiation interval (II) = 1, depth = 3


============================================================
+ Verbose Summary: Schedule
============================================================
* Number of FSM states : 3
* Pipeline : 1
  Pipeline-0 : II = 1, D = 3, States = { 1 2 3 }
* Dataflow Pipeline: 0

* FSM state transitions: 
1 --> 2 
2 --> 3 
3 --> 

* FSM state operations: 

State 1 <SV = 0> <Delay = 4.14>
ST_1 : Operation 4 [1/1] (0.00ns)   --->   "%label_read = read i32 @_ssdm_op_Read.ap_auto.i32, i32 %label_r" [SPMV_CSR_src/accelerator/reducer.cpp:34]   --->   Operation 4 'read' 'label_read' <Predicate = true> <Delay = 0.00>
ST_1 : Operation 5 [1/1] (0.00ns)   --->   "%value_read = read i32 @_ssdm_op_Read.ap_auto.i32, i32 %value_r" [SPMV_CSR_src/accelerator/reducer.cpp:34]   --->   Operation 5 'read' 'value_read' <Predicate = true> <Delay = 0.00>
ST_1 : Operation 6 [1/1] (0.00ns)   --->   "%reducer_circuit_adder_levels_num_items_0_load = load i32 %reducer_circuit_adder_levels_num_items_0" [SPMV_CSR_src/accelerator/reducer.cpp:34]   --->   Operation 6 'load' 'reducer_circuit_adder_levels_num_items_0_load' <Predicate = true> <Delay = 0.00>
ST_1 : Operation 7 [1/1] (0.00ns)   --->   "%trunc_ln34 = trunc i32 %reducer_circuit_adder_levels_num_items_0_load" [SPMV_CSR_src/accelerator/reducer.cpp:34]   --->   Operation 7 'trunc' 'trunc_ln34' <Predicate = true> <Delay = 0.00>
ST_1 : Operation 8 [1/1] (0.00ns)   --->   "%reducer_circuit_adder_levels_buffer_value_0_0_load = load i32 %reducer_circuit_adder_levels_buffer_value_0_0" [SPMV_CSR_src/accelerator/reducer.cpp:14]   --->   Operation 8 'load' 'reducer_circuit_adder_levels_buffer_value_0_0_load' <Predicate = true> <Delay = 0.00>
ST_1 : Operation 9 [1/1] (0.00ns)   --->   "%br_ln34 = br i1 %trunc_ln34, void %branch0, void %branch1" [SPMV_CSR_src/accelerator/reducer.cpp:34]   --->   Operation 9 'br' 'br_ln34' <Predicate = true> <Delay = 0.00>
ST_1 : Operation 10 [1/1] (0.00ns)   --->   "%store_ln34 = store i32 %value_read, i32 %reducer_circuit_adder_levels_buffer_value_0_0" [SPMV_CSR_src/accelerator/reducer.cpp:34]   --->   Operation 10 'store' 'store_ln34' <Predicate = (!trunc_ln34)> <Delay = 0.00>
ST_1 : Operation 11 [1/1] (1.58ns)   --->   "%br_ln34 = br void" [SPMV_CSR_src/accelerator/reducer.cpp:34]   --->   Operation 11 'br' 'br_ln34' <Predicate = (!trunc_ln34)> <Delay = 1.58>
ST_1 : Operation 12 [1/1] (0.00ns)   --->   "%store_ln34 = store i32 %value_read, i32 %reducer_circuit_adder_levels_buffer_value_0_1" [SPMV_CSR_src/accelerator/reducer.cpp:34]   --->   Operation 12 'store' 'store_ln34' <Predicate = (trunc_ln34)> <Delay = 0.00>
ST_1 : Operation 13 [1/1] (1.58ns)   --->   "%br_ln34 = br void" [SPMV_CSR_src/accelerator/reducer.cpp:34]   --->   Operation 13 'br' 'br_ln34' <Predicate = (trunc_ln34)> <Delay = 1.58>
ST_1 : Operation 14 [1/1] (0.00ns)   --->   "%level_out_value_1 = phi i32 %value_read, void %branch0, i32 %reducer_circuit_adder_levels_buffer_value_0_0_load, void %branch1" [SPMV_CSR_src/accelerator/reducer.cpp:34]   --->   Operation 14 'phi' 'level_out_value_1' <Predicate = true> <Delay = 0.00>
ST_1 : Operation 15 [1/1] (0.00ns)   --->   "%reducer_circuit_adder_levels_buffer_label_0_0_load = load i32 %reducer_circuit_adder_levels_buffer_label_0_0" [SPMV_CSR_src/accelerator/reducer.cpp:15]   --->   Operation 15 'load' 'reducer_circuit_adder_levels_buffer_label_0_0_load' <Predicate = true> <Delay = 0.00>
ST_1 : Operation 16 [1/1] (1.58ns)   --->   "%br_ln34 = br i1 %trunc_ln34, void %branch4, void %branch5" [SPMV_CSR_src/accelerator/reducer.cpp:34]   --->   Operation 16 'br' 'br_ln34' <Predicate = true> <Delay = 1.58>
ST_1 : Operation 17 [1/1] (0.00ns)   --->   "%store_ln34 = store i32 %label_read, i32 %reducer_circuit_adder_levels_buffer_label_0_0" [SPMV_CSR_src/accelerator/reducer.cpp:34]   --->   Operation 17 'store' 'store_ln34' <Predicate = (!trunc_ln34)> <Delay = 0.00>
ST_1 : Operation 18 [1/1] (1.58ns)   --->   "%br_ln34 = br void %branch5" [SPMV_CSR_src/accelerator/reducer.cpp:34]   --->   Operation 18 'br' 'br_ln34' <Predicate = (!trunc_ln34)> <Delay = 1.58>
ST_1 : Operation 19 [1/1] (2.55ns)   --->   "%add_ln35 = add i32 %reducer_circuit_adder_levels_num_items_0_load, i32 1" [SPMV_CSR_src/accelerator/reducer.cpp:35]   --->   Operation 19 'add' 'add_ln35' <Predicate = true> <Delay = 2.55> <CoreInst = "Adder">   --->   Core 1 'Adder' <Latency = 0> <II = 1> <Delay = 2.55> <FuncUnit> <Opcode : 'add' 'sub'> <InPorts = 2> <OutPorts = 1>
ST_1 : Operation 20 [1/1] (1.30ns)   --->   "%switch_ln11 = switch i32 %reducer_circuit_adder_levels_num_items_0_load, void %._crit_edge, i32 1, void, i32 0, void, i32 4294967295, void" [SPMV_CSR_src/accelerator/reducer.cpp:11]   --->   Operation 20 'switch' 'switch_ln11' <Predicate = true> <Delay = 1.30>
ST_1 : Operation 21 [1/1] (1.58ns)   --->   "%store_ln26 = store i1 0, i1 %reducer_circuit_adder_levels_valid_0" [SPMV_CSR_src/accelerator/reducer.cpp:26]   --->   Operation 21 'store' 'store_ln26' <Predicate = (reducer_circuit_adder_levels_num_items_0_load == 4294967295)> <Delay = 1.58>
ST_1 : Operation 22 [1/1] (0.00ns)   --->   "%br_ln29 = br void %._crit_edge" [SPMV_CSR_src/accelerator/reducer.cpp:29]   --->   Operation 22 'br' 'br_ln29' <Predicate = (reducer_circuit_adder_levels_num_items_0_load == 4294967295)> <Delay = 0.00>
ST_1 : Operation 23 [1/1] (1.58ns)   --->   "%store_ln13 = store i1 1, i1 %reducer_circuit_adder_levels_valid_0" [SPMV_CSR_src/accelerator/reducer.cpp:13]   --->   Operation 23 'store' 'store_ln13' <Predicate = (reducer_circuit_adder_levels_num_items_0_load == 1)> <Delay = 1.58>
ST_1 : Operation 24 [1/1] (0.00ns)   --->   "%reducer_circuit_adder_levels_buffer_value_0_1_load = load i32 %reducer_circuit_adder_levels_buffer_value_0_1" [SPMV_CSR_src/accelerator/reducer.cpp:14]   --->   Operation 24 'load' 'reducer_circuit_adder_levels_buffer_value_0_1_load' <Predicate = (reducer_circuit_adder_levels_num_items_0_load == 1)> <Delay = 0.00>
ST_1 : Operation 25 [1/1] (2.55ns)   --->   "%level_out_value = add i32 %reducer_circuit_adder_levels_buffer_value_0_1_load, i32 %level_out_value_1" [SPMV_CSR_src/accelerator/reducer.cpp:14]   --->   Operation 25 'add' 'level_out_value' <Predicate = (reducer_circuit_adder_levels_num_items_0_load == 1)> <Delay = 2.55> <CoreInst = "Adder">   --->   Core 1 'Adder' <Latency = 0> <II = 1> <Delay = 2.55> <FuncUnit> <Opcode : 'add' 'sub'> <InPorts = 2> <OutPorts = 1>
ST_1 : Operation 26 [1/1] (0.00ns)   --->   "%br_ln0 = br void %_ZN13reducer_level3addER12reducer_data.exit"   --->   Operation 26 'br' 'br_ln0' <Predicate = (reducer_circuit_adder_levels_num_items_0_load != 1 & reducer_circuit_adder_levels_num_items_0_load != 0)> <Delay = 0.00>

State 2 <SV = 1> <Delay = 4.05>
ST_2 : Operation 27 [1/1] (0.00ns)   --->   "%level_out_label = phi i32 %label_read, void %branch4, i32 %reducer_circuit_adder_levels_buffer_label_0_0_load, void" [SPMV_CSR_src/accelerator/reducer.cpp:34]   --->   Operation 27 'phi' 'level_out_label' <Predicate = true> <Delay = 0.00>
ST_2 : Operation 28 [1/1] (0.00ns)   --->   "%reducer_circuit_adder_levels_num_items_1_load = load i32 %reducer_circuit_adder_levels_num_items_1" [SPMV_CSR_src/accelerator/reducer.cpp:34]   --->   Operation 28 'load' 'reducer_circuit_adder_levels_num_items_1_load' <Predicate = true> <Delay = 0.00>
ST_2 : Operation 29 [1/1] (0.00ns)   --->   "%reducer_circuit_adder_levels_buffer_value_1_0_load = load i32 %reducer_circuit_adder_levels_buffer_value_1_0" [SPMV_CSR_src/accelerator/reducer.cpp:14]   --->   Operation 29 'load' 'reducer_circuit_adder_levels_buffer_value_1_0_load' <Predicate = true> <Delay = 0.00>
ST_2 : Operation 30 [1/1] (0.00ns)   --->   "%tmp = partselect i31 @_ssdm_op_PartSelect.i31.i32.i32.i32, i32 %level_out_label, i32 1, i32 31" [SPMV_CSR_src/accelerator/reducer.cpp:18]   --->   Operation 30 'partselect' 'tmp' <Predicate = (reducer_circuit_adder_levels_num_items_0_load == 0)> <Delay = 0.00>
ST_2 : Operation 31 [1/1] (2.47ns)   --->   "%icmp_ln18 = icmp_slt  i31 %tmp, i31 1" [SPMV_CSR_src/accelerator/reducer.cpp:18]   --->   Operation 31 'icmp' 'icmp_ln18' <Predicate = (reducer_circuit_adder_levels_num_items_0_load == 0)> <Delay = 2.47> <CoreInst = "Cmp">   --->   Core 9 'Cmp' <Latency = 0> <II = 1> <Delay = 2.47> <FuncUnit> <Opcode : 'icmp'> <InPorts = 2> <OutPorts = 1>
ST_2 : Operation 32 [1/1] (0.00ns)   --->   "%br_ln18 = br i1 %icmp_ln18, void %_ZN13reducer_level3addER12reducer_data.exit, void" [SPMV_CSR_src/accelerator/reducer.cpp:18]   --->   Operation 32 'br' 'br_ln18' <Predicate = (reducer_circuit_adder_levels_num_items_0_load == 0)> <Delay = 0.00>
ST_2 : Operation 33 [1/1] (1.58ns)   --->   "%store_ln20 = store i1 1, i1 %reducer_circuit_adder_levels_valid_0" [SPMV_CSR_src/accelerator/reducer.cpp:20]   --->   Operation 33 'store' 'store_ln20' <Predicate = (reducer_circuit_adder_levels_num_items_0_load == 0 & icmp_ln18)> <Delay = 1.58>
ST_2 : Operation 34 [1/1] (1.70ns)   --->   "%br_ln23 = br void %_ZN13reducer_level3addER12reducer_data.exit.thread" [SPMV_CSR_src/accelerator/reducer.cpp:23]   --->   Operation 34 'br' 'br_ln23' <Predicate = (reducer_circuit_adder_levels_num_items_0_load == 0 & icmp_ln18)> <Delay = 1.70>
ST_2 : Operation 35 [1/1] (1.70ns)   --->   "%br_ln16 = br void %_ZN13reducer_level3addER12reducer_data.exit.thread" [SPMV_CSR_src/accelerator/reducer.cpp:16]   --->   Operation 35 'br' 'br_ln16' <Predicate = (reducer_circuit_adder_levels_num_items_0_load == 1)> <Delay = 1.70>
ST_2 : Operation 36 [1/1] (0.00ns)   --->   "%reducer_circuit_adder_levels_valid_0_load = load i1 %reducer_circuit_adder_levels_valid_0" [SPMV_CSR_src/accelerator/reducer.cpp:55]   --->   Operation 36 'load' 'reducer_circuit_adder_levels_valid_0_load' <Predicate = (reducer_circuit_adder_levels_num_items_0_load != 1 & !icmp_ln18) | (reducer_circuit_adder_levels_num_items_0_load != 1 & reducer_circuit_adder_levels_num_items_0_load != 0)> <Delay = 0.00>
ST_2 : Operation 37 [1/1] (1.70ns)   --->   "%br_ln55 = br i1 %reducer_circuit_adder_levels_valid_0_load, void %mergeST, void %_ZN13reducer_level3addER12reducer_data.exit.thread" [SPMV_CSR_src/accelerator/reducer.cpp:55]   --->   Operation 37 'br' 'br_ln55' <Predicate = (reducer_circuit_adder_levels_num_items_0_load != 1 & !icmp_ln18) | (reducer_circuit_adder_levels_num_items_0_load != 1 & reducer_circuit_adder_levels_num_items_0_load != 0)> <Delay = 1.70>
ST_2 : Operation 38 [1/1] (0.00ns)   --->   "%reducer_circuit_adder_levels_num_items_0_new_0 = phi i32 %add_ln35, void %_ZN13reducer_level3addER12reducer_data.exit, i32 0, void, i32 0, void" [SPMV_CSR_src/accelerator/reducer.cpp:35]   --->   Operation 38 'phi' 'reducer_circuit_adder_levels_num_items_0_new_0' <Predicate = (reducer_circuit_adder_levels_valid_0_load) | (reducer_circuit_adder_levels_num_items_0_load == 0 & icmp_ln18) | (reducer_circuit_adder_levels_num_items_0_load == 1)> <Delay = 0.00>
ST_2 : Operation 39 [1/1] (0.00ns)   --->   "%level_out_017_31 = phi i32 0, void %_ZN13reducer_level3addER12reducer_data.exit, i32 %level_out_value_1, void, i32 %level_out_value, void"   --->   Operation 39 'phi' 'level_out_017_31' <Predicate = (reducer_circuit_adder_levels_valid_0_load) | (reducer_circuit_adder_levels_num_items_0_load == 0 & icmp_ln18) | (reducer_circuit_adder_levels_num_items_0_load == 1)> <Delay = 0.00>
ST_2 : Operation 40 [1/1] (0.00ns)   --->   "%trunc_ln34_1 = trunc i32 %reducer_circuit_adder_levels_num_items_1_load" [SPMV_CSR_src/accelerator/reducer.cpp:34]   --->   Operation 40 'trunc' 'trunc_ln34_1' <Predicate = (reducer_circuit_adder_levels_valid_0_load) | (reducer_circuit_adder_levels_num_items_0_load == 0 & icmp_ln18) | (reducer_circuit_adder_levels_num_items_0_load == 1)> <Delay = 0.00>
ST_2 : Operation 41 [1/1] (0.00ns)   --->   "%br_ln34 = br i1 %trunc_ln34_1, void %branch2, void %branch3" [SPMV_CSR_src/accelerator/reducer.cpp:34]   --->   Operation 41 'br' 'br_ln34' <Predicate = (reducer_circuit_adder_levels_valid_0_load) | (reducer_circuit_adder_levels_num_items_0_load == 0 & icmp_ln18) | (reducer_circuit_adder_levels_num_items_0_load == 1)> <Delay = 0.00>
ST_2 : Operation 42 [1/1] (0.00ns)   --->   "%store_ln34 = store i32 %level_out_017_31, i32 %reducer_circuit_adder_levels_buffer_value_1_0" [SPMV_CSR_src/accelerator/reducer.cpp:34]   --->   Operation 42 'store' 'store_ln34' <Predicate = (reducer_circuit_adder_levels_valid_0_load & !trunc_ln34_1) | (reducer_circuit_adder_levels_num_items_0_load == 0 & icmp_ln18 & !trunc_ln34_1) | (reducer_circuit_adder_levels_num_items_0_load == 1 & !trunc_ln34_1)> <Delay = 0.00>
ST_2 : Operation 43 [1/1] (1.58ns)   --->   "%br_ln34 = br void %_ZN13reducer_level3addER12reducer_data.exit.thread16" [SPMV_CSR_src/accelerator/reducer.cpp:34]   --->   Operation 43 'br' 'br_ln34' <Predicate = (reducer_circuit_adder_levels_valid_0_load & !trunc_ln34_1) | (reducer_circuit_adder_levels_num_items_0_load == 0 & icmp_ln18 & !trunc_ln34_1) | (reducer_circuit_adder_levels_num_items_0_load == 1 & !trunc_ln34_1)> <Delay = 1.58>
ST_2 : Operation 44 [1/1] (0.00ns)   --->   "%store_ln34 = store i32 %level_out_017_31, i32 %reducer_circuit_adder_levels_buffer_value_1_1" [SPMV_CSR_src/accelerator/reducer.cpp:34]   --->   Operation 44 'store' 'store_ln34' <Predicate = (reducer_circuit_adder_levels_valid_0_load & trunc_ln34_1) | (reducer_circuit_adder_levels_num_items_0_load == 0 & icmp_ln18 & trunc_ln34_1) | (reducer_circuit_adder_levels_num_items_0_load == 1 & trunc_ln34_1)> <Delay = 0.00>
ST_2 : Operation 45 [1/1] (1.58ns)   --->   "%br_ln34 = br void %_ZN13reducer_level3addER12reducer_data.exit.thread16" [SPMV_CSR_src/accelerator/reducer.cpp:34]   --->   Operation 45 'br' 'br_ln34' <Predicate = (reducer_circuit_adder_levels_valid_0_load & trunc_ln34_1) | (reducer_circuit_adder_levels_num_items_0_load == 0 & icmp_ln18 & trunc_ln34_1) | (reducer_circuit_adder_levels_num_items_0_load == 1 & trunc_ln34_1)> <Delay = 1.58>
ST_2 : Operation 46 [1/1] (0.00ns)   --->   "%reducer_circuit_adder_levels_buffer_value_1_0_loc_0 = phi i32 %level_out_017_31, void %branch2, i32 %reducer_circuit_adder_levels_buffer_value_1_0_load, void %branch3" [SPMV_CSR_src/accelerator/reducer.cpp:34]   --->   Operation 46 'phi' 'reducer_circuit_adder_levels_buffer_value_1_0_loc_0' <Predicate = (reducer_circuit_adder_levels_valid_0_load) | (reducer_circuit_adder_levels_num_items_0_load == 0 & icmp_ln18) | (reducer_circuit_adder_levels_num_items_0_load == 1)> <Delay = 0.00>
ST_2 : Operation 47 [1/1] (0.00ns)   --->   "%br_ln34 = br i1 %trunc_ln34_1, void %branch6, void %_ZN13reducer_level3addER12reducer_data.exit.thread1622" [SPMV_CSR_src/accelerator/reducer.cpp:34]   --->   Operation 47 'br' 'br_ln34' <Predicate = (reducer_circuit_adder_levels_valid_0_load) | (reducer_circuit_adder_levels_num_items_0_load == 0 & icmp_ln18) | (reducer_circuit_adder_levels_num_items_0_load == 1)> <Delay = 0.00>
ST_2 : Operation 48 [1/1] (2.55ns)   --->   "%add_ln35_1 = add i32 %reducer_circuit_adder_levels_num_items_1_load, i32 1" [SPMV_CSR_src/accelerator/reducer.cpp:35]   --->   Operation 48 'add' 'add_ln35_1' <Predicate = (reducer_circuit_adder_levels_valid_0_load) | (reducer_circuit_adder_levels_num_items_0_load == 0 & icmp_ln18) | (reducer_circuit_adder_levels_num_items_0_load == 1)> <Delay = 2.55> <CoreInst = "Adder">   --->   Core 1 'Adder' <Latency = 0> <II = 1> <Delay = 2.55> <FuncUnit> <Opcode : 'add' 'sub'> <InPorts = 2> <OutPorts = 1>
ST_2 : Operation 49 [1/1] (1.58ns)   --->   "%br_ln56 = br void %mergeST" [SPMV_CSR_src/accelerator/reducer.cpp:56]   --->   Operation 49 'br' 'br_ln56' <Predicate = (reducer_circuit_adder_levels_valid_0_load) | (reducer_circuit_adder_levels_num_items_0_load == 0 & icmp_ln18) | (reducer_circuit_adder_levels_num_items_0_load == 1)> <Delay = 1.58>
ST_2 : Operation 50 [1/1] (0.00ns)   --->   "%reducer_circuit_adder_levels_num_items_0_new_1 = phi i32 %reducer_circuit_adder_levels_num_items_0_new_0, void %_ZN13reducer_level3addER12reducer_data.exit.thread1622, i32 %add_ln35, void %_ZN13reducer_level3addER12reducer_data.exit" [SPMV_CSR_src/accelerator/reducer.cpp:35]   --->   Operation 50 'phi' 'reducer_circuit_adder_levels_num_items_0_new_1' <Predicate = true> <Delay = 0.00>
ST_2 : Operation 51 [1/1] (0.00ns)   --->   "%store_ln35 = store i32 %reducer_circuit_adder_levels_num_items_0_new_1, i32 %reducer_circuit_adder_levels_num_items_0" [SPMV_CSR_src/accelerator/reducer.cpp:35]   --->   Operation 51 'store' 'store_ln35' <Predicate = true> <Delay = 0.00>

State 3 <SV = 2> <Delay = 6.89>
ST_3 : Operation 52 [1/1] (0.00ns)   --->   "%level_out_118_32 = phi i32 0, void %_ZN13reducer_level3addER12reducer_data.exit, i32 %level_out_label, void, i32 %level_out_label, void"   --->   Operation 52 'phi' 'level_out_118_32' <Predicate = (reducer_circuit_adder_levels_valid_0_load) | (reducer_circuit_adder_levels_num_items_0_load == 0 & icmp_ln18) | (reducer_circuit_adder_levels_num_items_0_load == 1)> <Delay = 0.00>
ST_3 : Operation 53 [1/1] (0.00ns)   --->   "%store_ln34 = store i32 %level_out_118_32, i32 %reducer_circuit_adder_levels_buffer_label_1_0" [SPMV_CSR_src/accelerator/reducer.cpp:34]   --->   Operation 53 'store' 'store_ln34' <Predicate = (reducer_circuit_adder_levels_valid_0_load & !trunc_ln34_1) | (reducer_circuit_adder_levels_num_items_0_load == 0 & icmp_ln18 & !trunc_ln34_1) | (reducer_circuit_adder_levels_num_items_0_load == 1 & !trunc_ln34_1)> <Delay = 0.00>
ST_3 : Operation 54 [1/1] (0.00ns)   --->   "%br_ln34 = br void %_ZN13reducer_level3addER12reducer_data.exit.thread1622" [SPMV_CSR_src/accelerator/reducer.cpp:34]   --->   Operation 54 'br' 'br_ln34' <Predicate = (reducer_circuit_adder_levels_valid_0_load & !trunc_ln34_1) | (reducer_circuit_adder_levels_num_items_0_load == 0 & icmp_ln18 & !trunc_ln34_1) | (reducer_circuit_adder_levels_num_items_0_load == 1 & !trunc_ln34_1)> <Delay = 0.00>
ST_3 : Operation 55 [1/1] (0.00ns)   --->   "%reducer_circuit_adder_levels_num_items_1_flag_0 = phi i1 1, void %_ZN13reducer_level3addER12reducer_data.exit.thread1622, i1 0, void %_ZN13reducer_level3addER12reducer_data.exit"   --->   Operation 55 'phi' 'reducer_circuit_adder_levels_num_items_1_flag_0' <Predicate = true> <Delay = 0.00>
ST_3 : Operation 56 [1/1] (0.00ns)   --->   "%out_data_value_1 = phi i32 %reducer_circuit_adder_levels_buffer_value_1_0_loc_0, void %_ZN13reducer_level3addER12reducer_data.exit.thread1622, i32 %reducer_circuit_adder_levels_buffer_value_1_0_load, void %_ZN13reducer_level3addER12reducer_data.exit" [SPMV_CSR_src/accelerator/reducer.cpp:34]   --->   Operation 56 'phi' 'out_data_value_1' <Predicate = true> <Delay = 0.00>
ST_3 : Operation 57 [1/1] (0.00ns)   --->   "%empty = phi i32 %add_ln35_1, void %_ZN13reducer_level3addER12reducer_data.exit.thread1622, i32 %reducer_circuit_adder_levels_num_items_1_load, void %_ZN13reducer_level3addER12reducer_data.exit" [SPMV_CSR_src/accelerator/reducer.cpp:35]   --->   Operation 57 'phi' 'empty' <Predicate = true> <Delay = 0.00>
ST_3 : Operation 58 [1/1] (1.30ns)   --->   "%switch_ln11 = switch i32 %empty, void %._crit_edge1, i32 2, void, i32 1, void, i32 0, void" [SPMV_CSR_src/accelerator/reducer.cpp:11]   --->   Operation 58 'switch' 'switch_ln11' <Predicate = true> <Delay = 1.30>
ST_3 : Operation 59 [1/1] (1.58ns)   --->   "%store_ln26 = store i1 0, i1 %reducer_circuit_adder_levels_valid_1" [SPMV_CSR_src/accelerator/reducer.cpp:26]   --->   Operation 59 'store' 'store_ln26' <Predicate = (empty == 0)> <Delay = 1.58>
ST_3 : Operation 60 [1/1] (0.00ns)   --->   "%br_ln29 = br void %._crit_edge1" [SPMV_CSR_src/accelerator/reducer.cpp:29]   --->   Operation 60 'br' 'br_ln29' <Predicate = (empty == 0)> <Delay = 0.00>
ST_3 : Operation 61 [1/1] (0.00ns)   --->   "%out_data_label = load i32 %reducer_circuit_adder_levels_buffer_label_1_0" [SPMV_CSR_src/accelerator/reducer.cpp:18]   --->   Operation 61 'load' 'out_data_label' <Predicate = (empty == 1)> <Delay = 0.00>
ST_3 : Operation 62 [1/1] (0.00ns)   --->   "%reducer_circuit_adder_levels_curr_level_1_load = load i1 %reducer_circuit_adder_levels_curr_level_1" [SPMV_CSR_src/accelerator/reducer.cpp:18]   --->   Operation 62 'load' 'reducer_circuit_adder_levels_curr_level_1_load' <Predicate = (empty == 1)> <Delay = 0.00>
ST_3 : Operation 63 [1/1] (0.00ns) (grouped into LUT with out node add_ln18)   --->   "%zext_ln18 = zext i1 %reducer_circuit_adder_levels_curr_level_1_load" [SPMV_CSR_src/accelerator/reducer.cpp:18]   --->   Operation 63 'zext' 'zext_ln18' <Predicate = (empty == 1)> <Delay = 0.00>
ST_3 : Operation 64 [1/1] (0.00ns) (grouped into LUT with out node add_ln18)   --->   "%shl_ln18 = shl i2 1, i2 %zext_ln18" [SPMV_CSR_src/accelerator/reducer.cpp:18]   --->   Operation 64 'shl' 'shl_ln18' <Predicate = (empty == 1)> <Delay = 0.00> <CoreInst = "Shifter">   --->   Core 75 'Shifter' <Latency = 0> <II = 1> <Delay = 1.85> <FuncUnit> <Opcode : 'shl' 'lshr' 'ashr'> <InPorts = 2> <OutPorts = 1>
ST_3 : Operation 65 [1/1] (0.00ns) (grouped into LUT with out node add_ln18)   --->   "%zext_ln18_1 = zext i2 %shl_ln18" [SPMV_CSR_src/accelerator/reducer.cpp:18]   --->   Operation 65 'zext' 'zext_ln18_1' <Predicate = (empty == 1)> <Delay = 0.00>
ST_3 : Operation 66 [1/1] (1.85ns) (out node of the LUT)   --->   "%add_ln18 = add i3 %zext_ln18_1, i3 1" [SPMV_CSR_src/accelerator/reducer.cpp:18]   --->   Operation 66 'add' 'add_ln18' <Predicate = (empty == 1)> <Delay = 1.85> <CoreInst = "Adder">   --->   Core 1 'Adder' <Latency = 0> <II = 1> <Delay = 2.55> <FuncUnit> <Opcode : 'add' 'sub'> <InPorts = 2> <OutPorts = 1>
ST_3 : Operation 67 [1/1] (0.00ns)   --->   "%zext_ln18_2 = zext i3 %add_ln18" [SPMV_CSR_src/accelerator/reducer.cpp:18]   --->   Operation 67 'zext' 'zext_ln18_2' <Predicate = (empty == 1)> <Delay = 0.00>
ST_3 : Operation 68 [1/1] (2.47ns)   --->   "%icmp_ln18_1 = icmp_slt  i32 %out_data_label, i32 %zext_ln18_2" [SPMV_CSR_src/accelerator/reducer.cpp:18]   --->   Operation 68 'icmp' 'icmp_ln18_1' <Predicate = (empty == 1)> <Delay = 2.47> <CoreInst = "Cmp">   --->   Core 9 'Cmp' <Latency = 0> <II = 1> <Delay = 2.47> <FuncUnit> <Opcode : 'icmp'> <InPorts = 2> <OutPorts = 1>
ST_3 : Operation 69 [1/1] (0.00ns)   --->   "%br_ln18 = br i1 %icmp_ln18_1, void %_ZN13reducer_level3addER12reducer_data.exit16, void" [SPMV_CSR_src/accelerator/reducer.cpp:18]   --->   Operation 69 'br' 'br_ln18' <Predicate = (empty == 1)> <Delay = 0.00>
ST_3 : Operation 70 [1/1] (1.58ns)   --->   "%store_ln20 = store i1 1, i1 %reducer_circuit_adder_levels_valid_1" [SPMV_CSR_src/accelerator/reducer.cpp:20]   --->   Operation 70 'store' 'store_ln20' <Predicate = (empty == 1 & icmp_ln18_1)> <Delay = 1.58>
ST_3 : Operation 71 [1/1] (1.70ns)   --->   "%br_ln23 = br void %_ZN13reducer_level3addER12reducer_data.exit16.thread" [SPMV_CSR_src/accelerator/reducer.cpp:23]   --->   Operation 71 'br' 'br_ln23' <Predicate = (empty == 1 & icmp_ln18_1)> <Delay = 1.70>
ST_3 : Operation 72 [1/1] (1.58ns)   --->   "%store_ln13 = store i1 1, i1 %reducer_circuit_adder_levels_valid_1" [SPMV_CSR_src/accelerator/reducer.cpp:13]   --->   Operation 72 'store' 'store_ln13' <Predicate = (empty == 2)> <Delay = 1.58>
ST_3 : Operation 73 [1/1] (0.00ns)   --->   "%reducer_circuit_adder_levels_buffer_value_1_1_load = load i32 %reducer_circuit_adder_levels_buffer_value_1_1" [SPMV_CSR_src/accelerator/reducer.cpp:14]   --->   Operation 73 'load' 'reducer_circuit_adder_levels_buffer_value_1_1_load' <Predicate = (empty == 2)> <Delay = 0.00>
ST_3 : Operation 74 [1/1] (2.55ns)   --->   "%out_data_value = add i32 %reducer_circuit_adder_levels_buffer_value_1_1_load, i32 %out_data_value_1" [SPMV_CSR_src/accelerator/reducer.cpp:14]   --->   Operation 74 'add' 'out_data_value' <Predicate = (empty == 2)> <Delay = 2.55> <CoreInst = "Adder">   --->   Core 1 'Adder' <Latency = 0> <II = 1> <Delay = 2.55> <FuncUnit> <Opcode : 'add' 'sub'> <InPorts = 2> <OutPorts = 1>
ST_3 : Operation 75 [1/1] (1.70ns)   --->   "%br_ln16 = br void %_ZN13reducer_level3addER12reducer_data.exit16.thread" [SPMV_CSR_src/accelerator/reducer.cpp:16]   --->   Operation 75 'br' 'br_ln16' <Predicate = (empty == 2)> <Delay = 1.70>
ST_3 : Operation 76 [1/1] (0.00ns)   --->   "%br_ln0 = br void %_ZN13reducer_level3addER12reducer_data.exit16"   --->   Operation 76 'br' 'br_ln0' <Predicate = (empty != 2 & empty != 1)> <Delay = 0.00>
ST_3 : Operation 77 [1/1] (0.00ns)   --->   "%reducer_circuit_adder_levels_valid_1_load = load i1 %reducer_circuit_adder_levels_valid_1" [SPMV_CSR_src/accelerator/reducer.cpp:60]   --->   Operation 77 'load' 'reducer_circuit_adder_levels_valid_1_load' <Predicate = (empty != 2 & !icmp_ln18_1) | (empty != 2 & empty != 1)> <Delay = 0.00>
ST_3 : Operation 78 [1/1] (1.70ns)   --->   "%br_ln60 = br i1 %reducer_circuit_adder_levels_valid_1_load, void %_ZN13reducer_level3addER12reducer_data.exit16._crit_edge, void %_ZN13reducer_level3addER12reducer_data.exit16.thread" [SPMV_CSR_src/accelerator/reducer.cpp:60]   --->   Operation 78 'br' 'br_ln60' <Predicate = (empty != 2 & !icmp_ln18_1) | (empty != 2 & empty != 1)> <Delay = 1.70>
ST_3 : Operation 79 [1/1] (0.00ns)   --->   "%reducer_circuit_adder_levels_num_items_1_flag_1 = phi i1 %reducer_circuit_adder_levels_num_items_1_flag_0, void %_ZN13reducer_level3addER12reducer_data.exit16, i1 1, void, i1 1, void"   --->   Operation 79 'phi' 'reducer_circuit_adder_levels_num_items_1_flag_1' <Predicate = (reducer_circuit_adder_levels_valid_1_load) | (empty == 1 & icmp_ln18_1) | (empty == 2)> <Delay = 0.00>
ST_3 : Operation 80 [1/1] (0.00ns)   --->   "%reducer_circuit_adder_levels_num_items_1_new_1 = phi i32 %empty, void %_ZN13reducer_level3addER12reducer_data.exit16, i32 0, void, i32 0, void" [SPMV_CSR_src/accelerator/reducer.cpp:35]   --->   Operation 80 'phi' 'reducer_circuit_adder_levels_num_items_1_new_1' <Predicate = (reducer_circuit_adder_levels_valid_1_load) | (empty == 1 & icmp_ln18_1) | (empty == 2)> <Delay = 0.00>
ST_3 : Operation 81 [1/1] (0.00ns)   --->   "%out_data_0_35 = phi i32 0, void %_ZN13reducer_level3addER12reducer_data.exit16, i32 %out_data_value_1, void, i32 %out_data_value, void"   --->   Operation 81 'phi' 'out_data_0_35' <Predicate = (reducer_circuit_adder_levels_valid_1_load) | (empty == 1 & icmp_ln18_1) | (empty == 2)> <Delay = 0.00>
ST_3 : Operation 82 [1/1] (0.00ns)   --->   "%write_ln61 = write void @_ssdm_op_Write.ap_auto.i32P0A, i32 %out_r, i32 %out_data_0_35" [SPMV_CSR_src/accelerator/reducer.cpp:61]   --->   Operation 82 'write' 'write_ln61' <Predicate = (reducer_circuit_adder_levels_valid_1_load) | (empty == 1 & icmp_ln18_1) | (empty == 2)> <Delay = 0.00>
ST_3 : Operation 83 [1/1] (1.58ns)   --->   "%br_ln61 = br void %_ZN13reducer_level3addER12reducer_data.exit16._crit_edge" [SPMV_CSR_src/accelerator/reducer.cpp:61]   --->   Operation 83 'br' 'br_ln61' <Predicate = (reducer_circuit_adder_levels_valid_1_load) | (empty == 1 & icmp_ln18_1) | (empty == 2)> <Delay = 1.58>
ST_3 : Operation 84 [1/1] (0.00ns)   --->   "%reducer_circuit_adder_levels_num_items_1_flag_2 = phi i1 %reducer_circuit_adder_levels_num_items_1_flag_1, void %_ZN13reducer_level3addER12reducer_data.exit16.thread, i1 %reducer_circuit_adder_levels_num_items_1_flag_0, void %_ZN13reducer_level3addER12reducer_data.exit16"   --->   Operation 84 'phi' 'reducer_circuit_adder_levels_num_items_1_flag_2' <Predicate = true> <Delay = 0.00>
ST_3 : Operation 85 [1/1] (0.00ns)   --->   "%reducer_circuit_adder_levels_num_items_1_new_2 = phi i32 %reducer_circuit_adder_levels_num_items_1_new_1, void %_ZN13reducer_level3addER12reducer_data.exit16.thread, i32 %empty, void %_ZN13reducer_level3addER12reducer_data.exit16" [SPMV_CSR_src/accelerator/reducer.cpp:35]   --->   Operation 85 'phi' 'reducer_circuit_adder_levels_num_items_1_new_2' <Predicate = true> <Delay = 0.00>
ST_3 : Operation 86 [1/1] (0.00ns)   --->   "%br_ln0 = br i1 %reducer_circuit_adder_levels_num_items_1_flag_2, void %_ZN13reducer_level3addER12reducer_data.exit16._crit_edge.new, void %mergeST26"   --->   Operation 86 'br' 'br_ln0' <Predicate = true> <Delay = 0.00>
ST_3 : Operation 87 [1/1] (0.00ns)   --->   "%store_ln35 = store i32 %reducer_circuit_adder_levels_num_items_1_new_2, i32 %reducer_circuit_adder_levels_num_items_1" [SPMV_CSR_src/accelerator/reducer.cpp:35]   --->   Operation 87 'store' 'store_ln35' <Predicate = (reducer_circuit_adder_levels_num_items_1_flag_2)> <Delay = 0.00>
ST_3 : Operation 88 [1/1] (0.00ns)   --->   "%br_ln0 = br void %_ZN13reducer_level3addER12reducer_data.exit16._crit_edge.new"   --->   Operation 88 'br' 'br_ln0' <Predicate = (reducer_circuit_adder_levels_num_items_1_flag_2)> <Delay = 0.00>
ST_3 : Operation 89 [1/1] (0.00ns)   --->   "%ret_ln62 = ret" [SPMV_CSR_src/accelerator/reducer.cpp:62]   --->   Operation 89 'ret' 'ret_ln62' <Predicate = true> <Delay = 0.00>


============================================================
+ Verbose Summary: Timing violations
============================================================
Target clock period: 10ns, clock uncertainty: 2.7ns.

 <State 1>: 4.14ns
The critical path consists of the following:
	wire read operation ('value_read', SPMV_CSR_src/accelerator/reducer.cpp:34) on port 'value_r' (SPMV_CSR_src/accelerator/reducer.cpp:34) [16]  (0 ns)
	multiplexor before 'phi' operation ('level_out.value', SPMV_CSR_src/accelerator/reducer.cpp:34) with incoming values : ('value_read', SPMV_CSR_src/accelerator/reducer.cpp:34) ('reducer_circuit_adder_levels_buffer_value_0_0_load', SPMV_CSR_src/accelerator/reducer.cpp:14) [28]  (1.59 ns)
	'phi' operation ('level_out.value', SPMV_CSR_src/accelerator/reducer.cpp:34) with incoming values : ('value_read', SPMV_CSR_src/accelerator/reducer.cpp:34) ('reducer_circuit_adder_levels_buffer_value_0_0_load', SPMV_CSR_src/accelerator/reducer.cpp:14) [28]  (0 ns)
	'add' operation ('level_out.value', SPMV_CSR_src/accelerator/reducer.cpp:14) [53]  (2.55 ns)

 <State 2>: 4.06ns
The critical path consists of the following:
	multiplexor before 'phi' operation ('level_out.value') with incoming values : ('value_read', SPMV_CSR_src/accelerator/reducer.cpp:34) ('reducer_circuit_adder_levels_buffer_value_0_0_load', SPMV_CSR_src/accelerator/reducer.cpp:14) ('level_out.value', SPMV_CSR_src/accelerator/reducer.cpp:14) [63]  (1.71 ns)
	'phi' operation ('level_out.value') with incoming values : ('value_read', SPMV_CSR_src/accelerator/reducer.cpp:34) ('reducer_circuit_adder_levels_buffer_value_0_0_load', SPMV_CSR_src/accelerator/reducer.cpp:14) ('level_out.value', SPMV_CSR_src/accelerator/reducer.cpp:14) [63]  (0 ns)
	multiplexor before 'phi' operation ('reducer_circuit_adder_levels_buffer_value_1_0_loc_0', SPMV_CSR_src/accelerator/reducer.cpp:34) with incoming values : ('value_read', SPMV_CSR_src/accelerator/reducer.cpp:34) ('reducer_circuit_adder_levels_buffer_value_0_0_load', SPMV_CSR_src/accelerator/reducer.cpp:14) ('reducer_circuit_adder_levels_buffer_value_1_0_load', SPMV_CSR_src/accelerator/reducer.cpp:14) ('level_out.value', SPMV_CSR_src/accelerator/reducer.cpp:14) [73]  (1.59 ns)
	'phi' operation ('reducer_circuit_adder_levels_buffer_value_1_0_loc_0', SPMV_CSR_src/accelerator/reducer.cpp:34) with incoming values : ('value_read', SPMV_CSR_src/accelerator/reducer.cpp:34) ('reducer_circuit_adder_levels_buffer_value_0_0_load', SPMV_CSR_src/accelerator/reducer.cpp:14) ('reducer_circuit_adder_levels_buffer_value_1_0_load', SPMV_CSR_src/accelerator/reducer.cpp:14) ('level_out.value', SPMV_CSR_src/accelerator/reducer.cpp:14) [73]  (0 ns)
	blocking operation 0.763 ns on control path)

 <State 3>: 6.89ns
The critical path consists of the following:
	'load' operation ('reducer_circuit_adder_levels_curr_level_1_load', SPMV_CSR_src/accelerator/reducer.cpp:18) on static variable 'reducer_circuit_adder_levels_curr_level_1' [93]  (0 ns)
	'shl' operation ('shl_ln18', SPMV_CSR_src/accelerator/reducer.cpp:18) [95]  (0 ns)
	'add' operation ('add_ln18', SPMV_CSR_src/accelerator/reducer.cpp:18) [97]  (1.85 ns)
	'icmp' operation ('icmp_ln18_1', SPMV_CSR_src/accelerator/reducer.cpp:18) [99]  (2.47 ns)
	blocking operation 2.57 ns on control path)


============================================================
+ Verbose Summary: Binding
============================================================
N/A
* FSMD analyzer results:
  - Output states:
 - Input state : 
  - Chain level:
	State 1
	State 2
	State 3


============================================================
+ Verbose Summary: Datapath Resource usage 
============================================================
N/A
