

================================================================
== Synthesis Summary Report of 'HLS_CISR_spmv_accel'
================================================================
+ General Information: 
    * Date:           Sat May  7 20:19:20 2022
    * Version:        2020.2 (Build 3064766 on Wed Nov 18 09:12:47 MST 2020)
    * Project:        HLS_CISR_runtime_spmv
    * Solution:       solution6 (Vivado IP Flow Target)
    * Product family: zynq
    * Target device:  xc7z020-clg400-1
    

+ Performance & Resource Estimates: 
    
    PS: '+' for module; 'o' for loop; '*' for dataflow
    +-----------------------+------+-------+---------+---------+----------+---------+------+----------+------+--------+-----------+-----------+-----+
    |        Modules        | Issue|       | Latency | Latency | Iteration|         | Trip |          |      |        |           |           |     |
    |        & Loops        | Type | Slack | (cycles)|   (ns)  |  Latency | Interval| Count| Pipelined| BRAM |   DSP  |     FF    |    LUT    | URAM|
    +-----------------------+------+-------+---------+---------+----------+---------+------+----------+------+--------+-----------+-----------+-----+
    |+ HLS_CISR_spmv_accel  |     -|  -0.74|       30|  360.000|         -|       31|     -|        no|     -|  5 (2%)|  1290 (1%)|  2010 (3%)|    -|
    | o VITIS_LOOP_26_1     |     -|  -8.76|        4|   48.000|         1|        1|     4|       yes|     -|       -|          -|          -|    -|
    | o VITIS_LOOP_68_1     |     -|  -8.76|        4|   48.000|         2|        1|     4|       yes|     -|       -|          -|          -|    -|
    +-----------------------+------+-------+---------+---------+----------+---------+------+----------+------+--------+-----------+-----------+-----+

