

================================================================
== Synthesis Summary Report of 'HLS_CISR_spmv_accel'
================================================================
+ General Information: 
    * Date:           Fri May  6 11:43:51 2022
    * Version:        2020.2 (Build 3064766 on Wed Nov 18 09:12:47 MST 2020)
    * Project:        HLS_CISR_runtime_spmv
    * Solution:       solution4 (Vivado IP Flow Target)
    * Product family: zynq
    * Target device:  xc7z020-clg400-1
    

+ Performance & Resource Estimates: 
    
    PS: '+' for module; 'o' for loop; '*' for dataflow
    +-----------------------+------+-------+---------+---------+----------+---------+------+----------+------+--------+-----------+-----------+-----+
    |        Modules        | Issue|       | Latency | Latency | Iteration|         | Trip |          |      |        |           |           |     |
    |        & Loops        | Type | Slack | (cycles)|   (ns)  |  Latency | Interval| Count| Pipelined| BRAM |   DSP  |     FF    |    LUT    | URAM|
    +-----------------------+------+-------+---------+---------+----------+---------+------+----------+------+--------+-----------+-----------+-----+
    |+ HLS_CISR_spmv_accel  |     -|  -0.04|       27|  270.000|         -|       28|     -|        no|     -|  5 (2%)|  936 (~0%)|  1627 (3%)|    -|
    | o VITIS_LOOP_25_1     |    II|  -7.30|        4|   40.000|         2|        2|     2|       yes|     -|       -|          -|          -|    -|
    | o VITIS_LOOP_49_1     |     -|  -7.30|        2|   20.000|         2|        1|     2|       yes|     -|       -|          -|          -|    -|
    | o VITIS_LOOP_68_1     |     -|  -7.30|        2|   20.000|         2|        1|     2|       yes|     -|       -|          -|          -|    -|
    +-----------------------+------+-------+---------+---------+----------+---------+------+----------+------+--------+-----------+-----------+-----+

