

================================================================
== Vitis HLS Report for 'accelerate'
================================================================
* Date:           Sun May 15 16:32:36 2022

* Version:        2021.2 (Build 3367213 on Tue Oct 19 02:47:39 MDT 2021)
* Project:        SPMV_CSR
* Solution:       solution1 (Vivado IP Flow Target)
* Product family: zynq
* Target device:  xc7z020-clg400-1


================================================================
== Performance Estimates
================================================================
+ Timing: 
    * Summary: 
    +--------+----------+----------+------------+
    |  Clock |  Target  | Estimated| Uncertainty|
    +--------+----------+----------+------------+
    |ap_clk  |  10.00 ns|  6.923 ns|     2.70 ns|
    +--------+----------+----------+------------+

+ Latency: 
    * Summary: 
    +---------+---------+-----------+-----------+-----+-----+---------+
    |  Latency (cycles) |   Latency (absolute)  |  Interval | Pipeline|
    |   min   |   max   |    min    |    max    | min | max |   Type  |
    +---------+---------+-----------+-----------+-----+-----+---------+
    |        6|        6|  60.000 ns|  60.000 ns|    1|    1|      yes|
    +---------+---------+-----------+-----------+-----+-----+---------+

    + Detail: 
        * Instance: 
        +-------------------+--------+---------+---------+-----------+-----------+-----+-----+---------+
        |                   |        |  Latency (cycles) |   Latency (absolute)  |  Interval | Pipeline|
        |      Instance     | Module |   min   |   max   |    min    |    max    | min | max |   Type  |
        +-------------------+--------+---------+---------+-----------+-----------+-----+-----+---------+
        |grp_reduce_fu_624  |reduce  |        2|        2|  20.000 ns|  20.000 ns|    1|    1|      yes|
        +-------------------+--------+---------+---------+-----------+-----------+-----+-----+---------+

        * Loop: 
        N/A



================================================================
== Utilization Estimates
================================================================
* Summary: 
+-----------------+---------+-----+--------+-------+-----+
|       Name      | BRAM_18K| DSP |   FF   |  LUT  | URAM|
+-----------------+---------+-----+--------+-------+-----+
|DSP              |        -|    -|       -|      -|    -|
|Expression       |        -|    -|       0|    233|    -|
|FIFO             |        -|    -|       -|      -|    -|
|Instance         |        -|   12|    1310|   1136|    -|
|Memory           |        -|    -|       -|      -|    -|
|Multiplexer      |        -|    -|       -|    322|    -|
|Register         |        -|    -|    1516|    160|    -|
+-----------------+---------+-----+--------+-------+-----+
|Total            |        0|   12|    2826|   1851|    0|
+-----------------+---------+-----+--------+-------+-----+
|Available        |      280|  220|  106400|  53200|    0|
+-----------------+---------+-----+--------+-------+-----+
|Utilization (%)  |        0|    5|       2|      3|    0|
+-----------------+---------+-----+--------+-------+-----+

+ Detail: 
    * Instance: 
    +------------------------+--------------------+---------+----+-----+-----+-----+
    |        Instance        |       Module       | BRAM_18K| DSP|  FF | LUT | URAM|
    +------------------------+--------------------+---------+----+-----+-----+-----+
    |mul_32s_32s_32_2_1_U8   |mul_32s_32s_32_2_1  |        0|   3|  165|   50|    0|
    |mul_32s_32s_32_2_1_U9   |mul_32s_32s_32_2_1  |        0|   3|  165|   50|    0|
    |mul_32s_32s_32_2_1_U10  |mul_32s_32s_32_2_1  |        0|   3|  165|   50|    0|
    |mul_32s_32s_32_2_1_U11  |mul_32s_32s_32_2_1  |        0|   3|  165|   50|    0|
    |mux_2332_32_1_1_U4      |mux_2332_32_1_1     |        0|   0|    0|  113|    0|
    |mux_2332_32_1_1_U5      |mux_2332_32_1_1     |        0|   0|    0|  113|    0|
    |mux_2332_32_1_1_U6      |mux_2332_32_1_1     |        0|   0|    0|  113|    0|
    |mux_2332_32_1_1_U7      |mux_2332_32_1_1     |        0|   0|    0|  113|    0|
    |grp_reduce_fu_624       |reduce              |        0|   0|  650|  484|    0|
    +------------------------+--------------------+---------+----+-----+-----+-----+
    |Total                   |                    |        0|  12| 1310| 1136|    0|
    +------------------------+--------------------+---------+----+-----+-----+-----+

    * DSP: 
    N/A

    * Memory: 
    N/A

    * FIFO: 
    N/A

    * Expression: 
    +--------------------------+----------+----+---+----+------------+------------+
    |       Variable Name      | Operation| DSP| FF| LUT| Bitwidth P0| Bitwidth P1|
    +--------------------------+----------+----+---+----+------------+------------+
    |add_ln30_1_fu_1159_p2     |         +|   0|  0|  39|          32|          32|
    |add_ln30_fu_1153_p2       |         +|   0|  0|  32|          32|          32|
    |x_1_fu_1165_p2            |         +|   0|  0|  32|          32|          32|
    |select_ln18_1_fu_1135_p3  |    select|   0|  0|  32|           1|          32|
    |select_ln18_2_fu_1141_p3  |    select|   0|  0|  32|           1|          32|
    |select_ln18_3_fu_1147_p3  |    select|   0|  0|  32|           1|          32|
    |x_fu_1129_p3              |    select|   0|  0|  32|           1|          32|
    |ap_enable_pp0             |       xor|   0|  0|   2|           1|           2|
    +--------------------------+----------+----+---+----+------------+------------+
    |Total                     |          |   0|  0| 233|         101|         226|
    +--------------------------+----------+----+---+----+------------+------------+

    * Multiplexer: 
    +----------------------------------------------------------------------------------------------------------------------+----+-----------+-----+-----------+
    |                                                         Name                                                         | LUT| Input Size| Bits| Total Bits|
    +----------------------------------------------------------------------------------------------------------------------+----+-----------+-----+-----------+
    |ap_phi_mux_accelerate_int_int_int_bool_int_int_bool_storage_12_phi_fu_557_p4                                          |  14|          3|   32|         96|
    |ap_phi_mux_accelerate_int_int_int_bool_int_int_bool_storage_1_loc_0_phi_fu_407_p4                                     |  14|          3|   32|         96|
    |ap_phi_mux_accelerate_int_int_int_bool_int_int_bool_storage_2_loc_0_phi_fu_417_p4                                     |  14|          3|   32|         96|
    |ap_phi_mux_accelerate_int_int_int_bool_int_int_bool_storage_3_loc_0_phi_fu_427_p4                                     |  14|          3|   32|         96|
    |ap_phi_mux_accelerate_int_int_int_bool_int_int_bool_storage_4_loc_0_phi_fu_437_p4                                     |  14|          3|   32|         96|
    |ap_phi_mux_accelerate_int_int_int_bool_int_int_bool_storage_5_loc_0_phi_fu_447_p4                                     |  14|          3|   32|         96|
    |ap_phi_mux_accelerate_int_int_int_bool_int_int_bool_storage_6_loc_0_phi_fu_457_p4                                     |  14|          3|   32|         96|
    |ap_phi_mux_accelerate_int_int_int_bool_int_int_bool_storage_7_loc_0_phi_fu_467_p4                                     |  14|          3|   32|         96|
    |ap_phi_mux_accelerate_int_int_int_bool_int_int_bool_storage_8_loc_0_phi_fu_477_p4                                     |  14|          3|   32|         96|
    |ap_phi_mux_accelerate_int_int_int_bool_int_int_bool_storage_9_loc_0_phi_fu_487_p4                                     |  14|          3|   32|         96|
    |ap_phi_mux_accelerate_int_int_int_bool_int_int_bool_storage_loc_0_phi_fu_397_p4                                       |  14|          3|   32|         96|
    |ap_phi_mux_accelerate_mulmulmulmulint_int_int_bool_int_int_bool_storage_l_unsigned_int128_char_0_14_phi_fu_617_p4     |  14|          3|   32|         96|
    |ap_phi_mux_accelerate_mulmulmulmulint_int_int_bool_int_int_bool_storage_l_unsigned_int128_char_0_phi_fu_517_p4        |  14|          3|   32|         96|
    |ap_phi_mux_accelerate_mulmulmulmulint_int_int_bool_int_int_bool_storage_lo_char_0_phi_fu_527_p4                       |  14|          3|   32|         96|
    |ap_phi_mux_accelerate_mulmulmulmulint_int_int_bool_int_int_bool_storage_loc_0_phi_fu_537_p4                           |  14|          3|   32|         96|
    |ap_phi_mux_accelerate_mulmulmulmulint_int_int_bool_int_int_bool_storage_long_unsigned_int128_char_0_13_phi_fu_607_p4  |  14|          3|   32|         96|
    |ap_phi_mux_accelerate_mulmulmulmulint_int_int_bool_int_int_bool_storage_long_unsigned_int128_char_0_phi_fu_507_p4     |  14|          3|   32|         96|
    |ap_phi_mux_p_ZZ10accelerateRiPiS0_PbiS0_bE7storage_10_loc_0_phi_fu_497_p4                                             |  14|          3|   32|         96|
    |ap_phi_mux_p_ZZ10accelerateRiPiS0_PbiS0_bE7storage_15_loc_0_phi_fu_547_p4                                             |  14|          3|   32|         96|
    |ap_phi_mux_p_ZZ10accelerateRiPiS0_PbiS0_bE7storage_17_loc_0_phi_fu_567_p4                                             |  14|          3|   32|         96|
    |ap_phi_mux_p_ZZ10accelerateRiPiS0_PbiS0_bE7storage_18_loc_0_phi_fu_577_p4                                             |  14|          3|   32|         96|
    |ap_phi_mux_p_ZZ10accelerateRiPiS0_PbiS0_bE7storage_19_loc_0_phi_fu_587_p4                                             |  14|          3|   32|         96|
    |ap_phi_mux_p_ZZ10accelerateRiPiS0_PbiS0_bE7storage_20_loc_0_phi_fu_597_p4                                             |  14|          3|   32|         96|
    +----------------------------------------------------------------------------------------------------------------------+----+-----------+-----+-----------+
    |Total                                                                                                                 | 322|         69|  736|       2208|
    +----------------------------------------------------------------------------------------------------------------------+----+-----------+-----+-----------+

    * Register: 
    +----------------------------------------------------+----+----+-----+-----------+
    |                        Name                        | FF | LUT| Bits| Const Bits|
    +----------------------------------------------------+----+----+-----+-----------+
    |accelerate_int_int_int_bool_int_int_bool_storage    |  32|   0|   32|          0|
    |accelerate_int_int_int_bool_int_int_bool_storage_1  |  32|   0|   32|          0|
    |accelerate_int_int_int_bool_int_int_bool_storage_2  |  32|   0|   32|          0|
    |accelerate_int_int_int_bool_int_int_bool_storage_3  |  32|   0|   32|          0|
    |accelerate_int_int_int_bool_int_int_bool_storage_4  |  32|   0|   32|          0|
    |accelerate_int_int_int_bool_int_int_bool_storage_5  |  32|   0|   32|          0|
    |accelerate_int_int_int_bool_int_int_bool_storage_6  |  32|   0|   32|          0|
    |accelerate_int_int_int_bool_int_int_bool_storage_7  |  32|   0|   32|          0|
    |accelerate_int_int_int_bool_int_int_bool_storage_8  |  32|   0|   32|          0|
    |accelerate_int_int_int_bool_int_int_bool_storage_9  |  32|   0|   32|          0|
    |ap_CS_fsm                                           |   1|   0|    1|          0|
    |ap_enable_reg_pp0_iter1                             |   1|   0|    1|          0|
    |ap_enable_reg_pp0_iter2                             |   1|   0|    1|          0|
    |ap_enable_reg_pp0_iter3                             |   1|   0|    1|          0|
    |ap_enable_reg_pp0_iter4                             |   1|   0|    1|          0|
    |ap_enable_reg_pp0_iter5                             |   1|   0|    1|          0|
    |ap_enable_reg_pp0_iter6                             |   1|   0|    1|          0|
    |grp_reduce_fu_624_ap_start_reg                      |   1|   0|    1|          0|
    |label_r_read_reg_1174                               |  32|   0|   32|          0|
    |mul_ln19_1_reg_1244                                 |  32|   0|   32|          0|
    |mul_ln19_2_reg_1249                                 |  32|   0|   32|          0|
    |mul_ln19_3_reg_1254                                 |  32|   0|   32|          0|
    |mul_ln19_reg_1239                                   |  32|   0|   32|          0|
    |mult_enables_0_read_reg_1179                        |   1|   0|    1|          0|
    |mult_enables_1_read_reg_1194                        |   1|   0|    1|          0|
    |mult_enables_2_read_reg_1209                        |   1|   0|    1|          0|
    |mult_enables_3_read_reg_1224                        |   1|   0|    1|          0|
    |p_ZZ10accelerateRiPiS0_PbiS0_bE7storage_10          |  32|   0|   32|          0|
    |p_ZZ10accelerateRiPiS0_PbiS0_bE7storage_11          |  32|   0|   32|          0|
    |p_ZZ10accelerateRiPiS0_PbiS0_bE7storage_12          |  32|   0|   32|          0|
    |p_ZZ10accelerateRiPiS0_PbiS0_bE7storage_13          |  32|   0|   32|          0|
    |p_ZZ10accelerateRiPiS0_PbiS0_bE7storage_14          |  32|   0|   32|          0|
    |p_ZZ10accelerateRiPiS0_PbiS0_bE7storage_15          |  32|   0|   32|          0|
    |p_ZZ10accelerateRiPiS0_PbiS0_bE7storage_16          |  32|   0|   32|          0|
    |p_ZZ10accelerateRiPiS0_PbiS0_bE7storage_17          |  32|   0|   32|          0|
    |p_ZZ10accelerateRiPiS0_PbiS0_bE7storage_18          |  32|   0|   32|          0|
    |p_ZZ10accelerateRiPiS0_PbiS0_bE7storage_19          |  32|   0|   32|          0|
    |p_ZZ10accelerateRiPiS0_PbiS0_bE7storage_20          |  32|   0|   32|          0|
    |p_ZZ10accelerateRiPiS0_PbiS0_bE7storage_21          |  32|   0|   32|          0|
    |p_ZZ10accelerateRiPiS0_PbiS0_bE7storage_22          |  32|   0|   32|          0|
    |subrow_vals_0_read_reg_1184                         |  32|   0|   32|          0|
    |subrow_vals_1_read_reg_1199                         |  32|   0|   32|          0|
    |subrow_vals_2_read_reg_1214                         |  32|   0|   32|          0|
    |subrow_vals_3_read_reg_1229                         |  32|   0|   32|          0|
    |tmp_1_reg_1204                                      |  32|   0|   32|          0|
    |tmp_2_reg_1219                                      |  32|   0|   32|          0|
    |tmp_3_reg_1234                                      |  32|   0|   32|          0|
    |tmp_reg_1189                                        |  32|   0|   32|          0|
    |x_1_reg_1259                                        |  32|   0|   32|          0|
    |label_r_read_reg_1174                               |  64|  32|   32|          0|
    |mult_enables_0_read_reg_1179                        |  64|  32|    1|          0|
    |mult_enables_1_read_reg_1194                        |  64|  32|    1|          0|
    |mult_enables_2_read_reg_1209                        |  64|  32|    1|          0|
    |mult_enables_3_read_reg_1224                        |  64|  32|    1|          0|
    +----------------------------------------------------+----+----+-----+-----------+
    |Total                                               |1516| 160| 1232|          0|
    +----------------------------------------------------+----+----+-----+-----------+



================================================================
== Interface
================================================================
* Summary: 
+----------------------+-----+-----+------------+----------------------+--------------+
|       RTL Ports      | Dir | Bits|  Protocol  |     Source Object    |    C Type    |
+----------------------+-----+-----+------------+----------------------+--------------+
|ap_local_block        |  out|    1|  ap_ctrl_hs|            accelerate|  return value|
|ap_local_deadlock     |  out|    1|  ap_ctrl_hs|            accelerate|  return value|
|ap_clk                |   in|    1|  ap_ctrl_hs|            accelerate|  return value|
|ap_rst                |   in|    1|  ap_ctrl_hs|            accelerate|  return value|
|ap_start              |   in|    1|  ap_ctrl_hs|            accelerate|  return value|
|ap_done               |  out|    1|  ap_ctrl_hs|            accelerate|  return value|
|ap_idle               |  out|    1|  ap_ctrl_hs|            accelerate|  return value|
|ap_ready              |  out|    1|  ap_ctrl_hs|            accelerate|  return value|
|out_r                 |  out|   32|     ap_ovld|                 out_r|       pointer|
|out_r_ap_vld          |  out|    1|     ap_ovld|                 out_r|       pointer|
|out_r_ap_lwr          |  out|    1|     ap_ovld|                 out_r|       pointer|
|subrow_vals_0         |   in|   32|     ap_none|         subrow_vals_0|       pointer|
|subrow_vals_1         |   in|   32|     ap_none|         subrow_vals_1|       pointer|
|subrow_vals_2         |   in|   32|     ap_none|         subrow_vals_2|       pointer|
|subrow_vals_3         |   in|   32|     ap_none|         subrow_vals_3|       pointer|
|subrow_col_indices_0  |   in|   32|     ap_none|  subrow_col_indices_0|       pointer|
|subrow_col_indices_1  |   in|   32|     ap_none|  subrow_col_indices_1|       pointer|
|subrow_col_indices_2  |   in|   32|     ap_none|  subrow_col_indices_2|       pointer|
|subrow_col_indices_3  |   in|   32|     ap_none|  subrow_col_indices_3|       pointer|
|mult_enables_0        |   in|    1|     ap_none|        mult_enables_0|       pointer|
|mult_enables_1        |   in|    1|     ap_none|        mult_enables_1|       pointer|
|mult_enables_2        |   in|    1|     ap_none|        mult_enables_2|       pointer|
|mult_enables_3        |   in|    1|     ap_none|        mult_enables_3|       pointer|
|label_r               |   in|   32|     ap_none|               label_r|        scalar|
|init_vector_0         |   in|   32|     ap_none|         init_vector_0|       pointer|
|init_vector_1         |   in|   32|     ap_none|         init_vector_1|       pointer|
|init_vector_2         |   in|   32|     ap_none|         init_vector_2|       pointer|
|init_vector_3         |   in|   32|     ap_none|         init_vector_3|       pointer|
|init_vector_4         |   in|   32|     ap_none|         init_vector_4|       pointer|
|init_vector_5         |   in|   32|     ap_none|         init_vector_5|       pointer|
|init_vector_6         |   in|   32|     ap_none|         init_vector_6|       pointer|
|init_vector_7         |   in|   32|     ap_none|         init_vector_7|       pointer|
|init_vector_8         |   in|   32|     ap_none|         init_vector_8|       pointer|
|init_vector_9         |   in|   32|     ap_none|         init_vector_9|       pointer|
|init_vector_10        |   in|   32|     ap_none|        init_vector_10|       pointer|
|init_vector_11        |   in|   32|     ap_none|        init_vector_11|       pointer|
|init_vector_12        |   in|   32|     ap_none|        init_vector_12|       pointer|
|init_vector_13        |   in|   32|     ap_none|        init_vector_13|       pointer|
|init_vector_14        |   in|   32|     ap_none|        init_vector_14|       pointer|
|init_vector_15        |   in|   32|     ap_none|        init_vector_15|       pointer|
|init_vector_16        |   in|   32|     ap_none|        init_vector_16|       pointer|
|init_vector_17        |   in|   32|     ap_none|        init_vector_17|       pointer|
|init_vector_18        |   in|   32|     ap_none|        init_vector_18|       pointer|
|init_vector_19        |   in|   32|     ap_none|        init_vector_19|       pointer|
|init_vector_20        |   in|   32|     ap_none|        init_vector_20|       pointer|
|init_vector_21        |   in|   32|     ap_none|        init_vector_21|       pointer|
|init_vector_22        |   in|   32|     ap_none|        init_vector_22|       pointer|
|init                  |   in|    1|     ap_none|                  init|        scalar|
+----------------------+-----+-----+------------+----------------------+--------------+

