curr_row: 0
curr_row_len: 1
curr_num_subrows: 1
curr_row: 1
curr_row_len: 4
curr_num_subrows: 1
curr_row: 2
curr_row_len: 1
curr_num_subrows: 1
curr_row: 3
curr_row_len: 2
curr_num_subrows: 1
curr_row: 4
curr_row_len: 1
curr_num_subrows: 1
curr_row: 5
curr_row_len: 5
curr_num_subrows: 2
curr_row: 6
curr_row_len: 4
curr_num_subrows: 1
curr_row: 7
curr_row_len: 5
curr_num_subrows: 2
curr_row: 8
curr_row_len: 5
curr_num_subrows: 2
curr_row: 9
curr_row_len: 1
curr_num_subrows: 1
curr_row: 10
curr_row_len: 7
curr_num_subrows: 2
curr_row: 11
curr_row_len: 3
curr_num_subrows: 1
curr_row: 12
curr_row_len: 3
curr_num_subrows: 1
curr_row: 13
curr_row_len: 0
curr_num_subrows: 0
curr_row: 14
curr_row_len: 1
curr_num_subrows: 1
curr_row: 15
curr_row_len: 4
curr_num_subrows: 1
curr_row: 16
curr_row_len: 4
curr_num_subrows: 1
curr_row: 17
curr_row_len: 2
curr_num_subrows: 1
curr_row: 18
curr_row_len: 1
curr_num_subrows: 1
curr_row: 19
curr_row_len: 0
curr_num_subrows: 0
curr_row: 20
curr_row_len: 6
curr_num_subrows: 2
curr_row: 21
curr_row_len: 1
curr_num_subrows: 1
curr_row: 22
curr_row_len: 3
curr_num_subrows: 1
vector_y[0] = 0
vector_y[1] = 0
vector_y[2] = 0
vector_y[3] = 0
vector_y[4] = 0
vector_y[5] = 0
vector_y[6] = 0
vector_y[7] = 0
vector_y[8] = 0
vector_y[9] = 0
vector_y[10] = 0
vector_y[11] = 3
vector_y[12] = 1
vector_y[13] = 0
vector_y[14] = 1
vector_y[15] = 1
vector_y[16] = 1
vector_y[17] = 1
vector_y[18] = 1
vector_y[19] = 0
vector_y[20] = 0
vector_y[21] = 3
vector_y[22] = 1
Wrong value at out index 11
curr_row: 0
curr_row_len: 1
curr_num_subrows: 1
curr_subrow_elements[0] = 1
curr_subrow_elements[0] = 1
curr_subrow_elements[0] = 20
curr_subrow_elements[1] = 0
curr_subrow_elements[1] = 0
curr_subrow_elements[1] = 0
curr_subrow_elements[2] = 0
curr_subrow_elements[2] = 0
curr_subrow_elements[2] = 0
curr_subrow_elements[3] = 0
curr_subrow_elements[3] = 0
curr_subrow_elements[3] = 0
curr_row: 1
curr_row_len: 4
curr_num_subrows: 1
curr_subrow_elements[0] = 1
curr_subrow_elements[0] = 1
curr_subrow_elements[0] = 6
curr_subrow_elements[1] = 2
curr_subrow_elements[1] = 1
curr_subrow_elements[1] = 10
curr_subrow_elements[2] = 2
curr_subrow_elements[2] = 1
curr_subrow_elements[2] = 12
curr_subrow_elements[3] = 1
curr_subrow_elements[3] = 1
curr_subrow_elements[3] = 20
curr_row: 2
curr_row_len: 1
curr_num_subrows: 1
curr_subrow_elements[0] = 2
curr_subrow_elements[0] = 1
curr_subrow_elements[0] = 20
curr_subrow_elements[1] = 0
curr_subrow_elements[1] = 0
curr_subrow_elements[1] = 0
curr_subrow_elements[2] = 0
curr_subrow_elements[2] = 0
curr_subrow_elements[2] = 0
curr_subrow_elements[3] = 0
curr_subrow_elements[3] = 0
curr_subrow_elements[3] = 0
curr_row: 3
curr_row_len: 2
curr_num_subrows: 1
curr_subrow_elements[0] = 1
curr_subrow_elements[0] = 1
curr_subrow_elements[0] = 1
curr_subrow_elements[1] = 1
curr_subrow_elements[1] = 1
curr_subrow_elements[1] = 22
curr_subrow_elements[2] = 0
curr_subrow_elements[2] = 0
curr_subrow_elements[2] = 0
curr_subrow_elements[3] = 0
curr_subrow_elements[3] = 0
curr_subrow_elements[3] = 0
curr_row: 4
curr_row_len: 1
curr_num_subrows: 1
curr_subrow_elements[0] = 1
curr_subrow_elements[0] = 1
curr_subrow_elements[0] = 12
curr_subrow_elements[1] = 0
curr_subrow_elements[1] = 0
curr_subrow_elements[1] = 0
curr_subrow_elements[2] = 0
curr_subrow_elements[2] = 0
curr_subrow_elements[2] = 0
curr_subrow_elements[3] = 0
curr_subrow_elements[3] = 0
curr_subrow_elements[3] = 0
curr_row: 5
curr_row_len: 5
curr_num_subrows: 2
curr_subrow_elements[0] = 1
curr_subrow_elements[0] = 1
curr_subrow_elements[0] = 6
curr_subrow_elements[1] = 1
curr_subrow_elements[1] = 1
curr_subrow_elements[1] = 12
curr_subrow_elements[2] = 1
curr_subrow_elements[2] = 1
curr_subrow_elements[2] = 13
curr_subrow_elements[3] = 1
curr_subrow_elements[3] = 1
curr_subrow_elements[3] = 18
curr_subrow_elements[0] = 1
curr_subrow_elements[0] = 1
curr_subrow_elements[0] = 20
curr_subrow_elements[1] = 0
curr_subrow_elements[1] = 0
curr_subrow_elements[1] = 0
curr_subrow_elements[2] = 0
curr_subrow_elements[2] = 0
curr_subrow_elements[2] = 0
curr_subrow_elements[3] = 0
curr_subrow_elements[3] = 0
curr_subrow_elements[3] = 0
curr_row: 6
curr_row_len: 4
curr_num_subrows: 1
curr_subrow_elements[0] = 1
curr_subrow_elements[0] = 1
curr_subrow_elements[0] = 1
curr_subrow_elements[1] = 1
curr_subrow_elements[1] = 1
curr_subrow_elements[1] = 5
curr_subrow_elements[2] = 1
curr_subrow_elements[2] = 1
curr_subrow_elements[2] = 12
curr_subrow_elements[3] = 1
curr_subrow_elements[3] = 1
curr_subrow_elements[3] = 20
curr_row: 7
curr_row_len: 5
curr_num_subrows: 2
curr_subrow_elements[0] = 1
curr_subrow_elements[0] = 1
curr_subrow_elements[0] = 1
curr_subrow_elements[1] = 2
curr_subrow_elements[1] = 1
curr_subrow_elements[1] = 2
curr_subrow_elements[2] = 1
curr_subrow_elements[2] = 1
curr_subrow_elements[2] = 6
curr_subrow_elements[3] = 4
curr_subrow_elements[3] = 1
curr_subrow_elements[3] = 15
curr_subrow_elements[0] = 1
curr_subrow_elements[0] = 1
curr_subrow_elements[0] = 22
curr_subrow_elements[1] = 0
curr_subrow_elements[1] = 0
curr_subrow_elements[1] = 0
curr_subrow_elements[2] = 0
curr_subrow_elements[2] = 0
curr_subrow_elements[2] = 0
curr_subrow_elements[3] = 0
curr_subrow_elements[3] = 0
curr_subrow_elements[3] = 0
curr_row: 8
curr_row_len: 5
curr_num_subrows: 2
curr_subrow_elements[0] = 1
curr_subrow_elements[0] = 1
curr_subrow_elements[0] = 1
curr_subrow_elements[1] = 1
curr_subrow_elements[1] = 1
curr_subrow_elements[1] = 7
curr_subrow_elements[2] = 1
curr_subrow_elements[2] = 1
curr_subrow_elements[2] = 9
curr_subrow_elements[3] = 1
curr_subrow_elements[3] = 1
curr_subrow_elements[3] = 13
curr_subrow_elements[0] = 1
curr_subrow_elements[0] = 1
curr_subrow_elements[0] = 18
curr_subrow_elements[1] = 0
curr_subrow_elements[1] = 0
curr_subrow_elements[1] = 0
curr_subrow_elements[2] = 0
curr_subrow_elements[2] = 0
curr_subrow_elements[2] = 0
curr_subrow_elements[3] = 0
curr_subrow_elements[3] = 0
curr_subrow_elements[3] = 0
curr_row: 9
curr_row_len: 1
curr_num_subrows: 1
curr_subrow_elements[0] = 1
curr_subrow_elements[0] = 1
curr_subrow_elements[0] = 1
curr_subrow_elements[1] = 0
curr_subrow_elements[1] = 0
curr_subrow_elements[1] = 0
curr_subrow_elements[2] = 0
curr_subrow_elements[2] = 0
curr_subrow_elements[2] = 0
curr_subrow_elements[3] = 0
curr_subrow_elements[3] = 0
curr_subrow_elements[3] = 0
curr_row: 10
curr_row_len: 7
curr_num_subrows: 2
curr_subrow_elements[0] = 1
curr_subrow_elements[0] = 1
curr_subrow_elements[0] = 0
curr_subrow_elements[1] = 2
curr_subrow_elements[1] = 1
curr_subrow_elements[1] = 1
curr_subrow_elements[2] = 1
curr_subrow_elements[2] = 1
curr_subrow_elements[2] = 2
curr_subrow_elements[3] = 2
curr_subrow_elements[3] = 1
curr_subrow_elements[3] = 10
curr_subrow_elements[0] = 2
curr_subrow_elements[0] = 1
curr_subrow_elements[0] = 11
curr_subrow_elements[1] = 2
curr_subrow_elements[1] = 1
curr_subrow_elements[1] = 20
curr_subrow_elements[2] = 1
curr_subrow_elements[2] = 1
curr_subrow_elements[2] = 21
curr_subrow_elements[3] = 0
curr_subrow_elements[3] = 0
curr_subrow_elements[3] = 0
curr_row: 11
curr_row_len: 3
curr_num_subrows: 1
curr_subrow_elements[0] = 1
curr_subrow_elements[0] = 1
curr_subrow_elements[0] = 10
curr_subrow_elements[1] = 1
curr_subrow_elements[1] = 1
curr_subrow_elements[1] = 15
curr_subrow_elements[2] = 3
curr_subrow_elements[2] = 1
curr_subrow_elements[2] = 20
curr_subrow_elements[3] = 0
curr_subrow_elements[3] = 0
curr_subrow_elements[3] = 0
curr_row: 12
curr_row_len: 3
curr_num_subrows: 1
curr_subrow_elements[0] = 1
curr_subrow_elements[0] = 1
curr_subrow_elements[0] = 5
curr_subrow_elements[1] = 1
curr_subrow_elements[1] = 1
curr_subrow_elements[1] = 8
curr_subrow_elements[2] = 1
curr_subrow_elements[2] = 1
curr_subrow_elements[2] = 22
curr_subrow_elements[3] = 0
curr_subrow_elements[3] = 0
curr_subrow_elements[3] = 0
curr_row: 13
curr_row_len: 0
curr_num_subrows: 0
curr_row: 14
curr_row_len: 1
curr_num_subrows: 1
curr_subrow_elements[0] = 1
curr_subrow_elements[0] = 1
curr_subrow_elements[0] = 1
curr_subrow_elements[1] = 0
curr_subrow_elements[1] = 0
curr_subrow_elements[1] = 0
curr_subrow_elements[2] = 0
curr_subrow_elements[2] = 0
curr_subrow_elements[2] = 0
curr_subrow_elements[3] = 0
curr_subrow_elements[3] = 0
curr_subrow_elements[3] = 0
curr_row: 15
curr_row_len: 4
curr_num_subrows: 1
curr_subrow_elements[0] = 2
curr_subrow_elements[0] = 1
curr_subrow_elements[0] = 2
curr_subrow_elements[1] = 1
curr_subrow_elements[1] = 1
curr_subrow_elements[1] = 10
curr_subrow_elements[2] = 1
curr_subrow_elements[2] = 1
curr_subrow_elements[2] = 15
curr_subrow_elements[3] = 1
curr_subrow_elements[3] = 1
curr_subrow_elements[3] = 20
curr_row: 16
curr_row_len: 4
curr_num_subrows: 1
curr_subrow_elements[0] = 1
curr_subrow_elements[0] = 1
curr_subrow_elements[0] = 1
curr_subrow_elements[1] = 1
curr_subrow_elements[1] = 1
curr_subrow_elements[1] = 2
curr_subrow_elements[2] = 1
curr_subrow_elements[2] = 1
curr_subrow_elements[2] = 10
curr_subrow_elements[3] = 1
curr_subrow_elements[3] = 1
curr_subrow_elements[3] = 20
curr_row: 17
curr_row_len: 2
curr_num_subrows: 1
curr_subrow_elements[0] = 1
curr_subrow_elements[0] = 1
curr_subrow_elements[0] = 11
curr_subrow_elements[1] = 1
curr_subrow_elements[1] = 1
curr_subrow_elements[1] = 22
curr_subrow_elements[2] = 0
curr_subrow_elements[2] = 0
curr_subrow_elements[2] = 0
curr_subrow_elements[3] = 0
curr_subrow_elements[3] = 0
curr_subrow_elements[3] = 0
curr_row: 18
curr_row_len: 1
curr_num_subrows: 1
curr_subrow_elements[0] = 1
curr_subrow_elements[0] = 1
curr_subrow_elements[0] = 8
curr_subrow_elements[1] = 0
curr_subrow_elements[1] = 0
curr_subrow_elements[1] = 0
curr_subrow_elements[2] = 0
curr_subrow_elements[2] = 0
curr_subrow_elements[2] = 0
curr_subrow_elements[3] = 0
curr_subrow_elements[3] = 0
curr_subrow_elements[3] = 0
curr_row: 19
curr_row_len: 0
curr_num_subrows: 0
curr_row: 20
curr_row_len: 6
curr_num_subrows: 2
curr_subrow_elements[0] = 2
curr_subrow_elements[0] = 1
curr_subrow_elements[0] = 1
curr_subrow_elements[1] = 1
curr_subrow_elements[1] = 1
curr_subrow_elements[1] = 2
curr_subrow_elements[2] = 1
curr_subrow_elements[2] = 1
curr_subrow_elements[2] = 10
curr_subrow_elements[3] = 1
curr_subrow_elements[3] = 1
curr_subrow_elements[3] = 19
curr_subrow_elements[0] = 1
curr_subrow_elements[0] = 1
curr_subrow_elements[0] = 20
curr_subrow_elements[1] = 1
curr_subrow_elements[1] = 1
curr_subrow_elements[1] = 22
curr_subrow_elements[2] = 0
curr_subrow_elements[2] = 0
curr_subrow_elements[2] = 0
curr_subrow_elements[3] = 0
curr_subrow_elements[3] = 0
curr_subrow_elements[3] = 0
curr_row: 21
curr_row_len: 1
curr_num_subrows: 1
curr_subrow_elements[0] = 1
curr_subrow_elements[0] = 1
curr_subrow_elements[0] = 20
curr_subrow_elements[1] = 0
curr_subrow_elements[1] = 0
curr_subrow_elements[1] = 0
curr_subrow_elements[2] = 0
curr_subrow_elements[2] = 0
curr_subrow_elements[2] = 0
curr_subrow_elements[3] = 0
curr_subrow_elements[3] = 0
curr_subrow_elements[3] = 0
curr_row: 22
curr_row_len: 3
curr_num_subrows: 1
curr_subrow_elements[0] = 1
curr_subrow_elements[0] = 1
curr_subrow_elements[0] = 1
curr_subrow_elements[1] = 2
curr_subrow_elements[1] = 1
curr_subrow_elements[1] = 8
curr_subrow_elements[2] = 1
curr_subrow_elements[2] = 1
curr_subrow_elements[2] = 20
curr_subrow_elements[3] = 0
curr_subrow_elements[3] = 0
curr_subrow_elements[3] = 0
vector_y[0] = 0
vector_y[1] = 0
vector_y[2] = 0
vector_y[3] = 0
vector_y[4] = 0
vector_y[5] = 0
vector_y[6] = 0
vector_y[7] = 0
vector_y[8] = 0
vector_y[9] = 0
vector_y[10] = 0
vector_y[11] = 3
vector_y[12] = 1
vector_y[13] = 0
vector_y[14] = 1
vector_y[15] = 1
vector_y[16] = 1
vector_y[17] = 1
vector_y[18] = 1
vector_y[19] = 0
vector_y[20] = 0
vector_y[21] = 3
vector_y[22] = 1
Wrong value at out index 11
curr_row: 0
curr_row_len: 1
curr_num_subrows: 1
curr_subrow_elements[0] = 1
curr_subrow_mult_enables[0] = true
curr_subrow_indices[0] = 20
curr_subrow_elements[1] = 0
curr_subrow_mult_enables[1] = false
curr_subrow_indices[1] = 0
curr_subrow_elements[2] = 0
curr_subrow_mult_enables[2] = false
curr_subrow_indices[2] = 0
curr_subrow_elements[3] = 0
curr_subrow_mult_enables[3] = false
curr_subrow_indices[3] = 0
curr_row: 1
curr_row_len: 4
curr_num_subrows: 1
curr_subrow_elements[0] = 1
curr_subrow_mult_enables[0] = true
curr_subrow_indices[0] = 6
curr_subrow_elements[1] = 2
curr_subrow_mult_enables[1] = true
curr_subrow_indices[1] = 10
curr_subrow_elements[2] = 2
curr_subrow_mult_enables[2] = true
curr_subrow_indices[2] = 12
curr_subrow_elements[3] = 1
curr_subrow_mult_enables[3] = true
curr_subrow_indices[3] = 20
curr_row: 2
curr_row_len: 1
curr_num_subrows: 1
curr_subrow_elements[0] = 2
curr_subrow_mult_enables[0] = true
curr_subrow_indices[0] = 20
curr_subrow_elements[1] = 0
curr_subrow_mult_enables[1] = false
curr_subrow_indices[1] = 0
curr_subrow_elements[2] = 0
curr_subrow_mult_enables[2] = false
curr_subrow_indices[2] = 0
curr_subrow_elements[3] = 0
curr_subrow_mult_enables[3] = false
curr_subrow_indices[3] = 0
curr_row: 3
curr_row_len: 2
curr_num_subrows: 1
curr_subrow_elements[0] = 1
curr_subrow_mult_enables[0] = true
curr_subrow_indices[0] = 1
curr_subrow_elements[1] = 1
curr_subrow_mult_enables[1] = true
curr_subrow_indices[1] = 22
curr_subrow_elements[2] = 0
curr_subrow_mult_enables[2] = false
curr_subrow_indices[2] = 0
curr_subrow_elements[3] = 0
curr_subrow_mult_enables[3] = false
curr_subrow_indices[3] = 0
curr_row: 4
curr_row_len: 1
curr_num_subrows: 1
curr_subrow_elements[0] = 1
curr_subrow_mult_enables[0] = true
curr_subrow_indices[0] = 12
curr_subrow_elements[1] = 0
curr_subrow_mult_enables[1] = false
curr_subrow_indices[1] = 0
curr_subrow_elements[2] = 0
curr_subrow_mult_enables[2] = false
curr_subrow_indices[2] = 0
curr_subrow_elements[3] = 0
curr_subrow_mult_enables[3] = false
curr_subrow_indices[3] = 0
curr_row: 5
curr_row_len: 5
curr_num_subrows: 2
curr_subrow_elements[0] = 1
curr_subrow_mult_enables[0] = true
curr_subrow_indices[0] = 6
curr_subrow_elements[1] = 1
curr_subrow_mult_enables[1] = true
curr_subrow_indices[1] = 12
curr_subrow_elements[2] = 1
curr_subrow_mult_enables[2] = true
curr_subrow_indices[2] = 13
curr_subrow_elements[3] = 1
curr_subrow_mult_enables[3] = true
curr_subrow_indices[3] = 18
curr_subrow_elements[0] = 1
curr_subrow_mult_enables[0] = true
curr_subrow_indices[0] = 20
curr_subrow_elements[1] = 0
curr_subrow_mult_enables[1] = false
curr_subrow_indices[1] = 0
curr_subrow_elements[2] = 0
curr_subrow_mult_enables[2] = false
curr_subrow_indices[2] = 0
curr_subrow_elements[3] = 0
curr_subrow_mult_enables[3] = false
curr_subrow_indices[3] = 0
curr_row: 6
curr_row_len: 4
curr_num_subrows: 1
curr_subrow_elements[0] = 1
curr_subrow_mult_enables[0] = true
curr_subrow_indices[0] = 1
curr_subrow_elements[1] = 1
curr_subrow_mult_enables[1] = true
curr_subrow_indices[1] = 5
curr_subrow_elements[2] = 1
curr_subrow_mult_enables[2] = true
curr_subrow_indices[2] = 12
curr_subrow_elements[3] = 1
curr_subrow_mult_enables[3] = true
curr_subrow_indices[3] = 20
curr_row: 7
curr_row_len: 5
curr_num_subrows: 2
curr_subrow_elements[0] = 1
curr_subrow_mult_enables[0] = true
curr_subrow_indices[0] = 1
curr_subrow_elements[1] = 2
curr_subrow_mult_enables[1] = true
curr_subrow_indices[1] = 2
curr_subrow_elements[2] = 1
curr_subrow_mult_enables[2] = true
curr_subrow_indices[2] = 6
curr_subrow_elements[3] = 4
curr_subrow_mult_enables[3] = true
curr_subrow_indices[3] = 15
curr_subrow_elements[0] = 1
curr_subrow_mult_enables[0] = true
curr_subrow_indices[0] = 22
curr_subrow_elements[1] = 0
curr_subrow_mult_enables[1] = false
curr_subrow_indices[1] = 0
curr_subrow_elements[2] = 0
curr_subrow_mult_enables[2] = false
curr_subrow_indices[2] = 0
curr_subrow_elements[3] = 0
curr_subrow_mult_enables[3] = false
curr_subrow_indices[3] = 0
curr_row: 8
curr_row_len: 5
curr_num_subrows: 2
curr_subrow_elements[0] = 1
curr_subrow_mult_enables[0] = true
curr_subrow_indices[0] = 1
curr_subrow_elements[1] = 1
curr_subrow_mult_enables[1] = true
curr_subrow_indices[1] = 7
curr_subrow_elements[2] = 1
curr_subrow_mult_enables[2] = true
curr_subrow_indices[2] = 9
curr_subrow_elements[3] = 1
curr_subrow_mult_enables[3] = true
curr_subrow_indices[3] = 13
curr_subrow_elements[0] = 1
curr_subrow_mult_enables[0] = true
curr_subrow_indices[0] = 18
curr_subrow_elements[1] = 0
curr_subrow_mult_enables[1] = false
curr_subrow_indices[1] = 0
curr_subrow_elements[2] = 0
curr_subrow_mult_enables[2] = false
curr_subrow_indices[2] = 0
curr_subrow_elements[3] = 0
curr_subrow_mult_enables[3] = false
curr_subrow_indices[3] = 0
curr_row: 9
curr_row_len: 1
curr_num_subrows: 1
curr_subrow_elements[0] = 1
curr_subrow_mult_enables[0] = true
curr_subrow_indices[0] = 1
curr_subrow_elements[1] = 0
curr_subrow_mult_enables[1] = false
curr_subrow_indices[1] = 0
curr_subrow_elements[2] = 0
curr_subrow_mult_enables[2] = false
curr_subrow_indices[2] = 0
curr_subrow_elements[3] = 0
curr_subrow_mult_enables[3] = false
curr_subrow_indices[3] = 0
curr_row: 10
curr_row_len: 7
curr_num_subrows: 2
curr_subrow_elements[0] = 1
curr_subrow_mult_enables[0] = true
curr_subrow_indices[0] = 0
curr_subrow_elements[1] = 2
curr_subrow_mult_enables[1] = true
curr_subrow_indices[1] = 1
curr_subrow_elements[2] = 1
curr_subrow_mult_enables[2] = true
curr_subrow_indices[2] = 2
curr_subrow_elements[3] = 2
curr_subrow_mult_enables[3] = true
curr_subrow_indices[3] = 10
curr_subrow_elements[0] = 2
curr_subrow_mult_enables[0] = true
curr_subrow_indices[0] = 11
curr_subrow_elements[1] = 2
curr_subrow_mult_enables[1] = true
curr_subrow_indices[1] = 20
curr_subrow_elements[2] = 1
curr_subrow_mult_enables[2] = true
curr_subrow_indices[2] = 21
curr_subrow_elements[3] = 0
curr_subrow_mult_enables[3] = false
curr_subrow_indices[3] = 0
curr_row: 11
curr_row_len: 3
curr_num_subrows: 1
curr_subrow_elements[0] = 1
curr_subrow_mult_enables[0] = true
curr_subrow_indices[0] = 10
curr_subrow_elements[1] = 1
curr_subrow_mult_enables[1] = true
curr_subrow_indices[1] = 15
curr_subrow_elements[2] = 3
curr_subrow_mult_enables[2] = true
curr_subrow_indices[2] = 20
curr_subrow_elements[3] = 0
curr_subrow_mult_enables[3] = false
curr_subrow_indices[3] = 0
curr_row: 12
curr_row_len: 3
curr_num_subrows: 1
curr_subrow_elements[0] = 1
curr_subrow_mult_enables[0] = true
curr_subrow_indices[0] = 5
curr_subrow_elements[1] = 1
curr_subrow_mult_enables[1] = true
curr_subrow_indices[1] = 8
curr_subrow_elements[2] = 1
curr_subrow_mult_enables[2] = true
curr_subrow_indices[2] = 22
curr_subrow_elements[3] = 0
curr_subrow_mult_enables[3] = false
curr_subrow_indices[3] = 0
curr_row: 13
curr_row_len: 0
curr_num_subrows: 0
curr_row: 14
curr_row_len: 1
curr_num_subrows: 1
curr_subrow_elements[0] = 1
curr_subrow_mult_enables[0] = true
curr_subrow_indices[0] = 1
curr_subrow_elements[1] = 0
curr_subrow_mult_enables[1] = false
curr_subrow_indices[1] = 0
curr_subrow_elements[2] = 0
curr_subrow_mult_enables[2] = false
curr_subrow_indices[2] = 0
curr_subrow_elements[3] = 0
curr_subrow_mult_enables[3] = false
curr_subrow_indices[3] = 0
curr_row: 15
curr_row_len: 4
curr_num_subrows: 1
curr_subrow_elements[0] = 2
curr_subrow_mult_enables[0] = true
curr_subrow_indices[0] = 2
curr_subrow_elements[1] = 1
curr_subrow_mult_enables[1] = true
curr_subrow_indices[1] = 10
curr_subrow_elements[2] = 1
curr_subrow_mult_enables[2] = true
curr_subrow_indices[2] = 15
curr_subrow_elements[3] = 1
curr_subrow_mult_enables[3] = true
curr_subrow_indices[3] = 20
curr_row: 16
curr_row_len: 4
curr_num_subrows: 1
curr_subrow_elements[0] = 1
curr_subrow_mult_enables[0] = true
curr_subrow_indices[0] = 1
curr_subrow_elements[1] = 1
curr_subrow_mult_enables[1] = true
curr_subrow_indices[1] = 2
curr_subrow_elements[2] = 1
curr_subrow_mult_enables[2] = true
curr_subrow_indices[2] = 10
curr_subrow_elements[3] = 1
curr_subrow_mult_enables[3] = true
curr_subrow_indices[3] = 20
curr_row: 17
curr_row_len: 2
curr_num_subrows: 1
curr_subrow_elements[0] = 1
curr_subrow_mult_enables[0] = true
curr_subrow_indices[0] = 11
curr_subrow_elements[1] = 1
curr_subrow_mult_enables[1] = true
curr_subrow_indices[1] = 22
curr_subrow_elements[2] = 0
curr_subrow_mult_enables[2] = false
curr_subrow_indices[2] = 0
curr_subrow_elements[3] = 0
curr_subrow_mult_enables[3] = false
curr_subrow_indices[3] = 0
curr_row: 18
curr_row_len: 1
curr_num_subrows: 1
curr_subrow_elements[0] = 1
curr_subrow_mult_enables[0] = true
curr_subrow_indices[0] = 8
curr_subrow_elements[1] = 0
curr_subrow_mult_enables[1] = false
curr_subrow_indices[1] = 0
curr_subrow_elements[2] = 0
curr_subrow_mult_enables[2] = false
curr_subrow_indices[2] = 0
curr_subrow_elements[3] = 0
curr_subrow_mult_enables[3] = false
curr_subrow_indices[3] = 0
curr_row: 19
curr_row_len: 0
curr_num_subrows: 0
curr_row: 20
curr_row_len: 6
curr_num_subrows: 2
curr_subrow_elements[0] = 2
curr_subrow_mult_enables[0] = true
curr_subrow_indices[0] = 1
curr_subrow_elements[1] = 1
curr_subrow_mult_enables[1] = true
curr_subrow_indices[1] = 2
curr_subrow_elements[2] = 1
curr_subrow_mult_enables[2] = true
curr_subrow_indices[2] = 10
curr_subrow_elements[3] = 1
curr_subrow_mult_enables[3] = true
curr_subrow_indices[3] = 19
curr_subrow_elements[0] = 1
curr_subrow_mult_enables[0] = true
curr_subrow_indices[0] = 20
curr_subrow_elements[1] = 1
curr_subrow_mult_enables[1] = true
curr_subrow_indices[1] = 22
curr_subrow_elements[2] = 0
curr_subrow_mult_enables[2] = false
curr_subrow_indices[2] = 0
curr_subrow_elements[3] = 0
curr_subrow_mult_enables[3] = false
curr_subrow_indices[3] = 0
curr_row: 21
curr_row_len: 1
curr_num_subrows: 1
curr_subrow_elements[0] = 1
curr_subrow_mult_enables[0] = true
curr_subrow_indices[0] = 20
curr_subrow_elements[1] = 0
curr_subrow_mult_enables[1] = false
curr_subrow_indices[1] = 0
curr_subrow_elements[2] = 0
curr_subrow_mult_enables[2] = false
curr_subrow_indices[2] = 0
curr_subrow_elements[3] = 0
curr_subrow_mult_enables[3] = false
curr_subrow_indices[3] = 0
curr_row: 22
curr_row_len: 3
curr_num_subrows: 1
curr_subrow_elements[0] = 1
curr_subrow_mult_enables[0] = true
curr_subrow_indices[0] = 1
curr_subrow_elements[1] = 2
curr_subrow_mult_enables[1] = true
curr_subrow_indices[1] = 8
curr_subrow_elements[2] = 1
curr_subrow_mult_enables[2] = true
curr_subrow_indices[2] = 20
curr_subrow_elements[3] = 0
curr_subrow_mult_enables[3] = false
curr_subrow_indices[3] = 0
vector_y[0] = 0
vector_y[1] = 0
vector_y[2] = 0
vector_y[3] = 0
vector_y[4] = 0
vector_y[5] = 0
vector_y[6] = 0
vector_y[7] = 0
vector_y[8] = 0
vector_y[9] = 0
vector_y[10] = 0
vector_y[11] = 3
vector_y[12] = 1
vector_y[13] = 0
vector_y[14] = 1
vector_y[15] = 1
vector_y[16] = 1
vector_y[17] = 1
vector_y[18] = 1
vector_y[19] = 0
vector_y[20] = 0
vector_y[21] = 3
vector_y[22] = 1
Wrong value at out index 11
storage array: 1 0 0 0 0 0 0 0 0 0 0 0 0 0 0 0 0 0 0 0 0 0 0 
curr_row: 0
curr_row_len: 1
curr_num_subrows: 1
curr_subrow_elements[0] = 1
curr_subrow_mult_enables[0] = true
curr_subrow_indices[0] = 20
curr_subrow_elements[1] = 0
curr_subrow_mult_enables[1] = false
curr_subrow_indices[1] = 0
curr_subrow_elements[2] = 0
curr_subrow_mult_enables[2] = false
curr_subrow_indices[2] = 0
curr_subrow_elements[3] = 0
curr_subrow_mult_enables[3] = false
curr_subrow_indices[3] = 0
curr_row: 1
curr_row_len: 4
curr_num_subrows: 1
curr_subrow_elements[0] = 1
curr_subrow_mult_enables[0] = true
curr_subrow_indices[0] = 6
curr_subrow_elements[1] = 2
curr_subrow_mult_enables[1] = true
curr_subrow_indices[1] = 10
curr_subrow_elements[2] = 2
curr_subrow_mult_enables[2] = true
curr_subrow_indices[2] = 12
curr_subrow_elements[3] = 1
curr_subrow_mult_enables[3] = true
curr_subrow_indices[3] = 20
curr_row: 2
curr_row_len: 1
curr_num_subrows: 1
curr_subrow_elements[0] = 2
curr_subrow_mult_enables[0] = true
curr_subrow_indices[0] = 20
curr_subrow_elements[1] = 0
curr_subrow_mult_enables[1] = false
curr_subrow_indices[1] = 0
curr_subrow_elements[2] = 0
curr_subrow_mult_enables[2] = false
curr_subrow_indices[2] = 0
curr_subrow_elements[3] = 0
curr_subrow_mult_enables[3] = false
curr_subrow_indices[3] = 0
curr_row: 3
curr_row_len: 2
curr_num_subrows: 1
curr_subrow_elements[0] = 1
curr_subrow_mult_enables[0] = true
curr_subrow_indices[0] = 1
curr_subrow_elements[1] = 1
curr_subrow_mult_enables[1] = true
curr_subrow_indices[1] = 22
curr_subrow_elements[2] = 0
curr_subrow_mult_enables[2] = false
curr_subrow_indices[2] = 0
curr_subrow_elements[3] = 0
curr_subrow_mult_enables[3] = false
curr_subrow_indices[3] = 0
curr_row: 4
curr_row_len: 1
curr_num_subrows: 1
curr_subrow_elements[0] = 1
curr_subrow_mult_enables[0] = true
curr_subrow_indices[0] = 12
curr_subrow_elements[1] = 0
curr_subrow_mult_enables[1] = false
curr_subrow_indices[1] = 0
curr_subrow_elements[2] = 0
curr_subrow_mult_enables[2] = false
curr_subrow_indices[2] = 0
curr_subrow_elements[3] = 0
curr_subrow_mult_enables[3] = false
curr_subrow_indices[3] = 0
curr_row: 5
curr_row_len: 5
curr_num_subrows: 2
curr_subrow_elements[0] = 1
curr_subrow_mult_enables[0] = true
curr_subrow_indices[0] = 6
curr_subrow_elements[1] = 1
curr_subrow_mult_enables[1] = true
curr_subrow_indices[1] = 12
curr_subrow_elements[2] = 1
curr_subrow_mult_enables[2] = true
curr_subrow_indices[2] = 13
curr_subrow_elements[3] = 1
curr_subrow_mult_enables[3] = true
curr_subrow_indices[3] = 18
curr_subrow_elements[0] = 1
curr_subrow_mult_enables[0] = true
curr_subrow_indices[0] = 20
curr_subrow_elements[1] = 0
curr_subrow_mult_enables[1] = false
curr_subrow_indices[1] = 0
curr_subrow_elements[2] = 0
curr_subrow_mult_enables[2] = false
curr_subrow_indices[2] = 0
curr_subrow_elements[3] = 0
curr_subrow_mult_enables[3] = false
curr_subrow_indices[3] = 0
curr_row: 6
curr_row_len: 4
curr_num_subrows: 1
curr_subrow_elements[0] = 1
curr_subrow_mult_enables[0] = true
curr_subrow_indices[0] = 1
curr_subrow_elements[1] = 1
curr_subrow_mult_enables[1] = true
curr_subrow_indices[1] = 5
curr_subrow_elements[2] = 1
curr_subrow_mult_enables[2] = true
curr_subrow_indices[2] = 12
curr_subrow_elements[3] = 1
curr_subrow_mult_enables[3] = true
curr_subrow_indices[3] = 20
curr_row: 7
curr_row_len: 5
curr_num_subrows: 2
curr_subrow_elements[0] = 1
curr_subrow_mult_enables[0] = true
curr_subrow_indices[0] = 1
curr_subrow_elements[1] = 2
curr_subrow_mult_enables[1] = true
curr_subrow_indices[1] = 2
curr_subrow_elements[2] = 1
curr_subrow_mult_enables[2] = true
curr_subrow_indices[2] = 6
curr_subrow_elements[3] = 4
curr_subrow_mult_enables[3] = true
curr_subrow_indices[3] = 15
curr_subrow_elements[0] = 1
curr_subrow_mult_enables[0] = true
curr_subrow_indices[0] = 22
curr_subrow_elements[1] = 0
curr_subrow_mult_enables[1] = false
curr_subrow_indices[1] = 0
curr_subrow_elements[2] = 0
curr_subrow_mult_enables[2] = false
curr_subrow_indices[2] = 0
curr_subrow_elements[3] = 0
curr_subrow_mult_enables[3] = false
curr_subrow_indices[3] = 0
curr_row: 8
curr_row_len: 5
curr_num_subrows: 2
curr_subrow_elements[0] = 1
curr_subrow_mult_enables[0] = true
curr_subrow_indices[0] = 1
curr_subrow_elements[1] = 1
curr_subrow_mult_enables[1] = true
curr_subrow_indices[1] = 7
curr_subrow_elements[2] = 1
curr_subrow_mult_enables[2] = true
curr_subrow_indices[2] = 9
curr_subrow_elements[3] = 1
curr_subrow_mult_enables[3] = true
curr_subrow_indices[3] = 13
curr_subrow_elements[0] = 1
curr_subrow_mult_enables[0] = true
curr_subrow_indices[0] = 18
curr_subrow_elements[1] = 0
curr_subrow_mult_enables[1] = false
curr_subrow_indices[1] = 0
curr_subrow_elements[2] = 0
curr_subrow_mult_enables[2] = false
curr_subrow_indices[2] = 0
curr_subrow_elements[3] = 0
curr_subrow_mult_enables[3] = false
curr_subrow_indices[3] = 0
curr_row: 9
curr_row_len: 1
curr_num_subrows: 1
curr_subrow_elements[0] = 1
curr_subrow_mult_enables[0] = true
curr_subrow_indices[0] = 1
curr_subrow_elements[1] = 0
curr_subrow_mult_enables[1] = false
curr_subrow_indices[1] = 0
curr_subrow_elements[2] = 0
curr_subrow_mult_enables[2] = false
curr_subrow_indices[2] = 0
curr_subrow_elements[3] = 0
curr_subrow_mult_enables[3] = false
curr_subrow_indices[3] = 0
curr_row: 10
curr_row_len: 7
curr_num_subrows: 2
curr_subrow_elements[0] = 1
curr_subrow_mult_enables[0] = true
curr_subrow_indices[0] = 0
curr_subrow_elements[1] = 2
curr_subrow_mult_enables[1] = true
curr_subrow_indices[1] = 1
curr_subrow_elements[2] = 1
curr_subrow_mult_enables[2] = true
curr_subrow_indices[2] = 2
curr_subrow_elements[3] = 2
curr_subrow_mult_enables[3] = true
curr_subrow_indices[3] = 10
curr_subrow_elements[0] = 2
curr_subrow_mult_enables[0] = true
curr_subrow_indices[0] = 11
curr_subrow_elements[1] = 2
curr_subrow_mult_enables[1] = true
curr_subrow_indices[1] = 20
curr_subrow_elements[2] = 1
curr_subrow_mult_enables[2] = true
curr_subrow_indices[2] = 21
curr_subrow_elements[3] = 0
curr_subrow_mult_enables[3] = false
curr_subrow_indices[3] = 0
curr_row: 11
curr_row_len: 3
curr_num_subrows: 1
curr_subrow_elements[0] = 1
curr_subrow_mult_enables[0] = true
curr_subrow_indices[0] = 10
curr_subrow_elements[1] = 1
curr_subrow_mult_enables[1] = true
curr_subrow_indices[1] = 15
curr_subrow_elements[2] = 3
curr_subrow_mult_enables[2] = true
curr_subrow_indices[2] = 20
curr_subrow_elements[3] = 0
curr_subrow_mult_enables[3] = false
curr_subrow_indices[3] = 0
curr_row: 12
curr_row_len: 3
curr_num_subrows: 1
curr_subrow_elements[0] = 1
curr_subrow_mult_enables[0] = true
curr_subrow_indices[0] = 5
curr_subrow_elements[1] = 1
curr_subrow_mult_enables[1] = true
curr_subrow_indices[1] = 8
curr_subrow_elements[2] = 1
curr_subrow_mult_enables[2] = true
curr_subrow_indices[2] = 22
curr_subrow_elements[3] = 0
curr_subrow_mult_enables[3] = false
curr_subrow_indices[3] = 0
curr_row: 13
curr_row_len: 0
curr_num_subrows: 0
curr_row: 14
curr_row_len: 1
curr_num_subrows: 1
curr_subrow_elements[0] = 1
curr_subrow_mult_enables[0] = true
curr_subrow_indices[0] = 1
curr_subrow_elements[1] = 0
curr_subrow_mult_enables[1] = false
curr_subrow_indices[1] = 0
curr_subrow_elements[2] = 0
curr_subrow_mult_enables[2] = false
curr_subrow_indices[2] = 0
curr_subrow_elements[3] = 0
curr_subrow_mult_enables[3] = false
curr_subrow_indices[3] = 0
curr_row: 15
curr_row_len: 4
curr_num_subrows: 1
curr_subrow_elements[0] = 2
curr_subrow_mult_enables[0] = true
curr_subrow_indices[0] = 2
curr_subrow_elements[1] = 1
curr_subrow_mult_enables[1] = true
curr_subrow_indices[1] = 10
curr_subrow_elements[2] = 1
curr_subrow_mult_enables[2] = true
curr_subrow_indices[2] = 15
curr_subrow_elements[3] = 1
curr_subrow_mult_enables[3] = true
curr_subrow_indices[3] = 20
curr_row: 16
curr_row_len: 4
curr_num_subrows: 1
curr_subrow_elements[0] = 1
curr_subrow_mult_enables[0] = true
curr_subrow_indices[0] = 1
curr_subrow_elements[1] = 1
curr_subrow_mult_enables[1] = true
curr_subrow_indices[1] = 2
curr_subrow_elements[2] = 1
curr_subrow_mult_enables[2] = true
curr_subrow_indices[2] = 10
curr_subrow_elements[3] = 1
curr_subrow_mult_enables[3] = true
curr_subrow_indices[3] = 20
curr_row: 17
curr_row_len: 2
curr_num_subrows: 1
curr_subrow_elements[0] = 1
curr_subrow_mult_enables[0] = true
curr_subrow_indices[0] = 11
curr_subrow_elements[1] = 1
curr_subrow_mult_enables[1] = true
curr_subrow_indices[1] = 22
curr_subrow_elements[2] = 0
curr_subrow_mult_enables[2] = false
curr_subrow_indices[2] = 0
curr_subrow_elements[3] = 0
curr_subrow_mult_enables[3] = false
curr_subrow_indices[3] = 0
curr_row: 18
curr_row_len: 1
curr_num_subrows: 1
curr_subrow_elements[0] = 1
curr_subrow_mult_enables[0] = true
curr_subrow_indices[0] = 8
curr_subrow_elements[1] = 0
curr_subrow_mult_enables[1] = false
curr_subrow_indices[1] = 0
curr_subrow_elements[2] = 0
curr_subrow_mult_enables[2] = false
curr_subrow_indices[2] = 0
curr_subrow_elements[3] = 0
curr_subrow_mult_enables[3] = false
curr_subrow_indices[3] = 0
curr_row: 19
curr_row_len: 0
curr_num_subrows: 0
curr_row: 20
curr_row_len: 6
curr_num_subrows: 2
curr_subrow_elements[0] = 2
curr_subrow_mult_enables[0] = true
curr_subrow_indices[0] = 1
curr_subrow_elements[1] = 1
curr_subrow_mult_enables[1] = true
curr_subrow_indices[1] = 2
curr_subrow_elements[2] = 1
curr_subrow_mult_enables[2] = true
curr_subrow_indices[2] = 10
curr_subrow_elements[3] = 1
curr_subrow_mult_enables[3] = true
curr_subrow_indices[3] = 19
curr_subrow_elements[0] = 1
curr_subrow_mult_enables[0] = true
curr_subrow_indices[0] = 20
curr_subrow_elements[1] = 1
curr_subrow_mult_enables[1] = true
curr_subrow_indices[1] = 22
curr_subrow_elements[2] = 0
curr_subrow_mult_enables[2] = false
curr_subrow_indices[2] = 0
curr_subrow_elements[3] = 0
curr_subrow_mult_enables[3] = false
curr_subrow_indices[3] = 0
curr_row: 21
curr_row_len: 1
curr_num_subrows: 1
curr_subrow_elements[0] = 1
curr_subrow_mult_enables[0] = true
curr_subrow_indices[0] = 20
curr_subrow_elements[1] = 0
curr_subrow_mult_enables[1] = false
curr_subrow_indices[1] = 0
curr_subrow_elements[2] = 0
curr_subrow_mult_enables[2] = false
curr_subrow_indices[2] = 0
curr_subrow_elements[3] = 0
curr_subrow_mult_enables[3] = false
curr_subrow_indices[3] = 0
curr_row: 22
curr_row_len: 3
curr_num_subrows: 1
curr_subrow_elements[0] = 1
curr_subrow_mult_enables[0] = true
curr_subrow_indices[0] = 1
curr_subrow_elements[1] = 2
curr_subrow_mult_enables[1] = true
curr_subrow_indices[1] = 8
curr_subrow_elements[2] = 1
curr_subrow_mult_enables[2] = true
curr_subrow_indices[2] = 20
curr_subrow_elements[3] = 0
curr_subrow_mult_enables[3] = false
curr_subrow_indices[3] = 0
vector_y[0] = 0
vector_y[1] = 0
vector_y[2] = 0
vector_y[3] = 0
vector_y[4] = 0
vector_y[5] = 0
vector_y[6] = 0
vector_y[7] = 0
vector_y[8] = 0
vector_y[9] = 0
vector_y[10] = 0
vector_y[11] = 3
vector_y[12] = 1
vector_y[13] = 0
vector_y[14] = 1
vector_y[15] = 1
vector_y[16] = 1
vector_y[17] = 1
vector_y[18] = 1
vector_y[19] = 0
vector_y[20] = 0
vector_y[21] = 3
vector_y[22] = 1
Wrong value at out index 11
x[0] = 1
x[1] = 0
x[2] = 0
x[3] = 0
x[4] = 0
x[5] = 0
x[6] = 0
x[7] = 0
x[8] = 0
x[9] = 0
x[10] = 0
x[11] = 0
x[12] = 0
x[13] = 0
x[14] = 0
x[15] = 0
x[16] = 0
x[17] = 0
x[18] = 0
x[19] = 0
x[20] = 0
x[21] = 0
x[22] = 0
storage array: 1 0 0 0 0 0 0 0 0 0 0 0 0 0 0 0 0 0 0 0 0 0 0 
curr_row: 0
curr_row_len: 1
curr_num_subrows: 1
curr_subrow_elements[0] = 1
curr_subrow_mult_enables[0] = true
curr_subrow_indices[0] = 20
curr_subrow_elements[1] = 0
curr_subrow_mult_enables[1] = false
curr_subrow_indices[1] = 0
curr_subrow_elements[2] = 0
curr_subrow_mult_enables[2] = false
curr_subrow_indices[2] = 0
curr_subrow_elements[3] = 0
curr_subrow_mult_enables[3] = false
curr_subrow_indices[3] = 0
curr_row: 1
curr_row_len: 4
curr_num_subrows: 1
curr_subrow_elements[0] = 1
curr_subrow_mult_enables[0] = true
curr_subrow_indices[0] = 6
curr_subrow_elements[1] = 2
curr_subrow_mult_enables[1] = true
curr_subrow_indices[1] = 10
curr_subrow_elements[2] = 2
curr_subrow_mult_enables[2] = true
curr_subrow_indices[2] = 12
curr_subrow_elements[3] = 1
curr_subrow_mult_enables[3] = true
curr_subrow_indices[3] = 20
curr_row: 2
curr_row_len: 1
curr_num_subrows: 1
curr_subrow_elements[0] = 2
curr_subrow_mult_enables[0] = true
curr_subrow_indices[0] = 20
curr_subrow_elements[1] = 0
curr_subrow_mult_enables[1] = false
curr_subrow_indices[1] = 0
curr_subrow_elements[2] = 0
curr_subrow_mult_enables[2] = false
curr_subrow_indices[2] = 0
curr_subrow_elements[3] = 0
curr_subrow_mult_enables[3] = false
curr_subrow_indices[3] = 0
curr_row: 3
curr_row_len: 2
curr_num_subrows: 1
curr_subrow_elements[0] = 1
curr_subrow_mult_enables[0] = true
curr_subrow_indices[0] = 1
curr_subrow_elements[1] = 1
curr_subrow_mult_enables[1] = true
curr_subrow_indices[1] = 22
curr_subrow_elements[2] = 0
curr_subrow_mult_enables[2] = false
curr_subrow_indices[2] = 0
curr_subrow_elements[3] = 0
curr_subrow_mult_enables[3] = false
curr_subrow_indices[3] = 0
curr_row: 4
curr_row_len: 1
curr_num_subrows: 1
curr_subrow_elements[0] = 1
curr_subrow_mult_enables[0] = true
curr_subrow_indices[0] = 12
curr_subrow_elements[1] = 0
curr_subrow_mult_enables[1] = false
curr_subrow_indices[1] = 0
curr_subrow_elements[2] = 0
curr_subrow_mult_enables[2] = false
curr_subrow_indices[2] = 0
curr_subrow_elements[3] = 0
curr_subrow_mult_enables[3] = false
curr_subrow_indices[3] = 0
curr_row: 5
curr_row_len: 5
curr_num_subrows: 2
curr_subrow_elements[0] = 1
curr_subrow_mult_enables[0] = true
curr_subrow_indices[0] = 6
curr_subrow_elements[1] = 1
curr_subrow_mult_enables[1] = true
curr_subrow_indices[1] = 12
curr_subrow_elements[2] = 1
curr_subrow_mult_enables[2] = true
curr_subrow_indices[2] = 13
curr_subrow_elements[3] = 1
curr_subrow_mult_enables[3] = true
curr_subrow_indices[3] = 18
curr_subrow_elements[0] = 1
curr_subrow_mult_enables[0] = true
curr_subrow_indices[0] = 20
curr_subrow_elements[1] = 0
curr_subrow_mult_enables[1] = false
curr_subrow_indices[1] = 0
curr_subrow_elements[2] = 0
curr_subrow_mult_enables[2] = false
curr_subrow_indices[2] = 0
curr_subrow_elements[3] = 0
curr_subrow_mult_enables[3] = false
curr_subrow_indices[3] = 0
curr_row: 6
curr_row_len: 4
curr_num_subrows: 1
curr_subrow_elements[0] = 1
curr_subrow_mult_enables[0] = true
curr_subrow_indices[0] = 1
curr_subrow_elements[1] = 1
curr_subrow_mult_enables[1] = true
curr_subrow_indices[1] = 5
curr_subrow_elements[2] = 1
curr_subrow_mult_enables[2] = true
curr_subrow_indices[2] = 12
curr_subrow_elements[3] = 1
curr_subrow_mult_enables[3] = true
curr_subrow_indices[3] = 20
curr_row: 7
curr_row_len: 5
curr_num_subrows: 2
curr_subrow_elements[0] = 1
curr_subrow_mult_enables[0] = true
curr_subrow_indices[0] = 1
curr_subrow_elements[1] = 2
curr_subrow_mult_enables[1] = true
curr_subrow_indices[1] = 2
curr_subrow_elements[2] = 1
curr_subrow_mult_enables[2] = true
curr_subrow_indices[2] = 6
curr_subrow_elements[3] = 4
curr_subrow_mult_enables[3] = true
curr_subrow_indices[3] = 15
curr_subrow_elements[0] = 1
curr_subrow_mult_enables[0] = true
curr_subrow_indices[0] = 22
curr_subrow_elements[1] = 0
curr_subrow_mult_enables[1] = false
curr_subrow_indices[1] = 0
curr_subrow_elements[2] = 0
curr_subrow_mult_enables[2] = false
curr_subrow_indices[2] = 0
curr_subrow_elements[3] = 0
curr_subrow_mult_enables[3] = false
curr_subrow_indices[3] = 0
curr_row: 8
curr_row_len: 5
curr_num_subrows: 2
curr_subrow_elements[0] = 1
curr_subrow_mult_enables[0] = true
curr_subrow_indices[0] = 1
curr_subrow_elements[1] = 1
curr_subrow_mult_enables[1] = true
curr_subrow_indices[1] = 7
curr_subrow_elements[2] = 1
curr_subrow_mult_enables[2] = true
curr_subrow_indices[2] = 9
curr_subrow_elements[3] = 1
curr_subrow_mult_enables[3] = true
curr_subrow_indices[3] = 13
curr_subrow_elements[0] = 1
curr_subrow_mult_enables[0] = true
curr_subrow_indices[0] = 18
curr_subrow_elements[1] = 0
curr_subrow_mult_enables[1] = false
curr_subrow_indices[1] = 0
curr_subrow_elements[2] = 0
curr_subrow_mult_enables[2] = false
curr_subrow_indices[2] = 0
curr_subrow_elements[3] = 0
curr_subrow_mult_enables[3] = false
curr_subrow_indices[3] = 0
curr_row: 9
curr_row_len: 1
curr_num_subrows: 1
curr_subrow_elements[0] = 1
curr_subrow_mult_enables[0] = true
curr_subrow_indices[0] = 1
curr_subrow_elements[1] = 0
curr_subrow_mult_enables[1] = false
curr_subrow_indices[1] = 0
curr_subrow_elements[2] = 0
curr_subrow_mult_enables[2] = false
curr_subrow_indices[2] = 0
curr_subrow_elements[3] = 0
curr_subrow_mult_enables[3] = false
curr_subrow_indices[3] = 0
curr_row: 10
curr_row_len: 7
curr_num_subrows: 2
curr_subrow_elements[0] = 1
curr_subrow_mult_enables[0] = true
curr_subrow_indices[0] = 0
curr_subrow_elements[1] = 2
curr_subrow_mult_enables[1] = true
curr_subrow_indices[1] = 1
curr_subrow_elements[2] = 1
curr_subrow_mult_enables[2] = true
curr_subrow_indices[2] = 2
curr_subrow_elements[3] = 2
curr_subrow_mult_enables[3] = true
curr_subrow_indices[3] = 10
curr_subrow_elements[0] = 2
curr_subrow_mult_enables[0] = true
curr_subrow_indices[0] = 11
curr_subrow_elements[1] = 2
curr_subrow_mult_enables[1] = true
curr_subrow_indices[1] = 20
curr_subrow_elements[2] = 1
curr_subrow_mult_enables[2] = true
curr_subrow_indices[2] = 21
curr_subrow_elements[3] = 0
curr_subrow_mult_enables[3] = false
curr_subrow_indices[3] = 0
curr_row: 11
curr_row_len: 3
curr_num_subrows: 1
curr_subrow_elements[0] = 1
curr_subrow_mult_enables[0] = true
curr_subrow_indices[0] = 10
curr_subrow_elements[1] = 1
curr_subrow_mult_enables[1] = true
curr_subrow_indices[1] = 15
curr_subrow_elements[2] = 3
curr_subrow_mult_enables[2] = true
curr_subrow_indices[2] = 20
curr_subrow_elements[3] = 0
curr_subrow_mult_enables[3] = false
curr_subrow_indices[3] = 0
curr_row: 12
curr_row_len: 3
curr_num_subrows: 1
curr_subrow_elements[0] = 1
curr_subrow_mult_enables[0] = true
curr_subrow_indices[0] = 5
curr_subrow_elements[1] = 1
curr_subrow_mult_enables[1] = true
curr_subrow_indices[1] = 8
curr_subrow_elements[2] = 1
curr_subrow_mult_enables[2] = true
curr_subrow_indices[2] = 22
curr_subrow_elements[3] = 0
curr_subrow_mult_enables[3] = false
curr_subrow_indices[3] = 0
curr_row: 13
curr_row_len: 0
curr_num_subrows: 0
curr_row: 14
curr_row_len: 1
curr_num_subrows: 1
curr_subrow_elements[0] = 1
curr_subrow_mult_enables[0] = true
curr_subrow_indices[0] = 1
curr_subrow_elements[1] = 0
curr_subrow_mult_enables[1] = false
curr_subrow_indices[1] = 0
curr_subrow_elements[2] = 0
curr_subrow_mult_enables[2] = false
curr_subrow_indices[2] = 0
curr_subrow_elements[3] = 0
curr_subrow_mult_enables[3] = false
curr_subrow_indices[3] = 0
curr_row: 15
curr_row_len: 4
curr_num_subrows: 1
curr_subrow_elements[0] = 2
curr_subrow_mult_enables[0] = true
curr_subrow_indices[0] = 2
curr_subrow_elements[1] = 1
curr_subrow_mult_enables[1] = true
curr_subrow_indices[1] = 10
curr_subrow_elements[2] = 1
curr_subrow_mult_enables[2] = true
curr_subrow_indices[2] = 15
curr_subrow_elements[3] = 1
curr_subrow_mult_enables[3] = true
curr_subrow_indices[3] = 20
curr_row: 16
curr_row_len: 4
curr_num_subrows: 1
curr_subrow_elements[0] = 1
curr_subrow_mult_enables[0] = true
curr_subrow_indices[0] = 1
curr_subrow_elements[1] = 1
curr_subrow_mult_enables[1] = true
curr_subrow_indices[1] = 2
curr_subrow_elements[2] = 1
curr_subrow_mult_enables[2] = true
curr_subrow_indices[2] = 10
curr_subrow_elements[3] = 1
curr_subrow_mult_enables[3] = true
curr_subrow_indices[3] = 20
curr_row: 17
curr_row_len: 2
curr_num_subrows: 1
curr_subrow_elements[0] = 1
curr_subrow_mult_enables[0] = true
curr_subrow_indices[0] = 11
curr_subrow_elements[1] = 1
curr_subrow_mult_enables[1] = true
curr_subrow_indices[1] = 22
curr_subrow_elements[2] = 0
curr_subrow_mult_enables[2] = false
curr_subrow_indices[2] = 0
curr_subrow_elements[3] = 0
curr_subrow_mult_enables[3] = false
curr_subrow_indices[3] = 0
curr_row: 18
curr_row_len: 1
curr_num_subrows: 1
curr_subrow_elements[0] = 1
curr_subrow_mult_enables[0] = true
curr_subrow_indices[0] = 8
curr_subrow_elements[1] = 0
curr_subrow_mult_enables[1] = false
curr_subrow_indices[1] = 0
curr_subrow_elements[2] = 0
curr_subrow_mult_enables[2] = false
curr_subrow_indices[2] = 0
curr_subrow_elements[3] = 0
curr_subrow_mult_enables[3] = false
curr_subrow_indices[3] = 0
curr_row: 19
curr_row_len: 0
curr_num_subrows: 0
curr_row: 20
curr_row_len: 6
curr_num_subrows: 2
curr_subrow_elements[0] = 2
curr_subrow_mult_enables[0] = true
curr_subrow_indices[0] = 1
curr_subrow_elements[1] = 1
curr_subrow_mult_enables[1] = true
curr_subrow_indices[1] = 2
curr_subrow_elements[2] = 1
curr_subrow_mult_enables[2] = true
curr_subrow_indices[2] = 10
curr_subrow_elements[3] = 1
curr_subrow_mult_enables[3] = true
curr_subrow_indices[3] = 19
curr_subrow_elements[0] = 1
curr_subrow_mult_enables[0] = true
curr_subrow_indices[0] = 20
curr_subrow_elements[1] = 1
curr_subrow_mult_enables[1] = true
curr_subrow_indices[1] = 22
curr_subrow_elements[2] = 0
curr_subrow_mult_enables[2] = false
curr_subrow_indices[2] = 0
curr_subrow_elements[3] = 0
curr_subrow_mult_enables[3] = false
curr_subrow_indices[3] = 0
curr_row: 21
curr_row_len: 1
curr_num_subrows: 1
curr_subrow_elements[0] = 1
curr_subrow_mult_enables[0] = true
curr_subrow_indices[0] = 20
curr_subrow_elements[1] = 0
curr_subrow_mult_enables[1] = false
curr_subrow_indices[1] = 0
curr_subrow_elements[2] = 0
curr_subrow_mult_enables[2] = false
curr_subrow_indices[2] = 0
curr_subrow_elements[3] = 0
curr_subrow_mult_enables[3] = false
curr_subrow_indices[3] = 0
curr_row: 22
curr_row_len: 3
curr_num_subrows: 1
curr_subrow_elements[0] = 1
curr_subrow_mult_enables[0] = true
curr_subrow_indices[0] = 1
curr_subrow_elements[1] = 2
curr_subrow_mult_enables[1] = true
curr_subrow_indices[1] = 8
curr_subrow_elements[2] = 1
curr_subrow_mult_enables[2] = true
curr_subrow_indices[2] = 20
curr_subrow_elements[3] = 0
curr_subrow_mult_enables[3] = false
curr_subrow_indices[3] = 0
vector_y[0] = 0
vector_y[1] = 0
vector_y[2] = 0
vector_y[3] = 0
vector_y[4] = 0
vector_y[5] = 0
vector_y[6] = 0
vector_y[7] = 0
vector_y[8] = 0
vector_y[9] = 0
vector_y[10] = 0
vector_y[11] = 3
vector_y[12] = 1
vector_y[13] = 0
vector_y[14] = 1
vector_y[15] = 1
vector_y[16] = 1
vector_y[17] = 1
vector_y[18] = 1
vector_y[19] = 0
vector_y[20] = 0
vector_y[21] = 3
vector_y[22] = 1
Wrong value at out index 11
x[0] = 1
x[1] = 0
x[2] = 0
x[3] = 0
x[4] = 0
x[5] = 0
x[6] = 0
x[7] = 0
x[8] = 0
x[9] = 0
x[10] = 0
x[11] = 0
x[12] = 0
x[13] = 0
x[14] = 0
x[15] = 0
x[16] = 0
x[17] = 0
x[18] = 0
x[19] = 0
x[20] = 0
x[21] = 0
x[22] = 0
storage array: 1 0 0 0 0 0 0 0 0 0 0 0 0 0 0 0 0 0 0 0 0 0 0 
curr_row: 0
curr_row_len: 1
curr_num_subrows: 1
curr_subrow_elements[0] = 1
curr_subrow_mult_enables[0] = true
curr_subrow_indices[0] = 20
curr_subrow_elements[1] = 0
curr_subrow_mult_enables[1] = false
curr_subrow_indices[1] = 0
curr_subrow_elements[2] = 0
curr_subrow_mult_enables[2] = false
curr_subrow_indices[2] = 0
curr_subrow_elements[3] = 0
curr_subrow_mult_enables[3] = false
curr_subrow_indices[3] = 0
mult outs: 0 0 0 0 0 0 0 0 1 0 0 0 0 0 0 0 0 0 0 0 0 0 0 
curr_row: 1
curr_row_len: 4
curr_num_subrows: 1
curr_subrow_elements[0] = 1
curr_subrow_mult_enables[0] = true
curr_subrow_indices[0] = 6
curr_subrow_elements[1] = 2
curr_subrow_mult_enables[1] = true
curr_subrow_indices[1] = 10
curr_subrow_elements[2] = 2
curr_subrow_mult_enables[2] = true
curr_subrow_indices[2] = 12
curr_subrow_elements[3] = 1
curr_subrow_mult_enables[3] = true
curr_subrow_indices[3] = 20
mult outs: 0 0 0 0 0 0 0 0 1 0 0 0 0 0 0 0 0 0 0 0 0 0 0 
curr_row: 2
curr_row_len: 1
curr_num_subrows: 1
curr_subrow_elements[0] = 2
curr_subrow_mult_enables[0] = true
curr_subrow_indices[0] = 20
curr_subrow_elements[1] = 0
curr_subrow_mult_enables[1] = false
curr_subrow_indices[1] = 0
curr_subrow_elements[2] = 0
curr_subrow_mult_enables[2] = false
curr_subrow_indices[2] = 0
curr_subrow_elements[3] = 0
curr_subrow_mult_enables[3] = false
curr_subrow_indices[3] = 0
mult outs: 0 0 0 0 0 0 0 0 1 0 0 0 0 0 0 0 0 0 0 0 0 0 0 
curr_row: 3
curr_row_len: 2
curr_num_subrows: 1
curr_subrow_elements[0] = 1
curr_subrow_mult_enables[0] = true
curr_subrow_indices[0] = 1
curr_subrow_elements[1] = 1
curr_subrow_mult_enables[1] = true
curr_subrow_indices[1] = 22
curr_subrow_elements[2] = 0
curr_subrow_mult_enables[2] = false
curr_subrow_indices[2] = 0
curr_subrow_elements[3] = 0
curr_subrow_mult_enables[3] = false
curr_subrow_indices[3] = 0
mult outs: 0 0 0 0 0 0 0 0 1 0 0 0 0 0 0 0 0 0 0 0 0 0 0 
curr_row: 4
curr_row_len: 1
curr_num_subrows: 1
curr_subrow_elements[0] = 1
curr_subrow_mult_enables[0] = true
curr_subrow_indices[0] = 12
curr_subrow_elements[1] = 0
curr_subrow_mult_enables[1] = false
curr_subrow_indices[1] = 0
curr_subrow_elements[2] = 0
curr_subrow_mult_enables[2] = false
curr_subrow_indices[2] = 0
curr_subrow_elements[3] = 0
curr_subrow_mult_enables[3] = false
curr_subrow_indices[3] = 0
mult outs: 0 0 0 0 0 0 0 0 1 0 0 0 0 0 0 0 0 0 0 0 0 0 0 
curr_row: 5
curr_row_len: 5
curr_num_subrows: 2
curr_subrow_elements[0] = 1
curr_subrow_mult_enables[0] = true
curr_subrow_indices[0] = 6
curr_subrow_elements[1] = 1
curr_subrow_mult_enables[1] = true
curr_subrow_indices[1] = 12
curr_subrow_elements[2] = 1
curr_subrow_mult_enables[2] = true
curr_subrow_indices[2] = 13
curr_subrow_elements[3] = 1
curr_subrow_mult_enables[3] = true
curr_subrow_indices[3] = 18
mult outs: 0 0 0 0 0 0 0 0 1 0 0 0 0 0 0 0 0 0 0 0 0 0 0 
curr_subrow_elements[0] = 1
curr_subrow_mult_enables[0] = true
curr_subrow_indices[0] = 20
curr_subrow_elements[1] = 0
curr_subrow_mult_enables[1] = false
curr_subrow_indices[1] = 0
curr_subrow_elements[2] = 0
curr_subrow_mult_enables[2] = false
curr_subrow_indices[2] = 0
curr_subrow_elements[3] = 0
curr_subrow_mult_enables[3] = false
curr_subrow_indices[3] = 0
mult outs: 0 0 0 0 0 0 0 0 1 0 0 0 0 0 0 0 0 0 0 0 0 0 0 
curr_row: 6
curr_row_len: 4
curr_num_subrows: 1
curr_subrow_elements[0] = 1
curr_subrow_mult_enables[0] = true
curr_subrow_indices[0] = 1
curr_subrow_elements[1] = 1
curr_subrow_mult_enables[1] = true
curr_subrow_indices[1] = 5
curr_subrow_elements[2] = 1
curr_subrow_mult_enables[2] = true
curr_subrow_indices[2] = 12
curr_subrow_elements[3] = 1
curr_subrow_mult_enables[3] = true
curr_subrow_indices[3] = 20
mult outs: 0 0 0 0 0 0 0 0 1 0 0 0 0 0 0 0 0 0 0 0 0 0 0 
curr_row: 7
curr_row_len: 5
curr_num_subrows: 2
curr_subrow_elements[0] = 1
curr_subrow_mult_enables[0] = true
curr_subrow_indices[0] = 1
curr_subrow_elements[1] = 2
curr_subrow_mult_enables[1] = true
curr_subrow_indices[1] = 2
curr_subrow_elements[2] = 1
curr_subrow_mult_enables[2] = true
curr_subrow_indices[2] = 6
curr_subrow_elements[3] = 4
curr_subrow_mult_enables[3] = true
curr_subrow_indices[3] = 15
mult outs: 0 0 0 0 0 0 0 0 1 0 0 0 0 0 0 0 0 0 0 0 0 0 0 
curr_subrow_elements[0] = 1
curr_subrow_mult_enables[0] = true
curr_subrow_indices[0] = 22
curr_subrow_elements[1] = 0
curr_subrow_mult_enables[1] = false
curr_subrow_indices[1] = 0
curr_subrow_elements[2] = 0
curr_subrow_mult_enables[2] = false
curr_subrow_indices[2] = 0
curr_subrow_elements[3] = 0
curr_subrow_mult_enables[3] = false
curr_subrow_indices[3] = 0
mult outs: 0 0 0 0 0 0 0 0 1 0 0 0 0 0 0 0 0 0 0 0 0 0 0 
curr_row: 8
curr_row_len: 5
curr_num_subrows: 2
curr_subrow_elements[0] = 1
curr_subrow_mult_enables[0] = true
curr_subrow_indices[0] = 1
curr_subrow_elements[1] = 1
curr_subrow_mult_enables[1] = true
curr_subrow_indices[1] = 7
curr_subrow_elements[2] = 1
curr_subrow_mult_enables[2] = true
curr_subrow_indices[2] = 9
curr_subrow_elements[3] = 1
curr_subrow_mult_enables[3] = true
curr_subrow_indices[3] = 13
mult outs: 0 0 0 0 0 0 0 0 1 0 0 0 0 0 0 0 0 0 0 0 0 0 0 
curr_subrow_elements[0] = 1
curr_subrow_mult_enables[0] = true
curr_subrow_indices[0] = 18
curr_subrow_elements[1] = 0
curr_subrow_mult_enables[1] = false
curr_subrow_indices[1] = 0
curr_subrow_elements[2] = 0
curr_subrow_mult_enables[2] = false
curr_subrow_indices[2] = 0
curr_subrow_elements[3] = 0
curr_subrow_mult_enables[3] = false
curr_subrow_indices[3] = 0
mult outs: 0 0 0 0 0 0 0 0 1 0 0 0 0 0 0 0 0 0 0 0 0 0 0 
curr_row: 9
curr_row_len: 1
curr_num_subrows: 1
curr_subrow_elements[0] = 1
curr_subrow_mult_enables[0] = true
curr_subrow_indices[0] = 1
curr_subrow_elements[1] = 0
curr_subrow_mult_enables[1] = false
curr_subrow_indices[1] = 0
curr_subrow_elements[2] = 0
curr_subrow_mult_enables[2] = false
curr_subrow_indices[2] = 0
curr_subrow_elements[3] = 0
curr_subrow_mult_enables[3] = false
curr_subrow_indices[3] = 0
mult outs: 0 0 0 0 0 0 0 0 1 0 0 0 0 0 0 0 0 0 0 0 0 0 0 
curr_row: 10
curr_row_len: 7
curr_num_subrows: 2
curr_subrow_elements[0] = 1
curr_subrow_mult_enables[0] = true
curr_subrow_indices[0] = 0
curr_subrow_elements[1] = 2
curr_subrow_mult_enables[1] = true
curr_subrow_indices[1] = 1
curr_subrow_elements[2] = 1
curr_subrow_mult_enables[2] = true
curr_subrow_indices[2] = 2
curr_subrow_elements[3] = 2
curr_subrow_mult_enables[3] = true
curr_subrow_indices[3] = 10
mult outs: 1 0 0 0 0 0 0 0 1 0 0 0 0 0 0 0 0 0 0 0 0 0 0 
curr_subrow_elements[0] = 2
curr_subrow_mult_enables[0] = true
curr_subrow_indices[0] = 11
curr_subrow_elements[1] = 2
curr_subrow_mult_enables[1] = true
curr_subrow_indices[1] = 20
curr_subrow_elements[2] = 1
curr_subrow_mult_enables[2] = true
curr_subrow_indices[2] = 21
curr_subrow_elements[3] = 0
curr_subrow_mult_enables[3] = false
curr_subrow_indices[3] = 0
mult outs: 0 0 0 0 0 0 0 0 1 0 0 0 0 0 0 0 0 0 0 0 0 0 0 
curr_row: 11
curr_row_len: 3
curr_num_subrows: 1
curr_subrow_elements[0] = 1
curr_subrow_mult_enables[0] = true
curr_subrow_indices[0] = 10
curr_subrow_elements[1] = 1
curr_subrow_mult_enables[1] = true
curr_subrow_indices[1] = 15
curr_subrow_elements[2] = 3
curr_subrow_mult_enables[2] = true
curr_subrow_indices[2] = 20
curr_subrow_elements[3] = 0
curr_subrow_mult_enables[3] = false
curr_subrow_indices[3] = 0
mult outs: 0 0 0 0 0 0 0 0 1 0 0 0 0 0 0 0 0 0 0 0 0 0 0 
curr_row: 12
curr_row_len: 3
curr_num_subrows: 1
curr_subrow_elements[0] = 1
curr_subrow_mult_enables[0] = true
curr_subrow_indices[0] = 5
curr_subrow_elements[1] = 1
curr_subrow_mult_enables[1] = true
curr_subrow_indices[1] = 8
curr_subrow_elements[2] = 1
curr_subrow_mult_enables[2] = true
curr_subrow_indices[2] = 22
curr_subrow_elements[3] = 0
curr_subrow_mult_enables[3] = false
curr_subrow_indices[3] = 0
mult outs: 0 0 0 0 0 0 0 0 1 0 0 0 0 0 0 0 0 0 0 0 0 0 0 
curr_row: 13
curr_row_len: 0
curr_num_subrows: 0
curr_row: 14
curr_row_len: 1
curr_num_subrows: 1
curr_subrow_elements[0] = 1
curr_subrow_mult_enables[0] = true
curr_subrow_indices[0] = 1
curr_subrow_elements[1] = 0
curr_subrow_mult_enables[1] = false
curr_subrow_indices[1] = 0
curr_subrow_elements[2] = 0
curr_subrow_mult_enables[2] = false
curr_subrow_indices[2] = 0
curr_subrow_elements[3] = 0
curr_subrow_mult_enables[3] = false
curr_subrow_indices[3] = 0
mult outs: 0 0 0 0 0 0 0 0 1 0 0 0 0 0 0 0 0 0 0 0 0 0 0 
curr_row: 15
curr_row_len: 4
curr_num_subrows: 1
curr_subrow_elements[0] = 2
curr_subrow_mult_enables[0] = true
curr_subrow_indices[0] = 2
curr_subrow_elements[1] = 1
curr_subrow_mult_enables[1] = true
curr_subrow_indices[1] = 10
curr_subrow_elements[2] = 1
curr_subrow_mult_enables[2] = true
curr_subrow_indices[2] = 15
curr_subrow_elements[3] = 1
curr_subrow_mult_enables[3] = true
curr_subrow_indices[3] = 20
mult outs: 0 0 0 0 0 0 0 0 1 0 0 0 0 0 0 0 0 0 0 0 0 0 0 
curr_row: 16
curr_row_len: 4
curr_num_subrows: 1
curr_subrow_elements[0] = 1
curr_subrow_mult_enables[0] = true
curr_subrow_indices[0] = 1
curr_subrow_elements[1] = 1
curr_subrow_mult_enables[1] = true
curr_subrow_indices[1] = 2
curr_subrow_elements[2] = 1
curr_subrow_mult_enables[2] = true
curr_subrow_indices[2] = 10
curr_subrow_elements[3] = 1
curr_subrow_mult_enables[3] = true
curr_subrow_indices[3] = 20
mult outs: 0 0 0 0 0 0 0 0 1 0 0 0 0 0 0 0 0 0 0 0 0 0 0 
curr_row: 17
curr_row_len: 2
curr_num_subrows: 1
curr_subrow_elements[0] = 1
curr_subrow_mult_enables[0] = true
curr_subrow_indices[0] = 11
curr_subrow_elements[1] = 1
curr_subrow_mult_enables[1] = true
curr_subrow_indices[1] = 22
curr_subrow_elements[2] = 0
curr_subrow_mult_enables[2] = false
curr_subrow_indices[2] = 0
curr_subrow_elements[3] = 0
curr_subrow_mult_enables[3] = false
curr_subrow_indices[3] = 0
mult outs: 0 0 0 0 0 0 0 0 1 0 0 0 0 0 0 0 0 0 0 0 0 0 0 
curr_row: 18
curr_row_len: 1
curr_num_subrows: 1
curr_subrow_elements[0] = 1
curr_subrow_mult_enables[0] = true
curr_subrow_indices[0] = 8
curr_subrow_elements[1] = 0
curr_subrow_mult_enables[1] = false
curr_subrow_indices[1] = 0
curr_subrow_elements[2] = 0
curr_subrow_mult_enables[2] = false
curr_subrow_indices[2] = 0
curr_subrow_elements[3] = 0
curr_subrow_mult_enables[3] = false
curr_subrow_indices[3] = 0
mult outs: 0 0 0 0 0 0 0 0 1 0 0 0 0 0 0 0 0 0 0 0 0 0 0 
curr_row: 19
curr_row_len: 0
curr_num_subrows: 0
curr_row: 20
curr_row_len: 6
curr_num_subrows: 2
curr_subrow_elements[0] = 2
curr_subrow_mult_enables[0] = true
curr_subrow_indices[0] = 1
curr_subrow_elements[1] = 1
curr_subrow_mult_enables[1] = true
curr_subrow_indices[1] = 2
curr_subrow_elements[2] = 1
curr_subrow_mult_enables[2] = true
curr_subrow_indices[2] = 10
curr_subrow_elements[3] = 1
curr_subrow_mult_enables[3] = true
curr_subrow_indices[3] = 19
mult outs: 0 0 0 0 0 0 0 0 1 0 0 0 0 0 0 0 0 0 0 0 0 0 0 
curr_subrow_elements[0] = 1
curr_subrow_mult_enables[0] = true
curr_subrow_indices[0] = 20
curr_subrow_elements[1] = 1
curr_subrow_mult_enables[1] = true
curr_subrow_indices[1] = 22
curr_subrow_elements[2] = 0
curr_subrow_mult_enables[2] = false
curr_subrow_indices[2] = 0
curr_subrow_elements[3] = 0
curr_subrow_mult_enables[3] = false
curr_subrow_indices[3] = 0
mult outs: 0 0 0 0 0 0 0 0 1 0 0 0 0 0 0 0 0 0 0 0 0 0 0 
curr_row: 21
curr_row_len: 1
curr_num_subrows: 1
curr_subrow_elements[0] = 1
curr_subrow_mult_enables[0] = true
curr_subrow_indices[0] = 20
curr_subrow_elements[1] = 0
curr_subrow_mult_enables[1] = false
curr_subrow_indices[1] = 0
curr_subrow_elements[2] = 0
curr_subrow_mult_enables[2] = false
curr_subrow_indices[2] = 0
curr_subrow_elements[3] = 0
curr_subrow_mult_enables[3] = false
curr_subrow_indices[3] = 0
mult outs: 0 0 0 0 0 0 0 0 1 0 0 0 0 0 0 0 0 0 0 0 0 0 0 
curr_row: 22
curr_row_len: 3
curr_num_subrows: 1
curr_subrow_elements[0] = 1
curr_subrow_mult_enables[0] = true
curr_subrow_indices[0] = 1
curr_subrow_elements[1] = 2
curr_subrow_mult_enables[1] = true
curr_subrow_indices[1] = 8
curr_subrow_elements[2] = 1
curr_subrow_mult_enables[2] = true
curr_subrow_indices[2] = 20
curr_subrow_elements[3] = 0
curr_subrow_mult_enables[3] = false
curr_subrow_indices[3] = 0
mult outs: 0 0 0 0 0 0 0 0 1 0 0 0 0 0 0 0 0 0 0 0 0 0 0 
vector_y[0] = 0
vector_y[1] = 0
vector_y[2] = 0
vector_y[3] = 0
vector_y[4] = 0
vector_y[5] = 0
vector_y[6] = 0
vector_y[7] = 0
vector_y[8] = 0
vector_y[9] = 0
vector_y[10] = 0
vector_y[11] = 3
vector_y[12] = 1
vector_y[13] = 0
vector_y[14] = 1
vector_y[15] = 1
vector_y[16] = 1
vector_y[17] = 1
vector_y[18] = 1
vector_y[19] = 0
vector_y[20] = 0
vector_y[21] = 3
vector_y[22] = 1
Wrong value at out index 11
x[0] = 1
x[1] = 0
x[2] = 0
x[3] = 0
x[4] = 0
x[5] = 0
x[6] = 0
x[7] = 0
x[8] = 0
x[9] = 0
x[10] = 0
x[11] = 0
x[12] = 0
x[13] = 0
x[14] = 0
x[15] = 0
x[16] = 0
x[17] = 0
x[18] = 0
x[19] = 0
x[20] = 0
x[21] = 0
x[22] = 0
storage array: 1 0 0 0 0 0 0 0 0 0 0 0 0 0 0 0 0 0 0 0 0 0 0 
curr_row: 0
curr_row_len: 1
curr_num_subrows: 1
curr_subrow_elements[0] = 1
curr_subrow_mult_enables[0] = true
curr_subrow_indices[0] = 20
curr_subrow_elements[1] = 0
curr_subrow_mult_enables[1] = false
curr_subrow_indices[1] = 0
curr_subrow_elements[2] = 0
curr_subrow_mult_enables[2] = false
curr_subrow_indices[2] = 0
curr_subrow_elements[3] = 0
curr_subrow_mult_enables[3] = false
curr_subrow_indices[3] = 0
mult outs: 0 0 0 0 
curr_row: 1
curr_row_len: 4
curr_num_subrows: 1
curr_subrow_elements[0] = 1
curr_subrow_mult_enables[0] = true
curr_subrow_indices[0] = 6
curr_subrow_elements[1] = 2
curr_subrow_mult_enables[1] = true
curr_subrow_indices[1] = 10
curr_subrow_elements[2] = 2
curr_subrow_mult_enables[2] = true
curr_subrow_indices[2] = 12
curr_subrow_elements[3] = 1
curr_subrow_mult_enables[3] = true
curr_subrow_indices[3] = 20
mult outs: 0 0 0 0 
curr_row: 2
curr_row_len: 1
curr_num_subrows: 1
curr_subrow_elements[0] = 2
curr_subrow_mult_enables[0] = true
curr_subrow_indices[0] = 20
curr_subrow_elements[1] = 0
curr_subrow_mult_enables[1] = false
curr_subrow_indices[1] = 0
curr_subrow_elements[2] = 0
curr_subrow_mult_enables[2] = false
curr_subrow_indices[2] = 0
curr_subrow_elements[3] = 0
curr_subrow_mult_enables[3] = false
curr_subrow_indices[3] = 0
mult outs: 0 0 0 0 
curr_row: 3
curr_row_len: 2
curr_num_subrows: 1
curr_subrow_elements[0] = 1
curr_subrow_mult_enables[0] = true
curr_subrow_indices[0] = 1
curr_subrow_elements[1] = 1
curr_subrow_mult_enables[1] = true
curr_subrow_indices[1] = 22
curr_subrow_elements[2] = 0
curr_subrow_mult_enables[2] = false
curr_subrow_indices[2] = 0
curr_subrow_elements[3] = 0
curr_subrow_mult_enables[3] = false
curr_subrow_indices[3] = 0
mult outs: 0 0 0 0 
curr_row: 4
curr_row_len: 1
curr_num_subrows: 1
curr_subrow_elements[0] = 1
curr_subrow_mult_enables[0] = true
curr_subrow_indices[0] = 12
curr_subrow_elements[1] = 0
curr_subrow_mult_enables[1] = false
curr_subrow_indices[1] = 0
curr_subrow_elements[2] = 0
curr_subrow_mult_enables[2] = false
curr_subrow_indices[2] = 0
curr_subrow_elements[3] = 0
curr_subrow_mult_enables[3] = false
curr_subrow_indices[3] = 0
mult outs: 0 0 0 0 
curr_row: 5
curr_row_len: 5
curr_num_subrows: 2
curr_subrow_elements[0] = 1
curr_subrow_mult_enables[0] = true
curr_subrow_indices[0] = 6
curr_subrow_elements[1] = 1
curr_subrow_mult_enables[1] = true
curr_subrow_indices[1] = 12
curr_subrow_elements[2] = 1
curr_subrow_mult_enables[2] = true
curr_subrow_indices[2] = 13
curr_subrow_elements[3] = 1
curr_subrow_mult_enables[3] = true
curr_subrow_indices[3] = 18
mult outs: 0 0 0 0 
curr_subrow_elements[0] = 1
curr_subrow_mult_enables[0] = true
curr_subrow_indices[0] = 20
curr_subrow_elements[1] = 0
curr_subrow_mult_enables[1] = false
curr_subrow_indices[1] = 0
curr_subrow_elements[2] = 0
curr_subrow_mult_enables[2] = false
curr_subrow_indices[2] = 0
curr_subrow_elements[3] = 0
curr_subrow_mult_enables[3] = false
curr_subrow_indices[3] = 0
mult outs: 0 0 0 0 
curr_row: 6
curr_row_len: 4
curr_num_subrows: 1
curr_subrow_elements[0] = 1
curr_subrow_mult_enables[0] = true
curr_subrow_indices[0] = 1
curr_subrow_elements[1] = 1
curr_subrow_mult_enables[1] = true
curr_subrow_indices[1] = 5
curr_subrow_elements[2] = 1
curr_subrow_mult_enables[2] = true
curr_subrow_indices[2] = 12
curr_subrow_elements[3] = 1
curr_subrow_mult_enables[3] = true
curr_subrow_indices[3] = 20
mult outs: 0 0 0 0 
curr_row: 7
curr_row_len: 5
curr_num_subrows: 2
curr_subrow_elements[0] = 1
curr_subrow_mult_enables[0] = true
curr_subrow_indices[0] = 1
curr_subrow_elements[1] = 2
curr_subrow_mult_enables[1] = true
curr_subrow_indices[1] = 2
curr_subrow_elements[2] = 1
curr_subrow_mult_enables[2] = true
curr_subrow_indices[2] = 6
curr_subrow_elements[3] = 4
curr_subrow_mult_enables[3] = true
curr_subrow_indices[3] = 15
mult outs: 0 0 0 0 
curr_subrow_elements[0] = 1
curr_subrow_mult_enables[0] = true
curr_subrow_indices[0] = 22
curr_subrow_elements[1] = 0
curr_subrow_mult_enables[1] = false
curr_subrow_indices[1] = 0
curr_subrow_elements[2] = 0
curr_subrow_mult_enables[2] = false
curr_subrow_indices[2] = 0
curr_subrow_elements[3] = 0
curr_subrow_mult_enables[3] = false
curr_subrow_indices[3] = 0
mult outs: 0 0 0 0 
curr_row: 8
curr_row_len: 5
curr_num_subrows: 2
curr_subrow_elements[0] = 1
curr_subrow_mult_enables[0] = true
curr_subrow_indices[0] = 1
curr_subrow_elements[1] = 1
curr_subrow_mult_enables[1] = true
curr_subrow_indices[1] = 7
curr_subrow_elements[2] = 1
curr_subrow_mult_enables[2] = true
curr_subrow_indices[2] = 9
curr_subrow_elements[3] = 1
curr_subrow_mult_enables[3] = true
curr_subrow_indices[3] = 13
mult outs: 0 0 0 0 
curr_subrow_elements[0] = 1
curr_subrow_mult_enables[0] = true
curr_subrow_indices[0] = 18
curr_subrow_elements[1] = 0
curr_subrow_mult_enables[1] = false
curr_subrow_indices[1] = 0
curr_subrow_elements[2] = 0
curr_subrow_mult_enables[2] = false
curr_subrow_indices[2] = 0
curr_subrow_elements[3] = 0
curr_subrow_mult_enables[3] = false
curr_subrow_indices[3] = 0
mult outs: 0 0 0 0 
curr_row: 9
curr_row_len: 1
curr_num_subrows: 1
curr_subrow_elements[0] = 1
curr_subrow_mult_enables[0] = true
curr_subrow_indices[0] = 1
curr_subrow_elements[1] = 0
curr_subrow_mult_enables[1] = false
curr_subrow_indices[1] = 0
curr_subrow_elements[2] = 0
curr_subrow_mult_enables[2] = false
curr_subrow_indices[2] = 0
curr_subrow_elements[3] = 0
curr_subrow_mult_enables[3] = false
curr_subrow_indices[3] = 0
mult outs: 0 0 0 0 
curr_row: 10
curr_row_len: 7
curr_num_subrows: 2
curr_subrow_elements[0] = 1
curr_subrow_mult_enables[0] = true
curr_subrow_indices[0] = 0
curr_subrow_elements[1] = 2
curr_subrow_mult_enables[1] = true
curr_subrow_indices[1] = 1
curr_subrow_elements[2] = 1
curr_subrow_mult_enables[2] = true
curr_subrow_indices[2] = 2
curr_subrow_elements[3] = 2
curr_subrow_mult_enables[3] = true
curr_subrow_indices[3] = 10
mult outs: 1 0 0 0 
curr_subrow_elements[0] = 2
curr_subrow_mult_enables[0] = true
curr_subrow_indices[0] = 11
curr_subrow_elements[1] = 2
curr_subrow_mult_enables[1] = true
curr_subrow_indices[1] = 20
curr_subrow_elements[2] = 1
curr_subrow_mult_enables[2] = true
curr_subrow_indices[2] = 21
curr_subrow_elements[3] = 0
curr_subrow_mult_enables[3] = false
curr_subrow_indices[3] = 0
mult outs: 0 0 0 0 
curr_row: 11
curr_row_len: 3
curr_num_subrows: 1
curr_subrow_elements[0] = 1
curr_subrow_mult_enables[0] = true
curr_subrow_indices[0] = 10
curr_subrow_elements[1] = 1
curr_subrow_mult_enables[1] = true
curr_subrow_indices[1] = 15
curr_subrow_elements[2] = 3
curr_subrow_mult_enables[2] = true
curr_subrow_indices[2] = 20
curr_subrow_elements[3] = 0
curr_subrow_mult_enables[3] = false
curr_subrow_indices[3] = 0
mult outs: 0 0 0 0 
curr_row: 12
curr_row_len: 3
curr_num_subrows: 1
curr_subrow_elements[0] = 1
curr_subrow_mult_enables[0] = true
curr_subrow_indices[0] = 5
curr_subrow_elements[1] = 1
curr_subrow_mult_enables[1] = true
curr_subrow_indices[1] = 8
curr_subrow_elements[2] = 1
curr_subrow_mult_enables[2] = true
curr_subrow_indices[2] = 22
curr_subrow_elements[3] = 0
curr_subrow_mult_enables[3] = false
curr_subrow_indices[3] = 0
mult outs: 0 0 0 0 
curr_row: 13
curr_row_len: 0
curr_num_subrows: 0
curr_row: 14
curr_row_len: 1
curr_num_subrows: 1
curr_subrow_elements[0] = 1
curr_subrow_mult_enables[0] = true
curr_subrow_indices[0] = 1
curr_subrow_elements[1] = 0
curr_subrow_mult_enables[1] = false
curr_subrow_indices[1] = 0
curr_subrow_elements[2] = 0
curr_subrow_mult_enables[2] = false
curr_subrow_indices[2] = 0
curr_subrow_elements[3] = 0
curr_subrow_mult_enables[3] = false
curr_subrow_indices[3] = 0
mult outs: 0 0 0 0 
curr_row: 15
curr_row_len: 4
curr_num_subrows: 1
curr_subrow_elements[0] = 2
curr_subrow_mult_enables[0] = true
curr_subrow_indices[0] = 2
curr_subrow_elements[1] = 1
curr_subrow_mult_enables[1] = true
curr_subrow_indices[1] = 10
curr_subrow_elements[2] = 1
curr_subrow_mult_enables[2] = true
curr_subrow_indices[2] = 15
curr_subrow_elements[3] = 1
curr_subrow_mult_enables[3] = true
curr_subrow_indices[3] = 20
mult outs: 0 0 0 0 
curr_row: 16
curr_row_len: 4
curr_num_subrows: 1
curr_subrow_elements[0] = 1
curr_subrow_mult_enables[0] = true
curr_subrow_indices[0] = 1
curr_subrow_elements[1] = 1
curr_subrow_mult_enables[1] = true
curr_subrow_indices[1] = 2
curr_subrow_elements[2] = 1
curr_subrow_mult_enables[2] = true
curr_subrow_indices[2] = 10
curr_subrow_elements[3] = 1
curr_subrow_mult_enables[3] = true
curr_subrow_indices[3] = 20
mult outs: 0 0 0 0 
curr_row: 17
curr_row_len: 2
curr_num_subrows: 1
curr_subrow_elements[0] = 1
curr_subrow_mult_enables[0] = true
curr_subrow_indices[0] = 11
curr_subrow_elements[1] = 1
curr_subrow_mult_enables[1] = true
curr_subrow_indices[1] = 22
curr_subrow_elements[2] = 0
curr_subrow_mult_enables[2] = false
curr_subrow_indices[2] = 0
curr_subrow_elements[3] = 0
curr_subrow_mult_enables[3] = false
curr_subrow_indices[3] = 0
mult outs: 0 0 0 0 
curr_row: 18
curr_row_len: 1
curr_num_subrows: 1
curr_subrow_elements[0] = 1
curr_subrow_mult_enables[0] = true
curr_subrow_indices[0] = 8
curr_subrow_elements[1] = 0
curr_subrow_mult_enables[1] = false
curr_subrow_indices[1] = 0
curr_subrow_elements[2] = 0
curr_subrow_mult_enables[2] = false
curr_subrow_indices[2] = 0
curr_subrow_elements[3] = 0
curr_subrow_mult_enables[3] = false
curr_subrow_indices[3] = 0
mult outs: 0 0 0 0 
curr_row: 19
curr_row_len: 0
curr_num_subrows: 0
curr_row: 20
curr_row_len: 6
curr_num_subrows: 2
curr_subrow_elements[0] = 2
curr_subrow_mult_enables[0] = true
curr_subrow_indices[0] = 1
curr_subrow_elements[1] = 1
curr_subrow_mult_enables[1] = true
curr_subrow_indices[1] = 2
curr_subrow_elements[2] = 1
curr_subrow_mult_enables[2] = true
curr_subrow_indices[2] = 10
curr_subrow_elements[3] = 1
curr_subrow_mult_enables[3] = true
curr_subrow_indices[3] = 19
mult outs: 0 0 0 0 
curr_subrow_elements[0] = 1
curr_subrow_mult_enables[0] = true
curr_subrow_indices[0] = 20
curr_subrow_elements[1] = 1
curr_subrow_mult_enables[1] = true
curr_subrow_indices[1] = 22
curr_subrow_elements[2] = 0
curr_subrow_mult_enables[2] = false
curr_subrow_indices[2] = 0
curr_subrow_elements[3] = 0
curr_subrow_mult_enables[3] = false
curr_subrow_indices[3] = 0
mult outs: 0 0 0 0 
curr_row: 21
curr_row_len: 1
curr_num_subrows: 1
curr_subrow_elements[0] = 1
curr_subrow_mult_enables[0] = true
curr_subrow_indices[0] = 20
curr_subrow_elements[1] = 0
curr_subrow_mult_enables[1] = false
curr_subrow_indices[1] = 0
curr_subrow_elements[2] = 0
curr_subrow_mult_enables[2] = false
curr_subrow_indices[2] = 0
curr_subrow_elements[3] = 0
curr_subrow_mult_enables[3] = false
curr_subrow_indices[3] = 0
mult outs: 0 0 0 0 
curr_row: 22
curr_row_len: 3
curr_num_subrows: 1
curr_subrow_elements[0] = 1
curr_subrow_mult_enables[0] = true
curr_subrow_indices[0] = 1
curr_subrow_elements[1] = 2
curr_subrow_mult_enables[1] = true
curr_subrow_indices[1] = 8
curr_subrow_elements[2] = 1
curr_subrow_mult_enables[2] = true
curr_subrow_indices[2] = 20
curr_subrow_elements[3] = 0
curr_subrow_mult_enables[3] = false
curr_subrow_indices[3] = 0
mult outs: 0 0 0 0 
vector_y[0] = 0
vector_y[1] = 0
vector_y[2] = 0
vector_y[3] = 0
vector_y[4] = 0
vector_y[5] = 0
vector_y[6] = 0
vector_y[7] = 0
vector_y[8] = 0
vector_y[9] = 0
vector_y[10] = 0
vector_y[11] = 3
vector_y[12] = 1
vector_y[13] = 0
vector_y[14] = 1
vector_y[15] = 1
vector_y[16] = 1
vector_y[17] = 1
vector_y[18] = 1
vector_y[19] = 0
vector_y[20] = 0
vector_y[21] = 3
vector_y[22] = 1
Wrong value at out index 11
x[0] = 1
x[1] = 0
x[2] = 0
x[3] = 0
x[4] = 0
x[5] = 0
x[6] = 0
x[7] = 0
x[8] = 0
x[9] = 0
x[10] = 0
x[11] = 0
x[12] = 0
x[13] = 0
x[14] = 0
x[15] = 0
x[16] = 0
x[17] = 0
x[18] = 0
x[19] = 0
x[20] = 0
x[21] = 0
x[22] = 0
storage array: 1 0 0 0 0 0 0 0 0 0 0 0 0 0 0 0 0 0 0 0 0 0 0 
curr_row: 0
curr_row_len: 1
curr_num_subrows: 1
curr_subrow_elements[0] = 1
curr_subrow_mult_enables[0] = true
curr_subrow_indices[0] = 20
curr_subrow_elements[1] = 0
curr_subrow_mult_enables[1] = false
curr_subrow_indices[1] = 0
curr_subrow_elements[2] = 0
curr_subrow_mult_enables[2] = false
curr_subrow_indices[2] = 0
curr_subrow_elements[3] = 0
curr_subrow_mult_enables[3] = false
curr_subrow_indices[3] = 0
mult outs: 0 0 0 0 
curr_row: 1
curr_row_len: 4
curr_num_subrows: 1
curr_subrow_elements[0] = 1
curr_subrow_mult_enables[0] = true
curr_subrow_indices[0] = 6
curr_subrow_elements[1] = 2
curr_subrow_mult_enables[1] = true
curr_subrow_indices[1] = 10
curr_subrow_elements[2] = 2
curr_subrow_mult_enables[2] = true
curr_subrow_indices[2] = 12
curr_subrow_elements[3] = 1
curr_subrow_mult_enables[3] = true
curr_subrow_indices[3] = 20
mult outs: 0 0 0 0 
curr_row: 2
curr_row_len: 1
curr_num_subrows: 1
curr_subrow_elements[0] = 2
curr_subrow_mult_enables[0] = true
curr_subrow_indices[0] = 20
curr_subrow_elements[1] = 0
curr_subrow_mult_enables[1] = false
curr_subrow_indices[1] = 0
curr_subrow_elements[2] = 0
curr_subrow_mult_enables[2] = false
curr_subrow_indices[2] = 0
curr_subrow_elements[3] = 0
curr_subrow_mult_enables[3] = false
curr_subrow_indices[3] = 0
mult outs: 0 0 0 0 
curr_row: 3
curr_row_len: 2
curr_num_subrows: 1
curr_subrow_elements[0] = 1
curr_subrow_mult_enables[0] = true
curr_subrow_indices[0] = 1
curr_subrow_elements[1] = 1
curr_subrow_mult_enables[1] = true
curr_subrow_indices[1] = 22
curr_subrow_elements[2] = 0
curr_subrow_mult_enables[2] = false
curr_subrow_indices[2] = 0
curr_subrow_elements[3] = 0
curr_subrow_mult_enables[3] = false
curr_subrow_indices[3] = 0
mult outs: 0 0 0 0 
curr_row: 4
curr_row_len: 1
curr_num_subrows: 1
curr_subrow_elements[0] = 1
curr_subrow_mult_enables[0] = true
curr_subrow_indices[0] = 12
curr_subrow_elements[1] = 0
curr_subrow_mult_enables[1] = false
curr_subrow_indices[1] = 0
curr_subrow_elements[2] = 0
curr_subrow_mult_enables[2] = false
curr_subrow_indices[2] = 0
curr_subrow_elements[3] = 0
curr_subrow_mult_enables[3] = false
curr_subrow_indices[3] = 0
mult outs: 0 0 0 0 
curr_row: 5
curr_row_len: 5
curr_num_subrows: 2
curr_subrow_elements[0] = 1
curr_subrow_mult_enables[0] = true
curr_subrow_indices[0] = 6
curr_subrow_elements[1] = 1
curr_subrow_mult_enables[1] = true
curr_subrow_indices[1] = 12
curr_subrow_elements[2] = 1
curr_subrow_mult_enables[2] = true
curr_subrow_indices[2] = 13
curr_subrow_elements[3] = 1
curr_subrow_mult_enables[3] = true
curr_subrow_indices[3] = 18
mult outs: 0 0 0 0 
curr_subrow_elements[0] = 1
curr_subrow_mult_enables[0] = true
curr_subrow_indices[0] = 20
curr_subrow_elements[1] = 0
curr_subrow_mult_enables[1] = false
curr_subrow_indices[1] = 0
curr_subrow_elements[2] = 0
curr_subrow_mult_enables[2] = false
curr_subrow_indices[2] = 0
curr_subrow_elements[3] = 0
curr_subrow_mult_enables[3] = false
curr_subrow_indices[3] = 0
mult outs: 0 0 0 0 
curr_row: 6
curr_row_len: 4
curr_num_subrows: 1
curr_subrow_elements[0] = 1
curr_subrow_mult_enables[0] = true
curr_subrow_indices[0] = 1
curr_subrow_elements[1] = 1
curr_subrow_mult_enables[1] = true
curr_subrow_indices[1] = 5
curr_subrow_elements[2] = 1
curr_subrow_mult_enables[2] = true
curr_subrow_indices[2] = 12
curr_subrow_elements[3] = 1
curr_subrow_mult_enables[3] = true
curr_subrow_indices[3] = 20
mult outs: 0 0 0 0 
curr_row: 7
curr_row_len: 5
curr_num_subrows: 2
curr_subrow_elements[0] = 1
curr_subrow_mult_enables[0] = true
curr_subrow_indices[0] = 1
curr_subrow_elements[1] = 2
curr_subrow_mult_enables[1] = true
curr_subrow_indices[1] = 2
curr_subrow_elements[2] = 1
curr_subrow_mult_enables[2] = true
curr_subrow_indices[2] = 6
curr_subrow_elements[3] = 4
curr_subrow_mult_enables[3] = true
curr_subrow_indices[3] = 15
mult outs: 0 0 0 0 
curr_subrow_elements[0] = 1
curr_subrow_mult_enables[0] = true
curr_subrow_indices[0] = 22
curr_subrow_elements[1] = 0
curr_subrow_mult_enables[1] = false
curr_subrow_indices[1] = 0
curr_subrow_elements[2] = 0
curr_subrow_mult_enables[2] = false
curr_subrow_indices[2] = 0
curr_subrow_elements[3] = 0
curr_subrow_mult_enables[3] = false
curr_subrow_indices[3] = 0
mult outs: 0 0 0 0 
curr_row: 8
curr_row_len: 5
curr_num_subrows: 2
curr_subrow_elements[0] = 1
curr_subrow_mult_enables[0] = true
curr_subrow_indices[0] = 1
curr_subrow_elements[1] = 1
curr_subrow_mult_enables[1] = true
curr_subrow_indices[1] = 7
curr_subrow_elements[2] = 1
curr_subrow_mult_enables[2] = true
curr_subrow_indices[2] = 9
curr_subrow_elements[3] = 1
curr_subrow_mult_enables[3] = true
curr_subrow_indices[3] = 13
mult outs: 0 0 0 0 
curr_subrow_elements[0] = 1
curr_subrow_mult_enables[0] = true
curr_subrow_indices[0] = 18
curr_subrow_elements[1] = 0
curr_subrow_mult_enables[1] = false
curr_subrow_indices[1] = 0
curr_subrow_elements[2] = 0
curr_subrow_mult_enables[2] = false
curr_subrow_indices[2] = 0
curr_subrow_elements[3] = 0
curr_subrow_mult_enables[3] = false
curr_subrow_indices[3] = 0
mult outs: 0 0 0 0 
curr_row: 9
curr_row_len: 1
curr_num_subrows: 1
curr_subrow_elements[0] = 1
curr_subrow_mult_enables[0] = true
curr_subrow_indices[0] = 1
curr_subrow_elements[1] = 0
curr_subrow_mult_enables[1] = false
curr_subrow_indices[1] = 0
curr_subrow_elements[2] = 0
curr_subrow_mult_enables[2] = false
curr_subrow_indices[2] = 0
curr_subrow_elements[3] = 0
curr_subrow_mult_enables[3] = false
curr_subrow_indices[3] = 0
mult outs: 0 0 0 0 
curr_row: 10
curr_row_len: 7
curr_num_subrows: 2
curr_subrow_elements[0] = 1
curr_subrow_mult_enables[0] = true
curr_subrow_indices[0] = 0
curr_subrow_elements[1] = 2
curr_subrow_mult_enables[1] = true
curr_subrow_indices[1] = 1
curr_subrow_elements[2] = 1
curr_subrow_mult_enables[2] = true
curr_subrow_indices[2] = 2
curr_subrow_elements[3] = 2
curr_subrow_mult_enables[3] = true
curr_subrow_indices[3] = 10
mult outs: 1 0 0 0 
curr_subrow_elements[0] = 2
curr_subrow_mult_enables[0] = true
curr_subrow_indices[0] = 11
curr_subrow_elements[1] = 2
curr_subrow_mult_enables[1] = true
curr_subrow_indices[1] = 20
curr_subrow_elements[2] = 1
curr_subrow_mult_enables[2] = true
curr_subrow_indices[2] = 21
curr_subrow_elements[3] = 0
curr_subrow_mult_enables[3] = false
curr_subrow_indices[3] = 0
mult outs: 0 0 0 0 
curr_row: 11
curr_row_len: 3
curr_num_subrows: 1
curr_subrow_elements[0] = 1
curr_subrow_mult_enables[0] = true
curr_subrow_indices[0] = 10
curr_subrow_elements[1] = 1
curr_subrow_mult_enables[1] = true
curr_subrow_indices[1] = 15
curr_subrow_elements[2] = 3
curr_subrow_mult_enables[2] = true
curr_subrow_indices[2] = 20
curr_subrow_elements[3] = 0
curr_subrow_mult_enables[3] = false
curr_subrow_indices[3] = 0
mult outs: 0 0 0 0 
curr_row: 12
curr_row_len: 3
curr_num_subrows: 1
curr_subrow_elements[0] = 1
curr_subrow_mult_enables[0] = true
curr_subrow_indices[0] = 5
curr_subrow_elements[1] = 1
curr_subrow_mult_enables[1] = true
curr_subrow_indices[1] = 8
curr_subrow_elements[2] = 1
curr_subrow_mult_enables[2] = true
curr_subrow_indices[2] = 22
curr_subrow_elements[3] = 0
curr_subrow_mult_enables[3] = false
curr_subrow_indices[3] = 0
mult outs: 0 0 0 0 
curr_row: 13
curr_row_len: 0
curr_num_subrows: 0
curr_row: 14
curr_row_len: 1
curr_num_subrows: 1
curr_subrow_elements[0] = 1
curr_subrow_mult_enables[0] = true
curr_subrow_indices[0] = 1
curr_subrow_elements[1] = 0
curr_subrow_mult_enables[1] = false
curr_subrow_indices[1] = 0
curr_subrow_elements[2] = 0
curr_subrow_mult_enables[2] = false
curr_subrow_indices[2] = 0
curr_subrow_elements[3] = 0
curr_subrow_mult_enables[3] = false
curr_subrow_indices[3] = 0
mult outs: 0 0 0 0 
curr_row: 15
curr_row_len: 4
curr_num_subrows: 1
curr_subrow_elements[0] = 2
curr_subrow_mult_enables[0] = true
curr_subrow_indices[0] = 2
curr_subrow_elements[1] = 1
curr_subrow_mult_enables[1] = true
curr_subrow_indices[1] = 10
curr_subrow_elements[2] = 1
curr_subrow_mult_enables[2] = true
curr_subrow_indices[2] = 15
curr_subrow_elements[3] = 1
curr_subrow_mult_enables[3] = true
curr_subrow_indices[3] = 20
mult outs: 0 0 0 0 
curr_row: 16
curr_row_len: 4
curr_num_subrows: 1
curr_subrow_elements[0] = 1
curr_subrow_mult_enables[0] = true
curr_subrow_indices[0] = 1
curr_subrow_elements[1] = 1
curr_subrow_mult_enables[1] = true
curr_subrow_indices[1] = 2
curr_subrow_elements[2] = 1
curr_subrow_mult_enables[2] = true
curr_subrow_indices[2] = 10
curr_subrow_elements[3] = 1
curr_subrow_mult_enables[3] = true
curr_subrow_indices[3] = 20
mult outs: 0 0 0 0 
curr_row: 17
curr_row_len: 2
curr_num_subrows: 1
curr_subrow_elements[0] = 1
curr_subrow_mult_enables[0] = true
curr_subrow_indices[0] = 11
curr_subrow_elements[1] = 1
curr_subrow_mult_enables[1] = true
curr_subrow_indices[1] = 22
curr_subrow_elements[2] = 0
curr_subrow_mult_enables[2] = false
curr_subrow_indices[2] = 0
curr_subrow_elements[3] = 0
curr_subrow_mult_enables[3] = false
curr_subrow_indices[3] = 0
mult outs: 0 0 0 0 
curr_row: 18
curr_row_len: 1
curr_num_subrows: 1
curr_subrow_elements[0] = 1
curr_subrow_mult_enables[0] = true
curr_subrow_indices[0] = 8
curr_subrow_elements[1] = 0
curr_subrow_mult_enables[1] = false
curr_subrow_indices[1] = 0
curr_subrow_elements[2] = 0
curr_subrow_mult_enables[2] = false
curr_subrow_indices[2] = 0
curr_subrow_elements[3] = 0
curr_subrow_mult_enables[3] = false
curr_subrow_indices[3] = 0
mult outs: 0 0 0 0 
curr_row: 19
curr_row_len: 0
curr_num_subrows: 0
curr_row: 20
curr_row_len: 6
curr_num_subrows: 2
curr_subrow_elements[0] = 2
curr_subrow_mult_enables[0] = true
curr_subrow_indices[0] = 1
curr_subrow_elements[1] = 1
curr_subrow_mult_enables[1] = true
curr_subrow_indices[1] = 2
curr_subrow_elements[2] = 1
curr_subrow_mult_enables[2] = true
curr_subrow_indices[2] = 10
curr_subrow_elements[3] = 1
curr_subrow_mult_enables[3] = true
curr_subrow_indices[3] = 19
mult outs: 0 0 0 0 
curr_subrow_elements[0] = 1
curr_subrow_mult_enables[0] = true
curr_subrow_indices[0] = 20
curr_subrow_elements[1] = 1
curr_subrow_mult_enables[1] = true
curr_subrow_indices[1] = 22
curr_subrow_elements[2] = 0
curr_subrow_mult_enables[2] = false
curr_subrow_indices[2] = 0
curr_subrow_elements[3] = 0
curr_subrow_mult_enables[3] = false
curr_subrow_indices[3] = 0
mult outs: 0 0 0 0 
curr_row: 21
curr_row_len: 1
curr_num_subrows: 1
curr_subrow_elements[0] = 1
curr_subrow_mult_enables[0] = true
curr_subrow_indices[0] = 20
curr_subrow_elements[1] = 0
curr_subrow_mult_enables[1] = false
curr_subrow_indices[1] = 0
curr_subrow_elements[2] = 0
curr_subrow_mult_enables[2] = false
curr_subrow_indices[2] = 0
curr_subrow_elements[3] = 0
curr_subrow_mult_enables[3] = false
curr_subrow_indices[3] = 0
mult outs: 0 0 0 0 
curr_row: 22
curr_row_len: 3
curr_num_subrows: 1
curr_subrow_elements[0] = 1
curr_subrow_mult_enables[0] = true
curr_subrow_indices[0] = 1
curr_subrow_elements[1] = 2
curr_subrow_mult_enables[1] = true
curr_subrow_indices[1] = 8
curr_subrow_elements[2] = 1
curr_subrow_mult_enables[2] = true
curr_subrow_indices[2] = 20
curr_subrow_elements[3] = 0
curr_subrow_mult_enables[3] = false
curr_subrow_indices[3] = 0
mult outs: 0 0 0 0 
vector_y[0] = 0
vector_y[1] = 0
vector_y[2] = 0
vector_y[3] = 0
vector_y[4] = 0
vector_y[5] = 0
vector_y[6] = 0
vector_y[7] = 0
vector_y[8] = 0
vector_y[9] = 0
vector_y[10] = 2
vector_y[11] = 1
vector_y[12] = 1
vector_y[13] = 0
vector_y[14] = 1
vector_y[15] = 1
vector_y[16] = 1
vector_y[17] = 1
vector_y[18] = 1
vector_y[19] = 0
vector_y[20] = 2
vector_y[21] = 1
vector_y[22] = 1
Wrong value at out index 10
x[0] = 1
x[1] = 0
x[2] = 0
x[3] = 0
x[4] = 0
x[5] = 0
x[6] = 0
x[7] = 0
x[8] = 0
x[9] = 0
x[10] = 0
x[11] = 0
x[12] = 0
x[13] = 0
x[14] = 0
x[15] = 0
x[16] = 0
x[17] = 0
x[18] = 0
x[19] = 0
x[20] = 0
x[21] = 0
x[22] = 0
storage array: 1 0 0 0 0 0 0 0 0 0 0 0 0 0 0 0 0 0 0 0 0 0 0 
curr_row: 0
curr_row_len: 1
curr_num_subrows: 1
curr_subrow_elements[0] = 1
curr_subrow_mult_enables[0] = true
curr_subrow_indices[0] = 20
curr_subrow_elements[1] = 0
curr_subrow_mult_enables[1] = false
curr_subrow_indices[1] = 0
curr_subrow_elements[2] = 0
curr_subrow_mult_enables[2] = false
curr_subrow_indices[2] = 0
curr_subrow_elements[3] = 0
curr_subrow_mult_enables[3] = false
curr_subrow_indices[3] = 0
mult outs: 0 0 0 0 
curr_row: 1
curr_row_len: 4
curr_num_subrows: 1
curr_subrow_elements[0] = 1
curr_subrow_mult_enables[0] = true
curr_subrow_indices[0] = 6
curr_subrow_elements[1] = 2
curr_subrow_mult_enables[1] = true
curr_subrow_indices[1] = 10
curr_subrow_elements[2] = 2
curr_subrow_mult_enables[2] = true
curr_subrow_indices[2] = 12
curr_subrow_elements[3] = 1
curr_subrow_mult_enables[3] = true
curr_subrow_indices[3] = 20
mult outs: 0 0 0 0 
curr_row: 2
curr_row_len: 1
curr_num_subrows: 1
curr_subrow_elements[0] = 2
curr_subrow_mult_enables[0] = true
curr_subrow_indices[0] = 20
curr_subrow_elements[1] = 0
curr_subrow_mult_enables[1] = false
curr_subrow_indices[1] = 0
curr_subrow_elements[2] = 0
curr_subrow_mult_enables[2] = false
curr_subrow_indices[2] = 0
curr_subrow_elements[3] = 0
curr_subrow_mult_enables[3] = false
curr_subrow_indices[3] = 0
mult outs: 0 0 0 0 
curr_row: 3
curr_row_len: 2
curr_num_subrows: 1
curr_subrow_elements[0] = 1
curr_subrow_mult_enables[0] = true
curr_subrow_indices[0] = 1
curr_subrow_elements[1] = 1
curr_subrow_mult_enables[1] = true
curr_subrow_indices[1] = 22
curr_subrow_elements[2] = 0
curr_subrow_mult_enables[2] = false
curr_subrow_indices[2] = 0
curr_subrow_elements[3] = 0
curr_subrow_mult_enables[3] = false
curr_subrow_indices[3] = 0
mult outs: 0 0 0 0 
curr_row: 4
curr_row_len: 1
curr_num_subrows: 1
curr_subrow_elements[0] = 1
curr_subrow_mult_enables[0] = true
curr_subrow_indices[0] = 12
curr_subrow_elements[1] = 0
curr_subrow_mult_enables[1] = false
curr_subrow_indices[1] = 0
curr_subrow_elements[2] = 0
curr_subrow_mult_enables[2] = false
curr_subrow_indices[2] = 0
curr_subrow_elements[3] = 0
curr_subrow_mult_enables[3] = false
curr_subrow_indices[3] = 0
mult outs: 0 0 0 0 
curr_row: 5
curr_row_len: 5
curr_num_subrows: 2
curr_subrow_elements[0] = 1
curr_subrow_mult_enables[0] = true
curr_subrow_indices[0] = 6
curr_subrow_elements[1] = 1
curr_subrow_mult_enables[1] = true
curr_subrow_indices[1] = 12
curr_subrow_elements[2] = 1
curr_subrow_mult_enables[2] = true
curr_subrow_indices[2] = 13
curr_subrow_elements[3] = 1
curr_subrow_mult_enables[3] = true
curr_subrow_indices[3] = 18
mult outs: 0 0 0 0 
curr_subrow_elements[0] = 1
curr_subrow_mult_enables[0] = true
curr_subrow_indices[0] = 20
curr_subrow_elements[1] = 0
curr_subrow_mult_enables[1] = false
curr_subrow_indices[1] = 0
curr_subrow_elements[2] = 0
curr_subrow_mult_enables[2] = false
curr_subrow_indices[2] = 0
curr_subrow_elements[3] = 0
curr_subrow_mult_enables[3] = false
curr_subrow_indices[3] = 0
mult outs: 0 0 0 0 
curr_row: 6
curr_row_len: 4
curr_num_subrows: 1
curr_subrow_elements[0] = 1
curr_subrow_mult_enables[0] = true
curr_subrow_indices[0] = 1
curr_subrow_elements[1] = 1
curr_subrow_mult_enables[1] = true
curr_subrow_indices[1] = 5
curr_subrow_elements[2] = 1
curr_subrow_mult_enables[2] = true
curr_subrow_indices[2] = 12
curr_subrow_elements[3] = 1
curr_subrow_mult_enables[3] = true
curr_subrow_indices[3] = 20
mult outs: 0 0 0 0 
curr_row: 7
curr_row_len: 5
curr_num_subrows: 2
curr_subrow_elements[0] = 1
curr_subrow_mult_enables[0] = true
curr_subrow_indices[0] = 1
curr_subrow_elements[1] = 2
curr_subrow_mult_enables[1] = true
curr_subrow_indices[1] = 2
curr_subrow_elements[2] = 1
curr_subrow_mult_enables[2] = true
curr_subrow_indices[2] = 6
curr_subrow_elements[3] = 4
curr_subrow_mult_enables[3] = true
curr_subrow_indices[3] = 15
mult outs: 0 0 0 0 
curr_subrow_elements[0] = 1
curr_subrow_mult_enables[0] = true
curr_subrow_indices[0] = 22
curr_subrow_elements[1] = 0
curr_subrow_mult_enables[1] = false
curr_subrow_indices[1] = 0
curr_subrow_elements[2] = 0
curr_subrow_mult_enables[2] = false
curr_subrow_indices[2] = 0
curr_subrow_elements[3] = 0
curr_subrow_mult_enables[3] = false
curr_subrow_indices[3] = 0
mult outs: 0 0 0 0 
curr_row: 8
curr_row_len: 5
curr_num_subrows: 2
curr_subrow_elements[0] = 1
curr_subrow_mult_enables[0] = true
curr_subrow_indices[0] = 1
curr_subrow_elements[1] = 1
curr_subrow_mult_enables[1] = true
curr_subrow_indices[1] = 7
curr_subrow_elements[2] = 1
curr_subrow_mult_enables[2] = true
curr_subrow_indices[2] = 9
curr_subrow_elements[3] = 1
curr_subrow_mult_enables[3] = true
curr_subrow_indices[3] = 13
mult outs: 0 0 0 0 
curr_subrow_elements[0] = 1
curr_subrow_mult_enables[0] = true
curr_subrow_indices[0] = 18
curr_subrow_elements[1] = 0
curr_subrow_mult_enables[1] = false
curr_subrow_indices[1] = 0
curr_subrow_elements[2] = 0
curr_subrow_mult_enables[2] = false
curr_subrow_indices[2] = 0
curr_subrow_elements[3] = 0
curr_subrow_mult_enables[3] = false
curr_subrow_indices[3] = 0
mult outs: 0 0 0 0 
curr_row: 9
curr_row_len: 1
curr_num_subrows: 1
curr_subrow_elements[0] = 1
curr_subrow_mult_enables[0] = true
curr_subrow_indices[0] = 1
curr_subrow_elements[1] = 0
curr_subrow_mult_enables[1] = false
curr_subrow_indices[1] = 0
curr_subrow_elements[2] = 0
curr_subrow_mult_enables[2] = false
curr_subrow_indices[2] = 0
curr_subrow_elements[3] = 0
curr_subrow_mult_enables[3] = false
curr_subrow_indices[3] = 0
mult outs: 0 0 0 0 
curr_row: 10
curr_row_len: 7
curr_num_subrows: 2
curr_subrow_elements[0] = 1
curr_subrow_mult_enables[0] = true
curr_subrow_indices[0] = 0
curr_subrow_elements[1] = 2
curr_subrow_mult_enables[1] = true
curr_subrow_indices[1] = 1
curr_subrow_elements[2] = 1
curr_subrow_mult_enables[2] = true
curr_subrow_indices[2] = 2
curr_subrow_elements[3] = 2
curr_subrow_mult_enables[3] = true
curr_subrow_indices[3] = 10
mult outs: 1 0 0 0 
curr_subrow_elements[0] = 2
curr_subrow_mult_enables[0] = true
curr_subrow_indices[0] = 11
curr_subrow_elements[1] = 2
curr_subrow_mult_enables[1] = true
curr_subrow_indices[1] = 20
curr_subrow_elements[2] = 1
curr_subrow_mult_enables[2] = true
curr_subrow_indices[2] = 21
curr_subrow_elements[3] = 0
curr_subrow_mult_enables[3] = false
curr_subrow_indices[3] = 0
mult outs: 0 0 0 0 
curr_row: 11
curr_row_len: 3
curr_num_subrows: 1
curr_subrow_elements[0] = 1
curr_subrow_mult_enables[0] = true
curr_subrow_indices[0] = 10
curr_subrow_elements[1] = 1
curr_subrow_mult_enables[1] = true
curr_subrow_indices[1] = 15
curr_subrow_elements[2] = 3
curr_subrow_mult_enables[2] = true
curr_subrow_indices[2] = 20
curr_subrow_elements[3] = 0
curr_subrow_mult_enables[3] = false
curr_subrow_indices[3] = 0
mult outs: 0 0 0 0 
curr_row: 12
curr_row_len: 3
curr_num_subrows: 1
curr_subrow_elements[0] = 1
curr_subrow_mult_enables[0] = true
curr_subrow_indices[0] = 5
curr_subrow_elements[1] = 1
curr_subrow_mult_enables[1] = true
curr_subrow_indices[1] = 8
curr_subrow_elements[2] = 1
curr_subrow_mult_enables[2] = true
curr_subrow_indices[2] = 22
curr_subrow_elements[3] = 0
curr_subrow_mult_enables[3] = false
curr_subrow_indices[3] = 0
mult outs: 0 0 0 0 
curr_row: 13
curr_row_len: 0
curr_num_subrows: 0
curr_row: 14
curr_row_len: 1
curr_num_subrows: 1
curr_subrow_elements[0] = 1
curr_subrow_mult_enables[0] = true
curr_subrow_indices[0] = 1
curr_subrow_elements[1] = 0
curr_subrow_mult_enables[1] = false
curr_subrow_indices[1] = 0
curr_subrow_elements[2] = 0
curr_subrow_mult_enables[2] = false
curr_subrow_indices[2] = 0
curr_subrow_elements[3] = 0
curr_subrow_mult_enables[3] = false
curr_subrow_indices[3] = 0
mult outs: 0 0 0 0 
curr_row: 15
curr_row_len: 4
curr_num_subrows: 1
curr_subrow_elements[0] = 2
curr_subrow_mult_enables[0] = true
curr_subrow_indices[0] = 2
curr_subrow_elements[1] = 1
curr_subrow_mult_enables[1] = true
curr_subrow_indices[1] = 10
curr_subrow_elements[2] = 1
curr_subrow_mult_enables[2] = true
curr_subrow_indices[2] = 15
curr_subrow_elements[3] = 1
curr_subrow_mult_enables[3] = true
curr_subrow_indices[3] = 20
mult outs: 0 0 0 0 
curr_row: 16
curr_row_len: 4
curr_num_subrows: 1
curr_subrow_elements[0] = 1
curr_subrow_mult_enables[0] = true
curr_subrow_indices[0] = 1
curr_subrow_elements[1] = 1
curr_subrow_mult_enables[1] = true
curr_subrow_indices[1] = 2
curr_subrow_elements[2] = 1
curr_subrow_mult_enables[2] = true
curr_subrow_indices[2] = 10
curr_subrow_elements[3] = 1
curr_subrow_mult_enables[3] = true
curr_subrow_indices[3] = 20
mult outs: 0 0 0 0 
curr_row: 17
curr_row_len: 2
curr_num_subrows: 1
curr_subrow_elements[0] = 1
curr_subrow_mult_enables[0] = true
curr_subrow_indices[0] = 11
curr_subrow_elements[1] = 1
curr_subrow_mult_enables[1] = true
curr_subrow_indices[1] = 22
curr_subrow_elements[2] = 0
curr_subrow_mult_enables[2] = false
curr_subrow_indices[2] = 0
curr_subrow_elements[3] = 0
curr_subrow_mult_enables[3] = false
curr_subrow_indices[3] = 0
mult outs: 0 0 0 0 
curr_row: 18
curr_row_len: 1
curr_num_subrows: 1
curr_subrow_elements[0] = 1
curr_subrow_mult_enables[0] = true
curr_subrow_indices[0] = 8
curr_subrow_elements[1] = 0
curr_subrow_mult_enables[1] = false
curr_subrow_indices[1] = 0
curr_subrow_elements[2] = 0
curr_subrow_mult_enables[2] = false
curr_subrow_indices[2] = 0
curr_subrow_elements[3] = 0
curr_subrow_mult_enables[3] = false
curr_subrow_indices[3] = 0
mult outs: 0 0 0 0 
curr_row: 19
curr_row_len: 0
curr_num_subrows: 0
curr_row: 20
curr_row_len: 6
curr_num_subrows: 2
curr_subrow_elements[0] = 2
curr_subrow_mult_enables[0] = true
curr_subrow_indices[0] = 1
curr_subrow_elements[1] = 1
curr_subrow_mult_enables[1] = true
curr_subrow_indices[1] = 2
curr_subrow_elements[2] = 1
curr_subrow_mult_enables[2] = true
curr_subrow_indices[2] = 10
curr_subrow_elements[3] = 1
curr_subrow_mult_enables[3] = true
curr_subrow_indices[3] = 19
mult outs: 0 0 0 0 
curr_subrow_elements[0] = 1
curr_subrow_mult_enables[0] = true
curr_subrow_indices[0] = 20
curr_subrow_elements[1] = 1
curr_subrow_mult_enables[1] = true
curr_subrow_indices[1] = 22
curr_subrow_elements[2] = 0
curr_subrow_mult_enables[2] = false
curr_subrow_indices[2] = 0
curr_subrow_elements[3] = 0
curr_subrow_mult_enables[3] = false
curr_subrow_indices[3] = 0
mult outs: 0 0 0 0 
curr_row: 21
curr_row_len: 1
curr_num_subrows: 1
curr_subrow_elements[0] = 1
curr_subrow_mult_enables[0] = true
curr_subrow_indices[0] = 20
curr_subrow_elements[1] = 0
curr_subrow_mult_enables[1] = false
curr_subrow_indices[1] = 0
curr_subrow_elements[2] = 0
curr_subrow_mult_enables[2] = false
curr_subrow_indices[2] = 0
curr_subrow_elements[3] = 0
curr_subrow_mult_enables[3] = false
curr_subrow_indices[3] = 0
mult outs: 0 0 0 0 
curr_row: 22
curr_row_len: 3
curr_num_subrows: 1
curr_subrow_elements[0] = 1
curr_subrow_mult_enables[0] = true
curr_subrow_indices[0] = 1
curr_subrow_elements[1] = 2
curr_subrow_mult_enables[1] = true
curr_subrow_indices[1] = 8
curr_subrow_elements[2] = 1
curr_subrow_mult_enables[2] = true
curr_subrow_indices[2] = 20
curr_subrow_elements[3] = 0
curr_subrow_mult_enables[3] = false
curr_subrow_indices[3] = 0
mult outs: 0 0 0 0 
vector_y[0] = 0
vector_y[1] = 0
vector_y[2] = 0
vector_y[3] = 0
vector_y[4] = 0
vector_y[5] = 0
vector_y[6] = 0
vector_y[7] = 0
vector_y[8] = 0
vector_y[9] = 0
vector_y[10] = 2
vector_y[11] = 1
vector_y[12] = 1
vector_y[13] = 0
vector_y[14] = 1
vector_y[15] = 1
vector_y[16] = 1
vector_y[17] = 1
vector_y[18] = 1
vector_y[19] = 0
vector_y[20] = 2
vector_y[21] = 1
vector_y[22] = 1
Wrong value at out index 10
