

================================================================
== Vitis HLS Report for 'reduce'
================================================================
* Date:           Fri May 13 23:48:26 2022

* Version:        2021.2 (Build 3367213 on Tue Oct 19 02:47:39 MDT 2021)
* Project:        SPMV_CSR
* Solution:       solution1 (Vivado IP Flow Target)
* Product family: zynq
* Target device:  xc7z020-clg400-1


================================================================
== Performance Estimates
================================================================
+ Timing: 
    * Summary: 
    +--------+----------+----------+------------+
    |  Clock |  Target  | Estimated| Uncertainty|
    +--------+----------+----------+------------+
    |ap_clk  |  10.00 ns|  5.036 ns|     2.70 ns|
    +--------+----------+----------+------------+

+ Latency: 
    * Summary: 
    +---------+---------+-----------+-----------+-----+-----+---------+
    |  Latency (cycles) |   Latency (absolute)  |  Interval | Pipeline|
    |   min   |   max   |    min    |    max    | min | max |   Type  |
    +---------+---------+-----------+-----------+-----+-----+---------+
    |        2|        2|  20.000 ns|  20.000 ns|    1|    1|      yes|
    +---------+---------+-----------+-----------+-----+-----+---------+

    + Detail: 
        * Instance: 
        N/A

        * Loop: 
        N/A



================================================================
== Utilization Estimates
================================================================
* Summary: 
+-----------------+---------+-----+--------+-------+-----+
|       Name      | BRAM_18K| DSP |   FF   |  LUT  | URAM|
+-----------------+---------+-----+--------+-------+-----+
|DSP              |        -|    -|       -|      -|    -|
|Expression       |        -|    -|       0|    202|    -|
|FIFO             |        -|    -|       -|      -|    -|
|Instance         |        -|    -|       -|      -|    -|
|Memory           |        -|    -|       -|      -|    -|
|Multiplexer      |        -|    -|       -|    281|    -|
|Register         |        -|    -|     650|      -|    -|
+-----------------+---------+-----+--------+-------+-----+
|Total            |        0|    0|     650|    483|    0|
+-----------------+---------+-----+--------+-------+-----+
|Available        |      280|  220|  106400|  53200|    0|
+-----------------+---------+-----+--------+-------+-----+
|Utilization (%)  |        0|    0|      ~0|     ~0|    0|
+-----------------+---------+-----+--------+-------+-----+

+ Detail: 
    * Instance: 
    N/A

    * DSP: 
    N/A

    * Memory: 
    N/A

    * FIFO: 
    N/A

    * Expression: 
    +---------------------------+----------+----+---+----+------------+------------+
    |       Variable Name       | Operation| DSP| FF| LUT| Bitwidth P0| Bitwidth P1|
    +---------------------------+----------+----+---+----+------------+------------+
    |add_ln35_1_fu_360_p2       |         +|   0|  0|  39|          32|           1|
    |add_ln35_fu_281_p2         |         +|   0|  0|  39|          32|           1|
    |level_out_value_fu_303_p2  |         +|   0|  0|  39|          32|          32|
    |out_data_value_fu_420_p2   |         +|   0|  0|  39|          32|          32|
    |ap_condition_139           |       and|   0|  0|   2|           1|           1|
    |ap_condition_151           |       and|   0|  0|   2|           1|           1|
    |ap_condition_369           |       and|   0|  0|   2|           1|           1|
    |icmp_ln18_1_fu_398_p2      |      icmp|   0|  0|  17|          31|           1|
    |icmp_ln18_fu_328_p2        |      icmp|   0|  0|  17|          31|           1|
    |ap_condition_131           |        or|   0|  0|   2|           1|           1|
    |ap_condition_186           |        or|   0|  0|   2|           1|           1|
    |ap_enable_pp0              |       xor|   0|  0|   2|           1|           2|
    +---------------------------+----------+----+---+----+------------+------------+
    |Total                      |          |   0|  0| 202|         196|          75|
    +---------------------------+----------+----+---+----+------------+------------+

    * Multiplexer: 
    +------------------------------------------------------------------------+----+-----------+-----+-----------+
    |                                  Name                                  | LUT| Input Size| Bits| Total Bits|
    +------------------------------------------------------------------------+----+-----------+-----+-----------+
    |ap_phi_mux_level_out_017_31_phi_fu_104_p6                               |  20|          4|   32|        128|
    |ap_phi_mux_level_out_value_1_phi_fu_70_p4                               |  14|          3|   32|         96|
    |ap_phi_mux_out_data_0_35_phi_fu_213_p6                                  |  20|          4|   32|        128|
    |ap_phi_mux_reducer_circuit_levels_buffer_value_1_0_loc_0_phi_fu_117_p4  |  14|          3|   32|         96|
    |ap_phi_mux_reducer_circuit_levels_num_items_0_new_0_phi_fu_91_p6        |  14|          3|   32|         96|
    |ap_phi_mux_reducer_circuit_levels_num_items_0_new_1_phi_fu_128_p4       |  14|          3|   32|         96|
    |ap_phi_mux_reducer_circuit_levels_num_items_1_flag_1_phi_fu_185_p6      |  14|          3|    1|          3|
    |ap_phi_mux_reducer_circuit_levels_num_items_1_flag_2_phi_fu_227_p4      |  14|          3|    1|          3|
    |ap_phi_mux_reducer_circuit_levels_num_items_1_new_1_phi_fu_199_p6       |  14|          3|   32|         96|
    |ap_phi_mux_reducer_circuit_levels_num_items_1_new_2_phi_fu_238_p4       |  14|          3|   32|         96|
    |ap_phi_reg_pp0_iter1_level_out_label_reg_78                             |  14|          3|   32|         96|
    |ap_phi_reg_pp0_iter2_empty_reg_173                                      |  14|          3|   32|         96|
    |ap_phi_reg_pp0_iter2_level_out_118_32_reg_135                           |  14|          3|   32|         96|
    |ap_phi_reg_pp0_iter2_out_data_value_1_reg_163                           |  14|          3|   32|         96|
    |ap_phi_reg_pp0_iter2_reducer_circuit_levels_num_items_1_flag_0_reg_150  |  14|          3|    1|          3|
    |ap_sig_allocacmp_out_data_label                                         |   9|          2|   32|         64|
    |ap_sig_allocacmp_reducer_circuit_levels_buffer_value_0_1_load           |   9|          2|   32|         64|
    |ap_sig_allocacmp_reducer_circuit_levels_num_items_0_load                |   9|          2|   32|         64|
    |ap_sig_allocacmp_reducer_circuit_levels_num_items_1_load                |   9|          2|   32|         64|
    |ap_sig_allocacmp_reducer_circuit_levels_valid_1_load                    |   9|          2|    1|          2|
    |level_out_value_1_reg_67                                                |  14|          3|   32|         96|
    +------------------------------------------------------------------------+----+-----------+-----+-----------+
    |Total                                                                   | 281|         60|  548|       1579|
    +------------------------------------------------------------------------+----+-----------+-----+-----------+

    * Register: 
    +------------------------------------------------------------------------+----+----+-----+-----------+
    |                                  Name                                  | FF | LUT| Bits| Const Bits|
    +------------------------------------------------------------------------+----+----+-----+-----------+
    |add_ln35_reg_454                                                        |  32|   0|   32|          0|
    |ap_CS_fsm                                                               |   1|   0|    1|          0|
    |ap_enable_reg_pp0_iter1                                                 |   1|   0|    1|          0|
    |ap_enable_reg_pp0_iter2                                                 |   1|   0|    1|          0|
    |ap_phi_reg_pp0_iter1_empty_reg_173                                      |  32|   0|   32|          0|
    |ap_phi_reg_pp0_iter1_level_out_118_32_reg_135                           |  32|   0|   32|          0|
    |ap_phi_reg_pp0_iter1_level_out_label_reg_78                             |  32|   0|   32|          0|
    |ap_phi_reg_pp0_iter1_out_data_value_1_reg_163                           |  32|   0|   32|          0|
    |ap_phi_reg_pp0_iter1_reducer_circuit_levels_num_items_1_flag_0_reg_150  |   1|   0|    1|          0|
    |ap_phi_reg_pp0_iter2_empty_reg_173                                      |  32|   0|   32|          0|
    |ap_phi_reg_pp0_iter2_level_out_118_32_reg_135                           |  32|   0|   32|          0|
    |ap_phi_reg_pp0_iter2_out_data_value_1_reg_163                           |  32|   0|   32|          0|
    |ap_phi_reg_pp0_iter2_reducer_circuit_levels_num_items_1_flag_0_reg_150  |   1|   0|    1|          0|
    |icmp_ln18_reg_475                                                       |   1|   0|    1|          0|
    |level_out_value_1_reg_67                                                |  32|   0|   32|          0|
    |level_out_value_reg_460                                                 |  32|   0|   32|          0|
    |reducer_circuit_levels_buffer_label_0_0                                 |  32|   0|   32|          0|
    |reducer_circuit_levels_buffer_label_1_0                                 |  32|   0|   32|          0|
    |reducer_circuit_levels_buffer_value_0_0                                 |  32|   0|   32|          0|
    |reducer_circuit_levels_buffer_value_0_1                                 |  32|   0|   32|          0|
    |reducer_circuit_levels_buffer_value_1_0                                 |  32|   0|   32|          0|
    |reducer_circuit_levels_buffer_value_1_1                                 |  32|   0|   32|          0|
    |reducer_circuit_levels_num_items_0                                      |  32|   0|   32|          0|
    |reducer_circuit_levels_num_items_0_load_reg_442                         |  32|   0|   32|          0|
    |reducer_circuit_levels_num_items_0_load_reg_442_pp0_iter1_reg           |  32|   0|   32|          0|
    |reducer_circuit_levels_num_items_1                                      |  32|   0|   32|          0|
    |reducer_circuit_levels_valid_0                                          |   1|   0|    1|          0|
    |reducer_circuit_levels_valid_0_load_reg_479                             |   1|   0|    1|          0|
    |reducer_circuit_levels_valid_1                                          |   1|   0|    1|          0|
    |trunc_ln34_1_reg_483                                                    |   1|   0|    1|          0|
    +------------------------------------------------------------------------+----+----+-----+-----------+
    |Total                                                                   | 650|   0|  650|          0|
    +------------------------------------------------------------------------+----+----+-----+-----------+



================================================================
== Interface
================================================================
* Summary: 
+--------------+-----+-----+------------+--------------+--------------+
|   RTL Ports  | Dir | Bits|  Protocol  | Source Object|    C Type    |
+--------------+-----+-----+------------+--------------+--------------+
|ap_clk        |   in|    1|  ap_ctrl_hs|        reduce|  return value|
|ap_rst        |   in|    1|  ap_ctrl_hs|        reduce|  return value|
|ap_start      |   in|    1|  ap_ctrl_hs|        reduce|  return value|
|ap_done       |  out|    1|  ap_ctrl_hs|        reduce|  return value|
|ap_idle       |  out|    1|  ap_ctrl_hs|        reduce|  return value|
|ap_ready      |  out|    1|  ap_ctrl_hs|        reduce|  return value|
|out_r         |  out|   32|      ap_vld|         out_r|       pointer|
|out_r_ap_vld  |  out|    1|      ap_vld|         out_r|       pointer|
|value_r       |   in|   32|     ap_none|       value_r|        scalar|
|label_r       |   in|   32|     ap_none|       label_r|        scalar|
+--------------+-----+-----+------------+--------------+--------------+

