INFO-FLOW: Workspace /home/shivaubuntu/HLS_project/sparseMatrixAccelerator/src/HLS_CISR/HLS_CISR_runtime_spmv/solution1 opened at Sat Apr 16 16:13:56 IST 2022
Execute     ap_set_clock -name default -period 10 -default=false 
INFO: [SYN 201-201] Setting up clock 'default' with a period of 10ns.
Execute     import_lib /Xilinx/Vitis_HLS/2020.2/common/technology/xilinx/zynq/zynq 
Execute       source /Xilinx/Vitis_HLS/2020.2/common/technology/xilinx/interface/xilinx_interface.hlp 
Execute         source /Xilinx/Vitis_HLS/2020.2/common/technology/xilinx/interface/maxi.hlp 
Execute         source /Xilinx/Vitis_HLS/2020.2/common/technology/xilinx/interface/saxilite.hlp 
Execute       source /Xilinx/Vitis_HLS/2020.2/common/technology/xilinx/DSP48/dsp48.hlp 
Execute     source /Xilinx/Vitis_HLS/2020.2/common/technology/xilinx/common/xilinx.gen 
Execute       source /Xilinx/Vitis_HLS/2020.2/common/technology/xilinx/interface/plb46.gen 
Execute       source /Xilinx/Vitis_HLS/2020.2/common/technology/xilinx/interface/axi4.gen 
Execute       source /Xilinx/Vitis_HLS/2020.2/common/technology/xilinx/interface/nativeAXI4.gen 
Execute         source /Xilinx/Vitis_HLS/2020.2/common/technology/xilinx/interface/saxilite.gen 
Execute         source /Xilinx/Vitis_HLS/2020.2/common/technology/xilinx/interface/maxi.gen 
Execute       source /Xilinx/Vitis_HLS/2020.2/common/technology/xilinx/scripts/xilinxcoregen.gen 
Execute       source /Xilinx/Vitis_HLS/2020.2/common/technology/xilinx/interface/XilEDKCoreGen.gen 
Execute       source /Xilinx/Vitis_HLS/2020.2/common/technology/xilinx/ip/dds_compiler.gen 
Execute       source /Xilinx/Vitis_HLS/2020.2/common/technology/xilinx/ip/util.gen 
Execute       source /Xilinx/Vitis_HLS/2020.2/common/technology/xilinx/ip/xfft.gen 
Execute       source /Xilinx/Vitis_HLS/2020.2/common/technology/xilinx/ip/xfir.gen 
Execute       source /Xilinx/Vitis_HLS/2020.2/common/technology/xilinx/DSP48/dsp48.gen 
Command     ap_source done; 0.12 sec.
Execute     import_lib /Xilinx/Vitis_HLS/2020.2/common/technology/xilinx/zynq/zynq_fpv6 
Execute       source /Xilinx/Vitis_HLS/2020.2/common/technology/xilinx/interface/xilinx_interface.hlp 
Execute         source /Xilinx/Vitis_HLS/2020.2/common/technology/xilinx/interface/maxi.hlp 
Execute         source /Xilinx/Vitis_HLS/2020.2/common/technology/xilinx/interface/saxilite.hlp 
Execute       source /Xilinx/Vitis_HLS/2020.2/common/technology/xilinx/DSP48/dsp48.hlp 
Execute     source /Xilinx/Vitis_HLS/2020.2/common/technology/xilinx/common/xilinx.gen 
Execute       source /Xilinx/Vitis_HLS/2020.2/common/technology/xilinx/interface/plb46.gen 
Execute       source /Xilinx/Vitis_HLS/2020.2/common/technology/xilinx/interface/axi4.gen 
Execute       source /Xilinx/Vitis_HLS/2020.2/common/technology/xilinx/interface/nativeAXI4.gen 
Execute         source /Xilinx/Vitis_HLS/2020.2/common/technology/xilinx/interface/saxilite.gen 
Execute         source /Xilinx/Vitis_HLS/2020.2/common/technology/xilinx/interface/maxi.gen 
Execute       source /Xilinx/Vitis_HLS/2020.2/common/technology/xilinx/scripts/xilinxcoregen.gen 
Execute       source /Xilinx/Vitis_HLS/2020.2/common/technology/xilinx/interface/XilEDKCoreGen.gen 
Execute       source /Xilinx/Vitis_HLS/2020.2/common/technology/xilinx/ip/dds_compiler.gen 
Execute       source /Xilinx/Vitis_HLS/2020.2/common/technology/xilinx/ip/util.gen 
Execute       source /Xilinx/Vitis_HLS/2020.2/common/technology/xilinx/ip/xfft.gen 
Execute       source /Xilinx/Vitis_HLS/2020.2/common/technology/xilinx/ip/xfir.gen 
Execute       source /Xilinx/Vitis_HLS/2020.2/common/technology/xilinx/DSP48/dsp48.gen 
Execute     set_part xc7z020clg400-1 
INFO-FLOW: DBG:set_part: XILINX_VIVADO=/Xilinx/Vivado/2020.2
INFO-FLOW: DBG:set_part: RDI_DATADIR=/Xilinx/Vivado/2020.2/data:/Xilinx/Vitis_HLS/2020.2/data
Execute       ap_part_info -name xc7z020clg400-1 -data single -quiet 
DBG:HLSDevice: Trying to load device library: /Xilinx/Vitis_HLS/2020.2/lib/lnx64.o/librdi_hlsvwrap.so
DBG:HLSDevice: first parts/arch.xml in RDI_DATADIR: /Xilinx/Vivado/2020.2/data/parts/arch.xml
Command       ap_part_info done; 1.31 sec.
Execute       ap_part_info -name xc7z020clg400-1 -data info 
Execute       add_library xilinx/zynq/zynq:xc7z020:-clg400:-1 
Execute         get_default_platform 
Execute         open_platform DefaultPlatform 
Execute         ap_part_info -data single -name xc7z020-clg400-1 
Execute         ap_part_info -name xc7z020-clg400-1 -data resources 
Execute         config_chip_info -resource {SLICE 13300} {LUT 53200} {FF 106400} {DSP 220} {BRAM 280} {URAM 0} 
Execute         ap_part_info -name xc7z020-clg400-1 -data info 
Execute         config_chip_info -speed slow 
Execute         ap_part_info -name xc7z020-clg400-1 -data info 
Execute         config_library_info -library zynq_slow 
Execute         config_library_info -family zynq 
Execute         config_library_info -part xc7z020:-clg400:-1 
Execute         import_lib /Xilinx/Vitis_HLS/2020.2/common/technology/xilinx/zynq/zynq 
Execute           source /Xilinx/Vitis_HLS/2020.2/common/technology/xilinx/interface/xilinx_interface.hlp 
Execute             source /Xilinx/Vitis_HLS/2020.2/common/technology/xilinx/interface/maxi.hlp 
Execute             source /Xilinx/Vitis_HLS/2020.2/common/technology/xilinx/interface/saxilite.hlp 
Execute           source /Xilinx/Vitis_HLS/2020.2/common/technology/xilinx/DSP48/dsp48.hlp 
Execute           source /Xilinx/Vitis_HLS/2020.2/common/technology/xilinx/DSP48/zynq_dsp48e1.hlp 
Execute         source /Xilinx/Vitis_HLS/2020.2/common/technology/xilinx/common/xilinx.gen 
Execute           source /Xilinx/Vitis_HLS/2020.2/common/technology/xilinx/interface/plb46.gen 
Execute           source /Xilinx/Vitis_HLS/2020.2/common/technology/xilinx/interface/axi4.gen 
Execute           source /Xilinx/Vitis_HLS/2020.2/common/technology/xilinx/interface/nativeAXI4.gen 
Execute             source /Xilinx/Vitis_HLS/2020.2/common/technology/xilinx/interface/saxilite.gen 
Execute             source /Xilinx/Vitis_HLS/2020.2/common/technology/xilinx/interface/maxi.gen 
Execute           source /Xilinx/Vitis_HLS/2020.2/common/technology/xilinx/scripts/xilinxcoregen.gen 
Execute           source /Xilinx/Vitis_HLS/2020.2/common/technology/xilinx/interface/XilEDKCoreGen.gen 
Execute           source /Xilinx/Vitis_HLS/2020.2/common/technology/xilinx/ip/dds_compiler.gen 
Execute           source /Xilinx/Vitis_HLS/2020.2/common/technology/xilinx/ip/util.gen 
Execute           source /Xilinx/Vitis_HLS/2020.2/common/technology/xilinx/ip/xfft.gen 
Execute           source /Xilinx/Vitis_HLS/2020.2/common/technology/xilinx/ip/xfir.gen 
Execute           source /Xilinx/Vitis_HLS/2020.2/common/technology/xilinx/DSP48/dsp48.gen 
Command         ap_source done; 0.11 sec.
Command       add_library done; 0.24 sec.
INFO: [HLS 200-10] Setting target device to 'xc7z020-clg400-1'
Execute       ap_part_info -name xc7z020-clg400-1 -data info 
Execute       config_compile -quiet -complex-mul-dsp=0 
Command     set_part done; 1.62 sec.
Execute     ap_part_info -data single -name xc7z020clg400-1 
Execute     ap_part_info -name xc7z020clg400-1 -data resources 
Execute     config_chip_info -resource {SLICE 13300} {LUT 53200} {FF 106400} {DSP 220} {BRAM 280} {URAM 0} 
Execute     ap_part_info -name xc7z020clg400-1 -data info 
Execute     config_chip_info -speed slow 
Execute     send_msg_by_id INFO @200-1505@%s%s  vivado 
INFO: [HLS 200-1505] Using flow_target 'vivado'
Execute     get_config_interface -m_axi_latency 
Execute     get_config_interface -m_axi_alignment_byte_size 
Execute     get_config_interface -m_axi_max_widen_bitwidth 
Execute     get_config_interface -default_interface 
Execute     get_config_interface -m_axi_offset 
Execute     get_config_rtl -register_reset_num 
Command   open_solution done; 1.9 sec.
Execute   set_part xc7z020clg400-1 
INFO: [HLS 200-1510] Running: set_part xc7z020clg400-1 
INFO-FLOW: DBG:set_part: XILINX_VIVADO=/Xilinx/Vivado/2020.2
INFO-FLOW: DBG:set_part: RDI_DATADIR=/Xilinx/Vivado/2020.2/data:/Xilinx/Vitis_HLS/2020.2/data
Execute     ap_part_info -name xc7z020clg400-1 -data single -quiet 
Execute     ap_part_info -name xc7z020clg400-1 -data info 
Execute     add_library xilinx/zynq/zynq:xc7z020:-clg400:-1 
Execute       get_default_platform 
Execute       open_platform DefaultPlatform 
Execute       ap_part_info -data single -name xc7z020-clg400-1 
Execute       ap_part_info -name xc7z020-clg400-1 -data resources 
Execute       config_chip_info -resource {SLICE 13300} {LUT 53200} {FF 106400} {DSP 220} {BRAM 280} {URAM 0} 
Execute       ap_part_info -name xc7z020-clg400-1 -data info 
Execute       config_chip_info -speed slow 
Execute       ap_part_info -name xc7z020-clg400-1 -data info 
Execute       config_library_info -library zynq_slow 
Execute       config_library_info -family zynq 
Execute       config_library_info -part xc7z020:-clg400:-1 
Execute       import_lib /Xilinx/Vitis_HLS/2020.2/common/technology/xilinx/zynq/zynq 
Execute         source /Xilinx/Vitis_HLS/2020.2/common/technology/xilinx/interface/xilinx_interface.hlp 
Execute           source /Xilinx/Vitis_HLS/2020.2/common/technology/xilinx/interface/maxi.hlp 
Execute           source /Xilinx/Vitis_HLS/2020.2/common/technology/xilinx/interface/saxilite.hlp 
Execute         source /Xilinx/Vitis_HLS/2020.2/common/technology/xilinx/DSP48/dsp48.hlp 
Execute         source /Xilinx/Vitis_HLS/2020.2/common/technology/xilinx/DSP48/zynq_dsp48e1.hlp 
Execute       source /Xilinx/Vitis_HLS/2020.2/common/technology/xilinx/common/xilinx.gen 
Execute         source /Xilinx/Vitis_HLS/2020.2/common/technology/xilinx/interface/plb46.gen 
Execute         source /Xilinx/Vitis_HLS/2020.2/common/technology/xilinx/interface/axi4.gen 
Execute         source /Xilinx/Vitis_HLS/2020.2/common/technology/xilinx/interface/nativeAXI4.gen 
Execute           source /Xilinx/Vitis_HLS/2020.2/common/technology/xilinx/interface/saxilite.gen 
Execute           source /Xilinx/Vitis_HLS/2020.2/common/technology/xilinx/interface/maxi.gen 
Execute         source /Xilinx/Vitis_HLS/2020.2/common/technology/xilinx/scripts/xilinxcoregen.gen 
Execute         source /Xilinx/Vitis_HLS/2020.2/common/technology/xilinx/interface/XilEDKCoreGen.gen 
Execute         source /Xilinx/Vitis_HLS/2020.2/common/technology/xilinx/ip/dds_compiler.gen 
Execute         source /Xilinx/Vitis_HLS/2020.2/common/technology/xilinx/ip/util.gen 
Execute         source /Xilinx/Vitis_HLS/2020.2/common/technology/xilinx/ip/xfft.gen 
Execute         source /Xilinx/Vitis_HLS/2020.2/common/technology/xilinx/ip/xfir.gen 
Execute         source /Xilinx/Vitis_HLS/2020.2/common/technology/xilinx/DSP48/dsp48.gen 
Command       ap_source done; 0.11 sec.
Command     add_library done; 0.18 sec.
Execute     ap_part_info -name xc7z020-clg400-1 -data info 
Execute     config_compile -quiet -complex-mul-dsp=0 
Command   set_part done; 0.23 sec.
Execute   create_clock -period 10 -name default 
INFO: [HLS 200-1510] Running: create_clock -period 10 -name default 
Execute     ap_set_clock -name default -period 10 -default=false 
INFO: [SYN 201-201] Setting up clock 'default' with a period of 10ns.
Execute   csynth_design 
INFO: [HLS 200-1510] Running: csynth_design 
Execute     get_config_compile -effort 
Execute     get_config_compile -enable_clang39 
Execute     get_config_compile -g 
Execute     get_config_compile -ng 
Execute     get_config_compile -opt_fp 
Execute     get_config_compile -skip_cdt 
Execute     get_config_compile -skip_syncheck 
Execute     get_config_compile -skip_transform 
Execute     get_config_compile -keep_printf 
Execute     elaborate -effort=medium -skip_syncheck=0 -keep_printf=0 -skip_cdt=0 -skip_transform=0 -ng=0 -g=0 -opt_fp=0 -from_csynth_design=1 
INFO: [HLS 200-111] Finished File checks and directory preparation: CPU user time: 0.02 seconds. CPU system time: 0 seconds. Elapsed time: 0.01 seconds; current allocated memory: 92.966 MB.
INFO: [HLS 200-10] Analyzing design file 'HLS_CISR_spmv_accel.cpp' ... 
INFO-FLOW: Compiling one TU...
Execute       get_config_compile -pragma_strict_mode 
INFO-FLOW: Handling HLS_CISR_spmv_accel.cpp as C++
Execute       ap_part_info -name xc7z020-clg400-1 -data info 
INFO-FLOW: Running: GCC PP 39
INFO-FLOW: Source preprocessing
Execute       ap_eval exec -ignorestderr /Xilinx/Vitis_HLS/2020.2/lnx64/tools/clang-3.9-csynth/bin/clang HLS_CISR_spmv_accel.cpp -foptimization-record-file=/home/shivaubuntu/HLS_project/sparseMatrixAccelerator/src/HLS_CISR/HLS_CISR_runtime_spmv/solution1/.autopilot/db/clang.HLS_CISR_spmv_accel.cpp.diag.yml -mllvm -pass-remarks-missed=reflow|pasta|unroll -mllvm -pass-remarks=reflow|pasta|unroll|inline -fno-limit-debug-info -gcc-toolchain /Xilinx/Vitis_HLS/2020.2/tps/lnx64/gcc-6.2.0 -fhls -fno-exceptions -E -fno-math-errno -c -emit-llvm -mllvm -disable-llvm-optzns -Werror=implicit-function-declaration -Werror=implicit-hls-streams -Werror=return-type -Wpragmas -Wunused-parameter -fno-threadsafe-statics -fno-use-cxa-atexit -std=gnu++14 -target fpga64-xilinx-linux-gnu -fno-threadsafe-statics -fno-use-cxa-atexit -I /Xilinx/Vitis_HLS/2020.2/common/technology/autopilot/39 -D__VITIS_HLS__ -DAESL_SYN -D__SYNTHESIS__ -D__HLS_SYN__ -I /Xilinx/Vitis_HLS/2020.2/common/technology/autopilot -I /Xilinx/Vitis_HLS/2020.2/common/technology/autopilot/ap_sysc -include etc/autopilot_ssdm_op.h -D__DSP48E1__ -o /home/shivaubuntu/HLS_project/sparseMatrixAccelerator/src/HLS_CISR/HLS_CISR_runtime_spmv/solution1/.autopilot/db/HLS_CISR_spmv_accel.pp.0.cpp > /home/shivaubuntu/HLS_project/sparseMatrixAccelerator/src/HLS_CISR/HLS_CISR_runtime_spmv/solution1/.autopilot/db/clang.HLS_CISR_spmv_accel.cpp.out.log 2> /home/shivaubuntu/HLS_project/sparseMatrixAccelerator/src/HLS_CISR/HLS_CISR_runtime_spmv/solution1/.autopilot/db/clang.HLS_CISR_spmv_accel.cpp.err.log 
Command       ap_eval done; 0.24 sec.
INFO-FLOW: Done: GCC PP 39 time: 0.2 seconds per iteration
Execute       set_directive_top HLS_CISR_spmv_accel -name=HLS_CISR_spmv_accel 
INFO-FLOW: Setting directive 'TOP' name=HLS_CISR_spmv_accel 
INFO-FLOW: Setting directive 'TOP' name=HLS_CISR_spmv_accel 
Execute       source /Xilinx/Vitis_HLS/2020.2/tps/tcl/tcllib1.11.1/yaml/huddle.tcl 
Execute       source /Xilinx/Vitis_HLS/2020.2/tps/tcl/tcllib1.11.1/yaml/json2huddle.tcl 
Execute         source /Xilinx/Vitis_HLS/2020.2/tps/tcl/tcllib1.11.1/try/try.tcl 
INFO-FLOW: Setting directive 'TOP' name=HLS_CISR_spmv_accel 
Execute       list_core -type functional_unit 
Execute       clang_tidy xilinx-systemc-detector /home/shivaubuntu/HLS_project/sparseMatrixAccelerator/src/HLS_CISR/HLS_CISR_runtime_spmv/solution1/.autopilot/db/HLS_CISR_spmv_accel.pp.0.cpp std=gnu++14 -target fpga  -directive=/home/shivaubuntu/HLS_project/sparseMatrixAccelerator/src/HLS_CISR/HLS_CISR_runtime_spmv/solution1/.autopilot/db/.systemc_flag 
INFO-FLOW: exec /Xilinx/Vitis_HLS/2020.2/lnx64/tools/clang-3.9-csynth/bin/clang-tidy -header-filter=.* --checks=-*,xilinx-systemc-detector -import-directive=/home/shivaubuntu/HLS_project/sparseMatrixAccelerator/src/HLS_CISR/HLS_CISR_runtime_spmv/solution1/.autopilot/db/.systemc_flag -fix-errors /home/shivaubuntu/HLS_project/sparseMatrixAccelerator/src/HLS_CISR/HLS_CISR_runtime_spmv/solution1/.autopilot/db/HLS_CISR_spmv_accel.pp.0.cpp -- -std=gnu++14 -target fpga -fhls -ferror-limit=0
Command       clang_tidy done; 0.13 sec.
INFO-FLOW: Running: clang-tidy CDT preprocess 39
Execute       clang_tidy xilinx-directive2pragma /home/shivaubuntu/HLS_project/sparseMatrixAccelerator/src/HLS_CISR/HLS_CISR_runtime_spmv/solution1/.autopilot/db/HLS_CISR_spmv_accel.pp.0.cpp std=gnu++14 -target fpga  -directive=/home/shivaubuntu/HLS_project/sparseMatrixAccelerator/src/HLS_CISR/HLS_CISR_runtime_spmv/solution1/.autopilot/db/all.directive.json 
INFO-FLOW: exec /Xilinx/Vitis_HLS/2020.2/lnx64/tools/clang-3.9-csynth/bin/clang-tidy -header-filter=.* --checks=-*,xilinx-directive2pragma -import-directive=/home/shivaubuntu/HLS_project/sparseMatrixAccelerator/src/HLS_CISR/HLS_CISR_runtime_spmv/solution1/.autopilot/db/all.directive.json -fix-errors /home/shivaubuntu/HLS_project/sparseMatrixAccelerator/src/HLS_CISR/HLS_CISR_runtime_spmv/solution1/.autopilot/db/HLS_CISR_spmv_accel.pp.0.cpp -- -std=gnu++14 -target fpga -fhls -ferror-limit=0
Execute       clang_tidy xilinx-constantarray-param,xilinx-remove-assert /home/shivaubuntu/HLS_project/sparseMatrixAccelerator/src/HLS_CISR/HLS_CISR_runtime_spmv/solution1/.autopilot/db/HLS_CISR_spmv_accel.pp.0.cpp std=gnu++14 -target fpga  
INFO-FLOW: exec /Xilinx/Vitis_HLS/2020.2/lnx64/tools/clang-3.9-csynth/bin/clang-tidy -header-filter=.* --checks=-*,xilinx-constantarray-param,xilinx-remove-assert -fix-errors /home/shivaubuntu/HLS_project/sparseMatrixAccelerator/src/HLS_CISR/HLS_CISR_runtime_spmv/solution1/.autopilot/db/HLS_CISR_spmv_accel.pp.0.cpp -- -std=gnu++14 -target fpga -fhls -ferror-limit=0
INFO-FLOW: Done: clang-tidy CDT preprocess 39 time: 0.1 seconds per iteration
INFO-FLOW: Calling xilinx-label-all-loops ... 
Execute       clang_tidy -errorcheck xilinx-label-all-loops,xilinx-top-parameters,xilinx-array-stream-check,xilinx-warn-mayneed-no-ctor-attribute /home/shivaubuntu/HLS_project/sparseMatrixAccelerator/src/HLS_CISR/HLS_CISR_runtime_spmv/solution1/.autopilot/db/HLS_CISR_spmv_accel.pp.0.cpp std=gnu++14 -target fpga  
Execute         ap_eval exec -ignorestderr /Xilinx/Vitis_HLS/2020.2/lnx64/tools/clang-3.9-csynth/bin/clang-tidy -export-fixes=/home/shivaubuntu/HLS_project/sparseMatrixAccelerator/src/HLS_CISR/HLS_CISR_runtime_spmv/solution1/.autopilot/db/clang-tidy.HLS_CISR_spmv_accel.pp.0.cpp.diag.yml -header-filter=.* --checks=-*,xilinx-label-all-loops,xilinx-top-parameters,xilinx-array-stream-check,xilinx-warn-mayneed-no-ctor-attribute -fix-errors /home/shivaubuntu/HLS_project/sparseMatrixAccelerator/src/HLS_CISR/HLS_CISR_runtime_spmv/solution1/.autopilot/db/HLS_CISR_spmv_accel.pp.0.cpp -- -std=gnu++14 -target fpga -fhls -ferror-limit=0 > /home/shivaubuntu/HLS_project/sparseMatrixAccelerator/src/HLS_CISR/HLS_CISR_runtime_spmv/solution1/.autopilot/db/clang-tidy.HLS_CISR_spmv_accel.pp.0.cpp.out.log 2> /home/shivaubuntu/HLS_project/sparseMatrixAccelerator/src/HLS_CISR/HLS_CISR_runtime_spmv/solution1/.autopilot/db/clang-tidy.HLS_CISR_spmv_accel.pp.0.cpp.err.log 
Execute       get_config_dataflow -strict_mode 
Execute       ap_eval exec -ignorestderr /Xilinx/Vitis_HLS/2020.2/lnx64/tools/clang-3.9-csynth/bin/xilinx-dataflow-lawyer -export-fixes=/home/shivaubuntu/HLS_project/sparseMatrixAccelerator/src/HLS_CISR/HLS_CISR_runtime_spmv/solution1/.autopilot/db/xilinx-dataflow-lawyer.HLS_CISR_spmv_accel.pp.0.cpp.diag.yml /home/shivaubuntu/HLS_project/sparseMatrixAccelerator/src/HLS_CISR/HLS_CISR_runtime_spmv/solution1/.autopilot/db/HLS_CISR_spmv_accel.pp.0.cpp -- -std=gnu++14 -target fpga -fhls -ferror-limit=0 -fstrict-dataflow > /home/shivaubuntu/HLS_project/sparseMatrixAccelerator/src/HLS_CISR/HLS_CISR_runtime_spmv/solution1/.autopilot/db/xilinx-dataflow-lawyer.HLS_CISR_spmv_accel.pp.0.cpp.out.log 2> /home/shivaubuntu/HLS_project/sparseMatrixAccelerator/src/HLS_CISR/HLS_CISR_runtime_spmv/solution1/.autopilot/db/xilinx-dataflow-lawyer.HLS_CISR_spmv_accel.pp.0.cpp.err.log 
Execute       ap_part_info -name xc7z020-clg400-1 -data info 
INFO-FLOW: compiling source code to llvm bc
Execute       ap_eval exec -ignorestderr /Xilinx/Vitis_HLS/2020.2/lnx64/tools/clang-3.9-csynth/bin/clang -foptimization-record-file=/home/shivaubuntu/HLS_project/sparseMatrixAccelerator/src/HLS_CISR/HLS_CISR_runtime_spmv/solution1/.autopilot/db/clang.HLS_CISR_spmv_accel.pp.0.cpp.diag.yml -mllvm -pass-remarks-missed=reflow|pasta|unroll -mllvm -pass-remarks=reflow|pasta|unroll|inline -fno-limit-debug-info -fhls -flto -fno-exceptions -Wno-error=c++11-narrowing /home/shivaubuntu/HLS_project/sparseMatrixAccelerator/src/HLS_CISR/HLS_CISR_runtime_spmv/solution1/.autopilot/db/HLS_CISR_spmv_accel.pp.0.cpp -fno-math-errno -c -emit-llvm -mllvm -disable-llvm-optzns -Werror=implicit-function-declaration -Werror=implicit-hls-streams -Werror=return-type -Wpragmas -Wunused-parameter -fno-threadsafe-statics -fno-use-cxa-atexit -std=gnu++14 -target fpga64-xilinx-linux-gnu -D__VITIS_HLS__ -DAESL_SYN -D__SYNTHESIS__ -D__HLS_SYN__ -I /Xilinx/Vitis_HLS/2020.2/common/technology/autopilot -I /Xilinx/Vitis_HLS/2020.2/common/technology/autopilot/ap_sysc -include etc/autopilot_ssdm_op.h -D__DSP48E1__ -g -o /home/shivaubuntu/HLS_project/sparseMatrixAccelerator/src/HLS_CISR/HLS_CISR_runtime_spmv/solution1/.autopilot/db/HLS_CISR_spmv_accel.bc > /home/shivaubuntu/HLS_project/sparseMatrixAccelerator/src/HLS_CISR/HLS_CISR_runtime_spmv/solution1/.autopilot/db/clang.HLS_CISR_spmv_accel.pp.0.cpp.out.log 2> /home/shivaubuntu/HLS_project/sparseMatrixAccelerator/src/HLS_CISR/HLS_CISR_runtime_spmv/solution1/.autopilot/db/clang.HLS_CISR_spmv_accel.pp.0.cpp.err.log 
INFO: [HLS 200-111] Finished Source Code Analysis and Preprocessing: CPU user time: 0.71 seconds. CPU system time: 0.24 seconds. Elapsed time: 0.73 seconds; current allocated memory: 93.217 MB.
INFO-FLOW: Linking Debug ...
INFO-FLOW: Linking dut bc code.
Execute       run_link_or_opt -out /home/shivaubuntu/HLS_project/sparseMatrixAccelerator/src/HLS_CISR/HLS_CISR_runtime_spmv/solution1/.autopilot/db/a.g.ld.0.bc -args  "/home/shivaubuntu/HLS_project/sparseMatrixAccelerator/src/HLS_CISR/HLS_CISR_runtime_spmv/solution1/.autopilot/db/HLS_CISR_spmv_accel.g.bc"  
Execute         ap_eval exec -ignorestderr /Xilinx/Vitis_HLS/2020.2/lnx64/tools/clang-3.9-csynth/bin/llvm-link /home/shivaubuntu/HLS_project/sparseMatrixAccelerator/src/HLS_CISR/HLS_CISR_runtime_spmv/solution1/.autopilot/db/HLS_CISR_spmv_accel.g.bc -o /home/shivaubuntu/HLS_project/sparseMatrixAccelerator/src/HLS_CISR/HLS_CISR_runtime_spmv/solution1/.autopilot/db/a.g.ld.0.bc > /home/shivaubuntu/HLS_project/sparseMatrixAccelerator/src/HLS_CISR/HLS_CISR_runtime_spmv/solution1/.autopilot/db/llvm-link.a.g.ld.0.bc.out.log 2> /home/shivaubuntu/HLS_project/sparseMatrixAccelerator/src/HLS_CISR/HLS_CISR_runtime_spmv/solution1/.autopilot/db/llvm-link.a.g.ld.0.bc.err.log 
INFO-FLOW: 
Execute       run_link_or_opt -opt -out /home/shivaubuntu/HLS_project/sparseMatrixAccelerator/src/HLS_CISR/HLS_CISR_runtime_spmv/solution1/.autopilot/db/a.g.ld.1.lower.bc -args /home/shivaubuntu/HLS_project/sparseMatrixAccelerator/src/HLS_CISR/HLS_CISR_runtime_spmv/solution1/.autopilot/db/a.g.ld.0.bc -reflow-lower-math-intrinsics 
Execute         ap_eval exec -ignorestderr /Xilinx/Vitis_HLS/2020.2/lnx64/tools/clang-3.9-csynth/bin/opt -pass-remarks-missed=reflow|pasta|unroll -pass-remarks=reflow|pasta|unroll|inline -pass-remarks-output=/home/shivaubuntu/HLS_project/sparseMatrixAccelerator/src/HLS_CISR/HLS_CISR_runtime_spmv/solution1/.autopilot/db/opt.a.g.ld.1.lower.bc.diag.yml /home/shivaubuntu/HLS_project/sparseMatrixAccelerator/src/HLS_CISR/HLS_CISR_runtime_spmv/solution1/.autopilot/db/a.g.ld.0.bc -reflow-lower-math-intrinsics -o /home/shivaubuntu/HLS_project/sparseMatrixAccelerator/src/HLS_CISR/HLS_CISR_runtime_spmv/solution1/.autopilot/db/a.g.ld.1.lower.bc > /home/shivaubuntu/HLS_project/sparseMatrixAccelerator/src/HLS_CISR/HLS_CISR_runtime_spmv/solution1/.autopilot/db/opt.a.g.ld.1.lower.bc.out.log 2> /home/shivaubuntu/HLS_project/sparseMatrixAccelerator/src/HLS_CISR/HLS_CISR_runtime_spmv/solution1/.autopilot/db/opt.a.g.ld.1.lower.bc.err.log 
Command         ap_eval done; 0.22 sec.
INFO-FLOW: 
Command       run_link_or_opt done; 0.23 sec.
INFO-FLOW: Linking math bc lib
Execute       run_link_or_opt -out /home/shivaubuntu/HLS_project/sparseMatrixAccelerator/src/HLS_CISR/HLS_CISR_runtime_spmv/solution1/.autopilot/db/a.g.ld.2.m1.bc -args /home/shivaubuntu/HLS_project/sparseMatrixAccelerator/src/HLS_CISR/HLS_CISR_runtime_spmv/solution1/.autopilot/db/a.g.ld.1.lower.bc -only-needed /Xilinx/Vitis_HLS/2020.2/lnx64/lib/libhlsm_39.bc /Xilinx/Vitis_HLS/2020.2/lnx64/lib/libhlsmc++_39.bc 
Execute         ap_eval exec -ignorestderr /Xilinx/Vitis_HLS/2020.2/lnx64/tools/clang-3.9-csynth/bin/llvm-link /home/shivaubuntu/HLS_project/sparseMatrixAccelerator/src/HLS_CISR/HLS_CISR_runtime_spmv/solution1/.autopilot/db/a.g.ld.1.lower.bc -only-needed /Xilinx/Vitis_HLS/2020.2/lnx64/lib/libhlsm_39.bc /Xilinx/Vitis_HLS/2020.2/lnx64/lib/libhlsmc++_39.bc -o /home/shivaubuntu/HLS_project/sparseMatrixAccelerator/src/HLS_CISR/HLS_CISR_runtime_spmv/solution1/.autopilot/db/a.g.ld.2.m1.bc > /home/shivaubuntu/HLS_project/sparseMatrixAccelerator/src/HLS_CISR/HLS_CISR_runtime_spmv/solution1/.autopilot/db/llvm-link.a.g.ld.2.m1.bc.out.log 2> /home/shivaubuntu/HLS_project/sparseMatrixAccelerator/src/HLS_CISR/HLS_CISR_runtime_spmv/solution1/.autopilot/db/llvm-link.a.g.ld.2.m1.bc.err.log 
Command         ap_eval done; 2.99 sec.
INFO-FLOW: 
Command       run_link_or_opt done; 2.99 sec.
Execute       run_link_or_opt -opt -out /home/shivaubuntu/HLS_project/sparseMatrixAccelerator/src/HLS_CISR/HLS_CISR_runtime_spmv/solution1/.autopilot/db/a.g.ld.3.fpc.bc -args /home/shivaubuntu/HLS_project/sparseMatrixAccelerator/src/HLS_CISR/HLS_CISR_runtime_spmv/solution1/.autopilot/db/a.g.ld.2.m1.bc -reflow-globaldce -hls-top-function-name=HLS_CISR_spmv_accel -reflow-float-conversion 
Execute         ap_eval exec -ignorestderr /Xilinx/Vitis_HLS/2020.2/lnx64/tools/clang-3.9-csynth/bin/opt -pass-remarks-missed=reflow|pasta|unroll -pass-remarks=reflow|pasta|unroll|inline -pass-remarks-output=/home/shivaubuntu/HLS_project/sparseMatrixAccelerator/src/HLS_CISR/HLS_CISR_runtime_spmv/solution1/.autopilot/db/opt.a.g.ld.3.fpc.bc.diag.yml /home/shivaubuntu/HLS_project/sparseMatrixAccelerator/src/HLS_CISR/HLS_CISR_runtime_spmv/solution1/.autopilot/db/a.g.ld.2.m1.bc -reflow-globaldce -hls-top-function-name=HLS_CISR_spmv_accel -reflow-float-conversion -o /home/shivaubuntu/HLS_project/sparseMatrixAccelerator/src/HLS_CISR/HLS_CISR_runtime_spmv/solution1/.autopilot/db/a.g.ld.3.fpc.bc > /home/shivaubuntu/HLS_project/sparseMatrixAccelerator/src/HLS_CISR/HLS_CISR_runtime_spmv/solution1/.autopilot/db/opt.a.g.ld.3.fpc.bc.out.log 2> /home/shivaubuntu/HLS_project/sparseMatrixAccelerator/src/HLS_CISR/HLS_CISR_runtime_spmv/solution1/.autopilot/db/opt.a.g.ld.3.fpc.bc.err.log 
Command         ap_eval done; error code: 1; 0.81 sec.
Execute         source /Xilinx/Vitis_HLS/2020.2/tps/tcl/tcllib1.11.1/yaml/yaml.tcl 
Execute           source /Xilinx/Vitis_HLS/2020.2/tps/tcl/tcllib1.11.1/cmdline/cmdline.tcl 
ERROR: [HLS 214-157] Top function not found: there is no function named 'HLS_CISR_spmv_accel'
INFO-FLOW: {error: Top function not found: there is no function named 'HLS_CISR_spmv_accel'}
Command       run_link_or_opt done; error code: 2; 0.82 sec.
Command     elaborate done; error code: 2; 4.8 sec.
Command   csynth_design done; error code: 2; 4.81 sec.
INFO: [HLS 200-111] Finished Command csynth_design CPU user time: 4.26 seconds. CPU system time: 0.54 seconds. Elapsed time: 4.81 seconds; current allocated memory: 94.161 MB.
Command ap_source done; error code: 1; 6.95 sec.
Execute cleanup_all 
