x[0] = 1
x[1] = 1
x[2] = 1
x[3] = 1
x[4] = 1
x[5] = 1
x[6] = 1
x[7] = 1
x[8] = 1
x[9] = 1
x[10] = 1
x[11] = 1
x[12] = 1
x[13] = 1
x[14] = 1
x[15] = 1
x[16] = 1
x[17] = 1
x[18] = 1
x[19] = 1
x[20] = 1
x[21] = 1
x[22] = 1
curr_row: 0
curr_row_len: 1
curr_num_subrows: 1
curr_subrow_elements[0] = 1
curr_subrow_mult_enables[0] = true
curr_subrow_indices[0] = 20
curr_subrow_elements[1] = 0
curr_subrow_mult_enables[1] = false
curr_subrow_indices[1] = 0
curr_subrow_elements[2] = 0
curr_subrow_mult_enables[2] = false
curr_subrow_indices[2] = 0
curr_subrow_elements[3] = 0
curr_subrow_mult_enables[3] = false
curr_subrow_indices[3] = 0
curr_label = 1
mult outs: 1 0 0 0 
sum: 1
curr_row: 1
curr_row_len: 4
curr_num_subrows: 1
curr_subrow_elements[0] = 1
curr_subrow_mult_enables[0] = true
curr_subrow_indices[0] = 6
curr_subrow_elements[1] = 2
curr_subrow_mult_enables[1] = true
curr_subrow_indices[1] = 10
curr_subrow_elements[2] = 2
curr_subrow_mult_enables[2] = true
curr_subrow_indices[2] = 12
curr_subrow_elements[3] = 1
curr_subrow_mult_enables[3] = true
curr_subrow_indices[3] = 20
curr_label = 1
mult outs: 1 2 2 1 
sum: 6
curr_row: 2
curr_row_len: 1
curr_num_subrows: 1
curr_subrow_elements[0] = 2
curr_subrow_mult_enables[0] = true
curr_subrow_indices[0] = 20
curr_subrow_elements[1] = 0
curr_subrow_mult_enables[1] = false
curr_subrow_indices[1] = 0
curr_subrow_elements[2] = 0
curr_subrow_mult_enables[2] = false
curr_subrow_indices[2] = 0
curr_subrow_elements[3] = 0
curr_subrow_mult_enables[3] = false
curr_subrow_indices[3] = 0
curr_label = 1
mult outs: 2 0 0 0 
sum: 2
curr_row: 3
curr_row_len: 2
curr_num_subrows: 1
curr_subrow_elements[0] = 1
curr_subrow_mult_enables[0] = true
curr_subrow_indices[0] = 1
curr_subrow_elements[1] = 1
curr_subrow_mult_enables[1] = true
curr_subrow_indices[1] = 22
curr_subrow_elements[2] = 0
curr_subrow_mult_enables[2] = false
curr_subrow_indices[2] = 0
curr_subrow_elements[3] = 0
curr_subrow_mult_enables[3] = false
curr_subrow_indices[3] = 0
curr_label = 1
mult outs: 1 1 0 0 
sum: 2
curr_row: 4
curr_row_len: 1
curr_num_subrows: 1
curr_subrow_elements[0] = 1
curr_subrow_mult_enables[0] = true
curr_subrow_indices[0] = 12
curr_subrow_elements[1] = 0
curr_subrow_mult_enables[1] = false
curr_subrow_indices[1] = 0
curr_subrow_elements[2] = 0
curr_subrow_mult_enables[2] = false
curr_subrow_indices[2] = 0
curr_subrow_elements[3] = 0
curr_subrow_mult_enables[3] = false
curr_subrow_indices[3] = 0
curr_label = 1
mult outs: 1 0 0 0 
sum: 1
curr_row: 5
curr_row_len: 5
curr_num_subrows: 2
curr_subrow_elements[0] = 1
curr_subrow_mult_enables[0] = true
curr_subrow_indices[0] = 6
curr_subrow_elements[1] = 1
curr_subrow_mult_enables[1] = true
curr_subrow_indices[1] = 12
curr_subrow_elements[2] = 1
curr_subrow_mult_enables[2] = true
curr_subrow_indices[2] = 13
curr_subrow_elements[3] = 1
curr_subrow_mult_enables[3] = true
curr_subrow_indices[3] = 18
curr_label = 2
mult outs: 1 1 1 1 
sum: 4
curr_subrow_elements[0] = 1
curr_subrow_mult_enables[0] = true
curr_subrow_indices[0] = 20
curr_subrow_elements[1] = 0
curr_subrow_mult_enables[1] = false
curr_subrow_indices[1] = 0
curr_subrow_elements[2] = 0
curr_subrow_mult_enables[2] = false
curr_subrow_indices[2] = 0
curr_subrow_elements[3] = 0
curr_subrow_mult_enables[3] = false
curr_subrow_indices[3] = 0
curr_label = 1
mult outs: 1 0 0 0 
sum: 1
curr_row: 6
curr_row_len: 4
curr_num_subrows: 1
curr_subrow_elements[0] = 1
curr_subrow_mult_enables[0] = true
curr_subrow_indices[0] = 1
curr_subrow_elements[1] = 1
curr_subrow_mult_enables[1] = true
curr_subrow_indices[1] = 5
curr_subrow_elements[2] = 1
curr_subrow_mult_enables[2] = true
curr_subrow_indices[2] = 12
curr_subrow_elements[3] = 1
curr_subrow_mult_enables[3] = true
curr_subrow_indices[3] = 20
curr_label = 1
mult outs: 1 1 1 1 
sum: 4
curr_row: 7
curr_row_len: 5
curr_num_subrows: 2
curr_subrow_elements[0] = 1
curr_subrow_mult_enables[0] = true
curr_subrow_indices[0] = 1
curr_subrow_elements[1] = 2
curr_subrow_mult_enables[1] = true
curr_subrow_indices[1] = 2
curr_subrow_elements[2] = 1
curr_subrow_mult_enables[2] = true
curr_subrow_indices[2] = 6
curr_subrow_elements[3] = 4
curr_subrow_mult_enables[3] = true
curr_subrow_indices[3] = 15
curr_label = 2
mult outs: 1 2 1 4 
sum: 8
curr_subrow_elements[0] = 1
curr_subrow_mult_enables[0] = true
curr_subrow_indices[0] = 22
curr_subrow_elements[1] = 0
curr_subrow_mult_enables[1] = false
curr_subrow_indices[1] = 0
curr_subrow_elements[2] = 0
curr_subrow_mult_enables[2] = false
curr_subrow_indices[2] = 0
curr_subrow_elements[3] = 0
curr_subrow_mult_enables[3] = false
curr_subrow_indices[3] = 0
curr_label = 1
mult outs: 1 0 0 0 
sum: 1
curr_row: 8
curr_row_len: 5
curr_num_subrows: 2
curr_subrow_elements[0] = 1
curr_subrow_mult_enables[0] = true
curr_subrow_indices[0] = 1
curr_subrow_elements[1] = 1
curr_subrow_mult_enables[1] = true
curr_subrow_indices[1] = 7
curr_subrow_elements[2] = 1
curr_subrow_mult_enables[2] = true
curr_subrow_indices[2] = 9
curr_subrow_elements[3] = 1
curr_subrow_mult_enables[3] = true
curr_subrow_indices[3] = 13
curr_label = 2
mult outs: 1 1 1 1 
sum: 4
curr_subrow_elements[0] = 1
curr_subrow_mult_enables[0] = true
curr_subrow_indices[0] = 18
curr_subrow_elements[1] = 0
curr_subrow_mult_enables[1] = false
curr_subrow_indices[1] = 0
curr_subrow_elements[2] = 0
curr_subrow_mult_enables[2] = false
curr_subrow_indices[2] = 0
curr_subrow_elements[3] = 0
curr_subrow_mult_enables[3] = false
curr_subrow_indices[3] = 0
curr_label = 1
mult outs: 1 0 0 0 
sum: 1
curr_row: 9
curr_row_len: 1
curr_num_subrows: 1
curr_subrow_elements[0] = 1
curr_subrow_mult_enables[0] = true
curr_subrow_indices[0] = 1
curr_subrow_elements[1] = 0
curr_subrow_mult_enables[1] = false
curr_subrow_indices[1] = 0
curr_subrow_elements[2] = 0
curr_subrow_mult_enables[2] = false
curr_subrow_indices[2] = 0
curr_subrow_elements[3] = 0
curr_subrow_mult_enables[3] = false
curr_subrow_indices[3] = 0
curr_label = 1
mult outs: 1 0 0 0 
sum: 1
curr_row: 10
curr_row_len: 7
curr_num_subrows: 2
curr_subrow_elements[0] = 1
curr_subrow_mult_enables[0] = true
curr_subrow_indices[0] = 0
curr_subrow_elements[1] = 2
curr_subrow_mult_enables[1] = true
curr_subrow_indices[1] = 1
curr_subrow_elements[2] = 1
curr_subrow_mult_enables[2] = true
curr_subrow_indices[2] = 2
curr_subrow_elements[3] = 2
curr_subrow_mult_enables[3] = true
curr_subrow_indices[3] = 10
curr_label = 2
mult outs: 1 2 1 2 
sum: 6
curr_subrow_elements[0] = 2
curr_subrow_mult_enables[0] = true
curr_subrow_indices[0] = 11
curr_subrow_elements[1] = 2
curr_subrow_mult_enables[1] = true
curr_subrow_indices[1] = 20
curr_subrow_elements[2] = 1
curr_subrow_mult_enables[2] = true
curr_subrow_indices[2] = 21
curr_subrow_elements[3] = 0
curr_subrow_mult_enables[3] = false
curr_subrow_indices[3] = 0
curr_label = 1
mult outs: 2 2 1 0 
sum: 5
curr_row: 11
curr_row_len: 3
curr_num_subrows: 1
curr_subrow_elements[0] = 1
curr_subrow_mult_enables[0] = true
curr_subrow_indices[0] = 10
curr_subrow_elements[1] = 1
curr_subrow_mult_enables[1] = true
curr_subrow_indices[1] = 15
curr_subrow_elements[2] = 3
curr_subrow_mult_enables[2] = true
curr_subrow_indices[2] = 20
curr_subrow_elements[3] = 0
curr_subrow_mult_enables[3] = false
curr_subrow_indices[3] = 0
curr_label = 1
mult outs: 1 1 3 0 
sum: 5
curr_row: 12
curr_row_len: 3
curr_num_subrows: 1
curr_subrow_elements[0] = 1
curr_subrow_mult_enables[0] = true
curr_subrow_indices[0] = 5
curr_subrow_elements[1] = 1
curr_subrow_mult_enables[1] = true
curr_subrow_indices[1] = 8
curr_subrow_elements[2] = 1
curr_subrow_mult_enables[2] = true
curr_subrow_indices[2] = 22
curr_subrow_elements[3] = 0
curr_subrow_mult_enables[3] = false
curr_subrow_indices[3] = 0
curr_label = 1
mult outs: 1 1 1 0 
sum: 3
curr_row: 13
curr_row_len: 0
curr_num_subrows: 0
curr_row: 14
curr_row_len: 1
curr_num_subrows: 1
curr_subrow_elements[0] = 1
curr_subrow_mult_enables[0] = true
curr_subrow_indices[0] = 1
curr_subrow_elements[1] = 0
curr_subrow_mult_enables[1] = false
curr_subrow_indices[1] = 0
curr_subrow_elements[2] = 0
curr_subrow_mult_enables[2] = false
curr_subrow_indices[2] = 0
curr_subrow_elements[3] = 0
curr_subrow_mult_enables[3] = false
curr_subrow_indices[3] = 0
curr_label = 1
mult outs: 1 0 0 0 
sum: 1
curr_row: 15
curr_row_len: 4
curr_num_subrows: 1
curr_subrow_elements[0] = 2
curr_subrow_mult_enables[0] = true
curr_subrow_indices[0] = 2
curr_subrow_elements[1] = 1
curr_subrow_mult_enables[1] = true
curr_subrow_indices[1] = 10
curr_subrow_elements[2] = 1
curr_subrow_mult_enables[2] = true
curr_subrow_indices[2] = 15
curr_subrow_elements[3] = 1
curr_subrow_mult_enables[3] = true
curr_subrow_indices[3] = 20
curr_label = 1
mult outs: 2 1 1 1 
sum: 5
curr_row: 16
curr_row_len: 4
curr_num_subrows: 1
curr_subrow_elements[0] = 1
curr_subrow_mult_enables[0] = true
curr_subrow_indices[0] = 1
curr_subrow_elements[1] = 1
curr_subrow_mult_enables[1] = true
curr_subrow_indices[1] = 2
curr_subrow_elements[2] = 1
curr_subrow_mult_enables[2] = true
curr_subrow_indices[2] = 10
curr_subrow_elements[3] = 1
curr_subrow_mult_enables[3] = true
curr_subrow_indices[3] = 20
curr_label = 1
mult outs: 1 1 1 1 
sum: 4
curr_row: 17
curr_row_len: 2
curr_num_subrows: 1
curr_subrow_elements[0] = 1
curr_subrow_mult_enables[0] = true
curr_subrow_indices[0] = 11
curr_subrow_elements[1] = 1
curr_subrow_mult_enables[1] = true
curr_subrow_indices[1] = 22
curr_subrow_elements[2] = 0
curr_subrow_mult_enables[2] = false
curr_subrow_indices[2] = 0
curr_subrow_elements[3] = 0
curr_subrow_mult_enables[3] = false
curr_subrow_indices[3] = 0
curr_label = 1
mult outs: 1 1 0 0 
sum: 2
curr_row: 18
curr_row_len: 1
curr_num_subrows: 1
curr_subrow_elements[0] = 1
curr_subrow_mult_enables[0] = true
curr_subrow_indices[0] = 8
curr_subrow_elements[1] = 0
curr_subrow_mult_enables[1] = false
curr_subrow_indices[1] = 0
curr_subrow_elements[2] = 0
curr_subrow_mult_enables[2] = false
curr_subrow_indices[2] = 0
curr_subrow_elements[3] = 0
curr_subrow_mult_enables[3] = false
curr_subrow_indices[3] = 0
curr_label = 1
mult outs: 1 0 0 0 
sum: 1
curr_row: 19
curr_row_len: 0
curr_num_subrows: 0
curr_row: 20
curr_row_len: 6
curr_num_subrows: 2
curr_subrow_elements[0] = 2
curr_subrow_mult_enables[0] = true
curr_subrow_indices[0] = 1
curr_subrow_elements[1] = 1
curr_subrow_mult_enables[1] = true
curr_subrow_indices[1] = 2
curr_subrow_elements[2] = 1
curr_subrow_mult_enables[2] = true
curr_subrow_indices[2] = 10
curr_subrow_elements[3] = 1
curr_subrow_mult_enables[3] = true
curr_subrow_indices[3] = 19
curr_label = 2
mult outs: 2 1 1 1 
sum: 5
curr_subrow_elements[0] = 1
curr_subrow_mult_enables[0] = true
curr_subrow_indices[0] = 20
curr_subrow_elements[1] = 1
curr_subrow_mult_enables[1] = true
curr_subrow_indices[1] = 22
curr_subrow_elements[2] = 0
curr_subrow_mult_enables[2] = false
curr_subrow_indices[2] = 0
curr_subrow_elements[3] = 0
curr_subrow_mult_enables[3] = false
curr_subrow_indices[3] = 0
curr_label = 1
mult outs: 1 1 0 0 
sum: 2
curr_row: 21
curr_row_len: 1
curr_num_subrows: 1
curr_subrow_elements[0] = 1
curr_subrow_mult_enables[0] = true
curr_subrow_indices[0] = 20
curr_subrow_elements[1] = 0
curr_subrow_mult_enables[1] = false
curr_subrow_indices[1] = 0
curr_subrow_elements[2] = 0
curr_subrow_mult_enables[2] = false
curr_subrow_indices[2] = 0
curr_subrow_elements[3] = 0
curr_subrow_mult_enables[3] = false
curr_subrow_indices[3] = 0
curr_label = 1
mult outs: 1 0 0 0 
sum: 1
curr_row: 22
curr_row_len: 3
curr_num_subrows: 1
curr_subrow_elements[0] = 1
curr_subrow_mult_enables[0] = true
curr_subrow_indices[0] = 1
curr_subrow_elements[1] = 2
curr_subrow_mult_enables[1] = true
curr_subrow_indices[1] = 8
curr_subrow_elements[2] = 1
curr_subrow_mult_enables[2] = true
curr_subrow_indices[2] = 20
curr_subrow_elements[3] = 0
curr_subrow_mult_enables[3] = false
curr_subrow_indices[3] = 0
curr_label = 1
mult outs: 1 2 1 0 
sum: 4
vector_y[0] = 1
vector_y[1] = 6
vector_y[2] = 2
vector_y[3] = 2
vector_y[4] = 1
vector_y[5] = 5
vector_y[6] = 4
vector_y[7] = 9
vector_y[8] = 5
vector_y[9] = 1
vector_y[10] = 11
vector_y[11] = 5
vector_y[12] = 3
vector_y[13] = 0
vector_y[14] = 1
vector_y[15] = 5
vector_y[16] = 4
vector_y[17] = 2
vector_y[18] = 1
vector_y[19] = 0
vector_y[20] = 7
vector_y[21] = 1
vector_y[22] = 4
Vivado Simulator v2021.2
Copyright 1986-1999, 2001-2021 Xilinx, Inc. All Rights Reserved.
Running: /opt/Xilinx/Vivado/2021.2/bin/unwrapped/lnx64.o/xelab xil_defaultlib.apatb_accelerate_top glbl -Oenable_linking_all_libraries -prj accelerate.prj -L smartconnect_v1_0 -L axi_protocol_checker_v1_1_12 -L axi_protocol_checker_v1_1_13 -L axis_protocol_checker_v1_1_11 -L axis_protocol_checker_v1_1_12 -L xil_defaultlib -L unisims_ver -L xpm -L floating_point_v7_0_19 -L floating_point_v7_1_13 --lib ieee_proposed=./ieee_proposed -s accelerate 
Multi-threading is on. Using 6 slave threads.
INFO: [VRFC 10-2263] Analyzing SystemVerilog file "/home/akileshkannan/SPMV_CSR/solution1/sim/verilog/glbl.v" into library work
INFO: [VRFC 10-311] analyzing module glbl
INFO: [VRFC 10-2263] Analyzing SystemVerilog file "/home/akileshkannan/SPMV_CSR/solution1/sim/verilog/accelerate.autotb.v" into library xil_defaultlib
INFO: [VRFC 10-311] analyzing module apatb_accelerate_top
INFO: [VRFC 10-2263] Analyzing SystemVerilog file "/home/akileshkannan/SPMV_CSR/solution1/sim/verilog/accelerate_reduce.v" into library xil_defaultlib
INFO: [VRFC 10-311] analyzing module accelerate_reduce
INFO: [VRFC 10-2263] Analyzing SystemVerilog file "/home/akileshkannan/SPMV_CSR/solution1/sim/verilog/accelerate_mul_32s_32s_32_2_1.v" into library xil_defaultlib
INFO: [VRFC 10-311] analyzing module accelerate_mul_32s_32s_32_2_1
INFO: [VRFC 10-2263] Analyzing SystemVerilog file "/home/akileshkannan/SPMV_CSR/solution1/sim/verilog/accelerate.v" into library xil_defaultlib
INFO: [VRFC 10-311] analyzing module accelerate
INFO: [VRFC 10-2263] Analyzing SystemVerilog file "/home/akileshkannan/SPMV_CSR/solution1/sim/verilog/accelerate_mux_2332_32_1_1.v" into library xil_defaultlib
INFO: [VRFC 10-311] analyzing module accelerate_mux_2332_32_1_1
INFO: [VRFC 10-2263] Analyzing SystemVerilog file "/home/akileshkannan/SPMV_CSR/solution1/sim/verilog/dataflow_monitor.sv" into library xil_defaultlib
INFO: [VRFC 10-311] analyzing module dataflow_monitor
Starting static elaboration
Pass Through NonSizing Optimizer
Completed static elaboration
Starting simulation data flow analysis
Completed simulation data flow analysis
Time Resolution for simulation is 1ps
Compiling package xil_defaultlib.$unit_dataflow_monitor_sv
Compiling module xil_defaultlib.accelerate_reduce
Compiling module xil_defaultlib.accelerate_mux_2332_32_1_1(ID=1)
Compiling module xil_defaultlib.accelerate_mul_32s_32s_32_2_1(NU...
Compiling module xil_defaultlib.accelerate
Compiling module xil_defaultlib.nodf_module_intf
Compiling module xil_defaultlib.dataflow_monitor_1
Compiling module xil_defaultlib.apatb_accelerate_top
Compiling module work.glbl
Built simulation snapshot accelerate

****** xsim v2021.2 (64-bit)
  **** SW Build 3367213 on Tue Oct 19 02:47:39 MDT 2021
  **** IP Build 3369179 on Thu Oct 21 08:25:16 MDT 2021
    ** Copyright 1986-2021 Xilinx, Inc. All Rights Reserved.

source xsim.dir/accelerate/xsim_script.tcl
# xsim {accelerate} -autoloadwcfg -tclbatch {accelerate.tcl}
Time resolution is 1 ps
source accelerate.tcl
## run all
////////////////////////////////////////////////////////////////////////////////////
// Inter-Transaction Progress: Completed Transaction / Total Transaction
// Intra-Transaction Progress: Measured Latency / Latency Estimation * 100%
//
// RTL Simulation : "Inter-Transaction Progress" ["Intra-Transaction Progress"] @ "Simulation Time"
////////////////////////////////////////////////////////////////////////////////////
// RTL Simulation : 0 / 26 [0.00%] @ "125000"
// RTL Simulation : 1 / 26 [83.33%] @ "205000"
// RTL Simulation : 2 / 26 [83.33%] @ "215000"
// RTL Simulation : 3 / 26 [83.33%] @ "225000"
// RTL Simulation : 4 / 26 [83.33%] @ "235000"
// RTL Simulation : 5 / 26 [83.33%] @ "245000"
// RTL Simulation : 6 / 26 [83.33%] @ "255000"
// RTL Simulation : 7 / 26 [83.33%] @ "265000"
// RTL Simulation : 8 / 26 [83.33%] @ "275000"
// RTL Simulation : 9 / 26 [83.33%] @ "285000"
// RTL Simulation : 10 / 26 [83.33%] @ "295000"
// RTL Simulation : 11 / 26 [83.33%] @ "305000"
// RTL Simulation : 12 / 26 [83.33%] @ "315000"
// RTL Simulation : 13 / 26 [83.33%] @ "325000"
// RTL Simulation : 14 / 26 [83.33%] @ "335000"
// RTL Simulation : 15 / 26 [83.33%] @ "345000"
// RTL Simulation : 16 / 26 [83.33%] @ "355000"
// RTL Simulation : 17 / 26 [83.33%] @ "365000"
// RTL Simulation : 18 / 26 [83.33%] @ "375000"
// RTL Simulation : 19 / 26 [83.33%] @ "385000"
// RTL Simulation : 20 / 26 [83.33%] @ "395000"
// RTL Simulation : 21 / 26 [83.33%] @ "405000"
// RTL Simulation : 22 / 26 [83.33%] @ "415000"
// RTL Simulation : 23 / 26 [83.33%] @ "425000"
// RTL Simulation : 24 / 26 [83.33%] @ "435000"
// RTL Simulation : 25 / 26 [83.33%] @ "445000"
// RTL Simulation : 26 / 26 [100.00%] @ "455000"
////////////////////////////////////////////////////////////////////////////////////
$finish called at time : 515 ns : File "/home/akileshkannan/SPMV_CSR/solution1/sim/verilog/accelerate.autotb.v" Line 2446
## quit
INFO: [Common 17-206] Exiting xsim at Sat May 14 20:58:04 2022...
x[0] = 1
x[1] = 1
x[2] = 1
x[3] = 1
x[4] = 1
x[5] = 1
x[6] = 1
x[7] = 1
x[8] = 1
x[9] = 1
x[10] = 1
x[11] = 1
x[12] = 1
x[13] = 1
x[14] = 1
x[15] = 1
x[16] = 1
x[17] = 1
x[18] = 1
x[19] = 1
x[20] = 1
x[21] = 1
x[22] = 1
curr_row: 0
curr_row_len: 1
curr_num_subrows: 1
curr_subrow_elements[0] = 1
curr_subrow_mult_enables[0] = true
curr_subrow_indices[0] = 20
curr_subrow_elements[1] = 0
curr_subrow_mult_enables[1] = false
curr_subrow_indices[1] = 0
curr_subrow_elements[2] = 0
curr_subrow_mult_enables[2] = false
curr_subrow_indices[2] = 0
curr_subrow_elements[3] = 0
curr_subrow_mult_enables[3] = false
curr_subrow_indices[3] = 0
curr_label = 1
curr_row: 1
curr_row_len: 4
curr_num_subrows: 1
curr_subrow_elements[0] = 1
curr_subrow_mult_enables[0] = true
curr_subrow_indices[0] = 6
curr_subrow_elements[1] = 2
curr_subrow_mult_enables[1] = true
curr_subrow_indices[1] = 10
curr_subrow_elements[2] = 2
curr_subrow_mult_enables[2] = true
curr_subrow_indices[2] = 12
curr_subrow_elements[3] = 1
curr_subrow_mult_enables[3] = true
curr_subrow_indices[3] = 20
curr_label = 1
curr_row: 2
curr_row_len: 1
curr_num_subrows: 1
curr_subrow_elements[0] = 2
curr_subrow_mult_enables[0] = true
curr_subrow_indices[0] = 20
curr_subrow_elements[1] = 0
curr_subrow_mult_enables[1] = false
curr_subrow_indices[1] = 0
curr_subrow_elements[2] = 0
curr_subrow_mult_enables[2] = false
curr_subrow_indices[2] = 0
curr_subrow_elements[3] = 0
curr_subrow_mult_enables[3] = false
curr_subrow_indices[3] = 0
curr_label = 1
curr_row: 3
curr_row_len: 2
curr_num_subrows: 1
curr_subrow_elements[0] = 1
curr_subrow_mult_enables[0] = true
curr_subrow_indices[0] = 1
curr_subrow_elements[1] = 1
curr_subrow_mult_enables[1] = true
curr_subrow_indices[1] = 22
curr_subrow_elements[2] = 0
curr_subrow_mult_enables[2] = false
curr_subrow_indices[2] = 0
curr_subrow_elements[3] = 0
curr_subrow_mult_enables[3] = false
curr_subrow_indices[3] = 0
curr_label = 1
curr_row: 4
curr_row_len: 1
curr_num_subrows: 1
curr_subrow_elements[0] = 1
curr_subrow_mult_enables[0] = true
curr_subrow_indices[0] = 12
curr_subrow_elements[1] = 0
curr_subrow_mult_enables[1] = false
curr_subrow_indices[1] = 0
curr_subrow_elements[2] = 0
curr_subrow_mult_enables[2] = false
curr_subrow_indices[2] = 0
curr_subrow_elements[3] = 0
curr_subrow_mult_enables[3] = false
curr_subrow_indices[3] = 0
curr_label = 1
curr_row: 5
curr_row_len: 5
curr_num_subrows: 2
curr_subrow_elements[0] = 1
curr_subrow_mult_enables[0] = true
curr_subrow_indices[0] = 6
curr_subrow_elements[1] = 1
curr_subrow_mult_enables[1] = true
curr_subrow_indices[1] = 12
curr_subrow_elements[2] = 1
curr_subrow_mult_enables[2] = true
curr_subrow_indices[2] = 13
curr_subrow_elements[3] = 1
curr_subrow_mult_enables[3] = true
curr_subrow_indices[3] = 18
curr_label = 2
curr_subrow_elements[0] = 1
curr_subrow_mult_enables[0] = true
curr_subrow_indices[0] = 20
curr_subrow_elements[1] = 0
curr_subrow_mult_enables[1] = false
curr_subrow_indices[1] = 0
curr_subrow_elements[2] = 0
curr_subrow_mult_enables[2] = false
curr_subrow_indices[2] = 0
curr_subrow_elements[3] = 0
curr_subrow_mult_enables[3] = false
curr_subrow_indices[3] = 0
curr_label = 1
curr_row: 6
curr_row_len: 4
curr_num_subrows: 1
curr_subrow_elements[0] = 1
curr_subrow_mult_enables[0] = true
curr_subrow_indices[0] = 1
curr_subrow_elements[1] = 1
curr_subrow_mult_enables[1] = true
curr_subrow_indices[1] = 5
curr_subrow_elements[2] = 1
curr_subrow_mult_enables[2] = true
curr_subrow_indices[2] = 12
curr_subrow_elements[3] = 1
curr_subrow_mult_enables[3] = true
curr_subrow_indices[3] = 20
curr_label = 1
curr_row: 7
curr_row_len: 5
curr_num_subrows: 2
curr_subrow_elements[0] = 1
curr_subrow_mult_enables[0] = true
curr_subrow_indices[0] = 1
curr_subrow_elements[1] = 2
curr_subrow_mult_enables[1] = true
curr_subrow_indices[1] = 2
curr_subrow_elements[2] = 1
curr_subrow_mult_enables[2] = true
curr_subrow_indices[2] = 6
curr_subrow_elements[3] = 4
curr_subrow_mult_enables[3] = true
curr_subrow_indices[3] = 15
curr_label = 2
curr_subrow_elements[0] = 1
curr_subrow_mult_enables[0] = true
curr_subrow_indices[0] = 22
curr_subrow_elements[1] = 0
curr_subrow_mult_enables[1] = false
curr_subrow_indices[1] = 0
curr_subrow_elements[2] = 0
curr_subrow_mult_enables[2] = false
curr_subrow_indices[2] = 0
curr_subrow_elements[3] = 0
curr_subrow_mult_enables[3] = false
curr_subrow_indices[3] = 0
curr_label = 1
curr_row: 8
curr_row_len: 5
curr_num_subrows: 2
curr_subrow_elements[0] = 1
curr_subrow_mult_enables[0] = true
curr_subrow_indices[0] = 1
curr_subrow_elements[1] = 1
curr_subrow_mult_enables[1] = true
curr_subrow_indices[1] = 7
curr_subrow_elements[2] = 1
curr_subrow_mult_enables[2] = true
curr_subrow_indices[2] = 9
curr_subrow_elements[3] = 1
curr_subrow_mult_enables[3] = true
curr_subrow_indices[3] = 13
curr_label = 2
curr_subrow_elements[0] = 1
curr_subrow_mult_enables[0] = true
curr_subrow_indices[0] = 18
curr_subrow_elements[1] = 0
curr_subrow_mult_enables[1] = false
curr_subrow_indices[1] = 0
curr_subrow_elements[2] = 0
curr_subrow_mult_enables[2] = false
curr_subrow_indices[2] = 0
curr_subrow_elements[3] = 0
curr_subrow_mult_enables[3] = false
curr_subrow_indices[3] = 0
curr_label = 1
curr_row: 9
curr_row_len: 1
curr_num_subrows: 1
curr_subrow_elements[0] = 1
curr_subrow_mult_enables[0] = true
curr_subrow_indices[0] = 1
curr_subrow_elements[1] = 0
curr_subrow_mult_enables[1] = false
curr_subrow_indices[1] = 0
curr_subrow_elements[2] = 0
curr_subrow_mult_enables[2] = false
curr_subrow_indices[2] = 0
curr_subrow_elements[3] = 0
curr_subrow_mult_enables[3] = false
curr_subrow_indices[3] = 0
curr_label = 1
curr_row: 10
curr_row_len: 7
curr_num_subrows: 2
curr_subrow_elements[0] = 1
curr_subrow_mult_enables[0] = true
curr_subrow_indices[0] = 0
curr_subrow_elements[1] = 2
curr_subrow_mult_enables[1] = true
curr_subrow_indices[1] = 1
curr_subrow_elements[2] = 1
curr_subrow_mult_enables[2] = true
curr_subrow_indices[2] = 2
curr_subrow_elements[3] = 2
curr_subrow_mult_enables[3] = true
curr_subrow_indices[3] = 10
curr_label = 2
curr_subrow_elements[0] = 2
curr_subrow_mult_enables[0] = true
curr_subrow_indices[0] = 11
curr_subrow_elements[1] = 2
curr_subrow_mult_enables[1] = true
curr_subrow_indices[1] = 20
curr_subrow_elements[2] = 1
curr_subrow_mult_enables[2] = true
curr_subrow_indices[2] = 21
curr_subrow_elements[3] = 0
curr_subrow_mult_enables[3] = false
curr_subrow_indices[3] = 0
curr_label = 1
curr_row: 11
curr_row_len: 3
curr_num_subrows: 1
curr_subrow_elements[0] = 1
curr_subrow_mult_enables[0] = true
curr_subrow_indices[0] = 10
curr_subrow_elements[1] = 1
curr_subrow_mult_enables[1] = true
curr_subrow_indices[1] = 15
curr_subrow_elements[2] = 3
curr_subrow_mult_enables[2] = true
curr_subrow_indices[2] = 20
curr_subrow_elements[3] = 0
curr_subrow_mult_enables[3] = false
curr_subrow_indices[3] = 0
curr_label = 1
curr_row: 12
curr_row_len: 3
curr_num_subrows: 1
curr_subrow_elements[0] = 1
curr_subrow_mult_enables[0] = true
curr_subrow_indices[0] = 5
curr_subrow_elements[1] = 1
curr_subrow_mult_enables[1] = true
curr_subrow_indices[1] = 8
curr_subrow_elements[2] = 1
curr_subrow_mult_enables[2] = true
curr_subrow_indices[2] = 22
curr_subrow_elements[3] = 0
curr_subrow_mult_enables[3] = false
curr_subrow_indices[3] = 0
curr_label = 1
curr_row: 13
curr_row_len: 0
curr_num_subrows: 0
curr_row: 14
curr_row_len: 1
curr_num_subrows: 1
curr_subrow_elements[0] = 1
curr_subrow_mult_enables[0] = true
curr_subrow_indices[0] = 1
curr_subrow_elements[1] = 0
curr_subrow_mult_enables[1] = false
curr_subrow_indices[1] = 0
curr_subrow_elements[2] = 0
curr_subrow_mult_enables[2] = false
curr_subrow_indices[2] = 0
curr_subrow_elements[3] = 0
curr_subrow_mult_enables[3] = false
curr_subrow_indices[3] = 0
curr_label = 1
curr_row: 15
curr_row_len: 4
curr_num_subrows: 1
curr_subrow_elements[0] = 2
curr_subrow_mult_enables[0] = true
curr_subrow_indices[0] = 2
curr_subrow_elements[1] = 1
curr_subrow_mult_enables[1] = true
curr_subrow_indices[1] = 10
curr_subrow_elements[2] = 1
curr_subrow_mult_enables[2] = true
curr_subrow_indices[2] = 15
curr_subrow_elements[3] = 1
curr_subrow_mult_enables[3] = true
curr_subrow_indices[3] = 20
curr_label = 1
curr_row: 16
curr_row_len: 4
curr_num_subrows: 1
curr_subrow_elements[0] = 1
curr_subrow_mult_enables[0] = true
curr_subrow_indices[0] = 1
curr_subrow_elements[1] = 1
curr_subrow_mult_enables[1] = true
curr_subrow_indices[1] = 2
curr_subrow_elements[2] = 1
curr_subrow_mult_enables[2] = true
curr_subrow_indices[2] = 10
curr_subrow_elements[3] = 1
curr_subrow_mult_enables[3] = true
curr_subrow_indices[3] = 20
curr_label = 1
curr_row: 17
curr_row_len: 2
curr_num_subrows: 1
curr_subrow_elements[0] = 1
curr_subrow_mult_enables[0] = true
curr_subrow_indices[0] = 11
curr_subrow_elements[1] = 1
curr_subrow_mult_enables[1] = true
curr_subrow_indices[1] = 22
curr_subrow_elements[2] = 0
curr_subrow_mult_enables[2] = false
curr_subrow_indices[2] = 0
curr_subrow_elements[3] = 0
curr_subrow_mult_enables[3] = false
curr_subrow_indices[3] = 0
curr_label = 1
curr_row: 18
curr_row_len: 1
curr_num_subrows: 1
curr_subrow_elements[0] = 1
curr_subrow_mult_enables[0] = true
curr_subrow_indices[0] = 8
curr_subrow_elements[1] = 0
curr_subrow_mult_enables[1] = false
curr_subrow_indices[1] = 0
curr_subrow_elements[2] = 0
curr_subrow_mult_enables[2] = false
curr_subrow_indices[2] = 0
curr_subrow_elements[3] = 0
curr_subrow_mult_enables[3] = false
curr_subrow_indices[3] = 0
curr_label = 1
curr_row: 19
curr_row_len: 0
curr_num_subrows: 0
curr_row: 20
curr_row_len: 6
curr_num_subrows: 2
curr_subrow_elements[0] = 2
curr_subrow_mult_enables[0] = true
curr_subrow_indices[0] = 1
curr_subrow_elements[1] = 1
curr_subrow_mult_enables[1] = true
curr_subrow_indices[1] = 2
curr_subrow_elements[2] = 1
curr_subrow_mult_enables[2] = true
curr_subrow_indices[2] = 10
curr_subrow_elements[3] = 1
curr_subrow_mult_enables[3] = true
curr_subrow_indices[3] = 19
curr_label = 2
curr_subrow_elements[0] = 1
curr_subrow_mult_enables[0] = true
curr_subrow_indices[0] = 20
curr_subrow_elements[1] = 1
curr_subrow_mult_enables[1] = true
curr_subrow_indices[1] = 22
curr_subrow_elements[2] = 0
curr_subrow_mult_enables[2] = false
curr_subrow_indices[2] = 0
curr_subrow_elements[3] = 0
curr_subrow_mult_enables[3] = false
curr_subrow_indices[3] = 0
curr_label = 1
curr_row: 21
curr_row_len: 1
curr_num_subrows: 1
curr_subrow_elements[0] = 1
curr_subrow_mult_enables[0] = true
curr_subrow_indices[0] = 20
curr_subrow_elements[1] = 0
curr_subrow_mult_enables[1] = false
curr_subrow_indices[1] = 0
curr_subrow_elements[2] = 0
curr_subrow_mult_enables[2] = false
curr_subrow_indices[2] = 0
curr_subrow_elements[3] = 0
curr_subrow_mult_enables[3] = false
curr_subrow_indices[3] = 0
curr_label = 1
curr_row: 22
curr_row_len: 3
curr_num_subrows: 1
curr_subrow_elements[0] = 1
curr_subrow_mult_enables[0] = true
curr_subrow_indices[0] = 1
curr_subrow_elements[1] = 2
curr_subrow_mult_enables[1] = true
curr_subrow_indices[1] = 8
curr_subrow_elements[2] = 1
curr_subrow_mult_enables[2] = true
curr_subrow_indices[2] = 20
curr_subrow_elements[3] = 0
curr_subrow_mult_enables[3] = false
curr_subrow_indices[3] = 0
curr_label = 1
vector_y[0] = 1
vector_y[1] = 6
vector_y[2] = 2
vector_y[3] = 2
vector_y[4] = 1
vector_y[5] = 5
vector_y[6] = 4
vector_y[7] = 9
vector_y[8] = 5
vector_y[9] = 1
vector_y[10] = 11
vector_y[11] = 5
vector_y[12] = 3
vector_y[13] = 0
vector_y[14] = 1
vector_y[15] = 5
vector_y[16] = 4
vector_y[17] = 2
vector_y[18] = 1
vector_y[19] = 0
vector_y[20] = 7
vector_y[21] = 1
vector_y[22] = 4
