#-----------------------------------------------------------
# xsim v2020.2 (64-bit)
# SW Build 3064766 on Wed Nov 18 09:12:47 MST 2020
# IP Build 3064653 on Wed Nov 18 14:17:31 MST 2020
# Start of session at: Fri May  6 11:39:43 2022
# Process ID: 25872
# Current directory: /home/shivaubuntu/HLS_project/sparseMatrixAccelerator/src/HLS_CISR/HLS_CISR_runtime_spmv/solution3/sim/verilog
# Command line: xsim -mode tcl -source {xsim.dir/HLS_CISR_spmv_accel/xsim_script.tcl}
# Log file: /home/shivaubuntu/HLS_project/sparseMatrixAccelerator/src/HLS_CISR/HLS_CISR_runtime_spmv/solution3/sim/verilog/xsim.log
# Journal file: /home/shivaubuntu/HLS_project/sparseMatrixAccelerator/src/HLS_CISR/HLS_CISR_runtime_spmv/solution3/sim/verilog/xsim.jou
#-----------------------------------------------------------
source xsim.dir/HLS_CISR_spmv_accel/xsim_script.tcl
# xsim {HLS_CISR_spmv_accel} -autoloadwcfg -tclbatch {HLS_CISR_spmv_accel.tcl}
Vivado Simulator 2020.2
Time resolution is 1 ps
source HLS_CISR_spmv_accel.tcl
## run all
////////////////////////////////////////////////////////////////////////////////////
// Inter-Transaction Progress: Completed Transaction / Total Transaction
// Intra-Transaction Progress: Measured Latency / Latency Estimation * 100%
//
// RTL Simulation : "Inter-Transaction Progress" ["Intra-Transaction Progress"] @ "Simulation Time"
////////////////////////////////////////////////////////////////////////////////////
// RTL Simulation : 0 / 8 [0.00%] @ "125000"
Warning: OPMODE Input Warning : The OPMODE 0110X0X with CARRYINSEL  000 to DSP48E1 instance is invalid.
Time: 345 ns  Iteration: 12  Process: /apatb_HLS_CISR_spmv_accel_top/AESL_inst_HLS_CISR_spmv_accel/fadd_32ns_32ns_32_5_full_dsp_1_U1/HLS_CISR_spmv_accel_ap_fadd_3_full_dsp_32_u/inst/i_synth/addsub_op/ADDSUB/dsp/OP/dsp48e1_body/ALIGN_ADD/DSP2/i_no_versal_es1_workaround/DSP/prcs_opmode_drc  File: /Xilinx/Vivado/2020.2/data/vhdl/src/unisims/primitive/DSP48E1.vhd
// RTL Simulation : 1 / 8 [100.00%] @ "375000"
Warning: OPMODE Input Warning : The OPMODE 0110X0X with CARRYINSEL  000 to DSP48E1 instance is invalid.
Time: 535 ns  Iteration: 12  Process: /apatb_HLS_CISR_spmv_accel_top/AESL_inst_HLS_CISR_spmv_accel/fadd_32ns_32ns_32_5_full_dsp_1_U1/HLS_CISR_spmv_accel_ap_fadd_3_full_dsp_32_u/inst/i_synth/addsub_op/ADDSUB/dsp/OP/dsp48e1_body/ALIGN_ADD/DSP2/i_no_versal_es1_workaround/DSP/prcs_opmode_drc  File: /Xilinx/Vivado/2020.2/data/vhdl/src/unisims/primitive/DSP48E1.vhd
// RTL Simulation : 2 / 8 [100.00%] @ "565000"
Warning: OPMODE Input Warning : The OPMODE 0110X0X with CARRYINSEL  000 to DSP48E1 instance is invalid.
Time: 725 ns  Iteration: 12  Process: /apatb_HLS_CISR_spmv_accel_top/AESL_inst_HLS_CISR_spmv_accel/fadd_32ns_32ns_32_5_full_dsp_1_U1/HLS_CISR_spmv_accel_ap_fadd_3_full_dsp_32_u/inst/i_synth/addsub_op/ADDSUB/dsp/OP/dsp48e1_body/ALIGN_ADD/DSP2/i_no_versal_es1_workaround/DSP/prcs_opmode_drc  File: /Xilinx/Vivado/2020.2/data/vhdl/src/unisims/primitive/DSP48E1.vhd
// RTL Simulation : 3 / 8 [100.00%] @ "755000"
Warning: OPMODE Input Warning : The OPMODE 0110X0X with CARRYINSEL  000 to DSP48E1 instance is invalid.
Time: 915 ns  Iteration: 12  Process: /apatb_HLS_CISR_spmv_accel_top/AESL_inst_HLS_CISR_spmv_accel/fadd_32ns_32ns_32_5_full_dsp_1_U1/HLS_CISR_spmv_accel_ap_fadd_3_full_dsp_32_u/inst/i_synth/addsub_op/ADDSUB/dsp/OP/dsp48e1_body/ALIGN_ADD/DSP2/i_no_versal_es1_workaround/DSP/prcs_opmode_drc  File: /Xilinx/Vivado/2020.2/data/vhdl/src/unisims/primitive/DSP48E1.vhd
// RTL Simulation : 4 / 8 [100.00%] @ "945000"
Warning: OPMODE Input Warning : The OPMODE 0110X0X with CARRYINSEL  000 to DSP48E1 instance is invalid.
Time: 1105 ns  Iteration: 11  Process: /apatb_HLS_CISR_spmv_accel_top/AESL_inst_HLS_CISR_spmv_accel/fadd_32ns_32ns_32_5_full_dsp_1_U1/HLS_CISR_spmv_accel_ap_fadd_3_full_dsp_32_u/inst/i_synth/addsub_op/ADDSUB/dsp/OP/dsp48e1_body/ALIGN_ADD/DSP2/i_no_versal_es1_workaround/DSP/prcs_opmode_drc  File: /Xilinx/Vivado/2020.2/data/vhdl/src/unisims/primitive/DSP48E1.vhd
// RTL Simulation : 5 / 8 [100.00%] @ "1135000"
Warning: OPMODE Input Warning : The OPMODE 0110X0X with CARRYINSEL  000 to DSP48E1 instance is invalid.
Time: 1295 ns  Iteration: 11  Process: /apatb_HLS_CISR_spmv_accel_top/AESL_inst_HLS_CISR_spmv_accel/fadd_32ns_32ns_32_5_full_dsp_1_U1/HLS_CISR_spmv_accel_ap_fadd_3_full_dsp_32_u/inst/i_synth/addsub_op/ADDSUB/dsp/OP/dsp48e1_body/ALIGN_ADD/DSP2/i_no_versal_es1_workaround/DSP/prcs_opmode_drc  File: /Xilinx/Vivado/2020.2/data/vhdl/src/unisims/primitive/DSP48E1.vhd
// RTL Simulation : 6 / 8 [100.00%] @ "1325000"
Warning: OPMODE Input Warning : The OPMODE 0110X0X with CARRYINSEL  000 to DSP48E1 instance is invalid.
Time: 1485 ns  Iteration: 12  Process: /apatb_HLS_CISR_spmv_accel_top/AESL_inst_HLS_CISR_spmv_accel/fadd_32ns_32ns_32_5_full_dsp_1_U1/HLS_CISR_spmv_accel_ap_fadd_3_full_dsp_32_u/inst/i_synth/addsub_op/ADDSUB/dsp/OP/dsp48e1_body/ALIGN_ADD/DSP2/i_no_versal_es1_workaround/DSP/prcs_opmode_drc  File: /Xilinx/Vivado/2020.2/data/vhdl/src/unisims/primitive/DSP48E1.vhd
// RTL Simulation : 7 / 8 [100.00%] @ "1515000"
Warning: OPMODE Input Warning : The OPMODE 0110X0X with CARRYINSEL  000 to DSP48E1 instance is invalid.
Time: 1675 ns  Iteration: 12  Process: /apatb_HLS_CISR_spmv_accel_top/AESL_inst_HLS_CISR_spmv_accel/fadd_32ns_32ns_32_5_full_dsp_1_U1/HLS_CISR_spmv_accel_ap_fadd_3_full_dsp_32_u/inst/i_synth/addsub_op/ADDSUB/dsp/OP/dsp48e1_body/ALIGN_ADD/DSP2/i_no_versal_es1_workaround/DSP/prcs_opmode_drc  File: /Xilinx/Vivado/2020.2/data/vhdl/src/unisims/primitive/DSP48E1.vhd
// RTL Simulation : 8 / 8 [100.00%] @ "1705000"
////////////////////////////////////////////////////////////////////////////////////
$finish called at time : 1745 ns : File "/home/shivaubuntu/HLS_project/sparseMatrixAccelerator/src/HLS_CISR/HLS_CISR_runtime_spmv/solution3/sim/verilog/HLS_CISR_spmv_accel.autotb.v" Line 431
## quit
INFO: [Common 17-206] Exiting xsim at Fri May  6 11:39:54 2022...
