   Build using "/Xilinx/Vitis_HLS/2020.2/tps/lnx64/gcc-6.2.0/bin/g++"
   Compiling apatb_HLS_CISR_spmv_accel.cpp
   Compiling (apcc) HLS_CISR_spmv_accel_tb.c_pre.c.tb.c
INFO: [HLS 200-10] Running '/Xilinx/Vivado/2020.2/bin/unwrapped/lnx64.o/apcc'
INFO: [HLS 200-10] For user 'shivaubuntu' on host 'shivaubuntu-Inspiron-7572' (Linux_x86_64 version 5.4.0-109-generic) on Sat May 07 19:56:52 IST 2022
INFO: [HLS 200-10] On os Ubuntu 20.04.4 LTS
INFO: [HLS 200-10] In directory '/home/shivaubuntu/HLS_project/sparseMatrixAccelerator/src/HLS_CISR/HLS_CISR_runtime_spmv/solution5/sim/wrapc'
clang: warning: argument unused during compilation: '-fno-builtin-isinf'
clang: warning: argument unused during compilation: '-fno-builtin-isnan'
INFO: [APCC 202-3] Tmp directory is /tmp/apcc_db_shivaubuntu/1049981651933612316035
INFO: [APCC 202-1] APCC is done.
   Compiling (apcc) HLS_CISR_spmv_accel.c_pre.c.tb.c
INFO: [HLS 200-10] Running '/Xilinx/Vivado/2020.2/bin/unwrapped/lnx64.o/apcc'
INFO: [HLS 200-10] For user 'shivaubuntu' on host 'shivaubuntu-Inspiron-7572' (Linux_x86_64 version 5.4.0-109-generic) on Sat May 07 19:56:58 IST 2022
INFO: [HLS 200-10] On os Ubuntu 20.04.4 LTS
INFO: [HLS 200-10] In directory '/home/shivaubuntu/HLS_project/sparseMatrixAccelerator/src/HLS_CISR/HLS_CISR_runtime_spmv/solution5/sim/wrapc'
clang: warning: argument unused during compilation: '-fno-builtin-isinf'
clang: warning: argument unused during compilation: '-fno-builtin-isnan'
INFO: [APCC 202-3] Tmp directory is /tmp/apcc_db_shivaubuntu/1050611651933618813568
INFO: [APCC 202-1] APCC is done.
   Compiling apatb_HLS_CISR_spmv_accel_ir.ll
   Generating cosim.tv.exe
