

================================================================
== Vitis HLS Report for 'HLS_CISR_spmv_accel'
================================================================
* Date:           Fri May  6 11:43:51 2022

* Version:        2020.2 (Build 3064766 on Wed Nov 18 09:12:47 MST 2020)
* Project:        HLS_CISR_runtime_spmv
* Solution:       solution4 (Vivado IP Flow Target)
* Product family: zynq
* Target device:  xc7z020-clg400-1


================================================================
== Performance Estimates
================================================================
+ Timing: 
    * Summary: 
    +--------+----------+----------+------------+
    |  Clock |  Target  | Estimated| Uncertainty|
    +--------+----------+----------+------------+
    |ap_clk  |  10.00 ns|  7.256 ns|     2.70 ns|
    +--------+----------+----------+------------+

+ Latency: 
    * Summary: 
    +---------+---------+----------+----------+-----+-----+---------+
    |  Latency (cycles) |  Latency (absolute) |  Interval | Pipeline|
    |   min   |   max   |    min   |    max   | min | max |   Type  |
    +---------+---------+----------+----------+-----+-----+---------+
    |       22|       27|  0.220 us|  0.270 us|   23|   28|     none|
    +---------+---------+----------+----------+-----+-----+---------+

    + Detail: 
        * Instance: 
        N/A

        * Loop: 
        +-------------------+---------+---------+----------+-----------+-----------+------+----------+
        |                   |  Latency (cycles) | Iteration|  Initiation Interval  | Trip |          |
        |     Loop Name     |   min   |   max   |  Latency |  achieved |   target  | Count| Pipelined|
        +-------------------+---------+---------+----------+-----------+-----------+------+----------+
        |- VITIS_LOOP_25_1  |        4|        4|         2|          2|          1|     2|       yes|
        |- VITIS_LOOP_49_1  |        2|        2|         2|          1|          1|     2|       yes|
        |- VITIS_LOOP_68_1  |        2|        2|         2|          1|          1|     2|       yes|
        +-------------------+---------+---------+----------+-----------+-----------+------+----------+

============================================================
+ Verbose Summary: Synthesis Manager
============================================================
InlineROM: 1
ExposeGlobal: 0
============================================================
+ Verbose Summary: CDFG Model
============================================================
IsTopModel: 1
ResetActiveHigh: 1
IsCombinational: 0
IsDatapathOnly: 0
HasWiredReturn: 1
HasMFsm: 0
HasVarLatency: 1
IsPipeline: 0
IsRtlPipelined: 0
IsInstanceOverlapped: 0
IsDontTouch: 0
HasImplIP: 0
IsGatedGlobalClock: 0

+ Individual pipeline summary: 
  * Pipeline-0: initiation interval (II) = 2, depth = 2
  * Pipeline-1: initiation interval (II) = 1, depth = 2
  * Pipeline-2: initiation interval (II) = 1, depth = 2


============================================================
+ Verbose Summary: Schedule
============================================================
* Number of FSM states : 23
* Pipeline : 3
  Pipeline-0 : II = 2, D = 2, States = { 2 3 }
  Pipeline-1 : II = 1, D = 2, States = { 5 6 }
  Pipeline-2 : II = 1, D = 2, States = { 8 9 }
* Dataflow Pipeline: 0

* FSM state transitions: 
1 --> 4 2 
2 --> 4 3 
3 --> 2 
4 --> 5 
5 --> 7 6 
6 --> 5 
7 --> 8 
8 --> 10 9 
9 --> 8 
10 --> 11 
11 --> 12 
12 --> 13 
13 --> 14 
14 --> 15 
15 --> 16 
16 --> 17 
17 --> 18 
18 --> 19 
19 --> 20 
20 --> 21 
21 --> 22 
22 --> 23 
23 --> 

* FSM state operations: 

State 1 <SV = 0> <Delay = 1.58>
ST_1 : Operation 24 [1/1] (0.00ns)   --->   "%spectopmodule_ln0 = spectopmodule void @_ssdm_op_SpecTopModule, void @empty_2"   --->   Operation 24 'spectopmodule' 'spectopmodule_ln0' <Predicate = true> <Delay = 0.00>
ST_1 : Operation 25 [1/1] (0.00ns)   --->   "%specbitsmap_ln0 = specbitsmap void @_ssdm_op_SpecBitsMap, i1 %cmd_start"   --->   Operation 25 'specbitsmap' 'specbitsmap_ln0' <Predicate = true> <Delay = 0.00>
ST_1 : Operation 26 [1/1] (0.00ns)   --->   "%specinterface_ln0 = specinterface void @_ssdm_op_SpecInterface, i1 %cmd_start, void @empty_3, i32 0, i32 0, void @empty_4, i32 0, i32 0, void @empty_4, void @empty_4, void @empty_4, i32 0, i32 0, i32 0, i32 0, void @empty_4, void @empty_4"   --->   Operation 26 'specinterface' 'specinterface_ln0' <Predicate = true> <Delay = 0.00>
ST_1 : Operation 27 [1/1] (0.00ns)   --->   "%specinterface_ln0 = specinterface void @_ssdm_op_SpecInterface, i32 %inp_vec, void @empty_5, i32 0, i32 0, void @empty_4, i32 4294967295, i32 0, void @empty_4, void @empty_4, void @empty_4, i32 0, i32 0, i32 0, i32 0, void @empty_4, void @empty_4"   --->   Operation 27 'specinterface' 'specinterface_ln0' <Predicate = true> <Delay = 0.00>
ST_1 : Operation 28 [1/1] (0.00ns)   --->   "%specbitsmap_ln0 = specbitsmap void @_ssdm_op_SpecBitsMap, i32 %inp_vec"   --->   Operation 28 'specbitsmap' 'specbitsmap_ln0' <Predicate = true> <Delay = 0.00>
ST_1 : Operation 29 [1/1] (0.00ns)   --->   "%specinterface_ln0 = specinterface void @_ssdm_op_SpecInterface, i64 %slot_data_arr, void @empty_5, i32 0, i32 0, void @empty_4, i32 4294967295, i32 0, void @empty_4, void @empty_4, void @empty_4, i32 0, i32 0, i32 0, i32 0, void @empty_4, void @empty_4"   --->   Operation 29 'specinterface' 'specinterface_ln0' <Predicate = true> <Delay = 0.00>
ST_1 : Operation 30 [1/1] (0.00ns)   --->   "%specbitsmap_ln0 = specbitsmap void @_ssdm_op_SpecBitsMap, i64 %slot_data_arr"   --->   Operation 30 'specbitsmap' 'specbitsmap_ln0' <Predicate = true> <Delay = 0.00>
ST_1 : Operation 31 [1/1] (0.00ns)   --->   "%specinterface_ln0 = specinterface void @_ssdm_op_SpecInterface, i32 %slot_arr_row_len, void @empty_5, i32 0, i32 0, void @empty_4, i32 4294967295, i32 0, void @empty_4, void @empty_4, void @empty_4, i32 0, i32 0, i32 0, i32 0, void @empty_4, void @empty_4"   --->   Operation 31 'specinterface' 'specinterface_ln0' <Predicate = true> <Delay = 0.00>
ST_1 : Operation 32 [1/1] (0.00ns)   --->   "%specbitsmap_ln0 = specbitsmap void @_ssdm_op_SpecBitsMap, i32 %slot_arr_row_len"   --->   Operation 32 'specbitsmap' 'specbitsmap_ln0' <Predicate = true> <Delay = 0.00>
ST_1 : Operation 33 [1/1] (0.00ns)   --->   "%specinterface_ln0 = specinterface void @_ssdm_op_SpecInterface, i32 %output_vec, void @empty_5, i32 0, i32 0, void @empty_4, i32 4294967295, i32 0, void @empty_4, void @empty_4, void @empty_4, i32 0, i32 0, i32 0, i32 0, void @empty_4, void @empty_4"   --->   Operation 33 'specinterface' 'specinterface_ln0' <Predicate = true> <Delay = 0.00>
ST_1 : Operation 34 [1/1] (0.00ns)   --->   "%specbitsmap_ln0 = specbitsmap void @_ssdm_op_SpecBitsMap, i32 %output_vec"   --->   Operation 34 'specbitsmap' 'specbitsmap_ln0' <Predicate = true> <Delay = 0.00>
ST_1 : Operation 35 [1/1] (0.00ns)   --->   "%cmd_start_read = read i1 @_ssdm_op_Read.ap_auto.i1, i1 %cmd_start" [HLS_CISR_spmv_accel.c:140]   --->   Operation 35 'read' 'cmd_start_read' <Predicate = true> <Delay = 0.00>
ST_1 : Operation 36 [1/1] (0.00ns)   --->   "%br_ln21 = br i1 %cmd_start_read, void %initialize.exit, void" [HLS_CISR_spmv_accel.c:21]   --->   Operation 36 'br' 'br_ln21' <Predicate = true> <Delay = 0.00>
ST_1 : Operation 37 [1/1] (1.58ns)   --->   "%store_ln23 = store i32 0, i32 %max_row_id" [HLS_CISR_spmv_accel.c:23]   --->   Operation 37 'store' 'store_ln23' <Predicate = (cmd_start_read)> <Delay = 1.58>
ST_1 : Operation 38 [1/1] (1.58ns)   --->   "%br_ln25 = br void" [HLS_CISR_spmv_accel.c:25]   --->   Operation 38 'br' 'br_ln25' <Predicate = (cmd_start_read)> <Delay = 1.58>

State 2 <SV = 1> <Delay = 3.28>
ST_2 : Operation 39 [1/1] (0.00ns)   --->   "%slot_id = phi i2 %add_ln25, void %.split6815, i2 0, void" [HLS_CISR_spmv_accel.c:25]   --->   Operation 39 'phi' 'slot_id' <Predicate = true> <Delay = 0.00>
ST_2 : Operation 40 [1/1] (1.56ns)   --->   "%add_ln25 = add i2 %slot_id, i2 1" [HLS_CISR_spmv_accel.c:25]   --->   Operation 40 'add' 'add_ln25' <Predicate = true> <Delay = 1.56> <CoreInst = "Adder">   --->   Core 1 'Adder' <Latency = 0> <II = 1> <Delay = 2.55> <FuncUnit> <Opcode : 'add' 'sub'> <InPorts = 2> <OutPorts = 1>
ST_2 : Operation 41 [1/1] (0.00ns)   --->   "%specpipeline_ln0 = specpipeline void @_ssdm_op_SpecPipeline, i32 4294967295, i32 0, i32 1, i32 0, void @p_str"   --->   Operation 41 'specpipeline' 'specpipeline_ln0' <Predicate = true> <Delay = 0.00>
ST_2 : Operation 42 [1/1] (0.95ns)   --->   "%icmp_ln25 = icmp_eq  i2 %slot_id, i2 2" [HLS_CISR_spmv_accel.c:25]   --->   Operation 42 'icmp' 'icmp_ln25' <Predicate = true> <Delay = 0.95> <CoreInst = "Cmp">   --->   Core 9 'Cmp' <Latency = 0> <II = 1> <Delay = 2.47> <FuncUnit> <Opcode : 'icmp'> <InPorts = 2> <OutPorts = 1>
ST_2 : Operation 43 [1/1] (0.00ns)   --->   "%empty = speclooptripcount i32 @_ssdm_op_SpecLoopTripCount, i64 2, i64 2, i64 2"   --->   Operation 43 'speclooptripcount' 'empty' <Predicate = true> <Delay = 0.00>
ST_2 : Operation 44 [1/1] (0.00ns)   --->   "%br_ln25 = br i1 %icmp_ln25, void %.split6, void %initialize.exit.loopexit" [HLS_CISR_spmv_accel.c:25]   --->   Operation 44 'br' 'br_ln25' <Predicate = true> <Delay = 0.00>
ST_2 : Operation 45 [1/1] (0.00ns)   --->   "%tmp = bitconcatenate i4 @_ssdm_op_BitConcatenate.i4.i2.i2, i2 %slot_id, i2 0" [HLS_CISR_spmv_accel.c:37]   --->   Operation 45 'bitconcatenate' 'tmp' <Predicate = (!icmp_ln25)> <Delay = 0.00>
ST_2 : Operation 46 [1/1] (0.00ns)   --->   "%zext_ln37 = zext i4 %tmp" [HLS_CISR_spmv_accel.c:37]   --->   Operation 46 'zext' 'zext_ln37' <Predicate = (!icmp_ln25)> <Delay = 0.00>
ST_2 : Operation 47 [1/1] (0.00ns)   --->   "%row_len_slot_arr_addr_2 = getelementptr i32 %row_len_slot_arr, i64 0, i64 %zext_ln37" [HLS_CISR_spmv_accel.c:37]   --->   Operation 47 'getelementptr' 'row_len_slot_arr_addr_2' <Predicate = (!icmp_ln25)> <Delay = 0.00>
ST_2 : Operation 48 [1/1] (0.00ns)   --->   "%or_ln37 = or i4 %tmp, i4 1" [HLS_CISR_spmv_accel.c:37]   --->   Operation 48 'or' 'or_ln37' <Predicate = (!icmp_ln25)> <Delay = 0.00>
ST_2 : Operation 49 [1/1] (0.00ns)   --->   "%tmp_1 = bitconcatenate i64 @_ssdm_op_BitConcatenate.i64.i60.i4, i60 0, i4 %or_ln37" [HLS_CISR_spmv_accel.c:37]   --->   Operation 49 'bitconcatenate' 'tmp_1' <Predicate = (!icmp_ln25)> <Delay = 0.00>
ST_2 : Operation 50 [1/1] (0.00ns)   --->   "%row_len_slot_arr_addr_4 = getelementptr i32 %row_len_slot_arr, i64 0, i64 %tmp_1" [HLS_CISR_spmv_accel.c:37]   --->   Operation 50 'getelementptr' 'row_len_slot_arr_addr_4' <Predicate = (!icmp_ln25)> <Delay = 0.00>
ST_2 : Operation 51 [1/1] (0.00ns)   --->   "%or_ln37_1 = or i4 %tmp, i4 2" [HLS_CISR_spmv_accel.c:37]   --->   Operation 51 'or' 'or_ln37_1' <Predicate = (!icmp_ln25)> <Delay = 0.00>
ST_2 : Operation 52 [1/1] (0.00ns)   --->   "%tmp_2 = bitconcatenate i64 @_ssdm_op_BitConcatenate.i64.i60.i4, i60 0, i4 %or_ln37_1" [HLS_CISR_spmv_accel.c:37]   --->   Operation 52 'bitconcatenate' 'tmp_2' <Predicate = (!icmp_ln25)> <Delay = 0.00>
ST_2 : Operation 53 [1/1] (0.00ns)   --->   "%row_len_slot_arr_addr_5 = getelementptr i32 %row_len_slot_arr, i64 0, i64 %tmp_2" [HLS_CISR_spmv_accel.c:37]   --->   Operation 53 'getelementptr' 'row_len_slot_arr_addr_5' <Predicate = (!icmp_ln25)> <Delay = 0.00>
ST_2 : Operation 54 [1/1] (0.00ns)   --->   "%or_ln37_2 = or i4 %tmp, i4 3" [HLS_CISR_spmv_accel.c:37]   --->   Operation 54 'or' 'or_ln37_2' <Predicate = (!icmp_ln25)> <Delay = 0.00>
ST_2 : Operation 55 [1/1] (0.00ns)   --->   "%tmp_3 = bitconcatenate i64 @_ssdm_op_BitConcatenate.i64.i60.i4, i60 0, i4 %or_ln37_2" [HLS_CISR_spmv_accel.c:37]   --->   Operation 55 'bitconcatenate' 'tmp_3' <Predicate = (!icmp_ln25)> <Delay = 0.00>
ST_2 : Operation 56 [1/1] (0.00ns)   --->   "%row_len_slot_arr_addr_3 = getelementptr i32 %row_len_slot_arr, i64 0, i64 %tmp_3" [HLS_CISR_spmv_accel.c:37]   --->   Operation 56 'getelementptr' 'row_len_slot_arr_addr_3' <Predicate = (!icmp_ln25)> <Delay = 0.00>
ST_2 : Operation 57 [1/1] (0.00ns)   --->   "%specloopname_ln25 = specloopname void @_ssdm_op_SpecLoopName, void @empty" [HLS_CISR_spmv_accel.c:25]   --->   Operation 57 'specloopname' 'specloopname_ln25' <Predicate = (!icmp_ln25)> <Delay = 0.00>
ST_2 : Operation 58 [1/1] (0.00ns)   --->   "%trunc_ln29 = trunc i2 %slot_id" [HLS_CISR_spmv_accel.c:29]   --->   Operation 58 'trunc' 'trunc_ln29' <Predicate = (!icmp_ln25)> <Delay = 0.00>
ST_2 : Operation 59 [1/1] (0.00ns)   --->   "%br_ln29 = br i1 %trunc_ln29, void %branch18, void %branch19" [HLS_CISR_spmv_accel.c:29]   --->   Operation 59 'br' 'br_ln29' <Predicate = (!icmp_ln25)> <Delay = 0.00>
ST_2 : Operation 60 [1/1] (1.58ns)   --->   "%store_ln29 = store i32 0, i32 %slot_res_arr_0" [HLS_CISR_spmv_accel.c:29]   --->   Operation 60 'store' 'store_ln29' <Predicate = (!icmp_ln25 & !trunc_ln29)> <Delay = 1.58>
ST_2 : Operation 61 [1/1] (0.00ns)   --->   "%br_ln29 = br void %.split632" [HLS_CISR_spmv_accel.c:29]   --->   Operation 61 'br' 'br_ln29' <Predicate = (!icmp_ln25 & !trunc_ln29)> <Delay = 0.00>
ST_2 : Operation 62 [1/1] (1.58ns)   --->   "%store_ln29 = store i32 0, i32 %slot_res_arr_1" [HLS_CISR_spmv_accel.c:29]   --->   Operation 62 'store' 'store_ln29' <Predicate = (!icmp_ln25 & trunc_ln29)> <Delay = 1.58>
ST_2 : Operation 63 [1/1] (0.00ns)   --->   "%br_ln29 = br void %.split632" [HLS_CISR_spmv_accel.c:29]   --->   Operation 63 'br' 'br_ln29' <Predicate = (!icmp_ln25 & trunc_ln29)> <Delay = 0.00>
ST_2 : Operation 64 [1/1] (0.00ns)   --->   "%br_ln30 = br i1 %trunc_ln29, void %branch24, void %branch25" [HLS_CISR_spmv_accel.c:30]   --->   Operation 64 'br' 'br_ln30' <Predicate = (!icmp_ln25)> <Delay = 0.00>
ST_2 : Operation 65 [1/1] (1.58ns)   --->   "%store_ln30 = store i32 0, i32 %slot_counter_0" [HLS_CISR_spmv_accel.c:30]   --->   Operation 65 'store' 'store_ln30' <Predicate = (!icmp_ln25 & !trunc_ln29)> <Delay = 1.58>
ST_2 : Operation 66 [1/1] (0.00ns)   --->   "%br_ln30 = br void %.split63241" [HLS_CISR_spmv_accel.c:30]   --->   Operation 66 'br' 'br_ln30' <Predicate = (!icmp_ln25 & !trunc_ln29)> <Delay = 0.00>
ST_2 : Operation 67 [1/1] (1.58ns)   --->   "%store_ln30 = store i32 0, i32 %slot_counter_1" [HLS_CISR_spmv_accel.c:30]   --->   Operation 67 'store' 'store_ln30' <Predicate = (!icmp_ln25 & trunc_ln29)> <Delay = 1.58>
ST_2 : Operation 68 [1/1] (0.00ns)   --->   "%br_ln30 = br void %.split63241" [HLS_CISR_spmv_accel.c:30]   --->   Operation 68 'br' 'br_ln30' <Predicate = (!icmp_ln25 & trunc_ln29)> <Delay = 0.00>
ST_2 : Operation 69 [1/1] (0.00ns)   --->   "%br_ln31 = br i1 %trunc_ln29, void %branch14, void %branch15" [HLS_CISR_spmv_accel.c:31]   --->   Operation 69 'br' 'br_ln31' <Predicate = (!icmp_ln25)> <Delay = 0.00>
ST_2 : Operation 70 [1/1] (1.70ns)   --->   "%store_ln31 = store i32 0, i32 %slot_row_counter_0" [HLS_CISR_spmv_accel.c:31]   --->   Operation 70 'store' 'store_ln31' <Predicate = (!icmp_ln25 & !trunc_ln29)> <Delay = 1.70>
ST_2 : Operation 71 [1/1] (0.00ns)   --->   "%br_ln31 = br void %.split625" [HLS_CISR_spmv_accel.c:31]   --->   Operation 71 'br' 'br_ln31' <Predicate = (!icmp_ln25 & !trunc_ln29)> <Delay = 0.00>
ST_2 : Operation 72 [1/1] (1.70ns)   --->   "%store_ln31 = store i32 0, i32 %slot_row_counter_1" [HLS_CISR_spmv_accel.c:31]   --->   Operation 72 'store' 'store_ln31' <Predicate = (!icmp_ln25 & trunc_ln29)> <Delay = 1.70>
ST_2 : Operation 73 [1/1] (0.00ns)   --->   "%br_ln31 = br void %.split625" [HLS_CISR_spmv_accel.c:31]   --->   Operation 73 'br' 'br_ln31' <Predicate = (!icmp_ln25 & trunc_ln29)> <Delay = 0.00>
ST_2 : Operation 74 [1/1] (0.00ns)   --->   "%br_ln32 = br i1 %trunc_ln29, void %branch4, void %branch5" [HLS_CISR_spmv_accel.c:32]   --->   Operation 74 'br' 'br_ln32' <Predicate = (!icmp_ln25)> <Delay = 0.00>
ST_2 : Operation 75 [1/1] (1.58ns)   --->   "%store_ln32 = store i32 0, i32 %slot_row_len_id_0" [HLS_CISR_spmv_accel.c:32]   --->   Operation 75 'store' 'store_ln32' <Predicate = (!icmp_ln25 & !trunc_ln29)> <Delay = 1.58>
ST_2 : Operation 76 [1/1] (0.00ns)   --->   "%br_ln32 = br void %.split68" [HLS_CISR_spmv_accel.c:32]   --->   Operation 76 'br' 'br_ln32' <Predicate = (!icmp_ln25 & !trunc_ln29)> <Delay = 0.00>
ST_2 : Operation 77 [1/1] (1.58ns)   --->   "%store_ln32 = store i32 0, i32 %slot_row_len_id_1" [HLS_CISR_spmv_accel.c:32]   --->   Operation 77 'store' 'store_ln32' <Predicate = (!icmp_ln25 & trunc_ln29)> <Delay = 1.58>
ST_2 : Operation 78 [1/1] (0.00ns)   --->   "%br_ln32 = br void %.split68" [HLS_CISR_spmv_accel.c:32]   --->   Operation 78 'br' 'br_ln32' <Predicate = (!icmp_ln25 & trunc_ln29)> <Delay = 0.00>
ST_2 : Operation 79 [1/1] (0.00ns)   --->   "%br_ln33 = br i1 %trunc_ln29, void %branch8, void %branch9" [HLS_CISR_spmv_accel.c:33]   --->   Operation 79 'br' 'br_ln33' <Predicate = (!icmp_ln25)> <Delay = 0.00>
ST_2 : Operation 80 [1/1] (1.58ns)   --->   "%store_ln33 = store i3 0, i3 %slot_row_id_0" [HLS_CISR_spmv_accel.c:33]   --->   Operation 80 'store' 'store_ln33' <Predicate = (!icmp_ln25 & !trunc_ln29)> <Delay = 1.58>
ST_2 : Operation 81 [1/1] (0.00ns)   --->   "%br_ln33 = br void %.split6815" [HLS_CISR_spmv_accel.c:33]   --->   Operation 81 'br' 'br_ln33' <Predicate = (!icmp_ln25 & !trunc_ln29)> <Delay = 0.00>
ST_2 : Operation 82 [1/1] (1.58ns)   --->   "%store_ln33 = store i3 0, i3 %slot_row_id_1" [HLS_CISR_spmv_accel.c:33]   --->   Operation 82 'store' 'store_ln33' <Predicate = (!icmp_ln25 & trunc_ln29)> <Delay = 1.58>
ST_2 : Operation 83 [1/1] (0.00ns)   --->   "%br_ln33 = br void %.split6815" [HLS_CISR_spmv_accel.c:33]   --->   Operation 83 'br' 'br_ln33' <Predicate = (!icmp_ln25 & trunc_ln29)> <Delay = 0.00>
ST_2 : Operation 84 [1/1] (2.32ns)   --->   "%store_ln37 = store i32 0, i3 %row_len_slot_arr_addr_2" [HLS_CISR_spmv_accel.c:37]   --->   Operation 84 'store' 'store_ln37' <Predicate = (!icmp_ln25)> <Delay = 2.32> <CoreInst = "RAM">   --->   Core 82 'RAM' <Latency = 1> <II = 1> <Delay = 2.32> <Storage> <Opcode : 'load' 'store'> <Ports = 2> <Width = 32> <Depth = 8> <RAM>
ST_2 : Operation 85 [1/1] (2.32ns)   --->   "%store_ln37 = store i32 0, i3 %row_len_slot_arr_addr_4" [HLS_CISR_spmv_accel.c:37]   --->   Operation 85 'store' 'store_ln37' <Predicate = (!icmp_ln25)> <Delay = 2.32> <CoreInst = "RAM">   --->   Core 82 'RAM' <Latency = 1> <II = 1> <Delay = 2.32> <Storage> <Opcode : 'load' 'store'> <Ports = 2> <Width = 32> <Depth = 8> <RAM>

State 3 <SV = 2> <Delay = 2.32>
ST_3 : Operation 86 [1/1] (2.32ns)   --->   "%store_ln37 = store i32 0, i3 %row_len_slot_arr_addr_5" [HLS_CISR_spmv_accel.c:37]   --->   Operation 86 'store' 'store_ln37' <Predicate = true> <Delay = 2.32> <CoreInst = "RAM">   --->   Core 82 'RAM' <Latency = 1> <II = 1> <Delay = 2.32> <Storage> <Opcode : 'load' 'store'> <Ports = 2> <Width = 32> <Depth = 8> <RAM>
ST_3 : Operation 87 [1/1] (2.32ns)   --->   "%store_ln37 = store i32 0, i3 %row_len_slot_arr_addr_3" [HLS_CISR_spmv_accel.c:37]   --->   Operation 87 'store' 'store_ln37' <Predicate = true> <Delay = 2.32> <CoreInst = "RAM">   --->   Core 82 'RAM' <Latency = 1> <II = 1> <Delay = 2.32> <Storage> <Opcode : 'load' 'store'> <Ports = 2> <Width = 32> <Depth = 8> <RAM>
ST_3 : Operation 88 [1/1] (0.00ns)   --->   "%br_ln0 = br void"   --->   Operation 88 'br' 'br_ln0' <Predicate = true> <Delay = 0.00>

State 4 <SV = 2> <Delay = 1.58>
ST_4 : Operation 89 [1/1] (0.00ns)   --->   "%br_ln0 = br void %initialize.exit"   --->   Operation 89 'br' 'br_ln0' <Predicate = (cmd_start_read)> <Delay = 0.00>
ST_4 : Operation 90 [1/1] (1.58ns)   --->   "%br_ln49 = br void" [HLS_CISR_spmv_accel.c:49]   --->   Operation 90 'br' 'br_ln49' <Predicate = true> <Delay = 1.58>

State 5 <SV = 3> <Delay = 2.32>
ST_5 : Operation 91 [1/1] (0.00ns)   --->   "%slot_id1 = phi i2 %add_ln49, void %.split2._crit_edge, i2 0, void %initialize.exit" [HLS_CISR_spmv_accel.c:49]   --->   Operation 91 'phi' 'slot_id1' <Predicate = true> <Delay = 0.00>
ST_5 : Operation 92 [1/1] (1.56ns)   --->   "%add_ln49 = add i2 %slot_id1, i2 1" [HLS_CISR_spmv_accel.c:49]   --->   Operation 92 'add' 'add_ln49' <Predicate = true> <Delay = 1.56> <CoreInst = "Adder">   --->   Core 1 'Adder' <Latency = 0> <II = 1> <Delay = 2.55> <FuncUnit> <Opcode : 'add' 'sub'> <InPorts = 2> <OutPorts = 1>
ST_5 : Operation 93 [1/1] (0.00ns)   --->   "%specpipeline_ln0 = specpipeline void @_ssdm_op_SpecPipeline, i32 4294967295, i32 0, i32 1, i32 0, void @p_str"   --->   Operation 93 'specpipeline' 'specpipeline_ln0' <Predicate = true> <Delay = 0.00>
ST_5 : Operation 94 [1/1] (0.95ns)   --->   "%icmp_ln49 = icmp_eq  i2 %slot_id1, i2 2" [HLS_CISR_spmv_accel.c:49]   --->   Operation 94 'icmp' 'icmp_ln49' <Predicate = true> <Delay = 0.95> <CoreInst = "Cmp">   --->   Core 9 'Cmp' <Latency = 0> <II = 1> <Delay = 2.47> <FuncUnit> <Opcode : 'icmp'> <InPorts = 2> <OutPorts = 1>
ST_5 : Operation 95 [1/1] (0.00ns)   --->   "%empty_20 = speclooptripcount i32 @_ssdm_op_SpecLoopTripCount, i64 2, i64 2, i64 2"   --->   Operation 95 'speclooptripcount' 'empty_20' <Predicate = true> <Delay = 0.00>
ST_5 : Operation 96 [1/1] (0.00ns)   --->   "%br_ln49 = br i1 %icmp_ln49, void %.split2, void %store_row_len_arr.exit.preheader" [HLS_CISR_spmv_accel.c:49]   --->   Operation 96 'br' 'br_ln49' <Predicate = true> <Delay = 0.00>
ST_5 : Operation 97 [1/1] (0.00ns)   --->   "%slot_id1_cast = zext i2 %slot_id1" [HLS_CISR_spmv_accel.c:49]   --->   Operation 97 'zext' 'slot_id1_cast' <Predicate = (!icmp_ln49)> <Delay = 0.00>
ST_5 : Operation 98 [1/1] (0.00ns)   --->   "%trunc_ln58 = trunc i2 %slot_id1" [HLS_CISR_spmv_accel.c:58]   --->   Operation 98 'trunc' 'trunc_ln58' <Predicate = (!icmp_ln49)> <Delay = 0.00>
ST_5 : Operation 99 [1/1] (0.00ns)   --->   "%slot_arr_row_len_addr = getelementptr i32 %slot_arr_row_len, i64 0, i64 %slot_id1_cast" [HLS_CISR_spmv_accel.c:55]   --->   Operation 99 'getelementptr' 'slot_arr_row_len_addr' <Predicate = (!icmp_ln49)> <Delay = 0.00>
ST_5 : Operation 100 [2/2] (2.32ns)   --->   "%slot_arr_row_len_load = load i1 %slot_arr_row_len_addr" [HLS_CISR_spmv_accel.c:55]   --->   Operation 100 'load' 'slot_arr_row_len_load' <Predicate = (!icmp_ln49)> <Delay = 2.32> <CoreInst = "RAM">   --->   Core 82 'RAM' <Latency = 1> <II = 1> <Delay = 2.32> <Storage> <Opcode : 'load' 'store'> <Ports = 2> <Width = 32> <Depth = 2> <RAM>
ST_5 : Operation 101 [1/1] (0.00ns)   --->   "%br_ln0 = br void"   --->   Operation 101 'br' 'br_ln0' <Predicate = (!icmp_ln49)> <Delay = 0.00>

State 6 <SV = 4> <Delay = 7.11>
ST_6 : Operation 102 [1/1] (0.00ns)   --->   "%tmp_4_cast = bitconcatenate i3 @_ssdm_op_BitConcatenate.i3.i1.i2, i1 %trunc_ln58, i2 0" [HLS_CISR_spmv_accel.c:49]   --->   Operation 102 'bitconcatenate' 'tmp_4_cast' <Predicate = true> <Delay = 0.00>
ST_6 : Operation 103 [1/1] (0.00ns)   --->   "%specloopname_ln49 = specloopname void @_ssdm_op_SpecLoopName, void @empty_0" [HLS_CISR_spmv_accel.c:49]   --->   Operation 103 'specloopname' 'specloopname_ln49' <Predicate = true> <Delay = 0.00>
ST_6 : Operation 104 [1/1] (0.00ns)   --->   "%slot_counter_0_load = load i32 %slot_counter_0" [HLS_CISR_spmv_accel.c:53]   --->   Operation 104 'load' 'slot_counter_0_load' <Predicate = (!trunc_ln58)> <Delay = 0.00>
ST_6 : Operation 105 [1/1] (0.00ns)   --->   "%slot_counter_1_load = load i32 %slot_counter_1" [HLS_CISR_spmv_accel.c:53]   --->   Operation 105 'load' 'slot_counter_1_load' <Predicate = (trunc_ln58)> <Delay = 0.00>
ST_6 : Operation 106 [1/1] (0.69ns)   --->   "%slot_row_count = select i1 %trunc_ln58, i32 %slot_counter_1_load, i32 %slot_counter_0_load" [HLS_CISR_spmv_accel.c:53]   --->   Operation 106 'select' 'slot_row_count' <Predicate = true> <Delay = 0.69> <CoreInst = "Sel">   --->   Core 73 'Sel' <Latency = 0> <II = 1> <Delay = 0.69> <FuncUnit> <Opcode : 'select'> <InPorts = 3> <OutPorts = 1>
ST_6 : Operation 107 [1/2] (2.32ns)   --->   "%slot_arr_row_len_load = load i1 %slot_arr_row_len_addr" [HLS_CISR_spmv_accel.c:55]   --->   Operation 107 'load' 'slot_arr_row_len_load' <Predicate = true> <Delay = 2.32> <CoreInst = "RAM">   --->   Core 82 'RAM' <Latency = 1> <II = 1> <Delay = 2.32> <Storage> <Opcode : 'load' 'store'> <Ports = 2> <Width = 32> <Depth = 2> <RAM>
ST_6 : Operation 108 [1/1] (2.47ns)   --->   "%icmp_ln55 = icmp_eq  i32 %slot_arr_row_len_load, i32 4294967295" [HLS_CISR_spmv_accel.c:55]   --->   Operation 108 'icmp' 'icmp_ln55' <Predicate = true> <Delay = 2.47> <CoreInst = "Cmp">   --->   Core 9 'Cmp' <Latency = 0> <II = 1> <Delay = 2.47> <FuncUnit> <Opcode : 'icmp'> <InPorts = 2> <OutPorts = 1>
ST_6 : Operation 109 [1/1] (0.00ns)   --->   "%br_ln55 = br i1 %icmp_ln55, void, void %.split2._crit_edge" [HLS_CISR_spmv_accel.c:55]   --->   Operation 109 'br' 'br_ln55' <Predicate = true> <Delay = 0.00>
ST_6 : Operation 110 [1/1] (0.00ns)   --->   "%trunc_ln58_1 = trunc i32 %slot_row_count" [HLS_CISR_spmv_accel.c:58]   --->   Operation 110 'trunc' 'trunc_ln58_1' <Predicate = (!icmp_ln55)> <Delay = 0.00>
ST_6 : Operation 111 [1/1] (1.65ns)   --->   "%add_ln58 = add i3 %tmp_4_cast, i3 %trunc_ln58_1" [HLS_CISR_spmv_accel.c:58]   --->   Operation 111 'add' 'add_ln58' <Predicate = (!icmp_ln55)> <Delay = 1.65> <CoreInst = "Adder">   --->   Core 1 'Adder' <Latency = 0> <II = 1> <Delay = 2.55> <FuncUnit> <Opcode : 'add' 'sub'> <InPorts = 2> <OutPorts = 1>
ST_6 : Operation 112 [1/1] (0.00ns)   --->   "%zext_ln58 = zext i3 %add_ln58" [HLS_CISR_spmv_accel.c:58]   --->   Operation 112 'zext' 'zext_ln58' <Predicate = (!icmp_ln55)> <Delay = 0.00>
ST_6 : Operation 113 [1/1] (0.00ns)   --->   "%row_len_slot_arr_addr = getelementptr i32 %row_len_slot_arr, i64 0, i64 %zext_ln58" [HLS_CISR_spmv_accel.c:58]   --->   Operation 113 'getelementptr' 'row_len_slot_arr_addr' <Predicate = (!icmp_ln55)> <Delay = 0.00>
ST_6 : Operation 114 [1/1] (2.32ns)   --->   "%store_ln58 = store i32 %slot_arr_row_len_load, i3 %row_len_slot_arr_addr" [HLS_CISR_spmv_accel.c:58]   --->   Operation 114 'store' 'store_ln58' <Predicate = (!icmp_ln55)> <Delay = 2.32> <CoreInst = "RAM">   --->   Core 82 'RAM' <Latency = 1> <II = 1> <Delay = 2.32> <Storage> <Opcode : 'load' 'store'> <Ports = 2> <Width = 32> <Depth = 8> <RAM>
ST_6 : Operation 115 [1/1] (2.55ns)   --->   "%add_ln59 = add i32 %slot_row_count, i32 1" [HLS_CISR_spmv_accel.c:59]   --->   Operation 115 'add' 'add_ln59' <Predicate = (!icmp_ln55)> <Delay = 2.55> <CoreInst = "Adder">   --->   Core 1 'Adder' <Latency = 0> <II = 1> <Delay = 2.55> <FuncUnit> <Opcode : 'add' 'sub'> <InPorts = 2> <OutPorts = 1>
ST_6 : Operation 116 [1/1] (0.00ns)   --->   "%br_ln59 = br i1 %trunc_ln58, void %branch20, void %branch21" [HLS_CISR_spmv_accel.c:59]   --->   Operation 116 'br' 'br_ln59' <Predicate = (!icmp_ln55)> <Delay = 0.00>
ST_6 : Operation 117 [1/1] (1.58ns)   --->   "%store_ln59 = store i32 %add_ln59, i32 %slot_counter_0" [HLS_CISR_spmv_accel.c:59]   --->   Operation 117 'store' 'store_ln59' <Predicate = (!icmp_ln55 & !trunc_ln58)> <Delay = 1.58>
ST_6 : Operation 118 [1/1] (0.00ns)   --->   "%br_ln59 = br void" [HLS_CISR_spmv_accel.c:59]   --->   Operation 118 'br' 'br_ln59' <Predicate = (!icmp_ln55 & !trunc_ln58)> <Delay = 0.00>
ST_6 : Operation 119 [1/1] (1.58ns)   --->   "%store_ln59 = store i32 %add_ln59, i32 %slot_counter_1" [HLS_CISR_spmv_accel.c:59]   --->   Operation 119 'store' 'store_ln59' <Predicate = (!icmp_ln55 & trunc_ln58)> <Delay = 1.58>
ST_6 : Operation 120 [1/1] (0.00ns)   --->   "%br_ln59 = br void" [HLS_CISR_spmv_accel.c:59]   --->   Operation 120 'br' 'br_ln59' <Predicate = (!icmp_ln55 & trunc_ln58)> <Delay = 0.00>
ST_6 : Operation 121 [1/1] (0.00ns)   --->   "%br_ln60 = br void %.split2._crit_edge" [HLS_CISR_spmv_accel.c:60]   --->   Operation 121 'br' 'br_ln60' <Predicate = (!icmp_ln55)> <Delay = 0.00>

State 7 <SV = 4> <Delay = 1.58>
ST_7 : Operation 122 [1/1] (1.58ns)   --->   "%br_ln0 = br void %store_row_len_arr.exit"   --->   Operation 122 'br' 'br_ln0' <Predicate = true> <Delay = 1.58>

State 8 <SV = 5> <Delay = 5.03>
ST_8 : Operation 123 [1/1] (0.00ns)   --->   "%slot_id2 = phi i2 %add_ln68, void %.split._crit_edge, i2 0, void %store_row_len_arr.exit.preheader" [HLS_CISR_spmv_accel.c:68]   --->   Operation 123 'phi' 'slot_id2' <Predicate = true> <Delay = 0.00>
ST_8 : Operation 124 [1/1] (1.56ns)   --->   "%add_ln68 = add i2 %slot_id2, i2 1" [HLS_CISR_spmv_accel.c:68]   --->   Operation 124 'add' 'add_ln68' <Predicate = true> <Delay = 1.56> <CoreInst = "Adder">   --->   Core 1 'Adder' <Latency = 0> <II = 1> <Delay = 2.55> <FuncUnit> <Opcode : 'add' 'sub'> <InPorts = 2> <OutPorts = 1>
ST_8 : Operation 125 [1/1] (0.00ns)   --->   "%specpipeline_ln0 = specpipeline void @_ssdm_op_SpecPipeline, i32 4294967295, i32 0, i32 1, i32 0, void @p_str"   --->   Operation 125 'specpipeline' 'specpipeline_ln0' <Predicate = true> <Delay = 0.00>
ST_8 : Operation 126 [1/1] (0.95ns)   --->   "%icmp_ln68 = icmp_eq  i2 %slot_id2, i2 2" [HLS_CISR_spmv_accel.c:68]   --->   Operation 126 'icmp' 'icmp_ln68' <Predicate = true> <Delay = 0.95> <CoreInst = "Cmp">   --->   Core 9 'Cmp' <Latency = 0> <II = 1> <Delay = 2.47> <FuncUnit> <Opcode : 'icmp'> <InPorts = 2> <OutPorts = 1>
ST_8 : Operation 127 [1/1] (0.00ns)   --->   "%empty_21 = speclooptripcount i32 @_ssdm_op_SpecLoopTripCount, i64 2, i64 2, i64 2"   --->   Operation 127 'speclooptripcount' 'empty_21' <Predicate = true> <Delay = 0.00>
ST_8 : Operation 128 [1/1] (0.00ns)   --->   "%br_ln68 = br i1 %icmp_ln68, void %.split, void %CISR_decoder.exit" [HLS_CISR_spmv_accel.c:68]   --->   Operation 128 'br' 'br_ln68' <Predicate = true> <Delay = 0.00>
ST_8 : Operation 129 [1/1] (0.00ns)   --->   "%trunc_ln86 = trunc i2 %slot_id2" [HLS_CISR_spmv_accel.c:86]   --->   Operation 129 'trunc' 'trunc_ln86' <Predicate = (!icmp_ln68)> <Delay = 0.00>
ST_8 : Operation 130 [1/1] (0.00ns)   --->   "%tmp_5_cast = bitconcatenate i3 @_ssdm_op_BitConcatenate.i3.i1.i2, i1 %trunc_ln86, i2 0" [HLS_CISR_spmv_accel.c:68]   --->   Operation 130 'bitconcatenate' 'tmp_5_cast' <Predicate = (!icmp_ln68)> <Delay = 0.00>
ST_8 : Operation 131 [1/1] (0.00ns)   --->   "%specloopname_ln68 = specloopname void @_ssdm_op_SpecLoopName, void @empty_1" [HLS_CISR_spmv_accel.c:68]   --->   Operation 131 'specloopname' 'specloopname_ln68' <Predicate = (!icmp_ln68)> <Delay = 0.00>
ST_8 : Operation 132 [1/1] (0.00ns)   --->   "%slot_row_counter_0_load_1 = load i32 %slot_row_counter_0" [HLS_CISR_spmv_accel.c:80]   --->   Operation 132 'load' 'slot_row_counter_0_load_1' <Predicate = (!icmp_ln68)> <Delay = 0.00>
ST_8 : Operation 133 [1/1] (0.00ns)   --->   "%slot_row_counter_1_load_1 = load i32 %slot_row_counter_1" [HLS_CISR_spmv_accel.c:80]   --->   Operation 133 'load' 'slot_row_counter_1_load_1' <Predicate = (!icmp_ln68)> <Delay = 0.00>
ST_8 : Operation 134 [1/1] (0.00ns) (grouped into LUT with out node icmp_ln80)   --->   "%select_ln80 = select i1 %trunc_ln86, i32 %slot_row_counter_1_load_1, i32 %slot_row_counter_0_load_1" [HLS_CISR_spmv_accel.c:80]   --->   Operation 134 'select' 'select_ln80' <Predicate = (!icmp_ln68)> <Delay = 0.00> <CoreInst = "Sel">   --->   Core 73 'Sel' <Latency = 0> <II = 1> <Delay = 0.69> <FuncUnit> <Opcode : 'select'> <InPorts = 3> <OutPorts = 1>
ST_8 : Operation 135 [1/1] (2.47ns) (out node of the LUT)   --->   "%icmp_ln80 = icmp_eq  i32 %select_ln80, i32 0" [HLS_CISR_spmv_accel.c:80]   --->   Operation 135 'icmp' 'icmp_ln80' <Predicate = (!icmp_ln68)> <Delay = 2.47> <CoreInst = "Cmp">   --->   Core 9 'Cmp' <Latency = 0> <II = 1> <Delay = 2.47> <FuncUnit> <Opcode : 'icmp'> <InPorts = 2> <OutPorts = 1>
ST_8 : Operation 136 [1/1] (0.00ns)   --->   "%br_ln80 = br i1 %icmp_ln80, void %.split._crit_edge, void" [HLS_CISR_spmv_accel.c:80]   --->   Operation 136 'br' 'br_ln80' <Predicate = (!icmp_ln68)> <Delay = 0.00>
ST_8 : Operation 137 [1/1] (0.00ns)   --->   "%br_ln83 = br i1 %trunc_ln86, void %branch16, void %branch17" [HLS_CISR_spmv_accel.c:83]   --->   Operation 137 'br' 'br_ln83' <Predicate = (!icmp_ln68 & icmp_ln80)> <Delay = 0.00>
ST_8 : Operation 138 [1/1] (1.58ns)   --->   "%store_ln83 = store i32 0, i32 %slot_res_arr_0" [HLS_CISR_spmv_accel.c:83]   --->   Operation 138 'store' 'store_ln83' <Predicate = (!icmp_ln68 & icmp_ln80 & !trunc_ln86)> <Delay = 1.58>
ST_8 : Operation 139 [1/1] (0.00ns)   --->   "%br_ln83 = br void" [HLS_CISR_spmv_accel.c:83]   --->   Operation 139 'br' 'br_ln83' <Predicate = (!icmp_ln68 & icmp_ln80 & !trunc_ln86)> <Delay = 0.00>
ST_8 : Operation 140 [1/1] (1.58ns)   --->   "%store_ln83 = store i32 0, i32 %slot_res_arr_1" [HLS_CISR_spmv_accel.c:83]   --->   Operation 140 'store' 'store_ln83' <Predicate = (!icmp_ln68 & icmp_ln80 & trunc_ln86)> <Delay = 1.58>
ST_8 : Operation 141 [1/1] (0.00ns)   --->   "%br_ln83 = br void" [HLS_CISR_spmv_accel.c:83]   --->   Operation 141 'br' 'br_ln83' <Predicate = (!icmp_ln68 & icmp_ln80 & trunc_ln86)> <Delay = 0.00>
ST_8 : Operation 142 [1/1] (0.00ns)   --->   "%slot_row_len_id_0_load = load i32 %slot_row_len_id_0" [HLS_CISR_spmv_accel.c:86]   --->   Operation 142 'load' 'slot_row_len_id_0_load' <Predicate = (!icmp_ln68 & icmp_ln80)> <Delay = 0.00>
ST_8 : Operation 143 [1/1] (0.00ns)   --->   "%slot_row_len_id_1_load = load i32 %slot_row_len_id_1" [HLS_CISR_spmv_accel.c:86]   --->   Operation 143 'load' 'slot_row_len_id_1_load' <Predicate = (!icmp_ln68 & icmp_ln80)> <Delay = 0.00>
ST_8 : Operation 144 [1/1] (0.69ns)   --->   "%select_ln86 = select i1 %trunc_ln86, i32 %slot_row_len_id_1_load, i32 %slot_row_len_id_0_load" [HLS_CISR_spmv_accel.c:86]   --->   Operation 144 'select' 'select_ln86' <Predicate = (!icmp_ln68 & icmp_ln80)> <Delay = 0.69> <CoreInst = "Sel">   --->   Core 73 'Sel' <Latency = 0> <II = 1> <Delay = 0.69> <FuncUnit> <Opcode : 'select'> <InPorts = 3> <OutPorts = 1>
ST_8 : Operation 145 [1/1] (0.00ns)   --->   "%trunc_ln86_1 = trunc i32 %select_ln86" [HLS_CISR_spmv_accel.c:86]   --->   Operation 145 'trunc' 'trunc_ln86_1' <Predicate = (!icmp_ln68 & icmp_ln80)> <Delay = 0.00>
ST_8 : Operation 146 [1/1] (1.65ns)   --->   "%add_ln86 = add i3 %tmp_5_cast, i3 %trunc_ln86_1" [HLS_CISR_spmv_accel.c:86]   --->   Operation 146 'add' 'add_ln86' <Predicate = (!icmp_ln68 & icmp_ln80)> <Delay = 1.65> <CoreInst = "Adder">   --->   Core 1 'Adder' <Latency = 0> <II = 1> <Delay = 2.55> <FuncUnit> <Opcode : 'add' 'sub'> <InPorts = 2> <OutPorts = 1>
ST_8 : Operation 147 [1/1] (0.00ns)   --->   "%zext_ln86 = zext i3 %add_ln86" [HLS_CISR_spmv_accel.c:86]   --->   Operation 147 'zext' 'zext_ln86' <Predicate = (!icmp_ln68 & icmp_ln80)> <Delay = 0.00>
ST_8 : Operation 148 [1/1] (0.00ns)   --->   "%row_len_slot_arr_addr_1 = getelementptr i32 %row_len_slot_arr, i64 0, i64 %zext_ln86" [HLS_CISR_spmv_accel.c:86]   --->   Operation 148 'getelementptr' 'row_len_slot_arr_addr_1' <Predicate = (!icmp_ln68 & icmp_ln80)> <Delay = 0.00>
ST_8 : Operation 149 [2/2] (2.32ns)   --->   "%row_len_slot_arr_load = load i3 %row_len_slot_arr_addr_1" [HLS_CISR_spmv_accel.c:86]   --->   Operation 149 'load' 'row_len_slot_arr_load' <Predicate = (!icmp_ln68 & icmp_ln80)> <Delay = 2.32> <CoreInst = "RAM">   --->   Core 82 'RAM' <Latency = 1> <II = 1> <Delay = 2.32> <Storage> <Opcode : 'load' 'store'> <Ports = 2> <Width = 32> <Depth = 8> <RAM>
ST_8 : Operation 150 [1/1] (0.00ns)   --->   "%br_ln86 = br i1 %trunc_ln86, void %branch10, void %branch11" [HLS_CISR_spmv_accel.c:86]   --->   Operation 150 'br' 'br_ln86' <Predicate = (!icmp_ln68 & icmp_ln80)> <Delay = 0.00>
ST_8 : Operation 151 [1/1] (2.55ns)   --->   "%add_ln87 = add i32 %select_ln86, i32 1" [HLS_CISR_spmv_accel.c:87]   --->   Operation 151 'add' 'add_ln87' <Predicate = (!icmp_ln68 & icmp_ln80)> <Delay = 2.55> <CoreInst = "Adder">   --->   Core 1 'Adder' <Latency = 0> <II = 1> <Delay = 2.55> <FuncUnit> <Opcode : 'add' 'sub'> <InPorts = 2> <OutPorts = 1>
ST_8 : Operation 152 [1/1] (0.00ns)   --->   "%br_ln87 = br i1 %trunc_ln86, void %branch0, void %branch1" [HLS_CISR_spmv_accel.c:87]   --->   Operation 152 'br' 'br_ln87' <Predicate = (!icmp_ln68 & icmp_ln80)> <Delay = 0.00>
ST_8 : Operation 153 [1/1] (1.58ns)   --->   "%store_ln87 = store i32 %add_ln87, i32 %slot_row_len_id_0" [HLS_CISR_spmv_accel.c:87]   --->   Operation 153 'store' 'store_ln87' <Predicate = (!icmp_ln68 & icmp_ln80 & !trunc_ln86)> <Delay = 1.58>
ST_8 : Operation 154 [1/1] (0.00ns)   --->   "%br_ln87 = br void" [HLS_CISR_spmv_accel.c:87]   --->   Operation 154 'br' 'br_ln87' <Predicate = (!icmp_ln68 & icmp_ln80 & !trunc_ln86)> <Delay = 0.00>
ST_8 : Operation 155 [1/1] (1.58ns)   --->   "%store_ln87 = store i32 %add_ln87, i32 %slot_row_len_id_1" [HLS_CISR_spmv_accel.c:87]   --->   Operation 155 'store' 'store_ln87' <Predicate = (!icmp_ln68 & icmp_ln80 & trunc_ln86)> <Delay = 1.58>
ST_8 : Operation 156 [1/1] (0.00ns)   --->   "%br_ln87 = br void" [HLS_CISR_spmv_accel.c:87]   --->   Operation 156 'br' 'br_ln87' <Predicate = (!icmp_ln68 & icmp_ln80 & trunc_ln86)> <Delay = 0.00>
ST_8 : Operation 157 [1/1] (0.00ns)   --->   "%max_row_id_load = load i32 %max_row_id" [HLS_CISR_spmv_accel.c:91]   --->   Operation 157 'load' 'max_row_id_load' <Predicate = (!icmp_ln68 & icmp_ln80)> <Delay = 0.00>
ST_8 : Operation 158 [1/1] (0.00ns)   --->   "%trunc_ln91 = trunc i32 %max_row_id_load" [HLS_CISR_spmv_accel.c:91]   --->   Operation 158 'trunc' 'trunc_ln91' <Predicate = (!icmp_ln68 & icmp_ln80)> <Delay = 0.00>
ST_8 : Operation 159 [1/1] (0.00ns)   --->   "%br_ln91 = br i1 %trunc_ln86, void %branch6, void %branch7" [HLS_CISR_spmv_accel.c:91]   --->   Operation 159 'br' 'br_ln91' <Predicate = (!icmp_ln68 & icmp_ln80)> <Delay = 0.00>
ST_8 : Operation 160 [1/1] (1.58ns)   --->   "%store_ln91 = store i3 %trunc_ln91, i3 %slot_row_id_0" [HLS_CISR_spmv_accel.c:91]   --->   Operation 160 'store' 'store_ln91' <Predicate = (!icmp_ln68 & icmp_ln80 & !trunc_ln86)> <Delay = 1.58>
ST_8 : Operation 161 [1/1] (0.00ns)   --->   "%br_ln91 = br void" [HLS_CISR_spmv_accel.c:91]   --->   Operation 161 'br' 'br_ln91' <Predicate = (!icmp_ln68 & icmp_ln80 & !trunc_ln86)> <Delay = 0.00>
ST_8 : Operation 162 [1/1] (1.58ns)   --->   "%store_ln91 = store i3 %trunc_ln91, i3 %slot_row_id_1" [HLS_CISR_spmv_accel.c:91]   --->   Operation 162 'store' 'store_ln91' <Predicate = (!icmp_ln68 & icmp_ln80 & trunc_ln86)> <Delay = 1.58>
ST_8 : Operation 163 [1/1] (0.00ns)   --->   "%br_ln91 = br void" [HLS_CISR_spmv_accel.c:91]   --->   Operation 163 'br' 'br_ln91' <Predicate = (!icmp_ln68 & icmp_ln80 & trunc_ln86)> <Delay = 0.00>
ST_8 : Operation 164 [1/1] (2.55ns)   --->   "%add_ln92 = add i32 %max_row_id_load, i32 1" [HLS_CISR_spmv_accel.c:92]   --->   Operation 164 'add' 'add_ln92' <Predicate = (!icmp_ln68 & icmp_ln80)> <Delay = 2.55> <CoreInst = "Adder">   --->   Core 1 'Adder' <Latency = 0> <II = 1> <Delay = 2.55> <FuncUnit> <Opcode : 'add' 'sub'> <InPorts = 2> <OutPorts = 1>
ST_8 : Operation 165 [1/1] (1.58ns)   --->   "%store_ln92 = store i32 %add_ln92, i32 %max_row_id" [HLS_CISR_spmv_accel.c:92]   --->   Operation 165 'store' 'store_ln92' <Predicate = (!icmp_ln68 & icmp_ln80)> <Delay = 1.58>
ST_8 : Operation 166 [1/1] (0.00ns)   --->   "%br_ln94 = br void %.split._crit_edge" [HLS_CISR_spmv_accel.c:94]   --->   Operation 166 'br' 'br_ln94' <Predicate = (!icmp_ln68 & icmp_ln80)> <Delay = 0.00>
ST_8 : Operation 167 [1/1] (0.00ns)   --->   "%br_ln0 = br void %store_row_len_arr.exit"   --->   Operation 167 'br' 'br_ln0' <Predicate = (!icmp_ln68)> <Delay = 0.00>

State 9 <SV = 6> <Delay = 4.02>
ST_9 : Operation 168 [1/2] (2.32ns)   --->   "%row_len_slot_arr_load = load i3 %row_len_slot_arr_addr_1" [HLS_CISR_spmv_accel.c:86]   --->   Operation 168 'load' 'row_len_slot_arr_load' <Predicate = (icmp_ln80)> <Delay = 2.32> <CoreInst = "RAM">   --->   Core 82 'RAM' <Latency = 1> <II = 1> <Delay = 2.32> <Storage> <Opcode : 'load' 'store'> <Ports = 2> <Width = 32> <Depth = 8> <RAM>
ST_9 : Operation 169 [1/1] (1.70ns)   --->   "%store_ln86 = store i32 %row_len_slot_arr_load, i32 %slot_row_counter_0" [HLS_CISR_spmv_accel.c:86]   --->   Operation 169 'store' 'store_ln86' <Predicate = (icmp_ln80 & !trunc_ln86)> <Delay = 1.70>
ST_9 : Operation 170 [1/1] (0.00ns)   --->   "%br_ln86 = br void" [HLS_CISR_spmv_accel.c:86]   --->   Operation 170 'br' 'br_ln86' <Predicate = (icmp_ln80 & !trunc_ln86)> <Delay = 0.00>
ST_9 : Operation 171 [1/1] (1.70ns)   --->   "%store_ln86 = store i32 %row_len_slot_arr_load, i32 %slot_row_counter_1" [HLS_CISR_spmv_accel.c:86]   --->   Operation 171 'store' 'store_ln86' <Predicate = (icmp_ln80 & trunc_ln86)> <Delay = 1.70>
ST_9 : Operation 172 [1/1] (0.00ns)   --->   "%br_ln86 = br void" [HLS_CISR_spmv_accel.c:86]   --->   Operation 172 'br' 'br_ln86' <Predicate = (icmp_ln80 & trunc_ln86)> <Delay = 0.00>

State 10 <SV = 6> <Delay = 4.25>
ST_10 : Operation 173 [1/1] (0.00ns)   --->   "%slot_data_arr_addr = getelementptr i64 %slot_data_arr, i64 0, i64 0" [HLS_CISR_spmv_accel.c:107]   --->   Operation 173 'getelementptr' 'slot_data_arr_addr' <Predicate = true> <Delay = 0.00>
ST_10 : Operation 174 [2/2] (2.32ns)   --->   "%slot_data_arr_load = load i1 %slot_data_arr_addr" [HLS_CISR_spmv_accel.c:107]   --->   Operation 174 'load' 'slot_data_arr_load' <Predicate = true> <Delay = 2.32> <CoreInst = "RAM">   --->   Core 82 'RAM' <Latency = 1> <II = 1> <Delay = 2.32> <Storage> <Opcode : 'load' 'store'> <Ports = 2> <Width = 64> <Depth = 2> <RAM>
ST_10 : Operation 175 [1/1] (0.00ns)   --->   "%slot_row_counter_0_load = load i32 %slot_row_counter_0" [HLS_CISR_spmv_accel.c:115]   --->   Operation 175 'load' 'slot_row_counter_0_load' <Predicate = true> <Delay = 0.00>
ST_10 : Operation 176 [1/1] (2.55ns)   --->   "%add_ln115 = add i32 %slot_row_counter_0_load, i32 4294967295" [HLS_CISR_spmv_accel.c:115]   --->   Operation 176 'add' 'add_ln115' <Predicate = true> <Delay = 2.55> <CoreInst = "Adder">   --->   Core 1 'Adder' <Latency = 0> <II = 1> <Delay = 2.55> <FuncUnit> <Opcode : 'add' 'sub'> <InPorts = 2> <OutPorts = 1>
ST_10 : Operation 177 [1/1] (1.70ns)   --->   "%store_ln115 = store i32 %add_ln115, i32 %slot_row_counter_0" [HLS_CISR_spmv_accel.c:115]   --->   Operation 177 'store' 'store_ln115' <Predicate = true> <Delay = 1.70>
ST_10 : Operation 178 [1/1] (0.00ns)   --->   "%slot_row_counter_1_load = load i32 %slot_row_counter_1" [HLS_CISR_spmv_accel.c:115]   --->   Operation 178 'load' 'slot_row_counter_1_load' <Predicate = true> <Delay = 0.00>
ST_10 : Operation 179 [1/1] (2.55ns)   --->   "%add_ln115_1 = add i32 %slot_row_counter_1_load, i32 4294967295" [HLS_CISR_spmv_accel.c:115]   --->   Operation 179 'add' 'add_ln115_1' <Predicate = true> <Delay = 2.55> <CoreInst = "Adder">   --->   Core 1 'Adder' <Latency = 0> <II = 1> <Delay = 2.55> <FuncUnit> <Opcode : 'add' 'sub'> <InPorts = 2> <OutPorts = 1>
ST_10 : Operation 180 [1/1] (1.70ns)   --->   "%store_ln115 = store i32 %add_ln115_1, i32 %slot_row_counter_1" [HLS_CISR_spmv_accel.c:115]   --->   Operation 180 'store' 'store_ln115' <Predicate = true> <Delay = 1.70>

State 11 <SV = 7> <Delay = 4.64>
ST_11 : Operation 181 [1/2] (2.32ns)   --->   "%slot_data_arr_load = load i1 %slot_data_arr_addr" [HLS_CISR_spmv_accel.c:107]   --->   Operation 181 'load' 'slot_data_arr_load' <Predicate = true> <Delay = 2.32> <CoreInst = "RAM">   --->   Core 82 'RAM' <Latency = 1> <II = 1> <Delay = 2.32> <Storage> <Opcode : 'load' 'store'> <Ports = 2> <Width = 64> <Depth = 2> <RAM>
ST_11 : Operation 182 [1/1] (0.00ns)   --->   "%trunc_ln107 = trunc i64 %slot_data_arr_load" [HLS_CISR_spmv_accel.c:107]   --->   Operation 182 'trunc' 'trunc_ln107' <Predicate = true> <Delay = 0.00>
ST_11 : Operation 183 [1/1] (0.00ns)   --->   "%col_index = partselect i3 @_ssdm_op_PartSelect.i3.i64.i32.i32, i64 %slot_data_arr_load, i32 32, i32 34" [HLS_CISR_spmv_accel.c:108]   --->   Operation 183 'partselect' 'col_index' <Predicate = true> <Delay = 0.00>
ST_11 : Operation 184 [1/1] (0.00ns)   --->   "%zext_ln111 = zext i3 %col_index" [HLS_CISR_spmv_accel.c:111]   --->   Operation 184 'zext' 'zext_ln111' <Predicate = true> <Delay = 0.00>
ST_11 : Operation 185 [1/1] (0.00ns)   --->   "%inp_vec_addr = getelementptr i32 %inp_vec, i64 0, i64 %zext_ln111" [HLS_CISR_spmv_accel.c:111]   --->   Operation 185 'getelementptr' 'inp_vec_addr' <Predicate = true> <Delay = 0.00>
ST_11 : Operation 186 [2/2] (2.32ns)   --->   "%inp_vec_load = load i3 %inp_vec_addr" [HLS_CISR_spmv_accel.c:111]   --->   Operation 186 'load' 'inp_vec_load' <Predicate = true> <Delay = 2.32> <CoreInst = "RAM">   --->   Core 82 'RAM' <Latency = 1> <II = 1> <Delay = 2.32> <Storage> <Opcode : 'load' 'store'> <Ports = 2> <Width = 32> <Depth = 8> <RAM>
ST_11 : Operation 187 [1/1] (0.00ns)   --->   "%slot_data_arr_addr_1 = getelementptr i64 %slot_data_arr, i64 0, i64 1" [HLS_CISR_spmv_accel.c:107]   --->   Operation 187 'getelementptr' 'slot_data_arr_addr_1' <Predicate = true> <Delay = 0.00>
ST_11 : Operation 188 [2/2] (2.32ns)   --->   "%slot_data_arr_load_1 = load i1 %slot_data_arr_addr_1" [HLS_CISR_spmv_accel.c:107]   --->   Operation 188 'load' 'slot_data_arr_load_1' <Predicate = true> <Delay = 2.32> <CoreInst = "RAM">   --->   Core 82 'RAM' <Latency = 1> <II = 1> <Delay = 2.32> <Storage> <Opcode : 'load' 'store'> <Ports = 2> <Width = 64> <Depth = 2> <RAM>

State 12 <SV = 8> <Delay = 4.64>
ST_12 : Operation 189 [1/2] (2.32ns)   --->   "%inp_vec_load = load i3 %inp_vec_addr" [HLS_CISR_spmv_accel.c:111]   --->   Operation 189 'load' 'inp_vec_load' <Predicate = true> <Delay = 2.32> <CoreInst = "RAM">   --->   Core 82 'RAM' <Latency = 1> <II = 1> <Delay = 2.32> <Storage> <Opcode : 'load' 'store'> <Ports = 2> <Width = 32> <Depth = 8> <RAM>
ST_12 : Operation 190 [1/2] (2.32ns)   --->   "%slot_data_arr_load_1 = load i1 %slot_data_arr_addr_1" [HLS_CISR_spmv_accel.c:107]   --->   Operation 190 'load' 'slot_data_arr_load_1' <Predicate = true> <Delay = 2.32> <CoreInst = "RAM">   --->   Core 82 'RAM' <Latency = 1> <II = 1> <Delay = 2.32> <Storage> <Opcode : 'load' 'store'> <Ports = 2> <Width = 64> <Depth = 2> <RAM>
ST_12 : Operation 191 [1/1] (0.00ns)   --->   "%trunc_ln107_1 = trunc i64 %slot_data_arr_load_1" [HLS_CISR_spmv_accel.c:107]   --->   Operation 191 'trunc' 'trunc_ln107_1' <Predicate = true> <Delay = 0.00>
ST_12 : Operation 192 [1/1] (0.00ns)   --->   "%col_index_1 = partselect i3 @_ssdm_op_PartSelect.i3.i64.i32.i32, i64 %slot_data_arr_load_1, i32 32, i32 34" [HLS_CISR_spmv_accel.c:108]   --->   Operation 192 'partselect' 'col_index_1' <Predicate = true> <Delay = 0.00>
ST_12 : Operation 193 [1/1] (0.00ns)   --->   "%zext_ln111_1 = zext i3 %col_index_1" [HLS_CISR_spmv_accel.c:111]   --->   Operation 193 'zext' 'zext_ln111_1' <Predicate = true> <Delay = 0.00>
ST_12 : Operation 194 [1/1] (0.00ns)   --->   "%inp_vec_addr_1 = getelementptr i32 %inp_vec, i64 0, i64 %zext_ln111_1" [HLS_CISR_spmv_accel.c:111]   --->   Operation 194 'getelementptr' 'inp_vec_addr_1' <Predicate = true> <Delay = 0.00>
ST_12 : Operation 195 [2/2] (2.32ns)   --->   "%inp_vec_load_1 = load i3 %inp_vec_addr_1" [HLS_CISR_spmv_accel.c:111]   --->   Operation 195 'load' 'inp_vec_load_1' <Predicate = true> <Delay = 2.32> <CoreInst = "RAM">   --->   Core 82 'RAM' <Latency = 1> <II = 1> <Delay = 2.32> <Storage> <Opcode : 'load' 'store'> <Ports = 2> <Width = 32> <Depth = 8> <RAM>

State 13 <SV = 9> <Delay = 5.70>
ST_13 : Operation 196 [1/1] (0.00ns)   --->   "%matrix_val = bitcast i32 %trunc_ln107" [HLS_CISR_spmv_accel.c:107]   --->   Operation 196 'bitcast' 'matrix_val' <Predicate = true> <Delay = 0.00>
ST_13 : Operation 197 [1/1] (0.00ns)   --->   "%bitcast_ln111 = bitcast i32 %inp_vec_load" [HLS_CISR_spmv_accel.c:111]   --->   Operation 197 'bitcast' 'bitcast_ln111' <Predicate = true> <Delay = 0.00>
ST_13 : Operation 198 [4/4] (5.70ns)   --->   "%mul_i = fmul i32 %matrix_val, i32 %bitcast_ln111" [HLS_CISR_spmv_accel.c:111]   --->   Operation 198 'fmul' 'mul_i' <Predicate = true> <Delay = 5.70> <CoreInst = "FMul_maxdsp">   --->   Core 30 'FMul_maxdsp' <Latency = 3> <II = 1> <Delay = 5.70> <FuncUnit> <Opcode : 'fmul'> <InPorts = 2> <OutPorts = 1>
ST_13 : Operation 199 [1/2] (2.32ns)   --->   "%inp_vec_load_1 = load i3 %inp_vec_addr_1" [HLS_CISR_spmv_accel.c:111]   --->   Operation 199 'load' 'inp_vec_load_1' <Predicate = true> <Delay = 2.32> <CoreInst = "RAM">   --->   Core 82 'RAM' <Latency = 1> <II = 1> <Delay = 2.32> <Storage> <Opcode : 'load' 'store'> <Ports = 2> <Width = 32> <Depth = 8> <RAM>

State 14 <SV = 10> <Delay = 5.70>
ST_14 : Operation 200 [3/4] (5.70ns)   --->   "%mul_i = fmul i32 %matrix_val, i32 %bitcast_ln111" [HLS_CISR_spmv_accel.c:111]   --->   Operation 200 'fmul' 'mul_i' <Predicate = true> <Delay = 5.70> <CoreInst = "FMul_maxdsp">   --->   Core 30 'FMul_maxdsp' <Latency = 3> <II = 1> <Delay = 5.70> <FuncUnit> <Opcode : 'fmul'> <InPorts = 2> <OutPorts = 1>
ST_14 : Operation 201 [1/1] (0.00ns)   --->   "%matrix_val_1 = bitcast i32 %trunc_ln107_1" [HLS_CISR_spmv_accel.c:107]   --->   Operation 201 'bitcast' 'matrix_val_1' <Predicate = true> <Delay = 0.00>
ST_14 : Operation 202 [1/1] (0.00ns)   --->   "%bitcast_ln111_1 = bitcast i32 %inp_vec_load_1" [HLS_CISR_spmv_accel.c:111]   --->   Operation 202 'bitcast' 'bitcast_ln111_1' <Predicate = true> <Delay = 0.00>
ST_14 : Operation 203 [4/4] (5.70ns)   --->   "%mul_1_i = fmul i32 %matrix_val_1, i32 %bitcast_ln111_1" [HLS_CISR_spmv_accel.c:111]   --->   Operation 203 'fmul' 'mul_1_i' <Predicate = true> <Delay = 5.70> <CoreInst = "FMul_maxdsp">   --->   Core 30 'FMul_maxdsp' <Latency = 3> <II = 1> <Delay = 5.70> <FuncUnit> <Opcode : 'fmul'> <InPorts = 2> <OutPorts = 1>

State 15 <SV = 11> <Delay = 5.70>
ST_15 : Operation 204 [2/4] (5.70ns)   --->   "%mul_i = fmul i32 %matrix_val, i32 %bitcast_ln111" [HLS_CISR_spmv_accel.c:111]   --->   Operation 204 'fmul' 'mul_i' <Predicate = true> <Delay = 5.70> <CoreInst = "FMul_maxdsp">   --->   Core 30 'FMul_maxdsp' <Latency = 3> <II = 1> <Delay = 5.70> <FuncUnit> <Opcode : 'fmul'> <InPorts = 2> <OutPorts = 1>
ST_15 : Operation 205 [3/4] (5.70ns)   --->   "%mul_1_i = fmul i32 %matrix_val_1, i32 %bitcast_ln111_1" [HLS_CISR_spmv_accel.c:111]   --->   Operation 205 'fmul' 'mul_1_i' <Predicate = true> <Delay = 5.70> <CoreInst = "FMul_maxdsp">   --->   Core 30 'FMul_maxdsp' <Latency = 3> <II = 1> <Delay = 5.70> <FuncUnit> <Opcode : 'fmul'> <InPorts = 2> <OutPorts = 1>

State 16 <SV = 12> <Delay = 5.70>
ST_16 : Operation 206 [1/4] (5.70ns)   --->   "%mul_i = fmul i32 %matrix_val, i32 %bitcast_ln111" [HLS_CISR_spmv_accel.c:111]   --->   Operation 206 'fmul' 'mul_i' <Predicate = true> <Delay = 5.70> <CoreInst = "FMul_maxdsp">   --->   Core 30 'FMul_maxdsp' <Latency = 3> <II = 1> <Delay = 5.70> <FuncUnit> <Opcode : 'fmul'> <InPorts = 2> <OutPorts = 1>
ST_16 : Operation 207 [2/4] (5.70ns)   --->   "%mul_1_i = fmul i32 %matrix_val_1, i32 %bitcast_ln111_1" [HLS_CISR_spmv_accel.c:111]   --->   Operation 207 'fmul' 'mul_1_i' <Predicate = true> <Delay = 5.70> <CoreInst = "FMul_maxdsp">   --->   Core 30 'FMul_maxdsp' <Latency = 3> <II = 1> <Delay = 5.70> <FuncUnit> <Opcode : 'fmul'> <InPorts = 2> <OutPorts = 1>

State 17 <SV = 13> <Delay = 7.25>
ST_17 : Operation 208 [1/1] (0.00ns)   --->   "%slot_res_arr_0_load = load i32 %slot_res_arr_0" [HLS_CISR_spmv_accel.c:111]   --->   Operation 208 'load' 'slot_res_arr_0_load' <Predicate = true> <Delay = 0.00>
ST_17 : Operation 209 [5/5] (7.25ns)   --->   "%add_i = fadd i32 %slot_res_arr_0_load, i32 %mul_i" [HLS_CISR_spmv_accel.c:111]   --->   Operation 209 'fadd' 'add_i' <Predicate = true> <Delay = 7.25> <CoreInst = "FAddSub_fulldsp">   --->   Core 18 'FAddSub_fulldsp' <Latency = 4> <II = 1> <Delay = 7.25> <FuncUnit> <Opcode : 'fadd' 'fsub'> <InPorts = 2> <OutPorts = 1>
ST_17 : Operation 210 [1/4] (5.70ns)   --->   "%mul_1_i = fmul i32 %matrix_val_1, i32 %bitcast_ln111_1" [HLS_CISR_spmv_accel.c:111]   --->   Operation 210 'fmul' 'mul_1_i' <Predicate = true> <Delay = 5.70> <CoreInst = "FMul_maxdsp">   --->   Core 30 'FMul_maxdsp' <Latency = 3> <II = 1> <Delay = 5.70> <FuncUnit> <Opcode : 'fmul'> <InPorts = 2> <OutPorts = 1>

State 18 <SV = 14> <Delay = 7.25>
ST_18 : Operation 211 [4/5] (7.25ns)   --->   "%add_i = fadd i32 %slot_res_arr_0_load, i32 %mul_i" [HLS_CISR_spmv_accel.c:111]   --->   Operation 211 'fadd' 'add_i' <Predicate = true> <Delay = 7.25> <CoreInst = "FAddSub_fulldsp">   --->   Core 18 'FAddSub_fulldsp' <Latency = 4> <II = 1> <Delay = 7.25> <FuncUnit> <Opcode : 'fadd' 'fsub'> <InPorts = 2> <OutPorts = 1>
ST_18 : Operation 212 [1/1] (0.00ns)   --->   "%slot_res_arr_1_load = load i32 %slot_res_arr_1" [HLS_CISR_spmv_accel.c:111]   --->   Operation 212 'load' 'slot_res_arr_1_load' <Predicate = true> <Delay = 0.00>
ST_18 : Operation 213 [5/5] (7.25ns)   --->   "%add_1_i = fadd i32 %slot_res_arr_1_load, i32 %mul_1_i" [HLS_CISR_spmv_accel.c:111]   --->   Operation 213 'fadd' 'add_1_i' <Predicate = true> <Delay = 7.25> <CoreInst = "FAddSub_fulldsp">   --->   Core 18 'FAddSub_fulldsp' <Latency = 4> <II = 1> <Delay = 7.25> <FuncUnit> <Opcode : 'fadd' 'fsub'> <InPorts = 2> <OutPorts = 1>

State 19 <SV = 15> <Delay = 7.25>
ST_19 : Operation 214 [3/5] (7.25ns)   --->   "%add_i = fadd i32 %slot_res_arr_0_load, i32 %mul_i" [HLS_CISR_spmv_accel.c:111]   --->   Operation 214 'fadd' 'add_i' <Predicate = true> <Delay = 7.25> <CoreInst = "FAddSub_fulldsp">   --->   Core 18 'FAddSub_fulldsp' <Latency = 4> <II = 1> <Delay = 7.25> <FuncUnit> <Opcode : 'fadd' 'fsub'> <InPorts = 2> <OutPorts = 1>
ST_19 : Operation 215 [4/5] (7.25ns)   --->   "%add_1_i = fadd i32 %slot_res_arr_1_load, i32 %mul_1_i" [HLS_CISR_spmv_accel.c:111]   --->   Operation 215 'fadd' 'add_1_i' <Predicate = true> <Delay = 7.25> <CoreInst = "FAddSub_fulldsp">   --->   Core 18 'FAddSub_fulldsp' <Latency = 4> <II = 1> <Delay = 7.25> <FuncUnit> <Opcode : 'fadd' 'fsub'> <InPorts = 2> <OutPorts = 1>

State 20 <SV = 16> <Delay = 7.25>
ST_20 : Operation 216 [2/5] (7.25ns)   --->   "%add_i = fadd i32 %slot_res_arr_0_load, i32 %mul_i" [HLS_CISR_spmv_accel.c:111]   --->   Operation 216 'fadd' 'add_i' <Predicate = true> <Delay = 7.25> <CoreInst = "FAddSub_fulldsp">   --->   Core 18 'FAddSub_fulldsp' <Latency = 4> <II = 1> <Delay = 7.25> <FuncUnit> <Opcode : 'fadd' 'fsub'> <InPorts = 2> <OutPorts = 1>
ST_20 : Operation 217 [3/5] (7.25ns)   --->   "%add_1_i = fadd i32 %slot_res_arr_1_load, i32 %mul_1_i" [HLS_CISR_spmv_accel.c:111]   --->   Operation 217 'fadd' 'add_1_i' <Predicate = true> <Delay = 7.25> <CoreInst = "FAddSub_fulldsp">   --->   Core 18 'FAddSub_fulldsp' <Latency = 4> <II = 1> <Delay = 7.25> <FuncUnit> <Opcode : 'fadd' 'fsub'> <InPorts = 2> <OutPorts = 1>

State 21 <SV = 17> <Delay = 7.25>
ST_21 : Operation 218 [1/5] (7.25ns)   --->   "%add_i = fadd i32 %slot_res_arr_0_load, i32 %mul_i" [HLS_CISR_spmv_accel.c:111]   --->   Operation 218 'fadd' 'add_i' <Predicate = true> <Delay = 7.25> <CoreInst = "FAddSub_fulldsp">   --->   Core 18 'FAddSub_fulldsp' <Latency = 4> <II = 1> <Delay = 7.25> <FuncUnit> <Opcode : 'fadd' 'fsub'> <InPorts = 2> <OutPorts = 1>
ST_21 : Operation 219 [2/5] (7.25ns)   --->   "%add_1_i = fadd i32 %slot_res_arr_1_load, i32 %mul_1_i" [HLS_CISR_spmv_accel.c:111]   --->   Operation 219 'fadd' 'add_1_i' <Predicate = true> <Delay = 7.25> <CoreInst = "FAddSub_fulldsp">   --->   Core 18 'FAddSub_fulldsp' <Latency = 4> <II = 1> <Delay = 7.25> <FuncUnit> <Opcode : 'fadd' 'fsub'> <InPorts = 2> <OutPorts = 1>

State 22 <SV = 18> <Delay = 7.25>
ST_22 : Operation 220 [1/1] (1.58ns)   --->   "%store_ln111 = store i32 %add_i, i32 %slot_res_arr_0" [HLS_CISR_spmv_accel.c:111]   --->   Operation 220 'store' 'store_ln111' <Predicate = true> <Delay = 1.58>
ST_22 : Operation 221 [1/5] (7.25ns)   --->   "%add_1_i = fadd i32 %slot_res_arr_1_load, i32 %mul_1_i" [HLS_CISR_spmv_accel.c:111]   --->   Operation 221 'fadd' 'add_1_i' <Predicate = true> <Delay = 7.25> <CoreInst = "FAddSub_fulldsp">   --->   Core 18 'FAddSub_fulldsp' <Latency = 4> <II = 1> <Delay = 7.25> <FuncUnit> <Opcode : 'fadd' 'fsub'> <InPorts = 2> <OutPorts = 1>
ST_22 : Operation 222 [1/1] (0.00ns)   --->   "%row_index = load i3 %slot_row_id_0" [HLS_CISR_spmv_accel.c:130]   --->   Operation 222 'load' 'row_index' <Predicate = true> <Delay = 0.00>
ST_22 : Operation 223 [1/1] (0.00ns)   --->   "%zext_ln131 = zext i3 %row_index" [HLS_CISR_spmv_accel.c:131]   --->   Operation 223 'zext' 'zext_ln131' <Predicate = true> <Delay = 0.00>
ST_22 : Operation 224 [1/1] (0.00ns)   --->   "%bitcast_ln131 = bitcast i32 %add_i" [HLS_CISR_spmv_accel.c:131]   --->   Operation 224 'bitcast' 'bitcast_ln131' <Predicate = true> <Delay = 0.00>
ST_22 : Operation 225 [1/1] (0.00ns)   --->   "%output_vec_addr = getelementptr i32 %output_vec, i64 0, i64 %zext_ln131" [HLS_CISR_spmv_accel.c:131]   --->   Operation 225 'getelementptr' 'output_vec_addr' <Predicate = true> <Delay = 0.00>
ST_22 : Operation 226 [1/1] (2.32ns)   --->   "%store_ln131 = store i32 %bitcast_ln131, i3 %output_vec_addr" [HLS_CISR_spmv_accel.c:131]   --->   Operation 226 'store' 'store_ln131' <Predicate = true> <Delay = 2.32> <CoreInst = "RAM">   --->   Core 82 'RAM' <Latency = 1> <II = 1> <Delay = 2.32> <Storage> <Opcode : 'load' 'store'> <Ports = 2> <Width = 32> <Depth = 8> <RAM>

State 23 <SV = 19> <Delay = 2.32>
ST_23 : Operation 227 [1/1] (1.58ns)   --->   "%store_ln111 = store i32 %add_1_i, i32 %slot_res_arr_1" [HLS_CISR_spmv_accel.c:111]   --->   Operation 227 'store' 'store_ln111' <Predicate = true> <Delay = 1.58>
ST_23 : Operation 228 [1/1] (0.00ns)   --->   "%row_index_1 = load i3 %slot_row_id_1" [HLS_CISR_spmv_accel.c:130]   --->   Operation 228 'load' 'row_index_1' <Predicate = true> <Delay = 0.00>
ST_23 : Operation 229 [1/1] (0.00ns)   --->   "%zext_ln131_1 = zext i3 %row_index_1" [HLS_CISR_spmv_accel.c:131]   --->   Operation 229 'zext' 'zext_ln131_1' <Predicate = true> <Delay = 0.00>
ST_23 : Operation 230 [1/1] (0.00ns)   --->   "%bitcast_ln131_1 = bitcast i32 %add_1_i" [HLS_CISR_spmv_accel.c:131]   --->   Operation 230 'bitcast' 'bitcast_ln131_1' <Predicate = true> <Delay = 0.00>
ST_23 : Operation 231 [1/1] (0.00ns)   --->   "%output_vec_addr_1 = getelementptr i32 %output_vec, i64 0, i64 %zext_ln131_1" [HLS_CISR_spmv_accel.c:131]   --->   Operation 231 'getelementptr' 'output_vec_addr_1' <Predicate = true> <Delay = 0.00>
ST_23 : Operation 232 [1/1] (2.32ns)   --->   "%store_ln131 = store i32 %bitcast_ln131_1, i3 %output_vec_addr_1" [HLS_CISR_spmv_accel.c:131]   --->   Operation 232 'store' 'store_ln131' <Predicate = true> <Delay = 2.32> <CoreInst = "RAM">   --->   Core 82 'RAM' <Latency = 1> <II = 1> <Delay = 2.32> <Storage> <Opcode : 'load' 'store'> <Ports = 2> <Width = 32> <Depth = 8> <RAM>
ST_23 : Operation 233 [1/1] (0.00ns)   --->   "%ret_ln201 = ret" [HLS_CISR_spmv_accel.c:201]   --->   Operation 233 'ret' 'ret_ln201' <Predicate = true> <Delay = 0.00>


============================================================
+ Verbose Summary: Timing violations
============================================================
Target clock period: 10ns, clock uncertainty: 2.7ns.

 <State 1>: 1.59ns
The critical path consists of the following:
	'store' operation ('store_ln23', HLS_CISR_spmv_accel.c:23) of constant 0 on static variable 'max_row_id' [36]  (1.59 ns)

 <State 2>: 3.28ns
The critical path consists of the following:
	'phi' operation ('slot_id', HLS_CISR_spmv_accel.c:25) with incoming values : ('add_ln25', HLS_CISR_spmv_accel.c:25) [39]  (0 ns)
	'getelementptr' operation ('row_len_slot_arr_addr_2', HLS_CISR_spmv_accel.c:37) [48]  (0 ns)
	'store' operation ('store_ln37', HLS_CISR_spmv_accel.c:37) of constant 0 on array 'row_len_slot_arr' [100]  (2.32 ns)
	blocking operation 0.959 ns on control path)

 <State 3>: 2.32ns
The critical path consists of the following:
	'store' operation ('store_ln37', HLS_CISR_spmv_accel.c:37) of constant 0 on array 'row_len_slot_arr' [102]  (2.32 ns)

 <State 4>: 1.59ns
The critical path consists of the following:
	multiplexor before 'phi' operation ('slot_id1', HLS_CISR_spmv_accel.c:49) with incoming values : ('add_ln49', HLS_CISR_spmv_accel.c:49) [110]  (1.59 ns)

 <State 5>: 2.32ns
The critical path consists of the following:
	'phi' operation ('slot_id1', HLS_CISR_spmv_accel.c:49) with incoming values : ('add_ln49', HLS_CISR_spmv_accel.c:49) [110]  (0 ns)
	'getelementptr' operation ('slot_arr_row_len_addr', HLS_CISR_spmv_accel.c:55) [124]  (0 ns)
	'load' operation ('slot_arr_row_len_load', HLS_CISR_spmv_accel.c:55) on array 'slot_arr_row_len' [125]  (2.32 ns)

 <State 6>: 7.12ns
The critical path consists of the following:
	'load' operation ('slot_counter_0_load', HLS_CISR_spmv_accel.c:53) on static variable 'slot_counter_0' [121]  (0 ns)
	'select' operation ('slot_row_count', HLS_CISR_spmv_accel.c:53) [123]  (0.698 ns)
	'add' operation ('add_ln59', HLS_CISR_spmv_accel.c:59) [134]  (2.55 ns)
	'store' operation ('store_ln59', HLS_CISR_spmv_accel.c:59) of variable 'add_ln59', HLS_CISR_spmv_accel.c:59 on static variable 'slot_counter_0' [137]  (1.59 ns)
	blocking operation 2.28 ns on control path)

 <State 7>: 1.59ns
The critical path consists of the following:
	multiplexor before 'phi' operation ('slot_id2', HLS_CISR_spmv_accel.c:68) with incoming values : ('add_ln68', HLS_CISR_spmv_accel.c:68) [149]  (1.59 ns)

 <State 8>: 5.04ns
The critical path consists of the following:
	'phi' operation ('slot_id2', HLS_CISR_spmv_accel.c:68) with incoming values : ('add_ln68', HLS_CISR_spmv_accel.c:68) [149]  (0 ns)
	'select' operation ('select_ln86', HLS_CISR_spmv_accel.c:86) [175]  (0.698 ns)
	'add' operation ('add_ln87', HLS_CISR_spmv_accel.c:87) [189]  (2.55 ns)
	'store' operation ('store_ln87', HLS_CISR_spmv_accel.c:87) of variable 'add_ln87', HLS_CISR_spmv_accel.c:87 on static variable 'slot_row_len_id_0' [192]  (1.59 ns)
	blocking operation 0.201 ns on control path)

 <State 9>: 4.03ns
The critical path consists of the following:
	'load' operation ('row_len_slot_arr_load', HLS_CISR_spmv_accel.c:86) on array 'row_len_slot_arr' [180]  (2.32 ns)
	'store' operation ('store_ln86', HLS_CISR_spmv_accel.c:86) of variable 'row_len_slot_arr_load', HLS_CISR_spmv_accel.c:86 on static variable 'slot_row_counter_0' [183]  (1.71 ns)

 <State 10>: 4.26ns
The critical path consists of the following:
	'load' operation ('slot_row_counter_0_load', HLS_CISR_spmv_accel.c:115) on static variable 'slot_row_counter_0' [227]  (0 ns)
	'add' operation ('add_ln115', HLS_CISR_spmv_accel.c:115) [228]  (2.55 ns)
	'store' operation ('store_ln115', HLS_CISR_spmv_accel.c:115) of variable 'add_ln115', HLS_CISR_spmv_accel.c:115 on static variable 'slot_row_counter_0' [229]  (1.71 ns)

 <State 11>: 4.64ns
The critical path consists of the following:
	'load' operation ('slot_data_arr_load', HLS_CISR_spmv_accel.c:107) on array 'slot_data_arr' [215]  (2.32 ns)
	'getelementptr' operation ('inp_vec_addr', HLS_CISR_spmv_accel.c:111) [220]  (0 ns)
	'load' operation ('inp_vec_load', HLS_CISR_spmv_accel.c:111) on array 'inp_vec' [221]  (2.32 ns)

 <State 12>: 4.64ns
The critical path consists of the following:
	'load' operation ('slot_data_arr_load_1', HLS_CISR_spmv_accel.c:107) on array 'slot_data_arr' [231]  (2.32 ns)
	'getelementptr' operation ('inp_vec_addr_1', HLS_CISR_spmv_accel.c:111) [236]  (0 ns)
	'load' operation ('inp_vec_load_1', HLS_CISR_spmv_accel.c:111) on array 'inp_vec' [237]  (2.32 ns)

 <State 13>: 5.7ns
The critical path consists of the following:
	'fmul' operation ('mul_i', HLS_CISR_spmv_accel.c:111) [223]  (5.7 ns)

 <State 14>: 5.7ns
The critical path consists of the following:
	'fmul' operation ('mul_i', HLS_CISR_spmv_accel.c:111) [223]  (5.7 ns)

 <State 15>: 5.7ns
The critical path consists of the following:
	'fmul' operation ('mul_i', HLS_CISR_spmv_accel.c:111) [223]  (5.7 ns)

 <State 16>: 5.7ns
The critical path consists of the following:
	'fmul' operation ('mul_i', HLS_CISR_spmv_accel.c:111) [223]  (5.7 ns)

 <State 17>: 7.26ns
The critical path consists of the following:
	'load' operation ('slot_res_arr_0_load', HLS_CISR_spmv_accel.c:111) on static variable 'slot_res_arr_0' [224]  (0 ns)
	'fadd' operation ('add_i', HLS_CISR_spmv_accel.c:111) [225]  (7.26 ns)

 <State 18>: 7.26ns
The critical path consists of the following:
	'fadd' operation ('add_i', HLS_CISR_spmv_accel.c:111) [225]  (7.26 ns)

 <State 19>: 7.26ns
The critical path consists of the following:
	'fadd' operation ('add_i', HLS_CISR_spmv_accel.c:111) [225]  (7.26 ns)

 <State 20>: 7.26ns
The critical path consists of the following:
	'fadd' operation ('add_i', HLS_CISR_spmv_accel.c:111) [225]  (7.26 ns)

 <State 21>: 7.26ns
The critical path consists of the following:
	'fadd' operation ('add_i', HLS_CISR_spmv_accel.c:111) [225]  (7.26 ns)

 <State 22>: 7.26ns
The critical path consists of the following:
	'fadd' operation ('add_1_i', HLS_CISR_spmv_accel.c:111) [241]  (7.26 ns)

 <State 23>: 2.32ns
The critical path consists of the following:
	'load' operation ('row_index', HLS_CISR_spmv_accel.c:130) on static variable 'slot_row_id_1' [251]  (0 ns)
	'getelementptr' operation ('output_vec_addr_1', HLS_CISR_spmv_accel.c:131) [254]  (0 ns)
	'store' operation ('store_ln131', HLS_CISR_spmv_accel.c:131) of variable 'bitcast_ln131_1', HLS_CISR_spmv_accel.c:131 on array 'output_vec' [255]  (2.32 ns)


============================================================
+ Verbose Summary: Binding
============================================================
N/A
* FSMD analyzer results:
  - Output states:
 - Input state : 
  - Chain level:
	State 1
	State 2
	State 3
	State 4
	State 5
	State 6
	State 7
	State 8
	State 9
	State 10
	State 11
	State 12
	State 13
	State 14
	State 15
	State 16
	State 17
	State 18
	State 19
	State 20
	State 21
	State 22
	State 23


============================================================
+ Verbose Summary: Datapath Resource usage 
============================================================
N/A
